<?xml version="1.0" encoding="UTF-8"?>
<!-- Generated by org.testng.reporters.JUnitXMLReporter -->
<testsuite ignored="83" hostname="DTPLREN91" failures="1" tests="53" name="Default test(failed)" time="30.218" errors="0" timestamp="2024-07-03T18:45:48 IST">
  <testcase classname="TestCases.PCF_DropdownsTesting" name="@AfterMethod exit" time="0.028">
    <failure type="org.openqa.selenium.NoSuchWindowException" message="no such window: target window already closed
from unknown error: web view not found
  (Session info: chrome=126.0.6478.127)
Build info: version: &amp;apos;4.9.1&amp;apos;, revision: &amp;apos;eb2032df7f&amp;apos;
System info: os.name: &amp;apos;Windows 11&amp;apos;, os.arch: &amp;apos;amd64&amp;apos;, os.version: &amp;apos;10.0&amp;apos;, java.version: &amp;apos;17.0.9&amp;apos;
Driver info: org.openqa.selenium.chrome.ChromeDriver
Command: [cb0e4699f8eabf2235ed17da32bf3ab3, close {}]
Capabilities {acceptInsecureCerts: true, browserName: chrome, browserVersion: 126.0.6478.127, chrome: {chromedriverVersion: 126.0.6478.63 (df799988fdc9..., userDataDir: C:\Users\SOPAN~1.GAY\AppDat...}, fedcm:accounts: true, goog:chromeOptions: {debuggerAddress: localhost:55914}, networkConnectionEnabled: false, pageLoadStrategy: normal, platformName: windows, proxy: Proxy(), se:cdp: ws://localhost:55914/devtoo..., se:cdpVersion: 126.0.6478.127, setWindowRect: true, strictFileInteractability: false, timeouts: {implicit: 0, pageLoad: 300000, script: 30000}, unhandledPromptBehavior: dismiss and notify, webauthn:extension:credBlob: true, webauthn:extension:largeBlob: true, webauthn:extension:minPinLength: true, webauthn:extension:prf: true, webauthn:virtualAuthenticators: true}
Session ID: cb0e4699f8eabf2235ed17da32bf3ab3">
      <![CDATA[org.openqa.selenium.NoSuchWindowException: no such window: target window already closed
from unknown error: web view not found
  (Session info: chrome=126.0.6478.127)
Build info: version: '4.9.1', revision: 'eb2032df7f'
System info: os.name: 'Windows 11', os.arch: 'amd64', os.version: '10.0', java.version: '17.0.9'
Driver info: org.openqa.selenium.chrome.ChromeDriver
Command: [cb0e4699f8eabf2235ed17da32bf3ab3, close {}]
Capabilities {acceptInsecureCerts: true, browserName: chrome, browserVersion: 126.0.6478.127, chrome: {chromedriverVersion: 126.0.6478.63 (df799988fdc9..., userDataDir: C:\Users\SOPAN~1.GAY\AppDat...}, fedcm:accounts: true, goog:chromeOptions: {debuggerAddress: localhost:55914}, networkConnectionEnabled: false, pageLoadStrategy: normal, platformName: windows, proxy: Proxy(), se:cdp: ws://localhost:55914/devtoo..., se:cdpVersion: 126.0.6478.127, setWindowRect: true, strictFileInteractability: false, timeouts: {implicit: 0, pageLoad: 300000, script: 30000}, unhandledPromptBehavior: dismiss and notify, webauthn:extension:credBlob: true, webauthn:extension:largeBlob: true, webauthn:extension:minPinLength: true, webauthn:extension:prf: true, webauthn:virtualAuthenticators: true}
Session ID: cb0e4699f8eabf2235ed17da32bf3ab3
at org.openqa.selenium.remote.codec.w3c.W3CHttpResponseCodec.createException(W3CHttpResponseCodec.java:200)
at org.openqa.selenium.remote.codec.w3c.W3CHttpResponseCodec.decode(W3CHttpResponseCodec.java:133)
at org.openqa.selenium.remote.codec.w3c.W3CHttpResponseCodec.decode(W3CHttpResponseCodec.java:53)
at org.openqa.selenium.remote.HttpCommandExecutor.execute(HttpCommandExecutor.java:193)
at org.openqa.selenium.remote.service.DriverCommandExecutor.invokeExecute(DriverCommandExecutor.java:183)
at org.openqa.selenium.remote.service.DriverCommandExecutor.execute(DriverCommandExecutor.java:158)
at org.openqa.selenium.remote.RemoteWebDriver.execute(RemoteWebDriver.java:543)
at org.openqa.selenium.remote.RemoteWebDriver.execute(RemoteWebDriver.java:598)
at org.openqa.selenium.remote.RemoteWebDriver.execute(RemoteWebDriver.java:602)
at org.openqa.selenium.remote.RemoteWebDriver.close(RemoteWebDriver.java:419)
at TestCases.PCF_DropdownsTesting.exit(PCF_DropdownsTesting.java:845)
at java.base/java.util.ArrayList.forEach(ArrayList.java:1511)
... Removed 37 stack frames]]>
    </failure>
  </testcase> <!-- @AfterMethod exit -->
  <testcase classname="TestCases.PCF_DropdownsTesting" name="@BeforeMethod setup" time="-1.720012547883E9">
    <skipped/>
  </testcase> <!-- @BeforeMethod setup -->
  <testcase classname="TestCases.PCF_DropdownsTesting" name="@AfterMethod exit" time="-1.72001254791E9">
    <skipped/>
  </testcase> <!-- @AfterMethod exit -->
  <testcase classname="TestCases.PCF_DropdownsTesting" name="@BeforeMethod setup" time="-1.720012547913E9">
    <skipped/>
  </testcase> <!-- @BeforeMethod setup -->
  <testcase classname="TestCases.PCF_DropdownsTesting" name="@AfterMethod exit" time="-1.720012547927E9">
    <skipped/>
  </testcase> <!-- @AfterMethod exit -->
  <testcase classname="TestCases.PCF_DropdownsTesting" name="@BeforeMethod setup" time="-1.720012547931E9">
    <skipped/>
  </testcase> <!-- @BeforeMethod setup -->
  <testcase classname="TestCases.PCF_DropdownsTesting" name="@AfterMethod exit" time="-1.720012547944E9">
    <skipped/>
  </testcase> <!-- @AfterMethod exit -->
  <testcase classname="TestCases.PCF_DropdownsTesting" name="@BeforeMethod setup" time="-1.720012547945E9">
    <skipped/>
  </testcase> <!-- @BeforeMethod setup -->
  <testcase classname="TestCases.PCF_DropdownsTesting" name="@AfterMethod exit" time="-1.720012547954E9">
    <skipped/>
  </testcase> <!-- @AfterMethod exit -->
  <testcase classname="TestCases.PCF_DropdownsTesting" name="@BeforeMethod setup" time="-1.720012547955E9">
    <skipped/>
  </testcase> <!-- @BeforeMethod setup -->
  <testcase classname="TestCases.PCF_DropdownsTesting" name="@AfterMethod exit" time="-1.720012547964E9">
    <skipped/>
  </testcase> <!-- @AfterMethod exit -->
  <testcase classname="TestCases.PCF_DropdownsTesting" name="@BeforeMethod setup" time="-1.720012547972E9">
    <skipped/>
  </testcase> <!-- @BeforeMethod setup -->
  <testcase classname="TestCases.PCF_DropdownsTesting" name="@AfterMethod exit" time="-1.72001254798E9">
    <skipped/>
  </testcase> <!-- @AfterMethod exit -->
  <testcase classname="TestCases.PCF_DropdownsTesting" name="@BeforeMethod setup" time="-1.72001254798E9">
    <skipped/>
  </testcase> <!-- @BeforeMethod setup -->
  <testcase classname="TestCases.PCF_DropdownsTesting" name="@AfterMethod exit" time="-1.720012547987E9">
    <skipped/>
  </testcase> <!-- @AfterMethod exit -->
  <testcase classname="TestCases.PCF_DropdownsTesting" name="@BeforeMethod setup" time="-1.720012547989E9">
    <skipped/>
  </testcase> <!-- @BeforeMethod setup -->
  <testcase classname="TestCases.PCF_DropdownsTesting" name="@AfterMethod exit" time="-1.720012547996E9">
    <skipped/>
  </testcase> <!-- @AfterMethod exit -->
  <testcase classname="TestCases.PCF_DropdownsTesting" name="@BeforeMethod setup" time="-1.720012547999E9">
    <skipped/>
  </testcase> <!-- @BeforeMethod setup -->
  <testcase classname="TestCases.PCF_DropdownsTesting" name="@AfterMethod exit" time="-1.720012548005E9">
    <skipped/>
  </testcase> <!-- @AfterMethod exit -->
  <testcase classname="TestCases.PCF_DropdownsTesting" name="@BeforeMethod setup" time="-1.720012548007E9">
    <skipped/>
  </testcase> <!-- @BeforeMethod setup -->
  <testcase classname="TestCases.PCF_DropdownsTesting" name="@AfterMethod exit" time="-1.720012548017E9">
    <skipped/>
  </testcase> <!-- @AfterMethod exit -->
  <testcase classname="TestCases.PCF_DropdownsTesting" name="@BeforeMethod setup" time="-1.720012548018E9">
    <skipped/>
  </testcase> <!-- @BeforeMethod setup -->
  <testcase classname="TestCases.PCF_DropdownsTesting" name="@AfterMethod exit" time="-1.720012548027E9">
    <skipped/>
  </testcase> <!-- @AfterMethod exit -->
  <testcase classname="TestCases.PCF_DropdownsTesting" name="@BeforeMethod setup" time="-1.72001254803E9">
    <skipped/>
  </testcase> <!-- @BeforeMethod setup -->
  <testcase classname="TestCases.PCF_DropdownsTesting" name="@AfterMethod exit" time="-1.720012548036E9">
    <skipped/>
  </testcase> <!-- @AfterMethod exit -->
  <testcase classname="TestCases.PCF_DropdownsTesting" name="@BeforeMethod setup" time="-1.720012548036E9">
    <skipped/>
  </testcase> <!-- @BeforeMethod setup -->
  <testcase classname="TestCases.PCF_DropdownsTesting" name="@AfterMethod exit" time="-1.720012548052E9">
    <skipped/>
  </testcase> <!-- @AfterMethod exit -->
  <testcase classname="TestCases.PCF_DropdownsTesting" name="@BeforeMethod setup" time="-1.720012548053E9">
    <skipped/>
  </testcase> <!-- @BeforeMethod setup -->
  <testcase classname="TestCases.PCF_DropdownsTesting" name="@AfterMethod exit" time="-1.720012548061E9">
    <skipped/>
  </testcase> <!-- @AfterMethod exit -->
  <testcase classname="TestCases.PCF_DropdownsTesting" name="@BeforeMethod setup" time="-1.720012548061E9">
    <skipped/>
  </testcase> <!-- @BeforeMethod setup -->
  <testcase classname="TestCases.PCF_DropdownsTesting" name="@AfterMethod exit" time="-1.720012548069E9">
    <skipped/>
  </testcase> <!-- @AfterMethod exit -->
  <testcase classname="TestCases.PCF_DropdownsTesting" name="@BeforeMethod setup" time="-1.72001254807E9">
    <skipped/>
  </testcase> <!-- @BeforeMethod setup -->
  <testcase classname="TestCases.PCF_DropdownsTesting" name="@AfterMethod exit" time="-1.720012548079E9">
    <skipped/>
  </testcase> <!-- @AfterMethod exit -->
  <testcase classname="TestCases.PCF_DropdownsTesting" name="@BeforeMethod setup" time="-1.720012548079E9">
    <skipped/>
  </testcase> <!-- @BeforeMethod setup -->
  <testcase classname="TestCases.PCF_DropdownsTesting" name="@AfterMethod exit" time="-1.720012548088E9">
    <skipped/>
  </testcase> <!-- @AfterMethod exit -->
  <testcase classname="TestCases.PCF_DropdownsTesting" name="@BeforeMethod setup" time="-1.720012548092E9">
    <skipped/>
  </testcase> <!-- @BeforeMethod setup -->
  <testcase classname="TestCases.PCF_DropdownsTesting" name="@AfterMethod exit" time="-1.720012548099E9">
    <skipped/>
  </testcase> <!-- @AfterMethod exit -->
  <testcase classname="TestCases.PCF_DropdownsTesting" name="@BeforeMethod setup" time="-1.720012548101E9">
    <skipped/>
  </testcase> <!-- @BeforeMethod setup -->
  <testcase classname="TestCases.PCF_DropdownsTesting" name="@AfterMethod exit" time="-1.720012548106E9">
    <skipped/>
  </testcase> <!-- @AfterMethod exit -->
  <testcase classname="TestCases.PCF_DropdownsTesting" name="@BeforeMethod setup" time="-1.720012548111E9">
    <skipped/>
  </testcase> <!-- @BeforeMethod setup -->
  <testcase classname="TestCases.PCF_DropdownsTesting" name="@AfterMethod exit" time="-1.720012548117E9">
    <skipped/>
  </testcase> <!-- @AfterMethod exit -->
  <testcase classname="TestCases.PCF_DropdownsTesting" name="@BeforeMethod setup" time="-1.72001254812E9">
    <skipped/>
  </testcase> <!-- @BeforeMethod setup -->
  <testcase classname="TestCases.PCF_DropdownsTesting" name="@AfterMethod exit" time="-1.720012548125E9">
    <skipped/>
  </testcase> <!-- @AfterMethod exit -->
  <testcase classname="TestCases.PCF_DropdownsTesting" name="@BeforeMethod setup" time="-1.720012548126E9">
    <skipped/>
  </testcase> <!-- @BeforeMethod setup -->
  <testcase classname="TestCases.PCF_DropdownsTesting" name="@AfterMethod exit" time="-1.720012548136E9">
    <skipped/>
  </testcase> <!-- @AfterMethod exit -->
  <testcase classname="TestCases.PCF_DropdownsTesting" name="@BeforeMethod setup" time="-1.720012548139E9">
    <skipped/>
  </testcase> <!-- @BeforeMethod setup -->
  <testcase classname="TestCases.PCF_DropdownsTesting" name="@AfterMethod exit" time="-1.720012548144E9">
    <skipped/>
  </testcase> <!-- @AfterMethod exit -->
  <testcase classname="TestCases.PCF_DropdownsTesting" name="@BeforeMethod setup" time="-1.720012548145E9">
    <skipped/>
  </testcase> <!-- @BeforeMethod setup -->
  <testcase classname="TestCases.PCF_DropdownsTesting" name="@AfterMethod exit" time="-1.72001254815E9">
    <skipped/>
  </testcase> <!-- @AfterMethod exit -->
  <testcase classname="TestCases.PCF_DropdownsTesting" name="@BeforeMethod setup" time="-1.720012548153E9">
    <skipped/>
  </testcase> <!-- @BeforeMethod setup -->
  <testcase classname="TestCases.PCF_DropdownsTesting" name="@AfterMethod exit" time="-1.720012548159E9">
    <skipped/>
  </testcase> <!-- @AfterMethod exit -->
  <testcase classname="TestCases.PCF_DropdownsTesting" name="@BeforeMethod setup" time="-1.72001254816E9">
    <skipped/>
  </testcase> <!-- @BeforeMethod setup -->
  <testcase classname="TestCases.PCF_DropdownsTesting" name="@AfterMethod exit" time="-1.720012548166E9">
    <skipped/>
  </testcase> <!-- @AfterMethod exit -->
  <testcase classname="TestCases.PCF_DropdownsTesting" name="@BeforeMethod setup" time="-1.720012548168E9">
    <skipped/>
  </testcase> <!-- @BeforeMethod setup -->
  <testcase classname="TestCases.PCF_DropdownsTesting" name="@AfterMethod exit" time="-1.720012548172E9">
    <skipped/>
  </testcase> <!-- @AfterMethod exit -->
  <testcase classname="TestCases.PCF_DropdownsTesting" name="@BeforeMethod setup" time="-1.720012548172E9">
    <skipped/>
  </testcase> <!-- @BeforeMethod setup -->
  <testcase classname="TestCases.PCF_DropdownsTesting" name="@AfterMethod exit" time="-1.720012548179E9">
    <skipped/>
  </testcase> <!-- @AfterMethod exit -->
  <testcase classname="TestCases.PCF_DropdownsTesting" name="@BeforeMethod setup" time="-1.720012548181E9">
    <skipped/>
  </testcase> <!-- @BeforeMethod setup -->
  <testcase classname="TestCases.PCF_DropdownsTesting" name="@AfterMethod exit" time="-1.72001254819E9">
    <skipped/>
  </testcase> <!-- @AfterMethod exit -->
  <testcase classname="TestCases.PCF_DropdownsTesting" name="@BeforeMethod setup" time="-1.72001254819E9">
    <skipped/>
  </testcase> <!-- @BeforeMethod setup -->
  <testcase classname="TestCases.PCF_DropdownsTesting" name="@AfterMethod exit" time="-1.7200125482E9">
    <skipped/>
  </testcase> <!-- @AfterMethod exit -->
  <testcase classname="TestCases.PCF_DropdownsTesting" name="@BeforeMethod setup" time="-1.720012548205E9">
    <skipped/>
  </testcase> <!-- @BeforeMethod setup -->
  <testcase classname="TestCases.PCF_DropdownsTesting" name="@AfterMethod exit" time="-1.720012548209E9">
    <skipped/>
  </testcase> <!-- @AfterMethod exit -->
  <testcase classname="TestCases.PCF_DropdownsTesting" name="@BeforeMethod setup" time="-1.720012548214E9">
    <skipped/>
  </testcase> <!-- @BeforeMethod setup -->
  <testcase classname="TestCases.PCF_DropdownsTesting" name="@AfterMethod exit" time="-1.720012548219E9">
    <skipped/>
  </testcase> <!-- @AfterMethod exit -->
  <testcase classname="TestCases.PCF_DropdownsTesting" name="@BeforeMethod setup" time="-1.720012548219E9">
    <skipped/>
  </testcase> <!-- @BeforeMethod setup -->
  <testcase classname="TestCases.PCF_DropdownsTesting" name="@AfterMethod exit" time="-1.720012548226E9">
    <skipped/>
  </testcase> <!-- @AfterMethod exit -->
  <testcase classname="TestCases.PCF_DropdownsTesting" name="@BeforeMethod setup" time="-1.720012548228E9">
    <skipped/>
  </testcase> <!-- @BeforeMethod setup -->
  <testcase classname="TestCases.PCF_DropdownsTesting" name="@AfterMethod exit" time="-1.720012548232E9">
    <skipped/>
  </testcase> <!-- @AfterMethod exit -->
  <testcase classname="TestCases.PCF_DropdownsTesting" name="@BeforeMethod setup" time="-1.720012548236E9">
    <skipped/>
  </testcase> <!-- @BeforeMethod setup -->
  <testcase classname="TestCases.PCF_DropdownsTesting" name="@AfterMethod exit" time="-1.72001254824E9">
    <skipped/>
  </testcase> <!-- @AfterMethod exit -->
  <testcase classname="TestCases.PCF_DropdownsTesting" name="@BeforeMethod setup" time="-1.72001254824E9">
    <skipped/>
  </testcase> <!-- @BeforeMethod setup -->
  <testcase classname="TestCases.PCF_DropdownsTesting" name="@AfterMethod exit" time="-1.720012548245E9">
    <skipped/>
  </testcase> <!-- @AfterMethod exit -->
  <testcase classname="TestCases.PCF_DropdownsTesting" name="@BeforeMethod setup" time="-1.720012548247E9">
    <skipped/>
  </testcase> <!-- @BeforeMethod setup -->
  <testcase classname="TestCases.PCF_DropdownsTesting" name="@AfterMethod exit" time="-1.720012548251E9">
    <skipped/>
  </testcase> <!-- @AfterMethod exit -->
  <testcase classname="TestCases.PCF_DropdownsTesting" name="@BeforeMethod setup" time="-1.720012548252E9">
    <skipped/>
  </testcase> <!-- @BeforeMethod setup -->
  <testcase classname="TestCases.PCF_DropdownsTesting" name="@AfterMethod exit" time="-1.720012548257E9">
    <skipped/>
  </testcase> <!-- @AfterMethod exit -->
  <testcase classname="TestCases.PCF_DropdownsTesting" name="@BeforeMethod setup" time="-1.720012548259E9">
    <skipped/>
  </testcase> <!-- @BeforeMethod setup -->
  <testcase classname="TestCases.PCF_DropdownsTesting" name="@AfterMethod exit" time="-1.720012548264E9">
    <skipped/>
  </testcase> <!-- @AfterMethod exit -->
  <testcase classname="TestCases.PCF_DropdownsTesting" name="@BeforeMethod setup" time="-1.720012548265E9">
    <skipped/>
  </testcase> <!-- @BeforeMethod setup -->
  <testcase classname="TestCases.PCF_DropdownsTesting" name="@AfterMethod exit" time="-1.720012548269E9">
    <skipped/>
  </testcase> <!-- @AfterMethod exit -->
  <testcase classname="TestCases.PCF_DropdownsTesting" name="@BeforeMethod setup" time="-1.720012548269E9">
    <skipped/>
  </testcase> <!-- @BeforeMethod setup -->
  <testcase classname="TestCases.PCF_DropdownsTesting" name="@AfterMethod exit" time="-1.720012548275E9">
    <skipped/>
  </testcase> <!-- @AfterMethod exit -->
  <testcase classname="TestCases.PCF_DropdownsTesting" name="@BeforeMethod setup" time="-1.720012548277E9">
    <skipped/>
  </testcase> <!-- @BeforeMethod setup -->
  <testcase classname="TestCases.PCF_DropdownsTesting" name="@AfterMethod exit" time="-1.720012548282E9">
    <skipped/>
  </testcase> <!-- @AfterMethod exit -->
  <testcase classname="TestCases.PCF_DropdownsTesting" name="@BeforeMethod setup" time="-1.720012548282E9">
    <skipped/>
  </testcase> <!-- @BeforeMethod setup -->
  <testcase classname="TestCases.PCF_DropdownsTesting" name="@AfterMethod exit" time="-1.720012548287E9">
    <skipped/>
  </testcase> <!-- @AfterMethod exit -->
  <testcase classname="TestCases.PCF_DropdownsTesting" name="@BeforeMethod setup" time="-1.720012548289E9">
    <skipped/>
  </testcase> <!-- @BeforeMethod setup -->
  <testcase classname="TestCases.PCF_DropdownsTesting" name="@AfterMethod exit" time="-1.720012548291E9">
    <skipped/>
  </testcase> <!-- @AfterMethod exit -->
  <testcase classname="TestCases.PCF_DropdownsTesting" name="@BeforeMethod setup" time="-1.720012548294E9">
    <skipped/>
  </testcase> <!-- @BeforeMethod setup -->
  <testcase classname="TestCases.PCF_DropdownsTesting" name="@AfterMethod exit" time="-1.720012548297E9">
    <skipped/>
  </testcase> <!-- @AfterMethod exit -->
  <testcase classname="TestCases.PCF_DropdownsTesting" name="@BeforeMethod setup" time="-1.720012548299E9">
    <skipped/>
  </testcase> <!-- @BeforeMethod setup -->
  <testcase classname="TestCases.PCF_DropdownsTesting" name="@AfterMethod exit" time="-1.720012548299E9">
    <skipped/>
  </testcase> <!-- @AfterMethod exit -->
  <testcase classname="TestCases.PCF_DropdownsTesting" name="@BeforeMethod setup" time="-1.720012548304E9">
    <skipped/>
  </testcase> <!-- @BeforeMethod setup -->
  <testcase classname="TestCases.PCF_DropdownsTesting" name="@AfterMethod exit" time="-1.720012548309E9">
    <skipped/>
  </testcase> <!-- @AfterMethod exit -->
  <testcase classname="TestCases.PCF_DropdownsTesting" name="@BeforeMethod setup" time="-1.72001254831E9">
    <skipped/>
  </testcase> <!-- @BeforeMethod setup -->
  <testcase classname="TestCases.PCF_DropdownsTesting" name="@AfterMethod exit" time="-1.720012548315E9">
    <skipped/>
  </testcase> <!-- @AfterMethod exit -->
  <testcase classname="TestCases.PCF_DropdownsTesting" name="@BeforeMethod setup" time="-1.720012548317E9">
    <skipped/>
  </testcase> <!-- @BeforeMethod setup -->
  <testcase classname="TestCases.PCF_DropdownsTesting" name="@AfterMethod exit" time="-1.720012548321E9">
    <skipped/>
  </testcase> <!-- @AfterMethod exit -->
  <testcase classname="TestCases.PCF_DropdownsTesting" name="@BeforeMethod setup" time="-1.720012548325E9">
    <skipped/>
  </testcase> <!-- @BeforeMethod setup -->
  <testcase classname="TestCases.PCF_DropdownsTesting" name="@AfterMethod exit" time="-1.720012548329E9">
    <skipped/>
  </testcase> <!-- @AfterMethod exit -->
  <testcase classname="TestCases.PCF_DropdownsTesting" name="@BeforeMethod setup" time="-1.720012548329E9">
    <skipped/>
  </testcase> <!-- @BeforeMethod setup -->
  <testcase classname="TestCases.PCF_DropdownsTesting" name="@AfterMethod exit" time="-1.720012548335E9">
    <skipped/>
  </testcase> <!-- @AfterMethod exit -->
  <testcase classname="TestCases.PCF_DropdownsTesting" name="UATDDListTest" time="10.038"/>
  <testcase classname="TestCases.PCF_DropdownsTesting" name="SubscriptionallowedPRMDDTest" time="5.829">
    <failure type="org.openqa.selenium.NoSuchWindowException" message="no such window: target window already closed
from unknown error: web view not found
  (Session info: chrome=126.0.6478.127)
Build info: version: &amp;apos;4.9.1&amp;apos;, revision: &amp;apos;eb2032df7f&amp;apos;
System info: os.name: &amp;apos;Windows 11&amp;apos;, os.arch: &amp;apos;amd64&amp;apos;, os.version: &amp;apos;10.0&amp;apos;, java.version: &amp;apos;17.0.9&amp;apos;
Driver info: org.openqa.selenium.chrome.ChromeDriver
Command: [cb0e4699f8eabf2235ed17da32bf3ab3, findElement {using=xpath, value=//span[text()=&amp;apos;Create PCF&amp;apos;]}]
Capabilities {acceptInsecureCerts: true, browserName: chrome, browserVersion: 126.0.6478.127, chrome: {chromedriverVersion: 126.0.6478.63 (df799988fdc9..., userDataDir: C:\Users\SOPAN~1.GAY\AppDat...}, fedcm:accounts: true, goog:chromeOptions: {debuggerAddress: localhost:55914}, networkConnectionEnabled: false, pageLoadStrategy: normal, platformName: windows, proxy: Proxy(), se:cdp: ws://localhost:55914/devtoo..., se:cdpVersion: 126.0.6478.127, setWindowRect: true, strictFileInteractability: false, timeouts: {implicit: 0, pageLoad: 300000, script: 30000}, unhandledPromptBehavior: dismiss and notify, webauthn:extension:credBlob: true, webauthn:extension:largeBlob: true, webauthn:extension:minPinLength: true, webauthn:extension:prf: true, webauthn:virtualAuthenticators: true}
Session ID: cb0e4699f8eabf2235ed17da32bf3ab3">
      <![CDATA[org.openqa.selenium.NoSuchWindowException: no such window: target window already closed
from unknown error: web view not found
  (Session info: chrome=126.0.6478.127)
Build info: version: '4.9.1', revision: 'eb2032df7f'
System info: os.name: 'Windows 11', os.arch: 'amd64', os.version: '10.0', java.version: '17.0.9'
Driver info: org.openqa.selenium.chrome.ChromeDriver
Command: [cb0e4699f8eabf2235ed17da32bf3ab3, findElement {using=xpath, value=//span[text()='Create PCF']}]
Capabilities {acceptInsecureCerts: true, browserName: chrome, browserVersion: 126.0.6478.127, chrome: {chromedriverVersion: 126.0.6478.63 (df799988fdc9..., userDataDir: C:\Users\SOPAN~1.GAY\AppDat...}, fedcm:accounts: true, goog:chromeOptions: {debuggerAddress: localhost:55914}, networkConnectionEnabled: false, pageLoadStrategy: normal, platformName: windows, proxy: Proxy(), se:cdp: ws://localhost:55914/devtoo..., se:cdpVersion: 126.0.6478.127, setWindowRect: true, strictFileInteractability: false, timeouts: {implicit: 0, pageLoad: 300000, script: 30000}, unhandledPromptBehavior: dismiss and notify, webauthn:extension:credBlob: true, webauthn:extension:largeBlob: true, webauthn:extension:minPinLength: true, webauthn:extension:prf: true, webauthn:virtualAuthenticators: true}
Session ID: cb0e4699f8eabf2235ed17da32bf3ab3
at org.openqa.selenium.remote.codec.w3c.W3CHttpResponseCodec.createException(W3CHttpResponseCodec.java:200)
at org.openqa.selenium.remote.codec.w3c.W3CHttpResponseCodec.decode(W3CHttpResponseCodec.java:133)
at org.openqa.selenium.remote.codec.w3c.W3CHttpResponseCodec.decode(W3CHttpResponseCodec.java:53)
at org.openqa.selenium.remote.HttpCommandExecutor.execute(HttpCommandExecutor.java:193)
at org.openqa.selenium.remote.service.DriverCommandExecutor.invokeExecute(DriverCommandExecutor.java:183)
at org.openqa.selenium.remote.service.DriverCommandExecutor.execute(DriverCommandExecutor.java:158)
at org.openqa.selenium.remote.RemoteWebDriver.execute(RemoteWebDriver.java:543)
at org.openqa.selenium.remote.ElementLocation$ElementFinder$2.findElement(ElementLocation.java:162)
at org.openqa.selenium.remote.ElementLocation.findElement(ElementLocation.java:60)
at org.openqa.selenium.remote.RemoteWebDriver.findElement(RemoteWebDriver.java:352)
at org.openqa.selenium.remote.RemoteWebDriver.findElement(RemoteWebDriver.java:344)
at org.openqa.selenium.support.pagefactory.DefaultElementLocator.findElement(DefaultElementLocator.java:70)
at org.openqa.selenium.support.pagefactory.internal.LocatingElementHandler.invoke(LocatingElementHandler.java:39)
at jdk.proxy2/jdk.proxy2.$Proxy16.toString(Unknown Source)
at java.base/java.lang.String.valueOf(String.java:4222)
at java.base/java.lang.StringBuilder.append(StringBuilder.java:173)
at org.openqa.selenium.support.ui.ExpectedConditions$23.toString(ExpectedConditions.java:673)
at java.base/java.lang.String.valueOf(String.java:4222)
at java.base/java.lang.StringBuilder.append(StringBuilder.java:173)
at org.openqa.selenium.support.ui.FluentWait.until(FluentWait.java:229)
at Pages.Dashboard_GUI_Validation.openPCFForm(Dashboard_GUI_Validation.java:228)
at TestCases.PCF_DropdownsTesting.SubscriptionallowedPRMDDTest(PCF_DropdownsTesting.java:341)
at java.base/java.util.ArrayList.forEach(ArrayList.java:1511)
... Removed 32 stack frames]]>
    </failure>
  </testcase> <!-- SubscriptionallowedPRMDDTest -->
  <testcase classname="TestCases.PCF_DropdownsTesting" name="BoxValidationmSalesDDTest" time="0.0">
    <skipped/>
  </testcase> <!-- BoxValidationmSalesDDTest -->
  <testcase classname="TestCases.PCF_DropdownsTesting" name="RetrofitFlagDDTest" time="0.0">
    <skipped/>
  </testcase> <!-- RetrofitFlagDDTest -->
  <testcase classname="TestCases.PCF_DropdownsTesting" name="GTMReviewDDTest" time="0.0">
    <skipped/>
  </testcase> <!-- GTMReviewDDTest -->
  <testcase classname="TestCases.PCF_DropdownsTesting" name="PackageDashboardBOConfigDDTest" time="0.0">
    <skipped/>
  </testcase> <!-- PackageDashboardBOConfigDDTest -->
  <testcase classname="TestCases.PCF_DropdownsTesting" name="AllignableFlagDDTest" time="0.0">
    <skipped/>
  </testcase> <!-- AllignableFlagDDTest -->
  <testcase classname="TestCases.PCF_DropdownsTesting" name="PDMProductLineDDTest" time="0.0">
    <skipped/>
  </testcase> <!-- PDMProductLineDDTest -->
  <testcase classname="TestCases.PCF_DropdownsTesting" name="DurationVariantDD" time="0.0">
    <skipped/>
  </testcase> <!-- DurationVariantDD -->
  <testcase classname="TestCases.PCF_DropdownsTesting" name="EligibleforMultiDDTest" time="0.0">
    <skipped/>
  </testcase> <!-- EligibleforMultiDDTest -->
  <testcase classname="TestCases.PCF_DropdownsTesting" name="OfferFlagDDTest" time="0.0">
    <skipped/>
  </testcase> <!-- OfferFlagDDTest -->
  <testcase classname="TestCases.PCF_DropdownsTesting" name="RenewalallowedDDTest" time="0.0">
    <skipped/>
  </testcase> <!-- RenewalallowedDDTest -->
  <testcase classname="TestCases.PCF_DropdownsTesting" name="EligibilityAccountTypeDDListTest" time="0.0">
    <skipped/>
  </testcase> <!-- EligibilityAccountTypeDDListTest -->
  <testcase classname="TestCases.PCF_DropdownsTesting" name="TomadeavailableDDTest" time="0.0">
    <skipped/>
  </testcase> <!-- TomadeavailableDDTest -->
  <testcase classname="TestCases.PCF_DropdownsTesting" name="TypeofOfferDDTest" time="0.0">
    <skipped/>
  </testcase> <!-- TypeofOfferDDTest -->
  <testcase classname="TestCases.PCF_DropdownsTesting" name="PackVariationDDTest" time="0.0">
    <skipped/>
  </testcase> <!-- PackVariationDDTest -->
  <testcase classname="TestCases.PCF_DropdownsTesting" name="EligibleMultiTVPackAdditionTest" time="0.0">
    <skipped/>
  </testcase> <!-- EligibleMultiTVPackAdditionTest -->
  <testcase classname="TestCases.PCF_DropdownsTesting" name="UnitofMeasureDDTest" time="0.0">
    <skipped/>
  </testcase> <!-- UnitofMeasureDDTest -->
  <testcase classname="TestCases.PCF_DropdownsTesting" name="ChanneltobeDDTest" time="0.0">
    <skipped/>
  </testcase> <!-- ChanneltobeDDTest -->
  <testcase classname="TestCases.PCF_DropdownsTesting" name="ISBingePlusFlagDDTest" time="0.0">
    <skipped/>
  </testcase> <!-- ISBingePlusFlagDDTest -->
  <testcase classname="TestCases.PCF_DropdownsTesting" name="FoundInDDTest" time="0.0">
    <skipped/>
  </testcase> <!-- FoundInDDTest -->
  <testcase classname="TestCases.PCF_DropdownsTesting" name="LDPCommunicationDDTest" time="0.0">
    <skipped/>
  </testcase> <!-- LDPCommunicationDDTest -->
  <testcase classname="TestCases.PCF_DropdownsTesting" name="IsTraiEnableFlagTest" time="0.0">
    <skipped/>
  </testcase> <!-- IsTraiEnableFlagTest -->
  <testcase classname="TestCases.PCF_DropdownsTesting" name="ITReviewTabDDListTest" time="0.0">
    <skipped/>
  </testcase> <!-- ITReviewTabDDListTest -->
  <testcase classname="TestCases.PCF_DropdownsTesting" name="PackTypePDMDDTest" time="0.0">
    <skipped/>
  </testcase> <!-- PackTypePDMDDTest -->
  <testcase classname="TestCases.PCF_DropdownsTesting" name="PackageChargeTypeDDTest" time="0.0">
    <skipped/>
  </testcase> <!-- PackageChargeTypeDDTest -->
  <testcase classname="TestCases.PCF_DropdownsTesting" name="DealerDD1Test" time="0.0">
    <skipped/>
  </testcase> <!-- DealerDD1Test -->
  <testcase classname="TestCases.PCF_DropdownsTesting" name="ChargingAccountTypeDDListTest" time="0.0">
    <skipped/>
  </testcase> <!-- ChargingAccountTypeDDListTest -->
  <testcase classname="TestCases.PCF_DropdownsTesting" name="AnyBoxTypeValidationTest" time="0.0">
    <skipped/>
  </testcase> <!-- AnyBoxTypeValidationTest -->
  <testcase classname="TestCases.PCF_DropdownsTesting" name="DASLevelValidationDDTest" time="0.0">
    <skipped/>
  </testcase> <!-- DASLevelValidationDDTest -->
  <testcase classname="TestCases.PCF_DropdownsTesting" name="PackStructureDDTest" time="0.0">
    <skipped/>
  </testcase> <!-- PackStructureDDTest -->
  <testcase classname="TestCases.PCF_DropdownsTesting" name="ReleaseDependencyDDTest" time="0.0">
    <skipped/>
  </testcase> <!-- ReleaseDependencyDDTest -->
  <testcase classname="TestCases.PCF_DropdownsTesting" name="BusinessReviewTabDDList" time="0.0">
    <skipped/>
  </testcase> <!-- BusinessReviewTabDDList -->
  <testcase classname="TestCases.PCF_DropdownsTesting" name="EPGReviewDDTest" time="0.0">
    <skipped/>
  </testcase> <!-- EPGReviewDDTest -->
  <testcase classname="TestCases.PCF_DropdownsTesting" name="TypeofPackDD2Test" time="0.0">
    <skipped/>
  </testcase> <!-- TypeofPackDD2Test -->
  <testcase classname="TestCases.PCF_DropdownsTesting" name="PackageDashboardDDTest" time="0.0">
    <skipped/>
  </testcase> <!-- PackageDashboardDDTest -->
  <testcase classname="TestCases.PCF_DropdownsTesting" name="DurationPacksToExpiredDDTest" time="0.0">
    <skipped/>
  </testcase> <!-- DurationPacksToExpiredDDTest -->
  <testcase classname="TestCases.PCF_DropdownsTesting" name="SpecialNCFFlag" time="0.0">
    <skipped/>
  </testcase> <!-- SpecialNCFFlag -->
  <testcase classname="TestCases.PCF_DropdownsTesting" name="ChannelCategoryDDTest" time="0.0">
    <skipped/>
  </testcase> <!-- ChannelCategoryDDTest -->
  <testcase classname="TestCases.PCF_DropdownsTesting" name="RetrofitCreditPackDDTest" time="0.0">
    <skipped/>
  </testcase> <!-- RetrofitCreditPackDDTest -->
  <testcase classname="TestCases.PCF_DropdownsTesting" name="BroadcasterCategoryDDTest" time="0.0">
    <skipped/>
  </testcase> <!-- BroadcasterCategoryDDTest -->
  <testcase classname="TestCases.PCF_DropdownsTesting" name="SourceforOTT" time="0.0">
    <skipped/>
  </testcase> <!-- SourceforOTT -->
  <testcase classname="TestCases.PCF_DropdownsTesting" name="SubscriberTypeDDTest" time="0.0">
    <skipped/>
  </testcase> <!-- SubscriberTypeDDTest -->
  <testcase classname="TestCases.PCF_DropdownsTesting" name="ActionDDtTest" time="0.0">
    <skipped/>
  </testcase> <!-- ActionDDtTest -->
  <testcase classname="TestCases.PCF_DropdownsTesting" name="EligibleforRoundDDTest" time="0.0">
    <skipped/>
  </testcase> <!-- EligibleforRoundDDTest -->
  <testcase classname="TestCases.PCF_DropdownsTesting" name="CAMPAIGN_TYPEDDListTest" time="0.0">
    <skipped/>
  </testcase> <!-- CAMPAIGN_TYPEDDListTest -->
  <testcase classname="TestCases.PCF_DropdownsTesting" name="DurationMonthlyDDTest" time="0.0">
    <skipped/>
  </testcase> <!-- DurationMonthlyDDTest -->
  <testcase classname="TestCases.PCF_DropdownsTesting" name="TataPlayPacksCategoryDDTest" time="0.0">
    <skipped/>
  </testcase> <!-- TataPlayPacksCategoryDDTest -->
  <testcase classname="TestCases.PCF_DropdownsTesting" name="PDMUoMDDTest" time="0.0">
    <skipped/>
  </testcase> <!-- PDMUoMDDTest -->
  <testcase classname="TestCases.PCF_DropdownsTesting" name="DiscountTypeDDTest" time="0.0">
    <skipped/>
  </testcase> <!-- DiscountTypeDDTest -->
  <testcase classname="TestCases.PCF_DropdownsTesting" name="SubscriptionChangesDD" time="0.0">
    <skipped/>
  </testcase> <!-- SubscriptionChangesDD -->
  <testcase classname="TestCases.PCF_DropdownsTesting" name="AmazonPrimePideoTest" time="0.0">
    <skipped/>
  </testcase> <!-- AmazonPrimePideoTest -->
  <testcase classname="TestCases.PCF_DropdownsTesting" name="AlertsBillsDescriptionsDDListTest" time="0.0">
    <skipped/>
  </testcase> <!-- AlertsBillsDescriptionsDDListTest -->
  <testcase classname="TestCases.PCF_DropdownsTesting" name="DunningExclusionDDTest" time="0.0">
    <ignored/>
  </testcase> <!-- DunningExclusionDDTest -->
  <testcase classname="TestCases.PCF_DropdownsTesting" name="ISPDemoDD1Test" time="0.0">
    <ignored/>
  </testcase> <!-- ISPDemoDD1Test -->
  <testcase classname="TestCases.PCF_DropdownsTesting" name="EligibleforMultiTVDDTest" time="0.0">
    <ignored/>
  </testcase> <!-- EligibleforMultiTVDDTest -->
  <testcase classname="TestCases.PCF_DropdownsTesting" name="SubscriptionNuanceDDTest" time="0.0">
    <ignored/>
  </testcase> <!-- SubscriptionNuanceDDTest -->
  <testcase classname="TestCases.PCF_DropdownsTesting" name="CatB3DD2Test" time="0.0">
    <ignored/>
  </testcase> <!-- CatB3DD2Test -->
  <testcase classname="TestCases.PCF_DropdownsTesting" name="StarGroupDD2Test" time="0.0">
    <ignored/>
  </testcase> <!-- StarGroupDD2Test -->
  <testcase classname="TestCases.PCF_DropdownsTesting" name="AssociateNonPayingDD2Test" time="0.0">
    <ignored/>
  </testcase> <!-- AssociateNonPayingDD2Test -->
  <testcase classname="TestCases.PCF_DropdownsTesting" name="ShouldthisPackDDTest" time="0.0">
    <ignored/>
  </testcase> <!-- ShouldthisPackDDTest -->
  <testcase classname="TestCases.PCF_DropdownsTesting" name="CatB1DD2Test" time="0.0">
    <ignored/>
  </testcase> <!-- CatB1DD2Test -->
  <testcase classname="TestCases.PCF_DropdownsTesting" name="ModernTradeDD2Test" time="0.0">
    <ignored/>
  </testcase> <!-- ModernTradeDD2Test -->
  <testcase classname="TestCases.PCF_DropdownsTesting" name="RentalFlagDDTest" time="0.0">
    <ignored/>
  </testcase> <!-- RentalFlagDDTest -->
  <testcase classname="TestCases.PCF_DropdownsTesting" name="AssociatePayingDD2Test" time="0.0">
    <ignored/>
  </testcase> <!-- AssociatePayingDD2Test -->
  <testcase classname="TestCases.PCF_DropdownsTesting" name="ResidentialDD1Test" time="0.0">
    <ignored/>
  </testcase> <!-- ResidentialDD1Test -->
  <testcase classname="TestCases.PCF_DropdownsTesting" name="BusinessAssociatesDD1Test" time="0.0">
    <ignored/>
  </testcase> <!-- BusinessAssociatesDD1Test -->
  <testcase classname="TestCases.PCF_DropdownsTesting" name="CatADD1Test" time="0.0">
    <ignored/>
  </testcase> <!-- CatADD1Test -->
  <testcase classname="TestCases.PCF_DropdownsTesting" name="TechnologyDD2Test" time="0.0">
    <ignored/>
  </testcase> <!-- TechnologyDD2Test -->
  <testcase classname="TestCases.PCF_DropdownsTesting" name="CatADD2Test" time="0.0">
    <ignored/>
  </testcase> <!-- CatADD2Test -->
  <testcase classname="TestCases.PCF_DropdownsTesting" name="TypeofPackDDTest" time="0.0">
    <ignored/>
  </testcase> <!-- TypeofPackDDTest -->
  <testcase classname="TestCases.PCF_DropdownsTesting" name="ISPDemoDD2Test" time="0.0">
    <ignored/>
  </testcase> <!-- ISPDemoDD2Test -->
  <testcase classname="TestCases.PCF_DropdownsTesting" name="SalesReviewDDTest" time="0.0">
    <ignored/>
  </testcase> <!-- SalesReviewDDTest -->
  <testcase classname="TestCases.PCF_DropdownsTesting" name="PromotionalDD1Test" time="0.0">
    <ignored/>
  </testcase> <!-- PromotionalDD1Test -->
  <testcase classname="TestCases.PCF_DropdownsTesting" name="TataPlayDD1Test" time="0.0">
    <ignored/>
  </testcase> <!-- TataPlayDD1Test -->
  <testcase classname="TestCases.PCF_DropdownsTesting" name="AssociatePayingDD1Test" time="0.0">
    <ignored/>
  </testcase> <!-- AssociatePayingDD1Test -->
  <testcase classname="TestCases.PCF_DropdownsTesting" name="AppEnabledFlagDDTest" time="0.0">
    <ignored/>
  </testcase> <!-- AppEnabledFlagDDTest -->
  <testcase classname="TestCases.PCF_DropdownsTesting" name="BulkSLDD1Test" time="0.0">
    <ignored/>
  </testcase> <!-- BulkSLDD1Test -->
  <testcase classname="TestCases.PCF_DropdownsTesting" name="CustomerOperationsReviewDDTest" time="0.0">
    <ignored/>
  </testcase> <!-- CustomerOperationsReviewDDTest -->
  <testcase classname="TestCases.PCF_DropdownsTesting" name="EDIRegularDD1Test" time="0.0">
    <ignored/>
  </testcase> <!-- EDIRegularDD1Test -->
  <testcase classname="TestCases.PCF_DropdownsTesting" name="SubscriptionAllowedDDTest" time="0.0">
    <ignored/>
  </testcase> <!-- SubscriptionAllowedDDTest -->
  <testcase classname="TestCases.PCF_DropdownsTesting" name="OfferTypeDDTest" time="0.0">
    <ignored/>
  </testcase> <!-- OfferTypeDDTest -->
  <testcase classname="TestCases.PCF_DropdownsTesting" name="ResidentialDD2Test" time="0.0">
    <ignored/>
  </testcase> <!-- ResidentialDD2Test -->
  <testcase classname="TestCases.PCF_DropdownsTesting" name="VVIPPayingDD1Test" time="0.0">
    <ignored/>
  </testcase> <!-- VVIPPayingDD1Test -->
  <testcase classname="TestCases.PCF_DropdownsTesting" name="TataPlayDD2Test" time="0.0">
    <ignored/>
  </testcase> <!-- TataPlayDD2Test -->
  <testcase classname="TestCases.PCF_DropdownsTesting" name="WebEnabledFlagDDTest" time="0.0">
    <ignored/>
  </testcase> <!-- WebEnabledFlagDDTest -->
  <testcase classname="TestCases.PCF_DropdownsTesting" name="TataGroupDD1Test" time="0.0">
    <ignored/>
  </testcase> <!-- TataGroupDD1Test -->
  <testcase classname="TestCases.PCF_DropdownsTesting" name="TataGroupDD2Test" time="0.0">
    <ignored/>
  </testcase> <!-- TataGroupDD2Test -->
  <testcase classname="TestCases.PCF_DropdownsTesting" name="RegularDD2Test" time="0.0">
    <ignored/>
  </testcase> <!-- RegularDD2Test -->
  <testcase classname="TestCases.PCF_DropdownsTesting" name="AssociateNonPayingDD1Test" time="0.0">
    <ignored/>
  </testcase> <!-- AssociateNonPayingDD1Test -->
  <testcase classname="TestCases.PCF_DropdownsTesting" name="EDIRegularDD2Test" time="0.0">
    <ignored/>
  </testcase> <!-- EDIRegularDD2Test -->
  <testcase classname="TestCases.PCF_DropdownsTesting" name="TechnologyDD1Test" time="0.0">
    <ignored/>
  </testcase> <!-- TechnologyDD1Test -->
  <testcase classname="TestCases.PCF_DropdownsTesting" name="PayableFlagDDTest" time="0.0">
    <ignored/>
  </testcase> <!-- PayableFlagDDTest -->
  <testcase classname="TestCases.PCF_DropdownsTesting" name="BoxCompatibilityDDTest" time="0.0">
    <ignored/>
  </testcase> <!-- BoxCompatibilityDDTest -->
  <testcase classname="TestCases.PCF_DropdownsTesting" name="AvailableforDealersDD" time="0.0">
    <ignored/>
  </testcase> <!-- AvailableforDealersDD -->
  <testcase classname="TestCases.PCF_DropdownsTesting" name="PackGradeTypeDDTest" time="0.0">
    <ignored/>
  </testcase> <!-- PackGradeTypeDDTest -->
  <testcase classname="TestCases.PCF_DropdownsTesting" name="priorityDDTest" time="0.0">
    <ignored/>
  </testcase> <!-- priorityDDTest -->
  <testcase classname="TestCases.PCF_DropdownsTesting" name="NCFdiscountApplicableDDtest" time="0.0">
    <ignored/>
  </testcase> <!-- NCFdiscountApplicableDDtest -->
  <testcase classname="TestCases.PCF_DropdownsTesting" name="TataPlayEmployeeDD1Test" time="0.0">
    <ignored/>
  </testcase> <!-- TataPlayEmployeeDD1Test -->
  <testcase classname="TestCases.PCF_DropdownsTesting" name="severityDDTest" time="0.0">
    <ignored/>
  </testcase> <!-- severityDDTest -->
  <testcase classname="TestCases.PCF_DropdownsTesting" name="CatB2DD2Test" time="0.0">
    <ignored/>
  </testcase> <!-- CatB2DD2Test -->
  <testcase classname="TestCases.PCF_DropdownsTesting" name="VVIPNonPayingDD2Test" time="0.0">
    <ignored/>
  </testcase> <!-- VVIPNonPayingDD2Test -->
  <testcase classname="TestCases.PCF_DropdownsTesting" name="TataPlayEmployeeDD2Test" time="0.0">
    <ignored/>
  </testcase> <!-- TataPlayEmployeeDD2Test -->
  <testcase classname="TestCases.PCF_DropdownsTesting" name="ChangeHistoryTabDDListTest" time="0.0">
    <ignored/>
  </testcase> <!-- ChangeHistoryTabDDListTest -->
  <testcase classname="TestCases.PCF_DropdownsTesting" name="VVIPNonPayingDD1Test" time="0.0">
    <ignored/>
  </testcase> <!-- VVIPNonPayingDD1Test -->
  <testcase classname="TestCases.PCF_DropdownsTesting" name="ATVSourceDDTest" time="0.0">
    <ignored/>
  </testcase> <!-- ATVSourceDDTest -->
  <testcase classname="TestCases.PCF_DropdownsTesting" name="PackAdditionPMTest" time="0.0">
    <ignored/>
  </testcase> <!-- PackAdditionPMTest -->
  <testcase classname="TestCases.PCF_DropdownsTesting" name="DistributorDD1Test" time="0.0">
    <ignored/>
  </testcase> <!-- DistributorDD1Test -->
  <testcase classname="TestCases.PCF_DropdownsTesting" name="RegularDD1Test" time="0.0">
    <ignored/>
  </testcase> <!-- RegularDD1Test -->
  <testcase classname="TestCases.PCF_DropdownsTesting" name="ToMadeAvailableDDTest" time="0.0">
    <ignored/>
  </testcase> <!-- ToMadeAvailableDDTest -->
  <testcase classname="TestCases.PCF_DropdownsTesting" name="DistributorDD2Test" time="0.0">
    <ignored/>
  </testcase> <!-- DistributorDD2Test -->
  <testcase classname="TestCases.PCF_DropdownsTesting" name="VVIPPayingDD2Test" time="0.0">
    <ignored/>
  </testcase> <!-- VVIPPayingDD2Test -->
  <testcase classname="TestCases.PCF_DropdownsTesting" name="UnitOfMeasureDD" time="0.0">
    <ignored/>
  </testcase> <!-- UnitOfMeasureDD -->
  <testcase classname="TestCases.PCF_DropdownsTesting" name="packageCreationFormDropdownList" time="0.0">
    <ignored/>
  </testcase> <!-- packageCreationFormDropdownList -->
  <testcase classname="TestCases.PCF_DropdownsTesting" name="PromotionalSchoolDD2Test" time="0.0">
    <ignored/>
  </testcase> <!-- PromotionalSchoolDD2Test -->
  <testcase classname="TestCases.PCF_DropdownsTesting" name="PromotionalDD2Test" time="0.0">
    <ignored/>
  </testcase> <!-- PromotionalDD2Test -->
  <testcase classname="TestCases.PCF_DropdownsTesting" name="OTTComboFlagDDTest" time="0.0">
    <ignored/>
  </testcase> <!-- OTTComboFlagDDTest -->
  <testcase classname="TestCases.PCF_DropdownsTesting" name="FreePackFlagDDTest" time="0.0">
    <ignored/>
  </testcase> <!-- FreePackFlagDDTest -->
  <testcase classname="TestCases.PCF_DropdownsTesting" name="Employee1DD2Test" time="0.0">
    <ignored/>
  </testcase> <!-- Employee1DD2Test -->
  <testcase classname="TestCases.PCF_DropdownsTesting" name="StarGroupDD1Test" time="0.0">
    <ignored/>
  </testcase> <!-- StarGroupDD1Test -->
  <testcase classname="TestCases.PCF_DropdownsTesting" name="SubscriptionallowedDDTest" time="0.0">
    <ignored/>
  </testcase> <!-- SubscriptionallowedDDTest -->
  <testcase classname="TestCases.PCF_DropdownsTesting" name="PromotionalSchoolDD1Test" time="0.0">
    <ignored/>
  </testcase> <!-- PromotionalSchoolDD1Test -->
  <testcase classname="TestCases.PCF_DropdownsTesting" name="RAReviewDDTest" time="0.0">
    <ignored/>
  </testcase> <!-- RAReviewDDTest -->
  <testcase classname="TestCases.PCF_DropdownsTesting" name="BulkSLDD2Test" time="0.0">
    <ignored/>
  </testcase> <!-- BulkSLDD2Test -->
  <testcase classname="TestCases.PCF_DropdownsTesting" name="ApprovalsDDListTest" time="0.0">
    <ignored/>
  </testcase> <!-- ApprovalsDDListTest -->
  <testcase classname="TestCases.PCF_DropdownsTesting" name="BusinessAssociatesDD2Test" time="0.0">
    <ignored/>
  </testcase> <!-- BusinessAssociatesDD2Test -->
  <testcase classname="TestCases.PCF_DropdownsTesting" name="FieldServicesReviewDDTest" time="0.0">
    <ignored/>
  </testcase> <!-- FieldServicesReviewDDTest -->
  <testcase classname="TestCases.PCF_DropdownsTesting" name="LinksDDListTest" time="0.0">
    <ignored/>
  </testcase> <!-- LinksDDListTest -->
  <testcase classname="TestCases.PCF_DropdownsTesting" name="CatB1DD1Test" time="0.0">
    <ignored/>
  </testcase> <!-- CatB1DD1Test -->
  <testcase classname="TestCases.PCF_DropdownsTesting" name="Employee1DD1Test" time="0.0">
    <ignored/>
  </testcase> <!-- Employee1DD1Test -->
  <testcase classname="TestCases.PCF_DropdownsTesting" name="ModernTradeDD1Test" time="0.0">
    <ignored/>
  </testcase> <!-- ModernTradeDD1Test -->
  <testcase classname="TestCases.PCF_DropdownsTesting" name="DealerDD2Test" time="0.0">
    <ignored/>
  </testcase> <!-- DealerDD2Test -->
  <testcase classname="TestCases.PCF_DropdownsTesting" name="CatB3DD1Test" time="0.0">
    <ignored/>
  </testcase> <!-- CatB3DD1Test -->
  <testcase classname="TestCases.PCF_DropdownsTesting" name="CatB2DD1Test" time="0.0">
    <ignored/>
  </testcase> <!-- CatB2DD1Test -->
  <testcase classname="TestCases.PCF_DropdownsTesting" name="FinanceReviewDDTest" time="0.0">
    <ignored/>
  </testcase> <!-- FinanceReviewDDTest -->
  <testcase classname="TestCases.PCF_DropdownsTesting" name="functionDepartmentDDTest" time="0.0">
    <ignored/>
  </testcase> <!-- functionDepartmentDDTest -->
</testsuite> <!-- Default test(failed) -->
