<?xml version="1.0" encoding="UTF-8"?>
<!-- Generated by org.testng.reporters.JUnitXMLReporter -->
<testsuite ignored="0" hostname="DTPLREN91" failures="1" tests="15" name="Test" time="177.078" errors="0" timestamp="2024-05-27T15:42:00 IST">
  <testcase classname="TestCases.LoginTestCases" name="WelcomeHeadingTest" time="0.358"/>
  <testcase classname="TestCases.LoginTestCases" name="verifyUsernameTest" time="2.494"/>
  <testcase classname="TestCases.LoginTestCases" name="PasswordTest" time="1.458"/>
  <testcase classname="TestCases.LoginTestCases" name="SigninButtonTest" time="2.706"/>
  <testcase classname="TestCases.LoginTestCases" name="loginToAppTest" time="0.985"/>
  <testcase classname="TestCases.DashboardTestCases" name="OpenCMwithNameTest" time="7.555"/>
  <testcase classname="TestCases.DashboardTestCases" name="formValidationTest" time="10.188"/>
  <testcase classname="TestCases.DashboardTestCases" name="openBPMFormTest" time="2.608"/>
  <testcase classname="TestCases.DashboardTestCases" name="openCCFFormTest" time="2.995"/>
  <testcase classname="TestCases.DashboardTestCases" name="openCMFormTest" time="3.153"/>
  <testcase classname="TestCases.DashboardTestCases" name="openFPMFormTest" time="3.517"/>
  <testcase classname="TestCases.DashboardTestCases" name="openPCFFormTest" time="4.176"/>
  <testcase classname="TestCases.DashboardTestCases" name="verifyHeaderMenusTest" time="11.313">
    <failure type="org.openqa.selenium.NoSuchElementException" message="no such element: Unable to locate element: {&amp;quot;method&amp;quot;:&amp;quot;xpath&amp;quot;,&amp;quot;selector&amp;quot;:&amp;quot;//h6[text()=&amp;apos;39253 : CM -STAR Maa&amp;apos;]&amp;quot;}
  (Session info: chrome=125.0.6422.113)
For documentation on this error, please visit: https://selenium.dev/exceptions/#no_such_element
Build info: version: &amp;apos;4.9.1&amp;apos;, revision: &amp;apos;eb2032df7f&amp;apos;
System info: os.name: &amp;apos;Windows 11&amp;apos;, os.arch: &amp;apos;amd64&amp;apos;, os.version: &amp;apos;10.0&amp;apos;, java.version: &amp;apos;17.0.9&amp;apos;
Driver info: org.openqa.selenium.chrome.ChromeDriver
Command: [6ba40383f55b31cb62a631f0cffb57d7, findElement {using=xpath, value=//h6[text()=&amp;apos;39253 : CM -STAR Maa&amp;apos;]}]
Capabilities {acceptInsecureCerts: true, browserName: chrome, browserVersion: 125.0.6422.113, chrome: {chromedriverVersion: 124.0.6367.91 (51df0e5e17a8..., userDataDir: C:\Users\SOPAN~1.GAY\AppDat...}, fedcm:accounts: true, goog:chromeOptions: {debuggerAddress: localhost:60667}, networkConnectionEnabled: false, pageLoadStrategy: normal, platformName: windows, proxy: Proxy(), se:cdp: ws://localhost:60667/devtoo..., se:cdpVersion: 125.0.6422.113, setWindowRect: true, strictFileInteractability: false, timeouts: {implicit: 0, pageLoad: 300000, script: 30000}, unhandledPromptBehavior: dismiss and notify, webauthn:extension:credBlob: true, webauthn:extension:largeBlob: true, webauthn:extension:minPinLength: true, webauthn:extension:prf: true, webauthn:virtualAuthenticators: true}
Session ID: 6ba40383f55b31cb62a631f0cffb57d7">
      <![CDATA[org.openqa.selenium.NoSuchElementException: no such element: Unable to locate element: {"method":"xpath","selector":"//h6[text()='39253 : CM -STAR Maa']"}
  (Session info: chrome=125.0.6422.113)
For documentation on this error, please visit: https://selenium.dev/exceptions/#no_such_element
Build info: version: '4.9.1', revision: 'eb2032df7f'
System info: os.name: 'Windows 11', os.arch: 'amd64', os.version: '10.0', java.version: '17.0.9'
Driver info: org.openqa.selenium.chrome.ChromeDriver
Command: [6ba40383f55b31cb62a631f0cffb57d7, findElement {using=xpath, value=//h6[text()='39253 : CM -STAR Maa']}]
Capabilities {acceptInsecureCerts: true, browserName: chrome, browserVersion: 125.0.6422.113, chrome: {chromedriverVersion: 124.0.6367.91 (51df0e5e17a8..., userDataDir: C:\Users\SOPAN~1.GAY\AppDat...}, fedcm:accounts: true, goog:chromeOptions: {debuggerAddress: localhost:60667}, networkConnectionEnabled: false, pageLoadStrategy: normal, platformName: windows, proxy: Proxy(), se:cdp: ws://localhost:60667/devtoo..., se:cdpVersion: 125.0.6422.113, setWindowRect: true, strictFileInteractability: false, timeouts: {implicit: 0, pageLoad: 300000, script: 30000}, unhandledPromptBehavior: dismiss and notify, webauthn:extension:credBlob: true, webauthn:extension:largeBlob: true, webauthn:extension:minPinLength: true, webauthn:extension:prf: true, webauthn:virtualAuthenticators: true}
Session ID: 6ba40383f55b31cb62a631f0cffb57d7
at org.openqa.selenium.remote.codec.w3c.W3CHttpResponseCodec.createException(W3CHttpResponseCodec.java:200)
at org.openqa.selenium.remote.codec.w3c.W3CHttpResponseCodec.decode(W3CHttpResponseCodec.java:133)
at org.openqa.selenium.remote.codec.w3c.W3CHttpResponseCodec.decode(W3CHttpResponseCodec.java:53)
at org.openqa.selenium.remote.HttpCommandExecutor.execute(HttpCommandExecutor.java:193)
at org.openqa.selenium.remote.service.DriverCommandExecutor.invokeExecute(DriverCommandExecutor.java:183)
at org.openqa.selenium.remote.service.DriverCommandExecutor.execute(DriverCommandExecutor.java:158)
at org.openqa.selenium.remote.RemoteWebDriver.execute(RemoteWebDriver.java:543)
at org.openqa.selenium.remote.ElementLocation$ElementFinder$2.findElement(ElementLocation.java:162)
at org.openqa.selenium.remote.ElementLocation.findElement(ElementLocation.java:60)
at org.openqa.selenium.remote.RemoteWebDriver.findElement(RemoteWebDriver.java:352)
at org.openqa.selenium.remote.RemoteWebDriver.findElement(RemoteWebDriver.java:344)
at Pages.Dashboard_GUI_Validation.verifyHeaderMenus(Dashboard_GUI_Validation.java:103)
at TestCases.DashboardTestCases.verifyHeaderMenusTest(DashboardTestCases.java:37)
at java.base/java.util.ArrayList.forEach(ArrayList.java:1511)
... Removed 32 stack frames]]>
    </failure>
  </testcase> <!-- verifyHeaderMenusTest -->
  <testcase classname="TestCases.DashboardTestCases" name="verifyTablesTest" time="3.593"/>
  <testcase classname="TestCases.DashboardTestCases" name="verifyVerticalPannelTest" time="5.129"/>
</testsuite> <!-- Test -->
