<?xml version="1.0" encoding="UTF-8"?>
<!-- Generated by org.testng.reporters.JUnitXMLReporter -->
<testsuite ignored="172" hostname="DTPLREN91" failures="8" tests="8" name="Test(failed)(failed)(failed)" time="87.349" errors="0" timestamp="2024-05-16T10:03:42 IST">
  <testcase classname="TestCases.CM_DropdownsTesting" name="NameOfBroadcasterDDTest" time="5.428">
    <failure type="java.lang.Exception" message="Failed because List are not Matching">
      <![CDATA[java.lang.Exception: Failed because List are not Matching
at Pages.CM_DropdownsValidation.NameOfBroadcasterDD(CM_DropdownsValidation.java:90)
at TestCases.CM_DropdownsTesting.NameOfBroadcasterDDTest(CM_DropdownsTesting.java:36)
at java.base/java.util.ArrayList.forEach(ArrayList.java:1511)
... Removed 27 stack frames]]>
    </failure>
  </testcase> <!-- NameOfBroadcasterDDTest -->
  <testcase classname="TestCases.PCF_DropdownsTesting" name="ApprovalsDDListTest" time="7.102">
    <failure type="org.openqa.selenium.NoSuchElementException" message="no such element: Unable to locate element: {&amp;quot;method&amp;quot;:&amp;quot;xpath&amp;quot;,&amp;quot;selector&amp;quot;:&amp;quot;//p[text()=&amp;apos;Approval&amp;apos;]&amp;quot;}
  (Session info: chrome=124.0.6367.156)
For documentation on this error, please visit: https://selenium.dev/exceptions/#no_such_element
Build info: version: &amp;apos;4.9.1&amp;apos;, revision: &amp;apos;eb2032df7f&amp;apos;
System info: os.name: &amp;apos;Windows 11&amp;apos;, os.arch: &amp;apos;amd64&amp;apos;, os.version: &amp;apos;10.0&amp;apos;, java.version: &amp;apos;17.0.9&amp;apos;
Driver info: org.openqa.selenium.chrome.ChromeDriver
Command: [07dd9cdbfac4528485c03b8240891beb, findElement {using=xpath, value=//p[text()=&amp;apos;Approval&amp;apos;]}]
Capabilities {acceptInsecureCerts: true, browserName: chrome, browserVersion: 124.0.6367.156, chrome: {chromedriverVersion: 124.0.6367.91 (51df0e5e17a8..., userDataDir: C:\Users\SOPAN~1.GAY\AppDat...}, fedcm:accounts: true, goog:chromeOptions: {debuggerAddress: localhost:60227}, networkConnectionEnabled: false, pageLoadStrategy: normal, platformName: windows, proxy: Proxy(), se:cdp: ws://localhost:60227/devtoo..., se:cdpVersion: 124.0.6367.156, setWindowRect: true, strictFileInteractability: false, timeouts: {implicit: 0, pageLoad: 300000, script: 30000}, unhandledPromptBehavior: dismiss and notify, webauthn:extension:credBlob: true, webauthn:extension:largeBlob: true, webauthn:extension:minPinLength: true, webauthn:extension:prf: true, webauthn:virtualAuthenticators: true}
Session ID: 07dd9cdbfac4528485c03b8240891beb">
      <![CDATA[org.openqa.selenium.NoSuchElementException: no such element: Unable to locate element: {"method":"xpath","selector":"//p[text()='Approval']"}
  (Session info: chrome=124.0.6367.156)
For documentation on this error, please visit: https://selenium.dev/exceptions/#no_such_element
Build info: version: '4.9.1', revision: 'eb2032df7f'
System info: os.name: 'Windows 11', os.arch: 'amd64', os.version: '10.0', java.version: '17.0.9'
Driver info: org.openqa.selenium.chrome.ChromeDriver
Command: [07dd9cdbfac4528485c03b8240891beb, findElement {using=xpath, value=//p[text()='Approval']}]
Capabilities {acceptInsecureCerts: true, browserName: chrome, browserVersion: 124.0.6367.156, chrome: {chromedriverVersion: 124.0.6367.91 (51df0e5e17a8..., userDataDir: C:\Users\SOPAN~1.GAY\AppDat...}, fedcm:accounts: true, goog:chromeOptions: {debuggerAddress: localhost:60227}, networkConnectionEnabled: false, pageLoadStrategy: normal, platformName: windows, proxy: Proxy(), se:cdp: ws://localhost:60227/devtoo..., se:cdpVersion: 124.0.6367.156, setWindowRect: true, strictFileInteractability: false, timeouts: {implicit: 0, pageLoad: 300000, script: 30000}, unhandledPromptBehavior: dismiss and notify, webauthn:extension:credBlob: true, webauthn:extension:largeBlob: true, webauthn:extension:minPinLength: true, webauthn:extension:prf: true, webauthn:virtualAuthenticators: true}
Session ID: 07dd9cdbfac4528485c03b8240891beb
at org.openqa.selenium.remote.codec.w3c.W3CHttpResponseCodec.createException(W3CHttpResponseCodec.java:200)
at org.openqa.selenium.remote.codec.w3c.W3CHttpResponseCodec.decode(W3CHttpResponseCodec.java:133)
at org.openqa.selenium.remote.codec.w3c.W3CHttpResponseCodec.decode(W3CHttpResponseCodec.java:53)
at org.openqa.selenium.remote.HttpCommandExecutor.execute(HttpCommandExecutor.java:193)
at org.openqa.selenium.remote.service.DriverCommandExecutor.invokeExecute(DriverCommandExecutor.java:183)
at org.openqa.selenium.remote.service.DriverCommandExecutor.execute(DriverCommandExecutor.java:158)
at org.openqa.selenium.remote.RemoteWebDriver.execute(RemoteWebDriver.java:543)
at org.openqa.selenium.remote.ElementLocation$ElementFinder$2.findElement(ElementLocation.java:162)
at org.openqa.selenium.remote.ElementLocation.findElement(ElementLocation.java:60)
at org.openqa.selenium.remote.RemoteWebDriver.findElement(RemoteWebDriver.java:352)
at org.openqa.selenium.remote.RemoteWebDriver.findElement(RemoteWebDriver.java:344)
at org.openqa.selenium.support.pagefactory.DefaultElementLocator.findElement(DefaultElementLocator.java:70)
at org.openqa.selenium.support.pagefactory.internal.LocatingElementHandler.invoke(LocatingElementHandler.java:39)
at jdk.proxy2/jdk.proxy2.$Proxy16.click(Unknown Source)
at Pages.PCF_DropdownsValidation.ApprovalsDDList(PCF_DropdownsValidation.java:4027)
at TestCases.PCF_DropdownsTesting.ApprovalsDDListTest(PCF_DropdownsTesting.java:816)
at java.base/java.util.ArrayList.forEach(ArrayList.java:1511)
... Removed 32 stack frames]]>
    </failure>
  </testcase> <!-- ApprovalsDDListTest -->
  <testcase classname="TestCases.PCF_DropdownsTesting" name="TataPlayPacksCategoryDDTest" time="6.959">
    <failure type="org.openqa.selenium.NoSuchElementException" message="no such element: Unable to locate element: {&amp;quot;method&amp;quot;:&amp;quot;xpath&amp;quot;,&amp;quot;selector&amp;quot;:&amp;quot;//select[@aria-label=&amp;apos;Tata Play Packs Category for Displays&amp;apos;]&amp;quot;}
  (Session info: chrome=124.0.6367.156)
For documentation on this error, please visit: https://selenium.dev/exceptions/#no_such_element
Build info: version: &amp;apos;4.9.1&amp;apos;, revision: &amp;apos;eb2032df7f&amp;apos;
System info: os.name: &amp;apos;Windows 11&amp;apos;, os.arch: &amp;apos;amd64&amp;apos;, os.version: &amp;apos;10.0&amp;apos;, java.version: &amp;apos;17.0.9&amp;apos;
Driver info: org.openqa.selenium.chrome.ChromeDriver
Command: [c7c414765f25877f92642e80a25bc5c7, findElement {using=xpath, value=//select[@aria-label=&amp;apos;Tata Play Packs Category for Displays&amp;apos;]}]
Capabilities {acceptInsecureCerts: true, browserName: chrome, browserVersion: 124.0.6367.156, chrome: {chromedriverVersion: 124.0.6367.91 (51df0e5e17a8..., userDataDir: C:\Users\SOPAN~1.GAY\AppDat...}, fedcm:accounts: true, goog:chromeOptions: {debuggerAddress: localhost:60259}, networkConnectionEnabled: false, pageLoadStrategy: normal, platformName: windows, proxy: Proxy(), se:cdp: ws://localhost:60259/devtoo..., se:cdpVersion: 124.0.6367.156, setWindowRect: true, strictFileInteractability: false, timeouts: {implicit: 0, pageLoad: 300000, script: 30000}, unhandledPromptBehavior: dismiss and notify, webauthn:extension:credBlob: true, webauthn:extension:largeBlob: true, webauthn:extension:minPinLength: true, webauthn:extension:prf: true, webauthn:virtualAuthenticators: true}
Session ID: c7c414765f25877f92642e80a25bc5c7">
      <![CDATA[org.openqa.selenium.NoSuchElementException: no such element: Unable to locate element: {"method":"xpath","selector":"//select[@aria-label='Tata Play Packs Category for Displays']"}
  (Session info: chrome=124.0.6367.156)
For documentation on this error, please visit: https://selenium.dev/exceptions/#no_such_element
Build info: version: '4.9.1', revision: 'eb2032df7f'
System info: os.name: 'Windows 11', os.arch: 'amd64', os.version: '10.0', java.version: '17.0.9'
Driver info: org.openqa.selenium.chrome.ChromeDriver
Command: [c7c414765f25877f92642e80a25bc5c7, findElement {using=xpath, value=//select[@aria-label='Tata Play Packs Category for Displays']}]
Capabilities {acceptInsecureCerts: true, browserName: chrome, browserVersion: 124.0.6367.156, chrome: {chromedriverVersion: 124.0.6367.91 (51df0e5e17a8..., userDataDir: C:\Users\SOPAN~1.GAY\AppDat...}, fedcm:accounts: true, goog:chromeOptions: {debuggerAddress: localhost:60259}, networkConnectionEnabled: false, pageLoadStrategy: normal, platformName: windows, proxy: Proxy(), se:cdp: ws://localhost:60259/devtoo..., se:cdpVersion: 124.0.6367.156, setWindowRect: true, strictFileInteractability: false, timeouts: {implicit: 0, pageLoad: 300000, script: 30000}, unhandledPromptBehavior: dismiss and notify, webauthn:extension:credBlob: true, webauthn:extension:largeBlob: true, webauthn:extension:minPinLength: true, webauthn:extension:prf: true, webauthn:virtualAuthenticators: true}
Session ID: c7c414765f25877f92642e80a25bc5c7
at org.openqa.selenium.remote.codec.w3c.W3CHttpResponseCodec.createException(W3CHttpResponseCodec.java:200)
at org.openqa.selenium.remote.codec.w3c.W3CHttpResponseCodec.decode(W3CHttpResponseCodec.java:133)
at org.openqa.selenium.remote.codec.w3c.W3CHttpResponseCodec.decode(W3CHttpResponseCodec.java:53)
at org.openqa.selenium.remote.HttpCommandExecutor.execute(HttpCommandExecutor.java:193)
at org.openqa.selenium.remote.service.DriverCommandExecutor.invokeExecute(DriverCommandExecutor.java:183)
at org.openqa.selenium.remote.service.DriverCommandExecutor.execute(DriverCommandExecutor.java:158)
at org.openqa.selenium.remote.RemoteWebDriver.execute(RemoteWebDriver.java:543)
at org.openqa.selenium.remote.ElementLocation$ElementFinder$2.findElement(ElementLocation.java:162)
at org.openqa.selenium.remote.ElementLocation.findElement(ElementLocation.java:60)
at org.openqa.selenium.remote.RemoteWebDriver.findElement(RemoteWebDriver.java:352)
at org.openqa.selenium.remote.RemoteWebDriver.findElement(RemoteWebDriver.java:344)
at Pages.PCF_DropdownsValidation.TataPlayPacksCategoryDD(PCF_DropdownsValidation.java:1361)
at TestCases.PCF_DropdownsTesting.TataPlayPacksCategoryDDTest(PCF_DropdownsTesting.java:300)
at java.base/java.util.ArrayList.forEach(ArrayList.java:1511)
... Removed 32 stack frames]]>
    </failure>
  </testcase> <!-- TataPlayPacksCategoryDDTest -->
  <testcase classname="TestCases.PCF_DropdownsTesting" name="FoundInDDTest" time="3.863">
    <failure type="java.lang.Exception" message="Failed because List are not Matching">
      <![CDATA[java.lang.Exception: Failed because List are not Matching
at Pages.PCF_DropdownsValidation.FoundInDD(PCF_DropdownsValidation.java:3927)
at TestCases.PCF_DropdownsTesting.FoundInDDTest(PCF_DropdownsTesting.java:792)
at java.base/java.util.ArrayList.forEach(ArrayList.java:1511)
... Removed 27 stack frames]]>
    </failure>
  </testcase> <!-- FoundInDDTest -->
  <testcase classname="TestCases.PCF_DropdownsTesting" name="packageCreationFormDropdownList" time="6.472">
    <failure type="java.lang.Exception" message="Failed because List are not Matching">
      <![CDATA[java.lang.Exception: Failed because List are not Matching
at Pages.PCF_DropdownsValidation.packageCreationFormDropdownList(PCF_DropdownsValidation.java:75)
at TestCases.PCF_DropdownsTesting.packageCreationFormDropdownList(PCF_DropdownsTesting.java:30)
at java.base/java.util.ArrayList.forEach(ArrayList.java:1511)
... Removed 27 stack frames]]>
    </failure>
  </testcase> <!-- packageCreationFormDropdownList -->
  <testcase classname="TestCases.PCF_DropdownsTesting" name="PlannedForDDTest" time="7.559">
    <failure type="org.openqa.selenium.NoSuchElementException" message="no such element: Unable to locate element: {&amp;quot;method&amp;quot;:&amp;quot;xpath&amp;quot;,&amp;quot;selector&amp;quot;:&amp;quot;//select[@aria-label=&amp;apos;Planned For&amp;apos;]&amp;quot;}
  (Session info: chrome=124.0.6367.156)
For documentation on this error, please visit: https://selenium.dev/exceptions/#no_such_element
Build info: version: &amp;apos;4.9.1&amp;apos;, revision: &amp;apos;eb2032df7f&amp;apos;
System info: os.name: &amp;apos;Windows 11&amp;apos;, os.arch: &amp;apos;amd64&amp;apos;, os.version: &amp;apos;10.0&amp;apos;, java.version: &amp;apos;17.0.9&amp;apos;
Driver info: org.openqa.selenium.chrome.ChromeDriver
Command: [d7893c1a30e32f7c72436eb11721075d, findElement {using=xpath, value=//select[@aria-label=&amp;apos;Planned For&amp;apos;]}]
Capabilities {acceptInsecureCerts: true, browserName: chrome, browserVersion: 124.0.6367.156, chrome: {chromedriverVersion: 124.0.6367.91 (51df0e5e17a8..., userDataDir: C:\Users\SOPAN~1.GAY\AppDat...}, fedcm:accounts: true, goog:chromeOptions: {debuggerAddress: localhost:60336}, networkConnectionEnabled: false, pageLoadStrategy: normal, platformName: windows, proxy: Proxy(), se:cdp: ws://localhost:60336/devtoo..., se:cdpVersion: 124.0.6367.156, setWindowRect: true, strictFileInteractability: false, timeouts: {implicit: 0, pageLoad: 300000, script: 30000}, unhandledPromptBehavior: dismiss and notify, webauthn:extension:credBlob: true, webauthn:extension:largeBlob: true, webauthn:extension:minPinLength: true, webauthn:extension:prf: true, webauthn:virtualAuthenticators: true}
Session ID: d7893c1a30e32f7c72436eb11721075d">
      <![CDATA[org.openqa.selenium.NoSuchElementException: no such element: Unable to locate element: {"method":"xpath","selector":"//select[@aria-label='Planned For']"}
  (Session info: chrome=124.0.6367.156)
For documentation on this error, please visit: https://selenium.dev/exceptions/#no_such_element
Build info: version: '4.9.1', revision: 'eb2032df7f'
System info: os.name: 'Windows 11', os.arch: 'amd64', os.version: '10.0', java.version: '17.0.9'
Driver info: org.openqa.selenium.chrome.ChromeDriver
Command: [d7893c1a30e32f7c72436eb11721075d, findElement {using=xpath, value=//select[@aria-label='Planned For']}]
Capabilities {acceptInsecureCerts: true, browserName: chrome, browserVersion: 124.0.6367.156, chrome: {chromedriverVersion: 124.0.6367.91 (51df0e5e17a8..., userDataDir: C:\Users\SOPAN~1.GAY\AppDat...}, fedcm:accounts: true, goog:chromeOptions: {debuggerAddress: localhost:60336}, networkConnectionEnabled: false, pageLoadStrategy: normal, platformName: windows, proxy: Proxy(), se:cdp: ws://localhost:60336/devtoo..., se:cdpVersion: 124.0.6367.156, setWindowRect: true, strictFileInteractability: false, timeouts: {implicit: 0, pageLoad: 300000, script: 30000}, unhandledPromptBehavior: dismiss and notify, webauthn:extension:credBlob: true, webauthn:extension:largeBlob: true, webauthn:extension:minPinLength: true, webauthn:extension:prf: true, webauthn:virtualAuthenticators: true}
Session ID: d7893c1a30e32f7c72436eb11721075d
at org.openqa.selenium.remote.codec.w3c.W3CHttpResponseCodec.createException(W3CHttpResponseCodec.java:200)
at org.openqa.selenium.remote.codec.w3c.W3CHttpResponseCodec.decode(W3CHttpResponseCodec.java:133)
at org.openqa.selenium.remote.codec.w3c.W3CHttpResponseCodec.decode(W3CHttpResponseCodec.java:53)
at org.openqa.selenium.remote.HttpCommandExecutor.execute(HttpCommandExecutor.java:193)
at org.openqa.selenium.remote.service.DriverCommandExecutor.invokeExecute(DriverCommandExecutor.java:183)
at org.openqa.selenium.remote.service.DriverCommandExecutor.execute(DriverCommandExecutor.java:158)
at org.openqa.selenium.remote.RemoteWebDriver.execute(RemoteWebDriver.java:543)
at org.openqa.selenium.remote.ElementLocation$ElementFinder$2.findElement(ElementLocation.java:162)
at org.openqa.selenium.remote.ElementLocation.findElement(ElementLocation.java:60)
at org.openqa.selenium.remote.RemoteWebDriver.findElement(RemoteWebDriver.java:352)
at org.openqa.selenium.remote.RemoteWebDriver.findElement(RemoteWebDriver.java:344)
at Pages.PCF_DropdownsValidation.PlannedForDD(PCF_DropdownsValidation.java:3871)
at TestCases.PCF_DropdownsTesting.PlannedForDDTest(PCF_DropdownsTesting.java:786)
at java.base/java.util.ArrayList.forEach(ArrayList.java:1511)
... Removed 32 stack frames]]>
    </failure>
  </testcase> <!-- PlannedForDDTest -->
  <testcase classname="TestCases.FPM_DropdownsTesting" name="AnyBoxTypeDDTest" time="2.757">
    <failure type="java.lang.Exception" message="Failed because List are not Matching">
      <![CDATA[java.lang.Exception: Failed because List are not Matching
at Pages.FPM_DropdownsValidation.AnyBoxTypeDD(FPM_DropdownsValidation.java:463)
at TestCases.FPM_DropdownsTesting.AnyBoxTypeDDTest(FPM_DropdownsTesting.java:109)
at java.base/java.util.ArrayList.forEach(ArrayList.java:1511)
... Removed 27 stack frames]]>
    </failure>
  </testcase> <!-- AnyBoxTypeDDTest -->
  <testcase classname="TestCases.FPM_DropdownsTesting" name="NameofBroadcasterTest" time="4.75">
    <failure type="java.lang.Exception" message="Failed because List are not Matching">
      <![CDATA[java.lang.Exception: Failed because List are not Matching
at Pages.FPM_DropdownsValidation.NameofBroadcasterDD(FPM_DropdownsValidation.java:122)
at TestCases.FPM_DropdownsTesting.NameofBroadcasterTest(FPM_DropdownsTesting.java:43)
at java.base/java.util.ArrayList.forEach(ArrayList.java:1511)
... Removed 27 stack frames]]>
    </failure>
  </testcase> <!-- NameofBroadcasterTest -->
  <testcase classname="TestCases.PCF_DropdownsTesting" name="ISPDemoDD1Test" time="0.0">
    <ignored/>
  </testcase> <!-- ISPDemoDD1Test -->
  <testcase classname="TestCases.PCF_DropdownsTesting" name="SubscriptionNuanceDDTest" time="0.0">
    <ignored/>
  </testcase> <!-- SubscriptionNuanceDDTest -->
  <testcase classname="TestCases.PCF_DropdownsTesting" name="CatB3DD2Test" time="0.0">
    <ignored/>
  </testcase> <!-- CatB3DD2Test -->
  <testcase classname="TestCases.PCF_DropdownsTesting" name="AssociateNonPayingDD2Test" time="0.0">
    <ignored/>
  </testcase> <!-- AssociateNonPayingDD2Test -->
  <testcase classname="TestCases.PCF_DropdownsTesting" name="SubscriptionallowedPRMDDTest" time="0.0">
    <ignored/>
  </testcase> <!-- SubscriptionallowedPRMDDTest -->
  <testcase classname="TestCases.PCF_DropdownsTesting" name="ModernTradeDD2Test" time="0.0">
    <ignored/>
  </testcase> <!-- ModernTradeDD2Test -->
  <testcase classname="TestCases.FPM_DropdownsTesting" name="PackGradeTypeDDtest" time="0.0">
    <ignored/>
  </testcase> <!-- PackGradeTypeDDtest -->
  <testcase classname="TestCases.PCF_DropdownsTesting" name="BoxValidationmSalesDDTest" time="0.0">
    <ignored/>
  </testcase> <!-- BoxValidationmSalesDDTest -->
  <testcase classname="TestCases.PCF_DropdownsTesting" name="ResidentialDD1Test" time="0.0">
    <ignored/>
  </testcase> <!-- ResidentialDD1Test -->
  <testcase classname="TestCases.PCF_DropdownsTesting" name="BusinessAssociatesDD1Test" time="0.0">
    <ignored/>
  </testcase> <!-- BusinessAssociatesDD1Test -->
  <testcase classname="TestCases.PCF_DropdownsTesting" name="CatADD1Test" time="0.0">
    <ignored/>
  </testcase> <!-- CatADD1Test -->
  <testcase classname="TestCases.PCF_DropdownsTesting" name="RetrofitFlagDDTest" time="0.0">
    <ignored/>
  </testcase> <!-- RetrofitFlagDDTest -->
  <testcase classname="TestCases.PCF_DropdownsTesting" name="PromotionalDD1Test" time="0.0">
    <ignored/>
  </testcase> <!-- PromotionalDD1Test -->
  <testcase classname="TestCases.PCF_DropdownsTesting" name="AssociatePayingDD1Test" time="0.0">
    <ignored/>
  </testcase> <!-- AssociatePayingDD1Test -->
  <testcase classname="TestCases.PCF_DropdownsTesting" name="AppEnabledFlagDDTest" time="0.0">
    <ignored/>
  </testcase> <!-- AppEnabledFlagDDTest -->
  <testcase classname="TestCases.PCF_DropdownsTesting" name="CustomerOperationsReviewDDTest" time="0.0">
    <ignored/>
  </testcase> <!-- CustomerOperationsReviewDDTest -->
  <testcase classname="TestCases.PCF_DropdownsTesting" name="EDIRegularDD1Test" time="0.0">
    <ignored/>
  </testcase> <!-- EDIRegularDD1Test -->
  <testcase classname="TestCases.FPM_DropdownsTesting" name="BroadcasterCategoryDDTest" time="0.0">
    <ignored/>
  </testcase> <!-- BroadcasterCategoryDDTest -->
  <testcase classname="TestCases.PCF_DropdownsTesting" name="SubscriptionAllowedDDTest" time="0.0">
    <ignored/>
  </testcase> <!-- SubscriptionAllowedDDTest -->
  <testcase classname="TestCases.PCF_DropdownsTesting" name="OfferTypeDDTest" time="0.0">
    <ignored/>
  </testcase> <!-- OfferTypeDDTest -->
  <testcase classname="TestCases.PCF_DropdownsTesting" name="EligibleforMultiDDTest" time="0.0">
    <ignored/>
  </testcase> <!-- EligibleforMultiDDTest -->
  <testcase classname="TestCases.CM_DropdownsTesting" name="TypePlayServicesDDTest" time="0.0">
    <ignored/>
  </testcase> <!-- TypePlayServicesDDTest -->
  <testcase classname="TestCases.PCF_DropdownsTesting" name="VVIPPayingDD1Test" time="0.0">
    <ignored/>
  </testcase> <!-- VVIPPayingDD1Test -->
  <testcase classname="TestCases.PCF_DropdownsTesting" name="TataPlayDD2Test" time="0.0">
    <ignored/>
  </testcase> <!-- TataPlayDD2Test -->
  <testcase classname="TestCases.PCF_DropdownsTesting" name="WebEnabledFlagDDTest" time="0.0">
    <ignored/>
  </testcase> <!-- WebEnabledFlagDDTest -->
  <testcase classname="TestCases.PCF_DropdownsTesting" name="RenewalallowedDDTest" time="0.0">
    <ignored/>
  </testcase> <!-- RenewalallowedDDTest -->
  <testcase classname="TestCases.PCF_DropdownsTesting" name="EligibilityAccountTypeDDListTest" time="0.0">
    <ignored/>
  </testcase> <!-- EligibilityAccountTypeDDListTest -->
  <testcase classname="TestCases.PCF_DropdownsTesting" name="TomadeavailableDDTest" time="0.0">
    <ignored/>
  </testcase> <!-- TomadeavailableDDTest -->
  <testcase classname="TestCases.PCF_DropdownsTesting" name="TataGroupDD1Test" time="0.0">
    <ignored/>
  </testcase> <!-- TataGroupDD1Test -->
  <testcase classname="TestCases.FPM_DropdownsTesting" name="PackVariationDD" time="0.0">
    <ignored/>
  </testcase> <!-- PackVariationDD -->
  <testcase classname="TestCases.PCF_DropdownsTesting" name="TypeofOfferDDTest" time="0.0">
    <ignored/>
  </testcase> <!-- TypeofOfferDDTest -->
  <testcase classname="TestCases.PCF_DropdownsTesting" name="PackVariationDDTest" time="0.0">
    <ignored/>
  </testcase> <!-- PackVariationDDTest -->
  <testcase classname="TestCases.PCF_DropdownsTesting" name="TechnologyDD1Test" time="0.0">
    <ignored/>
  </testcase> <!-- TechnologyDD1Test -->
  <testcase classname="TestCases.FPM_DropdownsTesting" name="LinksTabDropdownListTest" time="0.0">
    <ignored/>
  </testcase> <!-- LinksTabDropdownListTest -->
  <testcase classname="TestCases.PCF_DropdownsTesting" name="UnitofMeasureDDTest" time="0.0">
    <ignored/>
  </testcase> <!-- UnitofMeasureDDTest -->
  <testcase classname="TestCases.PCF_DropdownsTesting" name="ISBingePlusFlagDDTest" time="0.0">
    <ignored/>
  </testcase> <!-- ISBingePlusFlagDDTest -->
  <testcase classname="TestCases.PCF_DropdownsTesting" name="LDPCommunicationDDTest" time="0.0">
    <ignored/>
  </testcase> <!-- LDPCommunicationDDTest -->
  <testcase classname="TestCases.PCF_DropdownsTesting" name="NCFdiscountApplicableDDtest" time="0.0">
    <ignored/>
  </testcase> <!-- NCFdiscountApplicableDDtest -->
  <testcase classname="TestCases.PCF_DropdownsTesting" name="severityDDTest" time="0.0">
    <ignored/>
  </testcase> <!-- severityDDTest -->
  <testcase classname="TestCases.PCF_DropdownsTesting" name="ITReviewTabDDListTest" time="0.0">
    <ignored/>
  </testcase> <!-- ITReviewTabDDListTest -->
  <testcase classname="TestCases.CM_DropdownsTesting" name="SDMappingYesNoDDTest" time="0.0">
    <ignored/>
  </testcase> <!-- SDMappingYesNoDDTest -->
  <testcase classname="TestCases.PCF_DropdownsTesting" name="VVIPNonPayingDD2Test" time="0.0">
    <ignored/>
  </testcase> <!-- VVIPNonPayingDD2Test -->
  <testcase classname="TestCases.PCF_DropdownsTesting" name="PackageChargeTypeDDTest" time="0.0">
    <ignored/>
  </testcase> <!-- PackageChargeTypeDDTest -->
  <testcase classname="TestCases.PCF_DropdownsTesting" name="TataPlayEmployeeDD2Test" time="0.0">
    <ignored/>
  </testcase> <!-- TataPlayEmployeeDD2Test -->
  <testcase classname="TestCases.PCF_DropdownsTesting" name="DistributorDD1Test" time="0.0">
    <ignored/>
  </testcase> <!-- DistributorDD1Test -->
  <testcase classname="TestCases.PCF_DropdownsTesting" name="DealerDD1Test" time="0.0">
    <ignored/>
  </testcase> <!-- DealerDD1Test -->
  <testcase classname="TestCases.PCF_DropdownsTesting" name="AnyBoxTypeValidationTest" time="0.0">
    <ignored/>
  </testcase> <!-- AnyBoxTypeValidationTest -->
  <testcase classname="TestCases.PCF_DropdownsTesting" name="PackStructureDDTest" time="0.0">
    <ignored/>
  </testcase> <!-- PackStructureDDTest -->
  <testcase classname="TestCases.PCF_DropdownsTesting" name="BusinessReviewTabDDList" time="0.0">
    <ignored/>
  </testcase> <!-- BusinessReviewTabDDList -->
  <testcase classname="TestCases.PCF_DropdownsTesting" name="VVIPPayingDD2Test" time="0.0">
    <ignored/>
  </testcase> <!-- VVIPPayingDD2Test -->
  <testcase classname="TestCases.PCF_DropdownsTesting" name="PromotionalSchoolDD2Test" time="0.0">
    <ignored/>
  </testcase> <!-- PromotionalSchoolDD2Test -->
  <testcase classname="TestCases.PCF_DropdownsTesting" name="PromotionalDD2Test" time="0.0">
    <ignored/>
  </testcase> <!-- PromotionalDD2Test -->
  <testcase classname="TestCases.PCF_DropdownsTesting" name="ChannelCategoryDDTest" time="0.0">
    <ignored/>
  </testcase> <!-- ChannelCategoryDDTest -->
  <testcase classname="TestCases.PCF_DropdownsTesting" name="OTTComboFlagDDTest" time="0.0">
    <ignored/>
  </testcase> <!-- OTTComboFlagDDTest -->
  <testcase classname="TestCases.PCF_DropdownsTesting" name="FreePackFlagDDTest" time="0.0">
    <ignored/>
  </testcase> <!-- FreePackFlagDDTest -->
  <testcase classname="TestCases.CM_DropdownsTesting" name="LogosPlatformTabDropdownList" time="0.0">
    <ignored/>
  </testcase> <!-- LogosPlatformTabDropdownList -->
  <testcase classname="TestCases.PCF_DropdownsTesting" name="RetrofitCreditPackDDTest" time="0.0">
    <ignored/>
  </testcase> <!-- RetrofitCreditPackDDTest -->
  <testcase classname="TestCases.PCF_DropdownsTesting" name="BroadcasterCategoryDDTest" time="0.0">
    <ignored/>
  </testcase> <!-- BroadcasterCategoryDDTest -->
  <testcase classname="TestCases.PCF_DropdownsTesting" name="Employee1DD2Test" time="0.0">
    <ignored/>
  </testcase> <!-- Employee1DD2Test -->
  <testcase classname="TestCases.PCF_DropdownsTesting" name="SourceforOTT" time="0.0">
    <ignored/>
  </testcase> <!-- SourceforOTT -->
  <testcase classname="TestCases.PCF_DropdownsTesting" name="SubscriptionallowedDDTest" time="0.0">
    <ignored/>
  </testcase> <!-- SubscriptionallowedDDTest -->
  <testcase classname="TestCases.FPM_DropdownsTesting" name="AnyBoxTypeValidationDDTest" time="0.0">
    <ignored/>
  </testcase> <!-- AnyBoxTypeValidationDDTest -->
  <testcase classname="TestCases.FPM_DropdownsTesting" name="AmazonPrimeVideoDDTest" time="0.0">
    <ignored/>
  </testcase> <!-- AmazonPrimeVideoDDTest -->
  <testcase classname="TestCases.PCF_DropdownsTesting" name="ActionDDtTest" time="0.0">
    <ignored/>
  </testcase> <!-- ActionDDtTest -->
  <testcase classname="TestCases.PCF_DropdownsTesting" name="BulkSLDD2Test" time="0.0">
    <ignored/>
  </testcase> <!-- BulkSLDD2Test -->
  <testcase classname="TestCases.PCF_DropdownsTesting" name="EligibleforRoundDDTest" time="0.0">
    <ignored/>
  </testcase> <!-- EligibleforRoundDDTest -->
  <testcase classname="TestCases.FPM_DropdownsTesting" name="UnitofMeasureDDTest" time="0.0">
    <ignored/>
  </testcase> <!-- UnitofMeasureDDTest -->
  <testcase classname="TestCases.PCF_DropdownsTesting" name="BusinessAssociatesDD2Test" time="0.0">
    <ignored/>
  </testcase> <!-- BusinessAssociatesDD2Test -->
  <testcase classname="TestCases.PCF_DropdownsTesting" name="FieldServicesReviewDDTest" time="0.0">
    <ignored/>
  </testcase> <!-- FieldServicesReviewDDTest -->
  <testcase classname="TestCases.PCF_DropdownsTesting" name="DurationMonthlyDDTest" time="0.0">
    <ignored/>
  </testcase> <!-- DurationMonthlyDDTest -->
  <testcase classname="TestCases.FPM_DropdownsTesting" name="PackStatusDDTest" time="0.0">
    <ignored/>
  </testcase> <!-- PackStatusDDTest -->
  <testcase classname="TestCases.PCF_DropdownsTesting" name="CatB1DD1Test" time="0.0">
    <ignored/>
  </testcase> <!-- CatB1DD1Test -->
  <testcase classname="TestCases.FPM_DropdownsTesting" name="FrontendPackMasterDropdownListTest" time="0.0">
    <ignored/>
  </testcase> <!-- FrontendPackMasterDropdownListTest -->
  <testcase classname="TestCases.CM_DropdownsTesting" name="ChangeHistoryTabDropdownList" time="0.0">
    <ignored/>
  </testcase> <!-- ChangeHistoryTabDropdownList -->
  <testcase classname="TestCases.PCF_DropdownsTesting" name="CatB3DD1Test" time="0.0">
    <ignored/>
  </testcase> <!-- CatB3DD1Test -->
  <testcase classname="TestCases.PCF_DropdownsTesting" name="DiscountTypeDDTest" time="0.0">
    <ignored/>
  </testcase> <!-- DiscountTypeDDTest -->
  <testcase classname="TestCases.PCF_DropdownsTesting" name="SubscriptionChangesDD" time="0.0">
    <ignored/>
  </testcase> <!-- SubscriptionChangesDD -->
  <testcase classname="TestCases.PCF_DropdownsTesting" name="CatB2DD1Test" time="0.0">
    <ignored/>
  </testcase> <!-- CatB2DD1Test -->
  <testcase classname="TestCases.CM_DropdownsTesting" name="PrimaryGenreDDTest" time="0.0">
    <ignored/>
  </testcase> <!-- PrimaryGenreDDTest -->
  <testcase classname="TestCases.PCF_DropdownsTesting" name="AmazonPrimePideoTest" time="0.0">
    <ignored/>
  </testcase> <!-- AmazonPrimePideoTest -->
  <testcase classname="TestCases.PCF_DropdownsTesting" name="functionDepartmentDDTest" time="0.0">
    <ignored/>
  </testcase> <!-- functionDepartmentDDTest -->
  <testcase classname="TestCases.FPM_DropdownsTesting" name="OfferTypeServicesDDtest" time="0.0">
    <ignored/>
  </testcase> <!-- OfferTypeServicesDDtest -->
  <testcase classname="TestCases.PCF_DropdownsTesting" name="DunningExclusionDDTest" time="0.0">
    <ignored/>
  </testcase> <!-- DunningExclusionDDTest -->
  <testcase classname="TestCases.PCF_DropdownsTesting" name="UATDDListTest" time="0.0">
    <ignored/>
  </testcase> <!-- UATDDListTest -->
  <testcase classname="TestCases.PCF_DropdownsTesting" name="EligibleforMultiTVDDTest" time="0.0">
    <ignored/>
  </testcase> <!-- EligibleforMultiTVDDTest -->
  <testcase classname="TestCases.FPM_DropdownsTesting" name="SDHDDDTest" time="0.0">
    <ignored/>
  </testcase> <!-- SDHDDDTest -->
  <testcase classname="TestCases.CM_DropdownsTesting" name="PackagingGenreDDTest" time="0.0">
    <ignored/>
  </testcase> <!-- PackagingGenreDDTest -->
  <testcase classname="TestCases.PCF_DropdownsTesting" name="StarGroupDD2Test" time="0.0">
    <ignored/>
  </testcase> <!-- StarGroupDD2Test -->
  <testcase classname="TestCases.PCF_DropdownsTesting" name="ShouldthisPackDDTest" time="0.0">
    <ignored/>
  </testcase> <!-- ShouldthisPackDDTest -->
  <testcase classname="TestCases.CM_DropdownsTesting" name="PayableFlagDDTest" time="0.0">
    <ignored/>
  </testcase> <!-- PayableFlagDDTest -->
  <testcase classname="TestCases.PCF_DropdownsTesting" name="CatB1DD2Test" time="0.0">
    <ignored/>
  </testcase> <!-- CatB1DD2Test -->
  <testcase classname="TestCases.PCF_DropdownsTesting" name="RentalFlagDDTest" time="0.0">
    <ignored/>
  </testcase> <!-- RentalFlagDDTest -->
  <testcase classname="TestCases.PCF_DropdownsTesting" name="AssociatePayingDD2Test" time="0.0">
    <ignored/>
  </testcase> <!-- AssociatePayingDD2Test -->
  <testcase classname="TestCases.FPM_DropdownsTesting" name="IsTraiEnableDDTest" time="0.0">
    <ignored/>
  </testcase> <!-- IsTraiEnableDDTest -->
  <testcase classname="TestCases.CM_DropdownsTesting" name="ChannelStatusDDTest" time="0.0">
    <ignored/>
  </testcase> <!-- ChannelStatusDDTest -->
  <testcase classname="TestCases.FPM_DropdownsTesting" name="changeHistoryTabDropdownList" time="0.0">
    <ignored/>
  </testcase> <!-- changeHistoryTabDropdownList -->
  <testcase classname="TestCases.PCF_DropdownsTesting" name="TechnologyDD2Test" time="0.0">
    <ignored/>
  </testcase> <!-- TechnologyDD2Test -->
  <testcase classname="TestCases.PCF_DropdownsTesting" name="CatADD2Test" time="0.0">
    <ignored/>
  </testcase> <!-- CatADD2Test -->
  <testcase classname="TestCases.PCF_DropdownsTesting" name="TypeofPackDDTest" time="0.0">
    <ignored/>
  </testcase> <!-- TypeofPackDDTest -->
  <testcase classname="TestCases.PCF_DropdownsTesting" name="ISPDemoDD2Test" time="0.0">
    <ignored/>
  </testcase> <!-- ISPDemoDD2Test -->
  <testcase classname="TestCases.PCF_DropdownsTesting" name="GTMReviewDDTest" time="0.0">
    <ignored/>
  </testcase> <!-- GTMReviewDDTest -->
  <testcase classname="TestCases.PCF_DropdownsTesting" name="SalesReviewDDTest" time="0.0">
    <ignored/>
  </testcase> <!-- SalesReviewDDTest -->
  <testcase classname="TestCases.FPM_DropdownsTesting" name="DASLevelValidationDDTest" time="0.0">
    <ignored/>
  </testcase> <!-- DASLevelValidationDDTest -->
  <testcase classname="TestCases.PCF_DropdownsTesting" name="AllignableFlagDDTest" time="0.0">
    <ignored/>
  </testcase> <!-- AllignableFlagDDTest -->
  <testcase classname="TestCases.PCF_DropdownsTesting" name="TataPlayDD1Test" time="0.0">
    <ignored/>
  </testcase> <!-- TataPlayDD1Test -->
  <testcase classname="TestCases.FPM_DropdownsTesting" name="PackageDashboardDDTest" time="0.0">
    <ignored/>
  </testcase> <!-- PackageDashboardDDTest -->
  <testcase classname="TestCases.PCF_DropdownsTesting" name="BulkSLDD1Test" time="0.0">
    <ignored/>
  </testcase> <!-- BulkSLDD1Test -->
  <testcase classname="TestCases.CM_DropdownsTesting" name="RecommendedGenreDDTest" time="0.0">
    <ignored/>
  </testcase> <!-- RecommendedGenreDDTest -->
  <testcase classname="TestCases.PCF_DropdownsTesting" name="PDMProductLineDDTest" time="0.0">
    <ignored/>
  </testcase> <!-- PDMProductLineDDTest -->
  <testcase classname="TestCases.PCF_DropdownsTesting" name="DurationVariantDD" time="0.0">
    <ignored/>
  </testcase> <!-- DurationVariantDD -->
  <testcase classname="TestCases.PCF_DropdownsTesting" name="ResidentialDD2Test" time="0.0">
    <ignored/>
  </testcase> <!-- ResidentialDD2Test -->
  <testcase classname="TestCases.CM_DropdownsTesting" name="ChannelModelDDTest" time="0.0">
    <ignored/>
  </testcase> <!-- ChannelModelDDTest -->
  <testcase classname="TestCases.FPM_DropdownsTesting" name="ChannelCategoryDisplay" time="0.0">
    <ignored/>
  </testcase> <!-- ChannelCategoryDisplay -->
  <testcase classname="TestCases.PCF_DropdownsTesting" name="TataGroupDD2Test" time="0.0">
    <ignored/>
  </testcase> <!-- TataGroupDD2Test -->
  <testcase classname="TestCases.PCF_DropdownsTesting" name="RegularDD2Test" time="0.0">
    <ignored/>
  </testcase> <!-- RegularDD2Test -->
  <testcase classname="TestCases.PCF_DropdownsTesting" name="AssociateNonPayingDD1Test" time="0.0">
    <ignored/>
  </testcase> <!-- AssociateNonPayingDD1Test -->
  <testcase classname="TestCases.CM_DropdownsTesting" name="RentalFlagDDTest" time="0.0">
    <ignored/>
  </testcase> <!-- RentalFlagDDTest -->
  <testcase classname="TestCases.PCF_DropdownsTesting" name="EDIRegularDD2Test" time="0.0">
    <ignored/>
  </testcase> <!-- EDIRegularDD2Test -->
  <testcase classname="TestCases.PCF_DropdownsTesting" name="ChanneltobeDDTest" time="0.0">
    <ignored/>
  </testcase> <!-- ChanneltobeDDTest -->
  <testcase classname="TestCases.PCF_DropdownsTesting" name="PayableFlagDDTest" time="0.0">
    <ignored/>
  </testcase> <!-- PayableFlagDDTest -->
  <testcase classname="TestCases.PCF_DropdownsTesting" name="BoxCompatibilityDDTest" time="0.0">
    <ignored/>
  </testcase> <!-- BoxCompatibilityDDTest -->
  <testcase classname="TestCases.FPM_DropdownsTesting" name="SubscriberTypeDD" time="0.0">
    <ignored/>
  </testcase> <!-- SubscriberTypeDD -->
  <testcase classname="TestCases.PCF_DropdownsTesting" name="AvailableforDealersDD" time="0.0">
    <ignored/>
  </testcase> <!-- AvailableforDealersDD -->
  <testcase classname="TestCases.PCF_DropdownsTesting" name="PackGradeTypeDDTest" time="0.0">
    <ignored/>
  </testcase> <!-- PackGradeTypeDDTest -->
  <testcase classname="TestCases.CM_DropdownsTesting" name="ServiceTypeDD" time="0.0">
    <ignored/>
  </testcase> <!-- ServiceTypeDD -->
  <testcase classname="TestCases.PCF_DropdownsTesting" name="priorityDDTest" time="0.0">
    <ignored/>
  </testcase> <!-- priorityDDTest -->
  <testcase classname="TestCases.FPM_DropdownsTesting" name="ToMadeinMSalesDDTest" time="0.0">
    <ignored/>
  </testcase> <!-- ToMadeinMSalesDDTest -->
  <testcase classname="TestCases.PCF_DropdownsTesting" name="IsTraiEnableFlagTest" time="0.0">
    <ignored/>
  </testcase> <!-- IsTraiEnableFlagTest -->
  <testcase classname="TestCases.PCF_DropdownsTesting" name="TataPlayEmployeeDD1Test" time="0.0">
    <ignored/>
  </testcase> <!-- TataPlayEmployeeDD1Test -->
  <testcase classname="TestCases.FPM_DropdownsTesting" name="UnitOfMeasure2DDtest" time="0.0">
    <ignored/>
  </testcase> <!-- UnitOfMeasure2DDtest -->
  <testcase classname="TestCases.CM_DropdownsTesting" name="EncryptedDDTest" time="0.0">
    <ignored/>
  </testcase> <!-- EncryptedDDTest -->
  <testcase classname="TestCases.PCF_DropdownsTesting" name="PackTypePDMDDTest" time="0.0">
    <ignored/>
  </testcase> <!-- PackTypePDMDDTest -->
  <testcase classname="TestCases.FPM_DropdownsTesting" name="TataPlayPacksDDTest" time="0.0">
    <ignored/>
  </testcase> <!-- TataPlayPacksDDTest -->
  <testcase classname="TestCases.FPM_DropdownsTesting" name="BackendPackMappingTabDropdownList" time="0.0">
    <ignored/>
  </testcase> <!-- BackendPackMappingTabDropdownList -->
  <testcase classname="TestCases.PCF_DropdownsTesting" name="CatB2DD2Test" time="0.0">
    <ignored/>
  </testcase> <!-- CatB2DD2Test -->
  <testcase classname="TestCases.FPM_DropdownsTesting" name="ChannelDetailsDropdownList" time="0.0">
    <ignored/>
  </testcase> <!-- ChannelDetailsDropdownList -->
  <testcase classname="TestCases.PCF_DropdownsTesting" name="ChangeHistoryTabDDListTest" time="0.0">
    <ignored/>
  </testcase> <!-- ChangeHistoryTabDDListTest -->
  <testcase classname="TestCases.PCF_DropdownsTesting" name="VVIPNonPayingDD1Test" time="0.0">
    <ignored/>
  </testcase> <!-- VVIPNonPayingDD1Test -->
  <testcase classname="TestCases.PCF_DropdownsTesting" name="ATVSourceDDTest" time="0.0">
    <ignored/>
  </testcase> <!-- ATVSourceDDTest -->
  <testcase classname="TestCases.PCF_DropdownsTesting" name="PackAdditionPMTest" time="0.0">
    <ignored/>
  </testcase> <!-- PackAdditionPMTest -->
  <testcase classname="TestCases.PCF_DropdownsTesting" name="ChargingAccountTypeDDListTest" time="0.0">
    <ignored/>
  </testcase> <!-- ChargingAccountTypeDDListTest -->
  <testcase classname="TestCases.FPM_DropdownsTesting" name="RentalFlagDDTest" time="0.0">
    <ignored/>
  </testcase> <!-- RentalFlagDDTest -->
  <testcase classname="TestCases.CM_DropdownsTesting" name="TypeofChannelDDTest" time="0.0">
    <ignored/>
  </testcase> <!-- TypeofChannelDDTest -->
  <testcase classname="TestCases.PCF_DropdownsTesting" name="DASLevelValidationDDTest" time="0.0">
    <ignored/>
  </testcase> <!-- DASLevelValidationDDTest -->
  <testcase classname="TestCases.PCF_DropdownsTesting" name="RegularDD1Test" time="0.0">
    <ignored/>
  </testcase> <!-- RegularDD1Test -->
  <testcase classname="TestCases.PCF_DropdownsTesting" name="ToMadeAvailableDDTest" time="0.0">
    <ignored/>
  </testcase> <!-- ToMadeAvailableDDTest -->
  <testcase classname="TestCases.CM_DropdownsTesting" name="ChannelMasterDropdownList" time="0.0">
    <ignored/>
  </testcase> <!-- ChannelMasterDropdownList -->
  <testcase classname="TestCases.FPM_DropdownsTesting" name="SinglePackDDTest" time="0.0">
    <ignored/>
  </testcase> <!-- SinglePackDDTest -->
  <testcase classname="TestCases.PCF_DropdownsTesting" name="ReleaseDependencyDDTest" time="0.0">
    <ignored/>
  </testcase> <!-- ReleaseDependencyDDTest -->
  <testcase classname="TestCases.FPM_DropdownsTesting" name="TypeofPackDDTest" time="0.0">
    <ignored/>
  </testcase> <!-- TypeofPackDDTest -->
  <testcase classname="TestCases.PCF_DropdownsTesting" name="EPGReviewDDTest" time="0.0">
    <ignored/>
  </testcase> <!-- EPGReviewDDTest -->
  <testcase classname="TestCases.PCF_DropdownsTesting" name="TypeofPackDD2Test" time="0.0">
    <ignored/>
  </testcase> <!-- TypeofPackDD2Test -->
  <testcase classname="TestCases.PCF_DropdownsTesting" name="DistributorDD2Test" time="0.0">
    <ignored/>
  </testcase> <!-- DistributorDD2Test -->
  <testcase classname="TestCases.PCF_DropdownsTesting" name="PackageDashboardDDTest" time="0.0">
    <ignored/>
  </testcase> <!-- PackageDashboardDDTest -->
  <testcase classname="TestCases.PCF_DropdownsTesting" name="UnitOfMeasureDD" time="0.0">
    <ignored/>
  </testcase> <!-- UnitOfMeasureDD -->
  <testcase classname="TestCases.PCF_DropdownsTesting" name="DurationPacksToExpiredDDTest" time="0.0">
    <ignored/>
  </testcase> <!-- DurationPacksToExpiredDDTest -->
  <testcase classname="TestCases.PCF_DropdownsTesting" name="SpecialNCFFlag" time="0.0">
    <ignored/>
  </testcase> <!-- SpecialNCFFlag -->
  <testcase classname="TestCases.CM_DropdownsTesting" name="ReaddchannelDDTest" time="0.0">
    <ignored/>
  </testcase> <!-- ReaddchannelDDTest -->
  <testcase classname="TestCases.FPM_DropdownsTesting" name="ChannelofFTADDTest" time="0.0">
    <ignored/>
  </testcase> <!-- ChannelofFTADDTest -->
  <testcase classname="TestCases.FPM_DropdownsTesting" name="PDMProductLineDDTest" time="0.0">
    <ignored/>
  </testcase> <!-- PDMProductLineDDTest -->
  <testcase classname="TestCases.PCF_DropdownsTesting" name="StarGroupDD1Test" time="0.0">
    <ignored/>
  </testcase> <!-- StarGroupDD1Test -->
  <testcase classname="TestCases.PCF_DropdownsTesting" name="PromotionalSchoolDD1Test" time="0.0">
    <ignored/>
  </testcase> <!-- PromotionalSchoolDD1Test -->
  <testcase classname="TestCases.PCF_DropdownsTesting" name="SubscriberTypeDDTest" time="0.0">
    <ignored/>
  </testcase> <!-- SubscriberTypeDDTest -->
  <testcase classname="TestCases.PCF_DropdownsTesting" name="RAReviewDDTest" time="0.0">
    <ignored/>
  </testcase> <!-- RAReviewDDTest -->
  <testcase classname="TestCases.PCF_DropdownsTesting" name="LinksDDListTest" time="0.0">
    <ignored/>
  </testcase> <!-- LinksDDListTest -->
  <testcase classname="TestCases.PCF_DropdownsTesting" name="PDMUoMDDTest" time="0.0">
    <ignored/>
  </testcase> <!-- PDMUoMDDTest -->
  <testcase classname="TestCases.PCF_DropdownsTesting" name="Employee1DD1Test" time="0.0">
    <ignored/>
  </testcase> <!-- Employee1DD1Test -->
  <testcase classname="TestCases.PCF_DropdownsTesting" name="ModernTradeDD1Test" time="0.0">
    <ignored/>
  </testcase> <!-- ModernTradeDD1Test -->
  <testcase classname="TestCases.PCF_DropdownsTesting" name="DealerDD2Test" time="0.0">
    <ignored/>
  </testcase> <!-- DealerDD2Test -->
  <testcase classname="TestCases.PCF_DropdownsTesting" name="FinanceReviewDDTest" time="0.0">
    <ignored/>
  </testcase> <!-- FinanceReviewDDTest -->
  <testcase classname="TestCases.PCF_DropdownsTesting" name="AlertsBillsDescriptionsDDListTest" time="0.0">
    <ignored/>
  </testcase> <!-- AlertsBillsDescriptionsDDListTest -->
  <testcase classname="TestCases.FPM_DropdownsTesting" name="PayableFlagDDTest" time="0.0">
    <ignored/>
  </testcase> <!-- PayableFlagDDTest -->
</testsuite> <!-- Test(failed)(failed)(failed) -->
