<?xml version="1.0" encoding="UTF-8"?>
<!-- Generated by org.testng.reporters.JUnitXMLReporter -->
<testsuite ignored="7" hostname="DTPLREN91" failures="9" tests="209" name="Test" time="1754.001" errors="0" timestamp="2024-06-21T09:48:02 IST">
  <testcase classname="TestCases.CM_DropdownsTesting" name="ChangeHistoryTabDropdownList" time="6.755"/>
  <testcase classname="TestCases.CM_DropdownsTesting" name="ChannelMasterDropdownList" time="3.683">
    <failure type="java.lang.Exception" message="Failed because List are not Matching">
      <![CDATA[java.lang.Exception: Failed because List are not Matching
at Pages.CM_DropdownsValidation.ChannelMasterDropdownList(CM_DropdownsValidation.java:59)
at TestCases.CM_DropdownsTesting.ChannelMasterDropdownList(CM_DropdownsTesting.java:30)
at java.base/java.util.ArrayList.forEach(ArrayList.java:1511)
... Removed 28 stack frames]]>
    </failure>
  </testcase> <!-- ChannelMasterDropdownList -->
  <testcase classname="TestCases.CM_DropdownsTesting" name="ChannelModelDDTest" time="6.909">
    <failure type="org.openqa.selenium.NoSuchElementException" message="no such element: Unable to locate element: {&amp;quot;method&amp;quot;:&amp;quot;xpath&amp;quot;,&amp;quot;selector&amp;quot;:&amp;quot;//select[@aria-label=&amp;apos;Channel Model&amp;apos;]&amp;quot;}
  (Session info: chrome=126.0.6478.115)
For documentation on this error, please visit: https://selenium.dev/exceptions/#no_such_element
Build info: version: &amp;apos;4.9.1&amp;apos;, revision: &amp;apos;eb2032df7f&amp;apos;
System info: os.name: &amp;apos;Windows 11&amp;apos;, os.arch: &amp;apos;amd64&amp;apos;, os.version: &amp;apos;10.0&amp;apos;, java.version: &amp;apos;17.0.9&amp;apos;
Driver info: org.openqa.selenium.chrome.ChromeDriver
Command: [9700cb23a09927d9bce8fb8fbfcf42e4, findElement {using=xpath, value=//select[@aria-label=&amp;apos;Channel Model&amp;apos;]}]
Capabilities {acceptInsecureCerts: true, browserName: chrome, browserVersion: 126.0.6478.115, chrome: {chromedriverVersion: 126.0.6478.63 (df799988fdc9..., userDataDir: C:\Users\SOPAN~1.GAY\AppDat...}, fedcm:accounts: true, goog:chromeOptions: {debuggerAddress: localhost:64135}, networkConnectionEnabled: false, pageLoadStrategy: normal, platformName: windows, proxy: Proxy(), se:cdp: ws://localhost:64135/devtoo..., se:cdpVersion: 126.0.6478.115, setWindowRect: true, strictFileInteractability: false, timeouts: {implicit: 0, pageLoad: 300000, script: 30000}, unhandledPromptBehavior: dismiss and notify, webauthn:extension:credBlob: true, webauthn:extension:largeBlob: true, webauthn:extension:minPinLength: true, webauthn:extension:prf: true, webauthn:virtualAuthenticators: true}
Session ID: 9700cb23a09927d9bce8fb8fbfcf42e4">
      <![CDATA[org.openqa.selenium.NoSuchElementException: no such element: Unable to locate element: {"method":"xpath","selector":"//select[@aria-label='Channel Model']"}
  (Session info: chrome=126.0.6478.115)
For documentation on this error, please visit: https://selenium.dev/exceptions/#no_such_element
Build info: version: '4.9.1', revision: 'eb2032df7f'
System info: os.name: 'Windows 11', os.arch: 'amd64', os.version: '10.0', java.version: '17.0.9'
Driver info: org.openqa.selenium.chrome.ChromeDriver
Command: [9700cb23a09927d9bce8fb8fbfcf42e4, findElement {using=xpath, value=//select[@aria-label='Channel Model']}]
Capabilities {acceptInsecureCerts: true, browserName: chrome, browserVersion: 126.0.6478.115, chrome: {chromedriverVersion: 126.0.6478.63 (df799988fdc9..., userDataDir: C:\Users\SOPAN~1.GAY\AppDat...}, fedcm:accounts: true, goog:chromeOptions: {debuggerAddress: localhost:64135}, networkConnectionEnabled: false, pageLoadStrategy: normal, platformName: windows, proxy: Proxy(), se:cdp: ws://localhost:64135/devtoo..., se:cdpVersion: 126.0.6478.115, setWindowRect: true, strictFileInteractability: false, timeouts: {implicit: 0, pageLoad: 300000, script: 30000}, unhandledPromptBehavior: dismiss and notify, webauthn:extension:credBlob: true, webauthn:extension:largeBlob: true, webauthn:extension:minPinLength: true, webauthn:extension:prf: true, webauthn:virtualAuthenticators: true}
Session ID: 9700cb23a09927d9bce8fb8fbfcf42e4
at org.openqa.selenium.remote.codec.w3c.W3CHttpResponseCodec.createException(W3CHttpResponseCodec.java:200)
at org.openqa.selenium.remote.codec.w3c.W3CHttpResponseCodec.decode(W3CHttpResponseCodec.java:133)
at org.openqa.selenium.remote.codec.w3c.W3CHttpResponseCodec.decode(W3CHttpResponseCodec.java:53)
at org.openqa.selenium.remote.HttpCommandExecutor.execute(HttpCommandExecutor.java:193)
at org.openqa.selenium.remote.service.DriverCommandExecutor.invokeExecute(DriverCommandExecutor.java:183)
at org.openqa.selenium.remote.service.DriverCommandExecutor.execute(DriverCommandExecutor.java:158)
at org.openqa.selenium.remote.RemoteWebDriver.execute(RemoteWebDriver.java:543)
at org.openqa.selenium.remote.ElementLocation$ElementFinder$2.findElement(ElementLocation.java:162)
at org.openqa.selenium.remote.ElementLocation.findElement(ElementLocation.java:60)
at org.openqa.selenium.remote.RemoteWebDriver.findElement(RemoteWebDriver.java:352)
at org.openqa.selenium.remote.RemoteWebDriver.findElement(RemoteWebDriver.java:344)
at Pages.CM_DropdownsValidation.ChannelModelDD(CM_DropdownsValidation.java:344)
at TestCases.CM_DropdownsTesting.ChannelModelDDTest(CM_DropdownsTesting.java:90)
at java.base/java.util.ArrayList.forEach(ArrayList.java:1511)
... Removed 33 stack frames]]>
    </failure>
  </testcase> <!-- ChannelModelDDTest -->
  <testcase classname="TestCases.CM_DropdownsTesting" name="ChannelStatusDDTest" time="2.458"/>
  <testcase classname="TestCases.CM_DropdownsTesting" name="EncryptedDDTest" time="2.366"/>
  <testcase classname="TestCases.CM_DropdownsTesting" name="LogosPlatformTabDropdownList" time="6.522"/>
  <testcase classname="TestCases.CM_DropdownsTesting" name="NameOfBroadcasterDDTest" time="3.881">
    <failure type="java.lang.Exception" message="Failed because List are not Matching">
      <![CDATA[java.lang.Exception: Failed because List are not Matching
at Pages.CM_DropdownsValidation.NameOfBroadcasterDD(CM_DropdownsValidation.java:90)
at TestCases.CM_DropdownsTesting.NameOfBroadcasterDDTest(CM_DropdownsTesting.java:36)
at java.base/java.util.ArrayList.forEach(ArrayList.java:1511)
... Removed 28 stack frames]]>
    </failure>
  </testcase> <!-- NameOfBroadcasterDDTest -->
  <testcase classname="TestCases.CM_DropdownsTesting" name="PackagingGenreDDTest" time="2.585"/>
  <testcase classname="TestCases.CM_DropdownsTesting" name="PayableFlagDDTest" time="2.297"/>
  <testcase classname="TestCases.CM_DropdownsTesting" name="PrimaryGenreDDTest" time="2.825"/>
  <testcase classname="TestCases.CM_DropdownsTesting" name="ReaddchannelDDTest" time="2.348"/>
  <testcase classname="TestCases.CM_DropdownsTesting" name="RecommendedGenreDDTest" time="2.525"/>
  <testcase classname="TestCases.CM_DropdownsTesting" name="RentalFlagDDTest" time="2.165"/>
  <testcase classname="TestCases.CM_DropdownsTesting" name="SDMappingYesNoDDTest" time="2.143"/>
  <testcase classname="TestCases.CM_DropdownsTesting" name="ServiceTypeDD" time="2.291"/>
  <testcase classname="TestCases.CM_DropdownsTesting" name="TypePlayServicesDDTest" time="2.276"/>
  <testcase classname="TestCases.CM_DropdownsTesting" name="TypeofChannelDDTest" time="6.357">
    <failure type="org.openqa.selenium.NoSuchElementException" message="no such element: Unable to locate element: {&amp;quot;method&amp;quot;:&amp;quot;xpath&amp;quot;,&amp;quot;selector&amp;quot;:&amp;quot;//select[@aria-label=&amp;apos;Type of Channel&amp;apos;]&amp;quot;}
  (Session info: chrome=126.0.6478.115)
For documentation on this error, please visit: https://selenium.dev/exceptions/#no_such_element
Build info: version: &amp;apos;4.9.1&amp;apos;, revision: &amp;apos;eb2032df7f&amp;apos;
System info: os.name: &amp;apos;Windows 11&amp;apos;, os.arch: &amp;apos;amd64&amp;apos;, os.version: &amp;apos;10.0&amp;apos;, java.version: &amp;apos;17.0.9&amp;apos;
Driver info: org.openqa.selenium.chrome.ChromeDriver
Command: [98eb5b4b434fea9527c365b809f3aa19, findElement {using=xpath, value=//select[@aria-label=&amp;apos;Type of Channel&amp;apos;]}]
Capabilities {acceptInsecureCerts: true, browserName: chrome, browserVersion: 126.0.6478.115, chrome: {chromedriverVersion: 126.0.6478.63 (df799988fdc9..., userDataDir: C:\Users\SOPAN~1.GAY\AppDat...}, fedcm:accounts: true, goog:chromeOptions: {debuggerAddress: localhost:64516}, networkConnectionEnabled: false, pageLoadStrategy: normal, platformName: windows, proxy: Proxy(), se:cdp: ws://localhost:64516/devtoo..., se:cdpVersion: 126.0.6478.115, setWindowRect: true, strictFileInteractability: false, timeouts: {implicit: 0, pageLoad: 300000, script: 30000}, unhandledPromptBehavior: dismiss and notify, webauthn:extension:credBlob: true, webauthn:extension:largeBlob: true, webauthn:extension:minPinLength: true, webauthn:extension:prf: true, webauthn:virtualAuthenticators: true}
Session ID: 98eb5b4b434fea9527c365b809f3aa19">
      <![CDATA[org.openqa.selenium.NoSuchElementException: no such element: Unable to locate element: {"method":"xpath","selector":"//select[@aria-label='Type of Channel']"}
  (Session info: chrome=126.0.6478.115)
For documentation on this error, please visit: https://selenium.dev/exceptions/#no_such_element
Build info: version: '4.9.1', revision: 'eb2032df7f'
System info: os.name: 'Windows 11', os.arch: 'amd64', os.version: '10.0', java.version: '17.0.9'
Driver info: org.openqa.selenium.chrome.ChromeDriver
Command: [98eb5b4b434fea9527c365b809f3aa19, findElement {using=xpath, value=//select[@aria-label='Type of Channel']}]
Capabilities {acceptInsecureCerts: true, browserName: chrome, browserVersion: 126.0.6478.115, chrome: {chromedriverVersion: 126.0.6478.63 (df799988fdc9..., userDataDir: C:\Users\SOPAN~1.GAY\AppDat...}, fedcm:accounts: true, goog:chromeOptions: {debuggerAddress: localhost:64516}, networkConnectionEnabled: false, pageLoadStrategy: normal, platformName: windows, proxy: Proxy(), se:cdp: ws://localhost:64516/devtoo..., se:cdpVersion: 126.0.6478.115, setWindowRect: true, strictFileInteractability: false, timeouts: {implicit: 0, pageLoad: 300000, script: 30000}, unhandledPromptBehavior: dismiss and notify, webauthn:extension:credBlob: true, webauthn:extension:largeBlob: true, webauthn:extension:minPinLength: true, webauthn:extension:prf: true, webauthn:virtualAuthenticators: true}
Session ID: 98eb5b4b434fea9527c365b809f3aa19
at org.openqa.selenium.remote.codec.w3c.W3CHttpResponseCodec.createException(W3CHttpResponseCodec.java:200)
at org.openqa.selenium.remote.codec.w3c.W3CHttpResponseCodec.decode(W3CHttpResponseCodec.java:133)
at org.openqa.selenium.remote.codec.w3c.W3CHttpResponseCodec.decode(W3CHttpResponseCodec.java:53)
at org.openqa.selenium.remote.HttpCommandExecutor.execute(HttpCommandExecutor.java:193)
at org.openqa.selenium.remote.service.DriverCommandExecutor.invokeExecute(DriverCommandExecutor.java:183)
at org.openqa.selenium.remote.service.DriverCommandExecutor.execute(DriverCommandExecutor.java:158)
at org.openqa.selenium.remote.RemoteWebDriver.execute(RemoteWebDriver.java:543)
at org.openqa.selenium.remote.ElementLocation$ElementFinder$2.findElement(ElementLocation.java:162)
at org.openqa.selenium.remote.ElementLocation.findElement(ElementLocation.java:60)
at org.openqa.selenium.remote.RemoteWebDriver.findElement(RemoteWebDriver.java:352)
at org.openqa.selenium.remote.RemoteWebDriver.findElement(RemoteWebDriver.java:344)
at Pages.CM_DropdownsValidation.TypeofChannelDD(CM_DropdownsValidation.java:127)
at TestCases.CM_DropdownsTesting.TypeofChannelDDTest(CM_DropdownsTesting.java:48)
at java.base/java.util.ArrayList.forEach(ArrayList.java:1511)
... Removed 33 stack frames]]>
    </failure>
  </testcase> <!-- TypeofChannelDDTest -->
  <testcase classname="TestCases.BPM_DropdownsTesting" name="chargeCreationFormDropdownList" time="1.957"/>
  <testcase classname="TestCases.FPM_DropdownsTesting" name="AmazonPrimeVideoDDTest" time="2.473"/>
  <testcase classname="TestCases.FPM_DropdownsTesting" name="AnyBoxTypeDDTest" time="2.552"/>
  <testcase classname="TestCases.FPM_DropdownsTesting" name="AnyBoxTypeValidationDDTest" time="2.617"/>
  <testcase classname="TestCases.FPM_DropdownsTesting" name="BackendPackMappingTabDropdownList" time="2.547"/>
  <testcase classname="TestCases.FPM_DropdownsTesting" name="BroadcasterCategoryDDTest" time="4.308">
    <failure type="java.lang.Exception" message="Failed because List are not Matching">
      <![CDATA[java.lang.Exception: Failed because List are not Matching
at Pages.FPM_DropdownsValidation.BroadcasterCategoryDD(FPM_DropdownsValidation.java:339)
at TestCases.FPM_DropdownsTesting.BroadcasterCategoryDDTest(FPM_DropdownsTesting.java:85)
at java.base/java.util.ArrayList.forEach(ArrayList.java:1511)
... Removed 28 stack frames]]>
    </failure>
  </testcase> <!-- BroadcasterCategoryDDTest -->
  <testcase classname="TestCases.FPM_DropdownsTesting" name="ChannelCategoryDisplay" time="2.727"/>
  <testcase classname="TestCases.FPM_DropdownsTesting" name="ChannelDetailsDropdownList" time="6.833"/>
  <testcase classname="TestCases.FPM_DropdownsTesting" name="ChannelofFTADDTest" time="2.521"/>
  <testcase classname="TestCases.FPM_DropdownsTesting" name="DASLevelValidationDDTest" time="2.61"/>
  <testcase classname="TestCases.FPM_DropdownsTesting" name="FrontendPackMasterDropdownListTest" time="3.62"/>
  <testcase classname="TestCases.FPM_DropdownsTesting" name="IsTraiEnableDDTest" time="2.564"/>
  <testcase classname="TestCases.FPM_DropdownsTesting" name="LinksTabDropdownListTest" time="6.668"/>
  <testcase classname="TestCases.FPM_DropdownsTesting" name="NameofBroadcasterTest" time="4.464">
    <failure type="java.lang.Exception" message="Failed because List are not Matching">
      <![CDATA[java.lang.Exception: Failed because List are not Matching
at Pages.FPM_DropdownsValidation.NameofBroadcasterDD(FPM_DropdownsValidation.java:122)
at TestCases.FPM_DropdownsTesting.NameofBroadcasterTest(FPM_DropdownsTesting.java:43)
at java.base/java.util.ArrayList.forEach(ArrayList.java:1511)
... Removed 28 stack frames]]>
    </failure>
  </testcase> <!-- NameofBroadcasterTest -->
  <testcase classname="TestCases.FPM_DropdownsTesting" name="OfferTypeServicesDDtest" time="2.728"/>
  <testcase classname="TestCases.FPM_DropdownsTesting" name="PDMProductLineDDTest" time="2.961"/>
  <testcase classname="TestCases.FPM_DropdownsTesting" name="PackGradeTypeDDtest" time="2.893"/>
  <testcase classname="TestCases.FPM_DropdownsTesting" name="PackStatusDDTest" time="2.81"/>
  <testcase classname="TestCases.FPM_DropdownsTesting" name="PackVariationDD" time="2.968"/>
  <testcase classname="TestCases.FPM_DropdownsTesting" name="PackageDashboardDDTest" time="33.434"/>
  <testcase classname="TestCases.FPM_DropdownsTesting" name="PayableFlagDDTest" time="3.106"/>
  <testcase classname="TestCases.FPM_DropdownsTesting" name="RentalFlagDDTest" time="3.05"/>
  <testcase classname="TestCases.FPM_DropdownsTesting" name="SDHDDDTest" time="3.023"/>
  <testcase classname="TestCases.FPM_DropdownsTesting" name="SinglePackDDTest" time="3.659"/>
  <testcase classname="TestCases.FPM_DropdownsTesting" name="SubscriberTypeDD" time="2.913"/>
  <testcase classname="TestCases.FPM_DropdownsTesting" name="TataPlayPacksDDTest" time="3.511">
    <failure type="java.lang.Exception" message="Failed because List are not Matching">
      <![CDATA[java.lang.Exception: Failed because List are not Matching
at Pages.FPM_DropdownsValidation.TataPlayPacks(FPM_DropdownsValidation.java:370)
at TestCases.FPM_DropdownsTesting.TataPlayPacksDDTest(FPM_DropdownsTesting.java:91)
at java.base/java.util.ArrayList.forEach(ArrayList.java:1511)
... Removed 28 stack frames]]>
    </failure>
  </testcase> <!-- TataPlayPacksDDTest -->
  <testcase classname="TestCases.FPM_DropdownsTesting" name="ToMadeinMSalesDDTest" time="2.916"/>
  <testcase classname="TestCases.FPM_DropdownsTesting" name="TypeofPackDDTest" time="2.779"/>
  <testcase classname="TestCases.FPM_DropdownsTesting" name="UnitOfMeasure2DDtest" time="2.683"/>
  <testcase classname="TestCases.FPM_DropdownsTesting" name="UnitofMeasureDDTest" time="2.845"/>
  <testcase classname="TestCases.FPM_DropdownsTesting" name="changeHistoryTabDropdownList" time="6.716"/>
  <testcase classname="TestCases.PCF_DropdownsTesting" name="ATVSourceDDTest" time="2.984"/>
  <testcase classname="TestCases.PCF_DropdownsTesting" name="ActionDDtTest" time="3.006"/>
  <testcase classname="TestCases.PCF_DropdownsTesting" name="AlertsBillsDescriptionsDDListTest" time="7.06"/>
  <testcase classname="TestCases.PCF_DropdownsTesting" name="AllignableFlagDDTest" time="3.091"/>
  <testcase classname="TestCases.PCF_DropdownsTesting" name="AmazonPrimePideoTest" time="3.04"/>
  <testcase classname="TestCases.PCF_DropdownsTesting" name="AnyBoxTypeValidationTest" time="3.064"/>
  <testcase classname="TestCases.PCF_DropdownsTesting" name="AppEnabledFlagDDTest" time="3.012"/>
  <testcase classname="TestCases.PCF_DropdownsTesting" name="ApprovalsDDListTest" time="7.086"/>
  <testcase classname="TestCases.PCF_DropdownsTesting" name="AssociateNonPayingDD1Test" time="3.309"/>
  <testcase classname="TestCases.PCF_DropdownsTesting" name="AssociateNonPayingDD2Test" time="3.068"/>
  <testcase classname="TestCases.PCF_DropdownsTesting" name="AssociatePayingDD1Test" time="3.101"/>
  <testcase classname="TestCases.PCF_DropdownsTesting" name="AssociatePayingDD2Test" time="3.105"/>
  <testcase classname="TestCases.PCF_DropdownsTesting" name="AvailableforDealersDD" time="2.868"/>
  <testcase classname="TestCases.PCF_DropdownsTesting" name="BoxCompatibilityDDTest" time="2.981"/>
  <testcase classname="TestCases.PCF_DropdownsTesting" name="BoxValidationmSalesDDTest" time="3.182"/>
  <testcase classname="TestCases.PCF_DropdownsTesting" name="BroadcasterCategoryDDTest" time="4.681"/>
  <testcase classname="TestCases.PCF_DropdownsTesting" name="BulkSLDD1Test" time="2.992"/>
  <testcase classname="TestCases.PCF_DropdownsTesting" name="BulkSLDD2Test" time="3.446"/>
  <testcase classname="TestCases.PCF_DropdownsTesting" name="BusinessAssociatesDD1Test" time="3.628"/>
  <testcase classname="TestCases.PCF_DropdownsTesting" name="BusinessAssociatesDD2Test" time="3.518"/>
  <testcase classname="TestCases.PCF_DropdownsTesting" name="BusinessReviewTabDDList" time="3.551"/>
  <testcase classname="TestCases.PCF_DropdownsTesting" name="CAMPAIGN_TYPEDDListTest" time="2.918"/>
  <testcase classname="TestCases.PCF_DropdownsTesting" name="CatADD1Test" time="3.045"/>
  <testcase classname="TestCases.PCF_DropdownsTesting" name="CatADD2Test" time="3.078"/>
  <testcase classname="TestCases.PCF_DropdownsTesting" name="CatB1DD1Test" time="3.001"/>
  <testcase classname="TestCases.PCF_DropdownsTesting" name="CatB1DD2Test" time="2.968"/>
  <testcase classname="TestCases.PCF_DropdownsTesting" name="CatB2DD1Test" time="3.22"/>
  <testcase classname="TestCases.PCF_DropdownsTesting" name="CatB2DD2Test" time="3.146"/>
  <testcase classname="TestCases.PCF_DropdownsTesting" name="CatB3DD1Test" time="3.494"/>
  <testcase classname="TestCases.PCF_DropdownsTesting" name="CatB3DD2Test" time="3.456"/>
  <testcase classname="TestCases.PCF_DropdownsTesting" name="ChangeHistoryTabDDListTest" time="7.433"/>
  <testcase classname="TestCases.PCF_DropdownsTesting" name="ChannelCategoryDDTest" time="3.636"/>
  <testcase classname="TestCases.PCF_DropdownsTesting" name="ChanneltobeDDTest" time="3.475"/>
  <testcase classname="TestCases.PCF_DropdownsTesting" name="ChargingAccountTypeDDListTest" time="4.815"/>
  <testcase classname="TestCases.PCF_DropdownsTesting" name="CustomerOperationsReviewDDTest" time="3.456"/>
  <testcase classname="TestCases.PCF_DropdownsTesting" name="DASLevelValidationDDTest" time="3.643"/>
  <testcase classname="TestCases.PCF_DropdownsTesting" name="DealerDD1Test" time="3.764"/>
  <testcase classname="TestCases.PCF_DropdownsTesting" name="DealerDD2Test" time="3.514"/>
  <testcase classname="TestCases.PCF_DropdownsTesting" name="DiscountTypeDDTest" time="3.315"/>
  <testcase classname="TestCases.PCF_DropdownsTesting" name="DistributorDD1Test" time="3.572"/>
  <testcase classname="TestCases.PCF_DropdownsTesting" name="DistributorDD2Test" time="3.896"/>
  <testcase classname="TestCases.PCF_DropdownsTesting" name="DunningExclusionDDTest" time="3.516"/>
  <testcase classname="TestCases.PCF_DropdownsTesting" name="DurationMonthlyDDTest" time="3.486"/>
  <testcase classname="TestCases.PCF_DropdownsTesting" name="DurationPacksToExpiredDDTest" time="3.174"/>
  <testcase classname="TestCases.PCF_DropdownsTesting" name="DurationVariantDD" time="3.174"/>
  <testcase classname="TestCases.PCF_DropdownsTesting" name="EDIRegularDD1Test" time="3.297"/>
  <testcase classname="TestCases.PCF_DropdownsTesting" name="EDIRegularDD2Test" time="3.122"/>
  <testcase classname="TestCases.PCF_DropdownsTesting" name="EPGReviewDDTest" time="3.21"/>
  <testcase classname="TestCases.PCF_DropdownsTesting" name="EligibilityAccountTypeDDListTest" time="4.041"/>
  <testcase classname="TestCases.PCF_DropdownsTesting" name="EligibleMultiTVPackAdditionTest" time="2.824"/>
  <testcase classname="TestCases.PCF_DropdownsTesting" name="EligibleforMultiDDTest" time="2.906"/>
  <testcase classname="TestCases.PCF_DropdownsTesting" name="EligibleforMultiTVDDTest" time="2.976"/>
  <testcase classname="TestCases.PCF_DropdownsTesting" name="EligibleforRoundDDTest" time="2.979"/>
  <testcase classname="TestCases.PCF_DropdownsTesting" name="Employee1DD1Test" time="3.029"/>
  <testcase classname="TestCases.PCF_DropdownsTesting" name="Employee1DD2Test" time="3.048"/>
  <testcase classname="TestCases.PCF_DropdownsTesting" name="FieldServicesReviewDDTest" time="3.285"/>
  <testcase classname="TestCases.PCF_DropdownsTesting" name="FinanceReviewDDTest" time="3.157"/>
  <testcase classname="TestCases.PCF_DropdownsTesting" name="FoundInDDTest" time="3.204"/>
  <testcase classname="TestCases.PCF_DropdownsTesting" name="FreePackFlagDDTest" time="3.127"/>
  <testcase classname="TestCases.PCF_DropdownsTesting" name="GTMReviewDDTest" time="3.149"/>
  <testcase classname="TestCases.PCF_DropdownsTesting" name="ISBingePlusFlagDDTest" time="3.236"/>
  <testcase classname="TestCases.PCF_DropdownsTesting" name="ISPDemoDD1Test" time="3.388"/>
  <testcase classname="TestCases.PCF_DropdownsTesting" name="ISPDemoDD2Test" time="3.5"/>
  <testcase classname="TestCases.PCF_DropdownsTesting" name="ITReviewTabDDListTest" time="3.6"/>
  <testcase classname="TestCases.PCF_DropdownsTesting" name="IsTraiEnableFlagTest" time="3.324"/>
  <testcase classname="TestCases.PCF_DropdownsTesting" name="LDPCommunicationDDTest" time="3.049"/>
  <testcase classname="TestCases.PCF_DropdownsTesting" name="LinksDDListTest" time="7.013"/>
  <testcase classname="TestCases.PCF_DropdownsTesting" name="ModernTradeDD1Test" time="3.01"/>
  <testcase classname="TestCases.PCF_DropdownsTesting" name="ModernTradeDD2Test" time="2.997"/>
  <testcase classname="TestCases.PCF_DropdownsTesting" name="NCFdiscountApplicableDDtest" time="2.883"/>
  <testcase classname="TestCases.PCF_DropdownsTesting" name="OTTComboFlagDDTest" time="3.054"/>
  <testcase classname="TestCases.PCF_DropdownsTesting" name="OfferFlagDDTest" time="2.857"/>
  <testcase classname="TestCases.PCF_DropdownsTesting" name="OfferTypeDDTest" time="2.92"/>
  <testcase classname="TestCases.PCF_DropdownsTesting" name="PDMProductLineDDTest" time="2.993"/>
  <testcase classname="TestCases.PCF_DropdownsTesting" name="PDMUoMDDTest" time="2.967">
    <failure type="java.lang.Exception" message="Failed because List are not Matching">
      <![CDATA[java.lang.Exception: Failed because List are not Matching
at Pages.PCF_DropdownsValidation.PDMUoMDD(PCF_DropdownsValidation.java:775)
at TestCases.PCF_DropdownsTesting.PDMUoMDDTest(PCF_DropdownsTesting.java:174)
at java.base/java.util.ArrayList.forEach(ArrayList.java:1511)
... Removed 28 stack frames]]>
    </failure>
  </testcase> <!-- PDMUoMDDTest -->
  <testcase classname="TestCases.PCF_DropdownsTesting" name="PackAdditionPMTest" time="3.047"/>
  <testcase classname="TestCases.PCF_DropdownsTesting" name="PackGradeTypeDDTest" time="3.222"/>
  <testcase classname="TestCases.PCF_DropdownsTesting" name="PackStructureDDTest" time="3.458"/>
  <testcase classname="TestCases.PCF_DropdownsTesting" name="PackTypePDMDDTest" time="3.355"/>
  <testcase classname="TestCases.PCF_DropdownsTesting" name="PackVariationDDTest" time="3.222"/>
  <testcase classname="TestCases.PCF_DropdownsTesting" name="PackageChargeTypeDDTest" time="3.469"/>
  <testcase classname="TestCases.PCF_DropdownsTesting" name="PackageDashboardBOConfigDDTest" time="33.709"/>
  <testcase classname="TestCases.PCF_DropdownsTesting" name="PackageDashboardDDTest" time="34.824"/>
  <testcase classname="TestCases.PCF_DropdownsTesting" name="PayableFlagDDTest" time="3.733"/>
  <testcase classname="TestCases.PCF_DropdownsTesting" name="PromotionalDD1Test" time="3.68"/>
  <testcase classname="TestCases.PCF_DropdownsTesting" name="PromotionalDD2Test" time="3.815"/>
  <testcase classname="TestCases.PCF_DropdownsTesting" name="PromotionalSchoolDD1Test" time="3.433"/>
  <testcase classname="TestCases.PCF_DropdownsTesting" name="PromotionalSchoolDD2Test" time="3.373"/>
  <testcase classname="TestCases.PCF_DropdownsTesting" name="RAReviewDDTest" time="3.221"/>
  <testcase classname="TestCases.PCF_DropdownsTesting" name="RegularDD1Test" time="3.273"/>
  <testcase classname="TestCases.PCF_DropdownsTesting" name="RegularDD2Test" time="3.285"/>
  <testcase classname="TestCases.PCF_DropdownsTesting" name="ReleaseDependencyDDTest" time="3.186"/>
  <testcase classname="TestCases.PCF_DropdownsTesting" name="RenewalallowedDDTest" time="4.792"/>
  <testcase classname="TestCases.PCF_DropdownsTesting" name="RentalFlagDDTest" time="3.124"/>
  <testcase classname="TestCases.PCF_DropdownsTesting" name="ResidentialDD1Test" time="3.259"/>
  <testcase classname="TestCases.PCF_DropdownsTesting" name="ResidentialDD2Test" time="3.177"/>
  <testcase classname="TestCases.PCF_DropdownsTesting" name="RetrofitCreditPackDDTest" time="3.163"/>
  <testcase classname="TestCases.PCF_DropdownsTesting" name="RetrofitFlagDDTest" time="3.081"/>
  <testcase classname="TestCases.PCF_DropdownsTesting" name="SalesReviewDDTest" time="3.158"/>
  <testcase classname="TestCases.PCF_DropdownsTesting" name="ShouldthisPackDDTest" time="2.927"/>
  <testcase classname="TestCases.PCF_DropdownsTesting" name="SourceforOTT" time="3.047"/>
  <testcase classname="TestCases.PCF_DropdownsTesting" name="SpecialNCFFlag" time="3.103"/>
  <testcase classname="TestCases.PCF_DropdownsTesting" name="StarGroupDD1Test" time="3.267"/>
  <testcase classname="TestCases.PCF_DropdownsTesting" name="StarGroupDD2Test" time="3.114"/>
  <testcase classname="TestCases.PCF_DropdownsTesting" name="SubscriberTypeDDTest" time="3.073"/>
  <testcase classname="TestCases.PCF_DropdownsTesting" name="SubscriptionAllowedDDTest" time="3.074"/>
  <testcase classname="TestCases.PCF_DropdownsTesting" name="SubscriptionChangesDD" time="2.855"/>
  <testcase classname="TestCases.PCF_DropdownsTesting" name="SubscriptionNuanceDDTest" time="3.029"/>
  <testcase classname="TestCases.PCF_DropdownsTesting" name="SubscriptionallowedDDTest" time="3.083"/>
  <testcase classname="TestCases.PCF_DropdownsTesting" name="SubscriptionallowedPRMDDTest" time="2.937"/>
  <testcase classname="TestCases.PCF_DropdownsTesting" name="TataGroupDD1Test" time="2.843"/>
  <testcase classname="TestCases.PCF_DropdownsTesting" name="TataGroupDD2Test" time="3.006"/>
  <testcase classname="TestCases.PCF_DropdownsTesting" name="TataPlayDD1Test" time="3.031"/>
  <testcase classname="TestCases.PCF_DropdownsTesting" name="TataPlayDD2Test" time="3.202"/>
  <testcase classname="TestCases.PCF_DropdownsTesting" name="TataPlayEmployeeDD1Test" time="3.085"/>
  <testcase classname="TestCases.PCF_DropdownsTesting" name="TataPlayEmployeeDD2Test" time="3.206"/>
  <testcase classname="TestCases.PCF_DropdownsTesting" name="TataPlayPacksCategoryDDTest" time="2.902"/>
  <testcase classname="TestCases.PCF_DropdownsTesting" name="TechnologyDD1Test" time="3.159"/>
  <testcase classname="TestCases.PCF_DropdownsTesting" name="TechnologyDD2Test" time="3.236"/>
  <testcase classname="TestCases.PCF_DropdownsTesting" name="ToMadeAvailableDDTest" time="3.085"/>
  <testcase classname="TestCases.PCF_DropdownsTesting" name="TomadeavailableDDTest" time="3.117"/>
  <testcase classname="TestCases.PCF_DropdownsTesting" name="TypeofOfferDDTest" time="3.161"/>
  <testcase classname="TestCases.PCF_DropdownsTesting" name="TypeofPackDD2Test" time="3.708"/>
  <testcase classname="TestCases.PCF_DropdownsTesting" name="TypeofPackDDTest" time="3.563"/>
  <testcase classname="TestCases.PCF_DropdownsTesting" name="UATDDListTest" time="8.843"/>
  <testcase classname="TestCases.PCF_DropdownsTesting" name="UnitOfMeasureDD" time="3.466"/>
  <testcase classname="TestCases.PCF_DropdownsTesting" name="UnitofMeasureDDTest" time="3.415"/>
  <testcase classname="TestCases.PCF_DropdownsTesting" name="VVIPNonPayingDD1Test" time="3.668"/>
  <testcase classname="TestCases.PCF_DropdownsTesting" name="VVIPNonPayingDD2Test" time="3.561"/>
  <testcase classname="TestCases.PCF_DropdownsTesting" name="VVIPPayingDD1Test" time="3.721"/>
  <testcase classname="TestCases.PCF_DropdownsTesting" name="VVIPPayingDD2Test" time="3.668"/>
  <testcase classname="TestCases.PCF_DropdownsTesting" name="WebEnabledFlagDDTest" time="3.704"/>
  <testcase classname="TestCases.PCF_DropdownsTesting" name="functionDepartmentDDTest" time="3.584"/>
  <testcase classname="TestCases.PCF_DropdownsTesting" name="packageCreationFormDropdownList" time="7.033"/>
  <testcase classname="TestCases.PCF_DropdownsTesting" name="priorityDDTest" time="3.581"/>
  <testcase classname="TestCases.PCF_DropdownsTesting" name="severityDDTest" time="3.789"/>
  <testcase classname="TestCases.CCF_DropdownsTesting" name="AdditionalBusinessRulesDDListTest" time="6.32"/>
  <testcase classname="TestCases.CCF_DropdownsTesting" name="ApprovalDDListTest" time="6.033">
    <failure type="org.openqa.selenium.NoSuchElementException" message="no such element: Unable to locate element: {&amp;quot;method&amp;quot;:&amp;quot;xpath&amp;quot;,&amp;quot;selector&amp;quot;:&amp;quot;//p[text()=&amp;apos;Approval&amp;apos;]&amp;quot;}
  (Session info: chrome=126.0.6478.115)
For documentation on this error, please visit: https://selenium.dev/exceptions/#no_such_element
Build info: version: &amp;apos;4.9.1&amp;apos;, revision: &amp;apos;eb2032df7f&amp;apos;
System info: os.name: &amp;apos;Windows 11&amp;apos;, os.arch: &amp;apos;amd64&amp;apos;, os.version: &amp;apos;10.0&amp;apos;, java.version: &amp;apos;17.0.9&amp;apos;
Driver info: org.openqa.selenium.chrome.ChromeDriver
Command: [45483226a7ff7367e49fbdd7f7139acd, findElement {using=xpath, value=//p[text()=&amp;apos;Approval&amp;apos;]}]
Capabilities {acceptInsecureCerts: true, browserName: chrome, browserVersion: 126.0.6478.115, chrome: {chromedriverVersion: 126.0.6478.63 (df799988fdc9..., userDataDir: C:\Users\SOPAN~1.GAY\AppDat...}, fedcm:accounts: true, goog:chromeOptions: {debuggerAddress: localhost:52626}, networkConnectionEnabled: false, pageLoadStrategy: normal, platformName: windows, proxy: Proxy(), se:cdp: ws://localhost:52626/devtoo..., se:cdpVersion: 126.0.6478.115, setWindowRect: true, strictFileInteractability: false, timeouts: {implicit: 0, pageLoad: 300000, script: 30000}, unhandledPromptBehavior: dismiss and notify, webauthn:extension:credBlob: true, webauthn:extension:largeBlob: true, webauthn:extension:minPinLength: true, webauthn:extension:prf: true, webauthn:virtualAuthenticators: true}
Session ID: 45483226a7ff7367e49fbdd7f7139acd">
      <![CDATA[org.openqa.selenium.NoSuchElementException: no such element: Unable to locate element: {"method":"xpath","selector":"//p[text()='Approval']"}
  (Session info: chrome=126.0.6478.115)
For documentation on this error, please visit: https://selenium.dev/exceptions/#no_such_element
Build info: version: '4.9.1', revision: 'eb2032df7f'
System info: os.name: 'Windows 11', os.arch: 'amd64', os.version: '10.0', java.version: '17.0.9'
Driver info: org.openqa.selenium.chrome.ChromeDriver
Command: [45483226a7ff7367e49fbdd7f7139acd, findElement {using=xpath, value=//p[text()='Approval']}]
Capabilities {acceptInsecureCerts: true, browserName: chrome, browserVersion: 126.0.6478.115, chrome: {chromedriverVersion: 126.0.6478.63 (df799988fdc9..., userDataDir: C:\Users\SOPAN~1.GAY\AppDat...}, fedcm:accounts: true, goog:chromeOptions: {debuggerAddress: localhost:52626}, networkConnectionEnabled: false, pageLoadStrategy: normal, platformName: windows, proxy: Proxy(), se:cdp: ws://localhost:52626/devtoo..., se:cdpVersion: 126.0.6478.115, setWindowRect: true, strictFileInteractability: false, timeouts: {implicit: 0, pageLoad: 300000, script: 30000}, unhandledPromptBehavior: dismiss and notify, webauthn:extension:credBlob: true, webauthn:extension:largeBlob: true, webauthn:extension:minPinLength: true, webauthn:extension:prf: true, webauthn:virtualAuthenticators: true}
Session ID: 45483226a7ff7367e49fbdd7f7139acd
at org.openqa.selenium.remote.codec.w3c.W3CHttpResponseCodec.createException(W3CHttpResponseCodec.java:200)
at org.openqa.selenium.remote.codec.w3c.W3CHttpResponseCodec.decode(W3CHttpResponseCodec.java:133)
at org.openqa.selenium.remote.codec.w3c.W3CHttpResponseCodec.decode(W3CHttpResponseCodec.java:53)
at org.openqa.selenium.remote.HttpCommandExecutor.execute(HttpCommandExecutor.java:193)
at org.openqa.selenium.remote.service.DriverCommandExecutor.invokeExecute(DriverCommandExecutor.java:183)
at org.openqa.selenium.remote.service.DriverCommandExecutor.execute(DriverCommandExecutor.java:158)
at org.openqa.selenium.remote.RemoteWebDriver.execute(RemoteWebDriver.java:543)
at org.openqa.selenium.remote.ElementLocation$ElementFinder$2.findElement(ElementLocation.java:162)
at org.openqa.selenium.remote.ElementLocation.findElement(ElementLocation.java:60)
at org.openqa.selenium.remote.RemoteWebDriver.findElement(RemoteWebDriver.java:352)
at org.openqa.selenium.remote.RemoteWebDriver.findElement(RemoteWebDriver.java:344)
at org.openqa.selenium.support.pagefactory.DefaultElementLocator.findElement(DefaultElementLocator.java:70)
at org.openqa.selenium.support.pagefactory.internal.LocatingElementHandler.invoke(LocatingElementHandler.java:39)
at jdk.proxy2/jdk.proxy2.$Proxy16.click(Unknown Source)
at Pages.CCF_DropdownsValidation.ApprovalDDList(CCF_DropdownsValidation.java:486)
at TestCases.CCF_DropdownsTesting.ApprovalDDListTest(CCF_DropdownsTesting.java:114)
at java.base/java.util.ArrayList.forEach(ArrayList.java:1511)
... Removed 33 stack frames]]>
    </failure>
  </testcase> <!-- ApprovalDDListTest -->
  <testcase classname="TestCases.CCF_DropdownsTesting" name="BusinessReviewTabDDListTest" time="2.603"/>
  <testcase classname="TestCases.CCF_DropdownsTesting" name="ChangeHistoryTabDDListTest" time="6.183"/>
  <testcase classname="TestCases.CCF_DropdownsTesting" name="CustomerReviewDDTest" time="2.11"/>
  <testcase classname="TestCases.CCF_DropdownsTesting" name="FieldServicesReviewDDTest" time="2.151"/>
  <testcase classname="TestCases.CCF_DropdownsTesting" name="FinanceReviewDDTest" time="2.16"/>
  <testcase classname="TestCases.CCF_DropdownsTesting" name="FoundInDDTest" time="2.195"/>
  <testcase classname="TestCases.CCF_DropdownsTesting" name="FunctionDepartmentDDTest" time="2.128"/>
  <testcase classname="TestCases.CCF_DropdownsTesting" name="ITReviewDD" time="2.17"/>
  <testcase classname="TestCases.CCF_DropdownsTesting" name="ITReviewDDListDDListTest" time="2.245"/>
  <testcase classname="TestCases.CCF_DropdownsTesting" name="InventoryFlagDDTest" time="2.048"/>
  <testcase classname="TestCases.CCF_DropdownsTesting" name="LinksTabDDListTest" time="6.128"/>
  <testcase classname="TestCases.CCF_DropdownsTesting" name="MarketingReviewDDTest" time="2.155"/>
  <testcase classname="TestCases.CCF_DropdownsTesting" name="MaterialCategoryDD" time="2.056"/>
  <testcase classname="TestCases.CCF_DropdownsTesting" name="MaterialToMaterialTest" time="2.031"/>
  <testcase classname="TestCases.CCF_DropdownsTesting" name="OrderableFlagDDTest" time="2.03"/>
  <testcase classname="TestCases.CCF_DropdownsTesting" name="PlannedForDDTest" time="2.261"/>
  <testcase classname="TestCases.CCF_DropdownsTesting" name="RAReviewDDTest" time="2.151"/>
  <testcase classname="TestCases.CCF_DropdownsTesting" name="ReleaseDependencyDDTest" time="2.299"/>
  <testcase classname="TestCases.CCF_DropdownsTesting" name="SalesReviewDDTest" time="2.201"/>
  <testcase classname="TestCases.CCF_DropdownsTesting" name="TechReviewDD" time="2.179"/>
  <testcase classname="TestCases.CCF_DropdownsTesting" name="UATTabDDListTest" time="6.135"/>
  <testcase classname="TestCases.CCF_DropdownsTesting" name="WorkOrderApplicationDDListTest" time="6.157"/>
  <testcase classname="TestCases.CCF_DropdownsTesting" name="chargeCreationFormDropdownList" time="2.118"/>
  <testcase classname="TestCases.BPM_DropdownsTesting" name="PackGenreDDTest" time="0.0">
    <ignored/>
  </testcase> <!-- PackGenreDDTest -->
  <testcase classname="TestCases.BPM_DropdownsTesting" name="FrontendPackDropdownListTest" time="0.0">
    <ignored/>
  </testcase> <!-- FrontendPackDropdownListTest -->
  <testcase classname="TestCases.BPM_DropdownsTesting" name="ChannelDetailsDropdownList" time="0.0">
    <ignored/>
  </testcase> <!-- ChannelDetailsDropdownList -->
  <testcase classname="TestCases.BPM_DropdownsTesting" name="TypeofPackDDTest" time="0.0">
    <ignored/>
  </testcase> <!-- TypeofPackDDTest -->
  <testcase classname="TestCases.BPM_DropdownsTesting" name="AllowExpiredPackDDListTest" time="0.0">
    <ignored/>
  </testcase> <!-- AllowExpiredPackDDListTest -->
  <testcase classname="TestCases.BPM_DropdownsTesting" name="PackStatusDDTest" time="0.0">
    <ignored/>
  </testcase> <!-- PackStatusDDTest -->
  <testcase classname="TestCases.BPM_DropdownsTesting" name="ChangeHistoryDDListTest" time="0.0">
    <ignored/>
  </testcase> <!-- ChangeHistoryDDListTest -->
</testsuite> <!-- Test -->
