<html>
<head>
<title>TestNG:  Test</title>
<link href="../testng.css" rel="stylesheet" type="text/css" />
<link href="../my-testng.css" rel="stylesheet" type="text/css" />

<style type="text/css">
.log { display: none;} 
.stack-trace { display: none;} 
</style>
<script type="text/javascript">
<!--
function flip(e) {
  current = e.style.display;
  if (current == 'block') {
    e.style.display = 'none';
    return 0;
  }
  else {
    e.style.display = 'block';
    return 1;
  }
}

function toggleBox(szDivId, elem, msg1, msg2)
{
  var res = -1;  if (document.getElementById) {
    res = flip(document.getElementById(szDivId));
  }
  else if (document.all) {
    // this is the way old msie versions work
    res = flip(document.all[szDivId]);
  }
  if(elem) {
    if(res == 0) elem.innerHTML = msg1; else elem.innerHTML = msg2;
  }

}

function toggleAllBoxes() {
  if (document.getElementsByTagName) {
    d = document.getElementsByTagName('div');
    for (i = 0; i < d.length; i++) {
      if (d[i].className == 'log') {
        flip(d[i]);
      }
    }
  }
}

// -->
</script>

</head>
<body>
<h2 align='center'>Test</h2><table border='1' align="center">
<tr>
<td>Tests passed/Failed/Skipped:</td><td>200/9/0</td>
</tr><tr>
<td>Started on:</td><td>Fri Jun 21 09:18:48 IST 2024</td>
</tr>
<tr><td>Total time:</td><td>1754 seconds (1754001 ms)</td>
</tr><tr>
<td>Included groups:</td><td></td>
</tr><tr>
<td>Excluded groups:</td><td></td>
</tr>
</table><p/>
<small><i>(Hover the method name to see the test class name)</i></small><p/>
<table width='100%' border='1' class='invocation-failed'>
<tr><td colspan='4' align='center'><b>FAILED TESTS</b></td></tr>
<tr><td><b>Test method</b></td>
<td width="30%"><b>Exception</b></td>
<td width="10%"><b>Time (seconds)</b></td>
<td><b>Instance</b></td>
</tr>
<tr>
<td title='TestCases.FPM_DropdownsTesting.BroadcasterCategoryDDTest()'><b>BroadcasterCategoryDDTest</b><br>Test class: TestCases.FPM_DropdownsTesting</td>
<td><div><pre>java.lang.Exception: Failed because List are not Matching
	at Pages.FPM_DropdownsValidation.BroadcasterCategoryDD(FPM_DropdownsValidation.java:339)
	at TestCases.FPM_DropdownsTesting.BroadcasterCategoryDDTest(FPM_DropdownsTesting.java:85)
	at java.base/java.util.ArrayList.forEach(ArrayList.java:1511)
... Removed 28 stack frames</pre></div><a href='#' onClick='toggleBox("stack-trace884220692", this, "Click to show all stack frames", "Click to hide stack frames")'>Click to show all stack frames</a>
<div class='stack-trace' id='stack-trace884220692'><pre>java.lang.Exception: Failed because List are not Matching
	at Pages.FPM_DropdownsValidation.BroadcasterCategoryDD(FPM_DropdownsValidation.java:339)
	at TestCases.FPM_DropdownsTesting.BroadcasterCategoryDDTest(FPM_DropdownsTesting.java:85)
	at java.base/jdk.internal.reflect.NativeMethodAccessorImpl.invoke0(Native Method)
	at java.base/jdk.internal.reflect.NativeMethodAccessorImpl.invoke(NativeMethodAccessorImpl.java:77)
	at java.base/jdk.internal.reflect.DelegatingMethodAccessorImpl.invoke(DelegatingMethodAccessorImpl.java:43)
	at java.base/java.lang.reflect.Method.invoke(Method.java:568)
	at org.testng.internal.MethodInvocationHelper.invokeMethod(MethodInvocationHelper.java:133)
	at org.testng.internal.TestInvoker.invokeMethod(TestInvoker.java:598)
	at org.testng.internal.TestInvoker.invokeTestMethod(TestInvoker.java:173)
	at org.testng.internal.MethodRunner.runInSequence(MethodRunner.java:46)
	at org.testng.internal.TestInvoker$MethodInvocationAgent.invoke(TestInvoker.java:824)
	at org.testng.internal.TestInvoker.invokeTestMethods(TestInvoker.java:146)
	at org.testng.internal.TestMethodWorker.invokeTestMethods(TestMethodWorker.java:146)
	at org.testng.internal.TestMethodWorker.run(TestMethodWorker.java:128)
	at java.base/java.util.ArrayList.forEach(ArrayList.java:1511)
	at org.testng.TestRunner.privateRun(TestRunner.java:794)
	at org.testng.TestRunner.run(TestRunner.java:596)
	at org.testng.SuiteRunner.runTest(SuiteRunner.java:377)
	at org.testng.SuiteRunner.runSequentially(SuiteRunner.java:371)
	at org.testng.SuiteRunner.privateRun(SuiteRunner.java:332)
	at org.testng.SuiteRunner.run(SuiteRunner.java:276)
	at org.testng.SuiteRunnerWorker.runSuite(SuiteRunnerWorker.java:53)
	at org.testng.SuiteRunnerWorker.run(SuiteRunnerWorker.java:96)
	at org.testng.TestNG.runSuitesSequentially(TestNG.java:1212)
	at org.testng.TestNG.runSuitesSequentially(TestNG.java:1207)
	at org.testng.TestNG.runSuitesLocally(TestNG.java:1134)
	at org.testng.TestNG.runSuites(TestNG.java:1063)
	at org.testng.TestNG.run(TestNG.java:1031)
	at org.testng.remote.AbstractRemoteTestNG.run(AbstractRemoteTestNG.java:115)
	at org.testng.remote.RemoteTestNG.initAndRun(RemoteTestNG.java:251)
	at org.testng.remote.RemoteTestNG.main(RemoteTestNG.java:77)
</pre></div></td>
<td>4</td>
<td>TestCases.FPM_DropdownsTesting@503d687a</td></tr>
<tr>
<td title='TestCases.FPM_DropdownsTesting.TataPlayPacksDDTest()'><b>TataPlayPacksDDTest</b><br>Test class: TestCases.FPM_DropdownsTesting</td>
<td><div><pre>java.lang.Exception: Failed because List are not Matching
	at Pages.FPM_DropdownsValidation.TataPlayPacks(FPM_DropdownsValidation.java:370)
	at TestCases.FPM_DropdownsTesting.TataPlayPacksDDTest(FPM_DropdownsTesting.java:91)
	at java.base/java.util.ArrayList.forEach(ArrayList.java:1511)
... Removed 28 stack frames</pre></div><a href='#' onClick='toggleBox("stack-trace1419434686", this, "Click to show all stack frames", "Click to hide stack frames")'>Click to show all stack frames</a>
<div class='stack-trace' id='stack-trace1419434686'><pre>java.lang.Exception: Failed because List are not Matching
	at Pages.FPM_DropdownsValidation.TataPlayPacks(FPM_DropdownsValidation.java:370)
	at TestCases.FPM_DropdownsTesting.TataPlayPacksDDTest(FPM_DropdownsTesting.java:91)
	at java.base/jdk.internal.reflect.NativeMethodAccessorImpl.invoke0(Native Method)
	at java.base/jdk.internal.reflect.NativeMethodAccessorImpl.invoke(NativeMethodAccessorImpl.java:77)
	at java.base/jdk.internal.reflect.DelegatingMethodAccessorImpl.invoke(DelegatingMethodAccessorImpl.java:43)
	at java.base/java.lang.reflect.Method.invoke(Method.java:568)
	at org.testng.internal.MethodInvocationHelper.invokeMethod(MethodInvocationHelper.java:133)
	at org.testng.internal.TestInvoker.invokeMethod(TestInvoker.java:598)
	at org.testng.internal.TestInvoker.invokeTestMethod(TestInvoker.java:173)
	at org.testng.internal.MethodRunner.runInSequence(MethodRunner.java:46)
	at org.testng.internal.TestInvoker$MethodInvocationAgent.invoke(TestInvoker.java:824)
	at org.testng.internal.TestInvoker.invokeTestMethods(TestInvoker.java:146)
	at org.testng.internal.TestMethodWorker.invokeTestMethods(TestMethodWorker.java:146)
	at org.testng.internal.TestMethodWorker.run(TestMethodWorker.java:128)
	at java.base/java.util.ArrayList.forEach(ArrayList.java:1511)
	at org.testng.TestRunner.privateRun(TestRunner.java:794)
	at org.testng.TestRunner.run(TestRunner.java:596)
	at org.testng.SuiteRunner.runTest(SuiteRunner.java:377)
	at org.testng.SuiteRunner.runSequentially(SuiteRunner.java:371)
	at org.testng.SuiteRunner.privateRun(SuiteRunner.java:332)
	at org.testng.SuiteRunner.run(SuiteRunner.java:276)
	at org.testng.SuiteRunnerWorker.runSuite(SuiteRunnerWorker.java:53)
	at org.testng.SuiteRunnerWorker.run(SuiteRunnerWorker.java:96)
	at org.testng.TestNG.runSuitesSequentially(TestNG.java:1212)
	at org.testng.TestNG.runSuitesSequentially(TestNG.java:1207)
	at org.testng.TestNG.runSuitesLocally(TestNG.java:1134)
	at org.testng.TestNG.runSuites(TestNG.java:1063)
	at org.testng.TestNG.run(TestNG.java:1031)
	at org.testng.remote.AbstractRemoteTestNG.run(AbstractRemoteTestNG.java:115)
	at org.testng.remote.RemoteTestNG.initAndRun(RemoteTestNG.java:251)
	at org.testng.remote.RemoteTestNG.main(RemoteTestNG.java:77)
</pre></div></td>
<td>3</td>
<td>TestCases.FPM_DropdownsTesting@503d687a</td></tr>
<tr>
<td title='TestCases.PCF_DropdownsTesting.PDMUoMDDTest()'><b>PDMUoMDDTest</b><br>Test class: TestCases.PCF_DropdownsTesting</td>
<td><div><pre>java.lang.Exception: Failed because List are not Matching
	at Pages.PCF_DropdownsValidation.PDMUoMDD(PCF_DropdownsValidation.java:775)
	at TestCases.PCF_DropdownsTesting.PDMUoMDDTest(PCF_DropdownsTesting.java:174)
	at java.base/java.util.ArrayList.forEach(ArrayList.java:1511)
... Removed 28 stack frames</pre></div><a href='#' onClick='toggleBox("stack-trace1617244192", this, "Click to show all stack frames", "Click to hide stack frames")'>Click to show all stack frames</a>
<div class='stack-trace' id='stack-trace1617244192'><pre>java.lang.Exception: Failed because List are not Matching
	at Pages.PCF_DropdownsValidation.PDMUoMDD(PCF_DropdownsValidation.java:775)
	at TestCases.PCF_DropdownsTesting.PDMUoMDDTest(PCF_DropdownsTesting.java:174)
	at java.base/jdk.internal.reflect.NativeMethodAccessorImpl.invoke0(Native Method)
	at java.base/jdk.internal.reflect.NativeMethodAccessorImpl.invoke(NativeMethodAccessorImpl.java:77)
	at java.base/jdk.internal.reflect.DelegatingMethodAccessorImpl.invoke(DelegatingMethodAccessorImpl.java:43)
	at java.base/java.lang.reflect.Method.invoke(Method.java:568)
	at org.testng.internal.MethodInvocationHelper.invokeMethod(MethodInvocationHelper.java:133)
	at org.testng.internal.TestInvoker.invokeMethod(TestInvoker.java:598)
	at org.testng.internal.TestInvoker.invokeTestMethod(TestInvoker.java:173)
	at org.testng.internal.MethodRunner.runInSequence(MethodRunner.java:46)
	at org.testng.internal.TestInvoker$MethodInvocationAgent.invoke(TestInvoker.java:824)
	at org.testng.internal.TestInvoker.invokeTestMethods(TestInvoker.java:146)
	at org.testng.internal.TestMethodWorker.invokeTestMethods(TestMethodWorker.java:146)
	at org.testng.internal.TestMethodWorker.run(TestMethodWorker.java:128)
	at java.base/java.util.ArrayList.forEach(ArrayList.java:1511)
	at org.testng.TestRunner.privateRun(TestRunner.java:794)
	at org.testng.TestRunner.run(TestRunner.java:596)
	at org.testng.SuiteRunner.runTest(SuiteRunner.java:377)
	at org.testng.SuiteRunner.runSequentially(SuiteRunner.java:371)
	at org.testng.SuiteRunner.privateRun(SuiteRunner.java:332)
	at org.testng.SuiteRunner.run(SuiteRunner.java:276)
	at org.testng.SuiteRunnerWorker.runSuite(SuiteRunnerWorker.java:53)
	at org.testng.SuiteRunnerWorker.run(SuiteRunnerWorker.java:96)
	at org.testng.TestNG.runSuitesSequentially(TestNG.java:1212)
	at org.testng.TestNG.runSuitesSequentially(TestNG.java:1207)
	at org.testng.TestNG.runSuitesLocally(TestNG.java:1134)
	at org.testng.TestNG.runSuites(TestNG.java:1063)
	at org.testng.TestNG.run(TestNG.java:1031)
	at org.testng.remote.AbstractRemoteTestNG.run(AbstractRemoteTestNG.java:115)
	at org.testng.remote.RemoteTestNG.initAndRun(RemoteTestNG.java:251)
	at org.testng.remote.RemoteTestNG.main(RemoteTestNG.java:77)
</pre></div></td>
<td>2</td>
<td>TestCases.PCF_DropdownsTesting@6a370f4</td></tr>
<tr>
<td title='TestCases.CCF_DropdownsTesting.ApprovalDDListTest()'><b>ApprovalDDListTest</b><br>Test class: TestCases.CCF_DropdownsTesting</td>
<td><div><pre>org.openqa.selenium.NoSuchElementException: no such element: Unable to locate element: {&quot;method&quot;:&quot;xpath&quot;,&quot;selector&quot;:&quot;//p[text()=&apos;Approval&apos;]&quot;}
  (Session info: chrome=126.0.6478.115)
For documentation on this error, please visit: https://selenium.dev/exceptions/#no_such_element
Build info: version: &apos;4.9.1&apos;, revision: &apos;eb2032df7f&apos;
System info: os.name: &apos;Windows 11&apos;, os.arch: &apos;amd64&apos;, os.version: &apos;10.0&apos;, java.version: &apos;17.0.9&apos;
Driver info: org.openqa.selenium.chrome.ChromeDriver
Command: [45483226a7ff7367e49fbdd7f7139acd, findElement {using=xpath, value=//p[text()=&apos;Approval&apos;]}]
Capabilities {acceptInsecureCerts: true, browserName: chrome, browserVersion: 126.0.6478.115, chrome: {chromedriverVersion: 126.0.6478.63 (df799988fdc9..., userDataDir: C:\Users\SOPAN~1.GAY\AppDat...}, fedcm:accounts: true, goog:chromeOptions: {debuggerAddress: localhost:52626}, networkConnectionEnabled: false, pageLoadStrategy: normal, platformName: windows, proxy: Proxy(), se:cdp: ws://localhost:52626/devtoo..., se:cdpVersion: 126.0.6478.115, setWindowRect: true, strictFileInteractability: false, timeouts: {implicit: 0, pageLoad: 300000, script: 30000}, unhandledPromptBehavior: dismiss and notify, webauthn:extension:credBlob: true, webauthn:extension:largeBlob: true, webauthn:extension:minPinLength: true, webauthn:extension:prf: true, webauthn:virtualAuthenticators: true}
Session ID: 45483226a7ff7367e49fbdd7f7139acd
	at org.openqa.selenium.remote.codec.w3c.W3CHttpResponseCodec.createException(W3CHttpResponseCodec.java:200)
	at org.openqa.selenium.remote.codec.w3c.W3CHttpResponseCodec.decode(W3CHttpResponseCodec.java:133)
	at org.openqa.selenium.remote.codec.w3c.W3CHttpResponseCodec.decode(W3CHttpResponseCodec.java:53)
	at org.openqa.selenium.remote.HttpCommandExecutor.execute(HttpCommandExecutor.java:193)
	at org.openqa.selenium.remote.service.DriverCommandExecutor.invokeExecute(DriverCommandExecutor.java:183)
	at org.openqa.selenium.remote.service.DriverCommandExecutor.execute(DriverCommandExecutor.java:158)
	at org.openqa.selenium.remote.RemoteWebDriver.execute(RemoteWebDriver.java:543)
	at org.openqa.selenium.remote.ElementLocation$ElementFinder$2.findElement(ElementLocation.java:162)
	at org.openqa.selenium.remote.ElementLocation.findElement(ElementLocation.java:60)
	at org.openqa.selenium.remote.RemoteWebDriver.findElement(RemoteWebDriver.java:352)
	at org.openqa.selenium.remote.RemoteWebDriver.findElement(RemoteWebDriver.java:344)
	at org.openqa.selenium.support.pagefactory.DefaultElementLocator.findElement(DefaultElementLocator.java:70)
	at org.openqa.selenium.support.pagefactory.internal.LocatingElementHandler.invoke(LocatingElementHandler.java:39)
	at jdk.proxy2/jdk.proxy2.$Proxy16.click(Unknown Source)
	at Pages.CCF_DropdownsValidation.ApprovalDDList(CCF_DropdownsValidation.java:486)
	at TestCases.CCF_DropdownsTesting.ApprovalDDListTest(CCF_DropdownsTesting.java:114)
	at java.base/java.util.ArrayList.forEach(ArrayList.java:1511)
... Removed 33 stack frames</pre></div><a href='#' onClick='toggleBox("stack-trace1643104410", this, "Click to show all stack frames", "Click to hide stack frames")'>Click to show all stack frames</a>
<div class='stack-trace' id='stack-trace1643104410'><pre>org.openqa.selenium.NoSuchElementException: no such element: Unable to locate element: {&quot;method&quot;:&quot;xpath&quot;,&quot;selector&quot;:&quot;//p[text()=&apos;Approval&apos;]&quot;}
  (Session info: chrome=126.0.6478.115)
For documentation on this error, please visit: https://selenium.dev/exceptions/#no_such_element
Build info: version: &apos;4.9.1&apos;, revision: &apos;eb2032df7f&apos;
System info: os.name: &apos;Windows 11&apos;, os.arch: &apos;amd64&apos;, os.version: &apos;10.0&apos;, java.version: &apos;17.0.9&apos;
Driver info: org.openqa.selenium.chrome.ChromeDriver
Command: [45483226a7ff7367e49fbdd7f7139acd, findElement {using=xpath, value=//p[text()=&apos;Approval&apos;]}]
Capabilities {acceptInsecureCerts: true, browserName: chrome, browserVersion: 126.0.6478.115, chrome: {chromedriverVersion: 126.0.6478.63 (df799988fdc9..., userDataDir: C:\Users\SOPAN~1.GAY\AppDat...}, fedcm:accounts: true, goog:chromeOptions: {debuggerAddress: localhost:52626}, networkConnectionEnabled: false, pageLoadStrategy: normal, platformName: windows, proxy: Proxy(), se:cdp: ws://localhost:52626/devtoo..., se:cdpVersion: 126.0.6478.115, setWindowRect: true, strictFileInteractability: false, timeouts: {implicit: 0, pageLoad: 300000, script: 30000}, unhandledPromptBehavior: dismiss and notify, webauthn:extension:credBlob: true, webauthn:extension:largeBlob: true, webauthn:extension:minPinLength: true, webauthn:extension:prf: true, webauthn:virtualAuthenticators: true}
Session ID: 45483226a7ff7367e49fbdd7f7139acd
	at java.base/jdk.internal.reflect.NativeConstructorAccessorImpl.newInstance0(Native Method)
	at java.base/jdk.internal.reflect.NativeConstructorAccessorImpl.newInstance(NativeConstructorAccessorImpl.java:77)
	at java.base/jdk.internal.reflect.DelegatingConstructorAccessorImpl.newInstance(DelegatingConstructorAccessorImpl.java:45)
	at java.base/java.lang.reflect.Constructor.newInstanceWithCaller(Constructor.java:499)
	at java.base/java.lang.reflect.Constructor.newInstance(Constructor.java:480)
	at org.openqa.selenium.remote.codec.w3c.W3CHttpResponseCodec.createException(W3CHttpResponseCodec.java:200)
	at org.openqa.selenium.remote.codec.w3c.W3CHttpResponseCodec.decode(W3CHttpResponseCodec.java:133)
	at org.openqa.selenium.remote.codec.w3c.W3CHttpResponseCodec.decode(W3CHttpResponseCodec.java:53)
	at org.openqa.selenium.remote.HttpCommandExecutor.execute(HttpCommandExecutor.java:193)
	at org.openqa.selenium.remote.service.DriverCommandExecutor.invokeExecute(DriverCommandExecutor.java:183)
	at org.openqa.selenium.remote.service.DriverCommandExecutor.execute(DriverCommandExecutor.java:158)
	at org.openqa.selenium.remote.RemoteWebDriver.execute(RemoteWebDriver.java:543)
	at org.openqa.selenium.remote.ElementLocation$ElementFinder$2.findElement(ElementLocation.java:162)
	at org.openqa.selenium.remote.ElementLocation.findElement(ElementLocation.java:60)
	at org.openqa.selenium.remote.RemoteWebDriver.findElement(RemoteWebDriver.java:352)
	at org.openqa.selenium.remote.RemoteWebDriver.findElement(RemoteWebDriver.java:344)
	at org.openqa.selenium.support.pagefactory.DefaultElementLocator.findElement(DefaultElementLocator.java:70)
	at org.openqa.selenium.support.pagefactory.internal.LocatingElementHandler.invoke(LocatingElementHandler.java:39)
	at jdk.proxy2/jdk.proxy2.$Proxy16.click(Unknown Source)
	at Pages.CCF_DropdownsValidation.ApprovalDDList(CCF_DropdownsValidation.java:486)
	at TestCases.CCF_DropdownsTesting.ApprovalDDListTest(CCF_DropdownsTesting.java:114)
	at java.base/jdk.internal.reflect.NativeMethodAccessorImpl.invoke0(Native Method)
	at java.base/jdk.internal.reflect.NativeMethodAccessorImpl.invoke(NativeMethodAccessorImpl.java:77)
	at java.base/jdk.internal.reflect.DelegatingMethodAccessorImpl.invoke(DelegatingMethodAccessorImpl.java:43)
	at java.base/java.lang.reflect.Method.invoke(Method.java:568)
	at org.testng.internal.MethodInvocationHelper.invokeMethod(MethodInvocationHelper.java:133)
	at org.testng.internal.TestInvoker.invokeMethod(TestInvoker.java:598)
	at org.testng.internal.TestInvoker.invokeTestMethod(TestInvoker.java:173)
	at org.testng.internal.MethodRunner.runInSequence(MethodRunner.java:46)
	at org.testng.internal.TestInvoker$MethodInvocationAgent.invoke(TestInvoker.java:824)
	at org.testng.internal.TestInvoker.invokeTestMethods(TestInvoker.java:146)
	at org.testng.internal.TestMethodWorker.invokeTestMethods(TestMethodWorker.java:146)
	at org.testng.internal.TestMethodWorker.run(TestMethodWorker.java:128)
	at java.base/java.util.ArrayList.forEach(ArrayList.java:1511)
	at org.testng.TestRunner.privateRun(TestRunner.java:794)
	at org.testng.TestRunner.run(TestRunner.java:596)
	at org.testng.SuiteRunner.runTest(SuiteRunner.java:377)
	at org.testng.SuiteRunner.runSequentially(SuiteRunner.java:371)
	at org.testng.SuiteRunner.privateRun(SuiteRunner.java:332)
	at org.testng.SuiteRunner.run(SuiteRunner.java:276)
	at org.testng.SuiteRunnerWorker.runSuite(SuiteRunnerWorker.java:53)
	at org.testng.SuiteRunnerWorker.run(SuiteRunnerWorker.java:96)
	at org.testng.TestNG.runSuitesSequentially(TestNG.java:1212)
	at org.testng.TestNG.runSuitesSequentially(TestNG.java:1207)
	at org.testng.TestNG.runSuitesLocally(TestNG.java:1134)
	at org.testng.TestNG.runSuites(TestNG.java:1063)
	at org.testng.TestNG.run(TestNG.java:1031)
	at org.testng.remote.AbstractRemoteTestNG.run(AbstractRemoteTestNG.java:115)
	at org.testng.remote.RemoteTestNG.initAndRun(RemoteTestNG.java:251)
	at org.testng.remote.RemoteTestNG.main(RemoteTestNG.java:77)
</pre></div></td>
<td>6</td>
<td>TestCases.CCF_DropdownsTesting@2abf4075</td></tr>
<tr>
<td title='TestCases.CM_DropdownsTesting.ChannelModelDDTest()'><b>ChannelModelDDTest</b><br>Test class: TestCases.CM_DropdownsTesting</td>
<td><div><pre>org.openqa.selenium.NoSuchElementException: no such element: Unable to locate element: {&quot;method&quot;:&quot;xpath&quot;,&quot;selector&quot;:&quot;//select[@aria-label=&apos;Channel Model&apos;]&quot;}
  (Session info: chrome=126.0.6478.115)
For documentation on this error, please visit: https://selenium.dev/exceptions/#no_such_element
Build info: version: &apos;4.9.1&apos;, revision: &apos;eb2032df7f&apos;
System info: os.name: &apos;Windows 11&apos;, os.arch: &apos;amd64&apos;, os.version: &apos;10.0&apos;, java.version: &apos;17.0.9&apos;
Driver info: org.openqa.selenium.chrome.ChromeDriver
Command: [9700cb23a09927d9bce8fb8fbfcf42e4, findElement {using=xpath, value=//select[@aria-label=&apos;Channel Model&apos;]}]
Capabilities {acceptInsecureCerts: true, browserName: chrome, browserVersion: 126.0.6478.115, chrome: {chromedriverVersion: 126.0.6478.63 (df799988fdc9..., userDataDir: C:\Users\SOPAN~1.GAY\AppDat...}, fedcm:accounts: true, goog:chromeOptions: {debuggerAddress: localhost:64135}, networkConnectionEnabled: false, pageLoadStrategy: normal, platformName: windows, proxy: Proxy(), se:cdp: ws://localhost:64135/devtoo..., se:cdpVersion: 126.0.6478.115, setWindowRect: true, strictFileInteractability: false, timeouts: {implicit: 0, pageLoad: 300000, script: 30000}, unhandledPromptBehavior: dismiss and notify, webauthn:extension:credBlob: true, webauthn:extension:largeBlob: true, webauthn:extension:minPinLength: true, webauthn:extension:prf: true, webauthn:virtualAuthenticators: true}
Session ID: 9700cb23a09927d9bce8fb8fbfcf42e4
	at org.openqa.selenium.remote.codec.w3c.W3CHttpResponseCodec.createException(W3CHttpResponseCodec.java:200)
	at org.openqa.selenium.remote.codec.w3c.W3CHttpResponseCodec.decode(W3CHttpResponseCodec.java:133)
	at org.openqa.selenium.remote.codec.w3c.W3CHttpResponseCodec.decode(W3CHttpResponseCodec.java:53)
	at org.openqa.selenium.remote.HttpCommandExecutor.execute(HttpCommandExecutor.java:193)
	at org.openqa.selenium.remote.service.DriverCommandExecutor.invokeExecute(DriverCommandExecutor.java:183)
	at org.openqa.selenium.remote.service.DriverCommandExecutor.execute(DriverCommandExecutor.java:158)
	at org.openqa.selenium.remote.RemoteWebDriver.execute(RemoteWebDriver.java:543)
	at org.openqa.selenium.remote.ElementLocation$ElementFinder$2.findElement(ElementLocation.java:162)
	at org.openqa.selenium.remote.ElementLocation.findElement(ElementLocation.java:60)
	at org.openqa.selenium.remote.RemoteWebDriver.findElement(RemoteWebDriver.java:352)
	at org.openqa.selenium.remote.RemoteWebDriver.findElement(RemoteWebDriver.java:344)
	at Pages.CM_DropdownsValidation.ChannelModelDD(CM_DropdownsValidation.java:344)
	at TestCases.CM_DropdownsTesting.ChannelModelDDTest(CM_DropdownsTesting.java:90)
	at java.base/java.util.ArrayList.forEach(ArrayList.java:1511)
... Removed 33 stack frames</pre></div><a href='#' onClick='toggleBox("stack-trace2146077506", this, "Click to show all stack frames", "Click to hide stack frames")'>Click to show all stack frames</a>
<div class='stack-trace' id='stack-trace2146077506'><pre>org.openqa.selenium.NoSuchElementException: no such element: Unable to locate element: {&quot;method&quot;:&quot;xpath&quot;,&quot;selector&quot;:&quot;//select[@aria-label=&apos;Channel Model&apos;]&quot;}
  (Session info: chrome=126.0.6478.115)
For documentation on this error, please visit: https://selenium.dev/exceptions/#no_such_element
Build info: version: &apos;4.9.1&apos;, revision: &apos;eb2032df7f&apos;
System info: os.name: &apos;Windows 11&apos;, os.arch: &apos;amd64&apos;, os.version: &apos;10.0&apos;, java.version: &apos;17.0.9&apos;
Driver info: org.openqa.selenium.chrome.ChromeDriver
Command: [9700cb23a09927d9bce8fb8fbfcf42e4, findElement {using=xpath, value=//select[@aria-label=&apos;Channel Model&apos;]}]
Capabilities {acceptInsecureCerts: true, browserName: chrome, browserVersion: 126.0.6478.115, chrome: {chromedriverVersion: 126.0.6478.63 (df799988fdc9..., userDataDir: C:\Users\SOPAN~1.GAY\AppDat...}, fedcm:accounts: true, goog:chromeOptions: {debuggerAddress: localhost:64135}, networkConnectionEnabled: false, pageLoadStrategy: normal, platformName: windows, proxy: Proxy(), se:cdp: ws://localhost:64135/devtoo..., se:cdpVersion: 126.0.6478.115, setWindowRect: true, strictFileInteractability: false, timeouts: {implicit: 0, pageLoad: 300000, script: 30000}, unhandledPromptBehavior: dismiss and notify, webauthn:extension:credBlob: true, webauthn:extension:largeBlob: true, webauthn:extension:minPinLength: true, webauthn:extension:prf: true, webauthn:virtualAuthenticators: true}
Session ID: 9700cb23a09927d9bce8fb8fbfcf42e4
	at java.base/jdk.internal.reflect.NativeConstructorAccessorImpl.newInstance0(Native Method)
	at java.base/jdk.internal.reflect.NativeConstructorAccessorImpl.newInstance(NativeConstructorAccessorImpl.java:77)
	at java.base/jdk.internal.reflect.DelegatingConstructorAccessorImpl.newInstance(DelegatingConstructorAccessorImpl.java:45)
	at java.base/java.lang.reflect.Constructor.newInstanceWithCaller(Constructor.java:499)
	at java.base/java.lang.reflect.Constructor.newInstance(Constructor.java:480)
	at org.openqa.selenium.remote.codec.w3c.W3CHttpResponseCodec.createException(W3CHttpResponseCodec.java:200)
	at org.openqa.selenium.remote.codec.w3c.W3CHttpResponseCodec.decode(W3CHttpResponseCodec.java:133)
	at org.openqa.selenium.remote.codec.w3c.W3CHttpResponseCodec.decode(W3CHttpResponseCodec.java:53)
	at org.openqa.selenium.remote.HttpCommandExecutor.execute(HttpCommandExecutor.java:193)
	at org.openqa.selenium.remote.service.DriverCommandExecutor.invokeExecute(DriverCommandExecutor.java:183)
	at org.openqa.selenium.remote.service.DriverCommandExecutor.execute(DriverCommandExecutor.java:158)
	at org.openqa.selenium.remote.RemoteWebDriver.execute(RemoteWebDriver.java:543)
	at org.openqa.selenium.remote.ElementLocation$ElementFinder$2.findElement(ElementLocation.java:162)
	at org.openqa.selenium.remote.ElementLocation.findElement(ElementLocation.java:60)
	at org.openqa.selenium.remote.RemoteWebDriver.findElement(RemoteWebDriver.java:352)
	at org.openqa.selenium.remote.RemoteWebDriver.findElement(RemoteWebDriver.java:344)
	at Pages.CM_DropdownsValidation.ChannelModelDD(CM_DropdownsValidation.java:344)
	at TestCases.CM_DropdownsTesting.ChannelModelDDTest(CM_DropdownsTesting.java:90)
	at java.base/jdk.internal.reflect.NativeMethodAccessorImpl.invoke0(Native Method)
	at java.base/jdk.internal.reflect.NativeMethodAccessorImpl.invoke(NativeMethodAccessorImpl.java:77)
	at java.base/jdk.internal.reflect.DelegatingMethodAccessorImpl.invoke(DelegatingMethodAccessorImpl.java:43)
	at java.base/java.lang.reflect.Method.invoke(Method.java:568)
	at org.testng.internal.MethodInvocationHelper.invokeMethod(MethodInvocationHelper.java:133)
	at org.testng.internal.TestInvoker.invokeMethod(TestInvoker.java:598)
	at org.testng.internal.TestInvoker.invokeTestMethod(TestInvoker.java:173)
	at org.testng.internal.MethodRunner.runInSequence(MethodRunner.java:46)
	at org.testng.internal.TestInvoker$MethodInvocationAgent.invoke(TestInvoker.java:824)
	at org.testng.internal.TestInvoker.invokeTestMethods(TestInvoker.java:146)
	at org.testng.internal.TestMethodWorker.invokeTestMethods(TestMethodWorker.java:146)
	at org.testng.internal.TestMethodWorker.run(TestMethodWorker.java:128)
	at java.base/java.util.ArrayList.forEach(ArrayList.java:1511)
	at org.testng.TestRunner.privateRun(TestRunner.java:794)
	at org.testng.TestRunner.run(TestRunner.java:596)
	at org.testng.SuiteRunner.runTest(SuiteRunner.java:377)
	at org.testng.SuiteRunner.runSequentially(SuiteRunner.java:371)
	at org.testng.SuiteRunner.privateRun(SuiteRunner.java:332)
	at org.testng.SuiteRunner.run(SuiteRunner.java:276)
	at org.testng.SuiteRunnerWorker.runSuite(SuiteRunnerWorker.java:53)
	at org.testng.SuiteRunnerWorker.run(SuiteRunnerWorker.java:96)
	at org.testng.TestNG.runSuitesSequentially(TestNG.java:1212)
	at org.testng.TestNG.runSuitesSequentially(TestNG.java:1207)
	at org.testng.TestNG.runSuitesLocally(TestNG.java:1134)
	at org.testng.TestNG.runSuites(TestNG.java:1063)
	at org.testng.TestNG.run(TestNG.java:1031)
	at org.testng.remote.AbstractRemoteTestNG.run(AbstractRemoteTestNG.java:115)
	at org.testng.remote.RemoteTestNG.initAndRun(RemoteTestNG.java:251)
	at org.testng.remote.RemoteTestNG.main(RemoteTestNG.java:77)
</pre></div></td>
<td>6</td>
<td>TestCases.CM_DropdownsTesting@3972a855</td></tr>
<tr>
<td title='TestCases.FPM_DropdownsTesting.NameofBroadcasterTest()'><b>NameofBroadcasterTest</b><br>Test class: TestCases.FPM_DropdownsTesting</td>
<td><div><pre>java.lang.Exception: Failed because List are not Matching
	at Pages.FPM_DropdownsValidation.NameofBroadcasterDD(FPM_DropdownsValidation.java:122)
	at TestCases.FPM_DropdownsTesting.NameofBroadcasterTest(FPM_DropdownsTesting.java:43)
	at java.base/java.util.ArrayList.forEach(ArrayList.java:1511)
... Removed 28 stack frames</pre></div><a href='#' onClick='toggleBox("stack-trace1479606876", this, "Click to show all stack frames", "Click to hide stack frames")'>Click to show all stack frames</a>
<div class='stack-trace' id='stack-trace1479606876'><pre>java.lang.Exception: Failed because List are not Matching
	at Pages.FPM_DropdownsValidation.NameofBroadcasterDD(FPM_DropdownsValidation.java:122)
	at TestCases.FPM_DropdownsTesting.NameofBroadcasterTest(FPM_DropdownsTesting.java:43)
	at java.base/jdk.internal.reflect.NativeMethodAccessorImpl.invoke0(Native Method)
	at java.base/jdk.internal.reflect.NativeMethodAccessorImpl.invoke(NativeMethodAccessorImpl.java:77)
	at java.base/jdk.internal.reflect.DelegatingMethodAccessorImpl.invoke(DelegatingMethodAccessorImpl.java:43)
	at java.base/java.lang.reflect.Method.invoke(Method.java:568)
	at org.testng.internal.MethodInvocationHelper.invokeMethod(MethodInvocationHelper.java:133)
	at org.testng.internal.TestInvoker.invokeMethod(TestInvoker.java:598)
	at org.testng.internal.TestInvoker.invokeTestMethod(TestInvoker.java:173)
	at org.testng.internal.MethodRunner.runInSequence(MethodRunner.java:46)
	at org.testng.internal.TestInvoker$MethodInvocationAgent.invoke(TestInvoker.java:824)
	at org.testng.internal.TestInvoker.invokeTestMethods(TestInvoker.java:146)
	at org.testng.internal.TestMethodWorker.invokeTestMethods(TestMethodWorker.java:146)
	at org.testng.internal.TestMethodWorker.run(TestMethodWorker.java:128)
	at java.base/java.util.ArrayList.forEach(ArrayList.java:1511)
	at org.testng.TestRunner.privateRun(TestRunner.java:794)
	at org.testng.TestRunner.run(TestRunner.java:596)
	at org.testng.SuiteRunner.runTest(SuiteRunner.java:377)
	at org.testng.SuiteRunner.runSequentially(SuiteRunner.java:371)
	at org.testng.SuiteRunner.privateRun(SuiteRunner.java:332)
	at org.testng.SuiteRunner.run(SuiteRunner.java:276)
	at org.testng.SuiteRunnerWorker.runSuite(SuiteRunnerWorker.java:53)
	at org.testng.SuiteRunnerWorker.run(SuiteRunnerWorker.java:96)
	at org.testng.TestNG.runSuitesSequentially(TestNG.java:1212)
	at org.testng.TestNG.runSuitesSequentially(TestNG.java:1207)
	at org.testng.TestNG.runSuitesLocally(TestNG.java:1134)
	at org.testng.TestNG.runSuites(TestNG.java:1063)
	at org.testng.TestNG.run(TestNG.java:1031)
	at org.testng.remote.AbstractRemoteTestNG.run(AbstractRemoteTestNG.java:115)
	at org.testng.remote.RemoteTestNG.initAndRun(RemoteTestNG.java:251)
	at org.testng.remote.RemoteTestNG.main(RemoteTestNG.java:77)
</pre></div></td>
<td>4</td>
<td>TestCases.FPM_DropdownsTesting@503d687a</td></tr>
<tr>
<td title='TestCases.CM_DropdownsTesting.NameOfBroadcasterDDTest()'><b>NameOfBroadcasterDDTest</b><br>Test class: TestCases.CM_DropdownsTesting</td>
<td><div><pre>java.lang.Exception: Failed because List are not Matching
	at Pages.CM_DropdownsValidation.NameOfBroadcasterDD(CM_DropdownsValidation.java:90)
	at TestCases.CM_DropdownsTesting.NameOfBroadcasterDDTest(CM_DropdownsTesting.java:36)
	at java.base/java.util.ArrayList.forEach(ArrayList.java:1511)
... Removed 28 stack frames</pre></div><a href='#' onClick='toggleBox("stack-trace1249135098", this, "Click to show all stack frames", "Click to hide stack frames")'>Click to show all stack frames</a>
<div class='stack-trace' id='stack-trace1249135098'><pre>java.lang.Exception: Failed because List are not Matching
	at Pages.CM_DropdownsValidation.NameOfBroadcasterDD(CM_DropdownsValidation.java:90)
	at TestCases.CM_DropdownsTesting.NameOfBroadcasterDDTest(CM_DropdownsTesting.java:36)
	at java.base/jdk.internal.reflect.NativeMethodAccessorImpl.invoke0(Native Method)
	at java.base/jdk.internal.reflect.NativeMethodAccessorImpl.invoke(NativeMethodAccessorImpl.java:77)
	at java.base/jdk.internal.reflect.DelegatingMethodAccessorImpl.invoke(DelegatingMethodAccessorImpl.java:43)
	at java.base/java.lang.reflect.Method.invoke(Method.java:568)
	at org.testng.internal.MethodInvocationHelper.invokeMethod(MethodInvocationHelper.java:133)
	at org.testng.internal.TestInvoker.invokeMethod(TestInvoker.java:598)
	at org.testng.internal.TestInvoker.invokeTestMethod(TestInvoker.java:173)
	at org.testng.internal.MethodRunner.runInSequence(MethodRunner.java:46)
	at org.testng.internal.TestInvoker$MethodInvocationAgent.invoke(TestInvoker.java:824)
	at org.testng.internal.TestInvoker.invokeTestMethods(TestInvoker.java:146)
	at org.testng.internal.TestMethodWorker.invokeTestMethods(TestMethodWorker.java:146)
	at org.testng.internal.TestMethodWorker.run(TestMethodWorker.java:128)
	at java.base/java.util.ArrayList.forEach(ArrayList.java:1511)
	at org.testng.TestRunner.privateRun(TestRunner.java:794)
	at org.testng.TestRunner.run(TestRunner.java:596)
	at org.testng.SuiteRunner.runTest(SuiteRunner.java:377)
	at org.testng.SuiteRunner.runSequentially(SuiteRunner.java:371)
	at org.testng.SuiteRunner.privateRun(SuiteRunner.java:332)
	at org.testng.SuiteRunner.run(SuiteRunner.java:276)
	at org.testng.SuiteRunnerWorker.runSuite(SuiteRunnerWorker.java:53)
	at org.testng.SuiteRunnerWorker.run(SuiteRunnerWorker.java:96)
	at org.testng.TestNG.runSuitesSequentially(TestNG.java:1212)
	at org.testng.TestNG.runSuitesSequentially(TestNG.java:1207)
	at org.testng.TestNG.runSuitesLocally(TestNG.java:1134)
	at org.testng.TestNG.runSuites(TestNG.java:1063)
	at org.testng.TestNG.run(TestNG.java:1031)
	at org.testng.remote.AbstractRemoteTestNG.run(AbstractRemoteTestNG.java:115)
	at org.testng.remote.RemoteTestNG.initAndRun(RemoteTestNG.java:251)
	at org.testng.remote.RemoteTestNG.main(RemoteTestNG.java:77)
</pre></div></td>
<td>3</td>
<td>TestCases.CM_DropdownsTesting@3972a855</td></tr>
<tr>
<td title='TestCases.CM_DropdownsTesting.ChannelMasterDropdownList()'><b>ChannelMasterDropdownList</b><br>Test class: TestCases.CM_DropdownsTesting</td>
<td><div><pre>java.lang.Exception: Failed because List are not Matching
	at Pages.CM_DropdownsValidation.ChannelMasterDropdownList(CM_DropdownsValidation.java:59)
	at TestCases.CM_DropdownsTesting.ChannelMasterDropdownList(CM_DropdownsTesting.java:30)
	at java.base/java.util.ArrayList.forEach(ArrayList.java:1511)
... Removed 28 stack frames</pre></div><a href='#' onClick='toggleBox("stack-trace425476163", this, "Click to show all stack frames", "Click to hide stack frames")'>Click to show all stack frames</a>
<div class='stack-trace' id='stack-trace425476163'><pre>java.lang.Exception: Failed because List are not Matching
	at Pages.CM_DropdownsValidation.ChannelMasterDropdownList(CM_DropdownsValidation.java:59)
	at TestCases.CM_DropdownsTesting.ChannelMasterDropdownList(CM_DropdownsTesting.java:30)
	at java.base/jdk.internal.reflect.NativeMethodAccessorImpl.invoke0(Native Method)
	at java.base/jdk.internal.reflect.NativeMethodAccessorImpl.invoke(NativeMethodAccessorImpl.java:77)
	at java.base/jdk.internal.reflect.DelegatingMethodAccessorImpl.invoke(DelegatingMethodAccessorImpl.java:43)
	at java.base/java.lang.reflect.Method.invoke(Method.java:568)
	at org.testng.internal.MethodInvocationHelper.invokeMethod(MethodInvocationHelper.java:133)
	at org.testng.internal.TestInvoker.invokeMethod(TestInvoker.java:598)
	at org.testng.internal.TestInvoker.invokeTestMethod(TestInvoker.java:173)
	at org.testng.internal.MethodRunner.runInSequence(MethodRunner.java:46)
	at org.testng.internal.TestInvoker$MethodInvocationAgent.invoke(TestInvoker.java:824)
	at org.testng.internal.TestInvoker.invokeTestMethods(TestInvoker.java:146)
	at org.testng.internal.TestMethodWorker.invokeTestMethods(TestMethodWorker.java:146)
	at org.testng.internal.TestMethodWorker.run(TestMethodWorker.java:128)
	at java.base/java.util.ArrayList.forEach(ArrayList.java:1511)
	at org.testng.TestRunner.privateRun(TestRunner.java:794)
	at org.testng.TestRunner.run(TestRunner.java:596)
	at org.testng.SuiteRunner.runTest(SuiteRunner.java:377)
	at org.testng.SuiteRunner.runSequentially(SuiteRunner.java:371)
	at org.testng.SuiteRunner.privateRun(SuiteRunner.java:332)
	at org.testng.SuiteRunner.run(SuiteRunner.java:276)
	at org.testng.SuiteRunnerWorker.runSuite(SuiteRunnerWorker.java:53)
	at org.testng.SuiteRunnerWorker.run(SuiteRunnerWorker.java:96)
	at org.testng.TestNG.runSuitesSequentially(TestNG.java:1212)
	at org.testng.TestNG.runSuitesSequentially(TestNG.java:1207)
	at org.testng.TestNG.runSuitesLocally(TestNG.java:1134)
	at org.testng.TestNG.runSuites(TestNG.java:1063)
	at org.testng.TestNG.run(TestNG.java:1031)
	at org.testng.remote.AbstractRemoteTestNG.run(AbstractRemoteTestNG.java:115)
	at org.testng.remote.RemoteTestNG.initAndRun(RemoteTestNG.java:251)
	at org.testng.remote.RemoteTestNG.main(RemoteTestNG.java:77)
</pre></div></td>
<td>3</td>
<td>TestCases.CM_DropdownsTesting@3972a855</td></tr>
<tr>
<td title='TestCases.CM_DropdownsTesting.TypeofChannelDDTest()'><b>TypeofChannelDDTest</b><br>Test class: TestCases.CM_DropdownsTesting</td>
<td><div><pre>org.openqa.selenium.NoSuchElementException: no such element: Unable to locate element: {&quot;method&quot;:&quot;xpath&quot;,&quot;selector&quot;:&quot;//select[@aria-label=&apos;Type of Channel&apos;]&quot;}
  (Session info: chrome=126.0.6478.115)
For documentation on this error, please visit: https://selenium.dev/exceptions/#no_such_element
Build info: version: &apos;4.9.1&apos;, revision: &apos;eb2032df7f&apos;
System info: os.name: &apos;Windows 11&apos;, os.arch: &apos;amd64&apos;, os.version: &apos;10.0&apos;, java.version: &apos;17.0.9&apos;
Driver info: org.openqa.selenium.chrome.ChromeDriver
Command: [98eb5b4b434fea9527c365b809f3aa19, findElement {using=xpath, value=//select[@aria-label=&apos;Type of Channel&apos;]}]
Capabilities {acceptInsecureCerts: true, browserName: chrome, browserVersion: 126.0.6478.115, chrome: {chromedriverVersion: 126.0.6478.63 (df799988fdc9..., userDataDir: C:\Users\SOPAN~1.GAY\AppDat...}, fedcm:accounts: true, goog:chromeOptions: {debuggerAddress: localhost:64516}, networkConnectionEnabled: false, pageLoadStrategy: normal, platformName: windows, proxy: Proxy(), se:cdp: ws://localhost:64516/devtoo..., se:cdpVersion: 126.0.6478.115, setWindowRect: true, strictFileInteractability: false, timeouts: {implicit: 0, pageLoad: 300000, script: 30000}, unhandledPromptBehavior: dismiss and notify, webauthn:extension:credBlob: true, webauthn:extension:largeBlob: true, webauthn:extension:minPinLength: true, webauthn:extension:prf: true, webauthn:virtualAuthenticators: true}
Session ID: 98eb5b4b434fea9527c365b809f3aa19
	at org.openqa.selenium.remote.codec.w3c.W3CHttpResponseCodec.createException(W3CHttpResponseCodec.java:200)
	at org.openqa.selenium.remote.codec.w3c.W3CHttpResponseCodec.decode(W3CHttpResponseCodec.java:133)
	at org.openqa.selenium.remote.codec.w3c.W3CHttpResponseCodec.decode(W3CHttpResponseCodec.java:53)
	at org.openqa.selenium.remote.HttpCommandExecutor.execute(HttpCommandExecutor.java:193)
	at org.openqa.selenium.remote.service.DriverCommandExecutor.invokeExecute(DriverCommandExecutor.java:183)
	at org.openqa.selenium.remote.service.DriverCommandExecutor.execute(DriverCommandExecutor.java:158)
	at org.openqa.selenium.remote.RemoteWebDriver.execute(RemoteWebDriver.java:543)
	at org.openqa.selenium.remote.ElementLocation$ElementFinder$2.findElement(ElementLocation.java:162)
	at org.openqa.selenium.remote.ElementLocation.findElement(ElementLocation.java:60)
	at org.openqa.selenium.remote.RemoteWebDriver.findElement(RemoteWebDriver.java:352)
	at org.openqa.selenium.remote.RemoteWebDriver.findElement(RemoteWebDriver.java:344)
	at Pages.CM_DropdownsValidation.TypeofChannelDD(CM_DropdownsValidation.java:127)
	at TestCases.CM_DropdownsTesting.TypeofChannelDDTest(CM_DropdownsTesting.java:48)
	at java.base/java.util.ArrayList.forEach(ArrayList.java:1511)
... Removed 33 stack frames</pre></div><a href='#' onClick='toggleBox("stack-trace1566914250", this, "Click to show all stack frames", "Click to hide stack frames")'>Click to show all stack frames</a>
<div class='stack-trace' id='stack-trace1566914250'><pre>org.openqa.selenium.NoSuchElementException: no such element: Unable to locate element: {&quot;method&quot;:&quot;xpath&quot;,&quot;selector&quot;:&quot;//select[@aria-label=&apos;Type of Channel&apos;]&quot;}
  (Session info: chrome=126.0.6478.115)
For documentation on this error, please visit: https://selenium.dev/exceptions/#no_such_element
Build info: version: &apos;4.9.1&apos;, revision: &apos;eb2032df7f&apos;
System info: os.name: &apos;Windows 11&apos;, os.arch: &apos;amd64&apos;, os.version: &apos;10.0&apos;, java.version: &apos;17.0.9&apos;
Driver info: org.openqa.selenium.chrome.ChromeDriver
Command: [98eb5b4b434fea9527c365b809f3aa19, findElement {using=xpath, value=//select[@aria-label=&apos;Type of Channel&apos;]}]
Capabilities {acceptInsecureCerts: true, browserName: chrome, browserVersion: 126.0.6478.115, chrome: {chromedriverVersion: 126.0.6478.63 (df799988fdc9..., userDataDir: C:\Users\SOPAN~1.GAY\AppDat...}, fedcm:accounts: true, goog:chromeOptions: {debuggerAddress: localhost:64516}, networkConnectionEnabled: false, pageLoadStrategy: normal, platformName: windows, proxy: Proxy(), se:cdp: ws://localhost:64516/devtoo..., se:cdpVersion: 126.0.6478.115, setWindowRect: true, strictFileInteractability: false, timeouts: {implicit: 0, pageLoad: 300000, script: 30000}, unhandledPromptBehavior: dismiss and notify, webauthn:extension:credBlob: true, webauthn:extension:largeBlob: true, webauthn:extension:minPinLength: true, webauthn:extension:prf: true, webauthn:virtualAuthenticators: true}
Session ID: 98eb5b4b434fea9527c365b809f3aa19
	at java.base/jdk.internal.reflect.NativeConstructorAccessorImpl.newInstance0(Native Method)
	at java.base/jdk.internal.reflect.NativeConstructorAccessorImpl.newInstance(NativeConstructorAccessorImpl.java:77)
	at java.base/jdk.internal.reflect.DelegatingConstructorAccessorImpl.newInstance(DelegatingConstructorAccessorImpl.java:45)
	at java.base/java.lang.reflect.Constructor.newInstanceWithCaller(Constructor.java:499)
	at java.base/java.lang.reflect.Constructor.newInstance(Constructor.java:480)
	at org.openqa.selenium.remote.codec.w3c.W3CHttpResponseCodec.createException(W3CHttpResponseCodec.java:200)
	at org.openqa.selenium.remote.codec.w3c.W3CHttpResponseCodec.decode(W3CHttpResponseCodec.java:133)
	at org.openqa.selenium.remote.codec.w3c.W3CHttpResponseCodec.decode(W3CHttpResponseCodec.java:53)
	at org.openqa.selenium.remote.HttpCommandExecutor.execute(HttpCommandExecutor.java:193)
	at org.openqa.selenium.remote.service.DriverCommandExecutor.invokeExecute(DriverCommandExecutor.java:183)
	at org.openqa.selenium.remote.service.DriverCommandExecutor.execute(DriverCommandExecutor.java:158)
	at org.openqa.selenium.remote.RemoteWebDriver.execute(RemoteWebDriver.java:543)
	at org.openqa.selenium.remote.ElementLocation$ElementFinder$2.findElement(ElementLocation.java:162)
	at org.openqa.selenium.remote.ElementLocation.findElement(ElementLocation.java:60)
	at org.openqa.selenium.remote.RemoteWebDriver.findElement(RemoteWebDriver.java:352)
	at org.openqa.selenium.remote.RemoteWebDriver.findElement(RemoteWebDriver.java:344)
	at Pages.CM_DropdownsValidation.TypeofChannelDD(CM_DropdownsValidation.java:127)
	at TestCases.CM_DropdownsTesting.TypeofChannelDDTest(CM_DropdownsTesting.java:48)
	at java.base/jdk.internal.reflect.NativeMethodAccessorImpl.invoke0(Native Method)
	at java.base/jdk.internal.reflect.NativeMethodAccessorImpl.invoke(NativeMethodAccessorImpl.java:77)
	at java.base/jdk.internal.reflect.DelegatingMethodAccessorImpl.invoke(DelegatingMethodAccessorImpl.java:43)
	at java.base/java.lang.reflect.Method.invoke(Method.java:568)
	at org.testng.internal.MethodInvocationHelper.invokeMethod(MethodInvocationHelper.java:133)
	at org.testng.internal.TestInvoker.invokeMethod(TestInvoker.java:598)
	at org.testng.internal.TestInvoker.invokeTestMethod(TestInvoker.java:173)
	at org.testng.internal.MethodRunner.runInSequence(MethodRunner.java:46)
	at org.testng.internal.TestInvoker$MethodInvocationAgent.invoke(TestInvoker.java:824)
	at org.testng.internal.TestInvoker.invokeTestMethods(TestInvoker.java:146)
	at org.testng.internal.TestMethodWorker.invokeTestMethods(TestMethodWorker.java:146)
	at org.testng.internal.TestMethodWorker.run(TestMethodWorker.java:128)
	at java.base/java.util.ArrayList.forEach(ArrayList.java:1511)
	at org.testng.TestRunner.privateRun(TestRunner.java:794)
	at org.testng.TestRunner.run(TestRunner.java:596)
	at org.testng.SuiteRunner.runTest(SuiteRunner.java:377)
	at org.testng.SuiteRunner.runSequentially(SuiteRunner.java:371)
	at org.testng.SuiteRunner.privateRun(SuiteRunner.java:332)
	at org.testng.SuiteRunner.run(SuiteRunner.java:276)
	at org.testng.SuiteRunnerWorker.runSuite(SuiteRunnerWorker.java:53)
	at org.testng.SuiteRunnerWorker.run(SuiteRunnerWorker.java:96)
	at org.testng.TestNG.runSuitesSequentially(TestNG.java:1212)
	at org.testng.TestNG.runSuitesSequentially(TestNG.java:1207)
	at org.testng.TestNG.runSuitesLocally(TestNG.java:1134)
	at org.testng.TestNG.runSuites(TestNG.java:1063)
	at org.testng.TestNG.run(TestNG.java:1031)
	at org.testng.remote.AbstractRemoteTestNG.run(AbstractRemoteTestNG.java:115)
	at org.testng.remote.RemoteTestNG.initAndRun(RemoteTestNG.java:251)
	at org.testng.remote.RemoteTestNG.main(RemoteTestNG.java:77)
</pre></div></td>
<td>6</td>
<td>TestCases.CM_DropdownsTesting@3972a855</td></tr>
</table><p>
<table width='100%' border='1' class='invocation-passed'>
<tr><td colspan='4' align='center'><b>PASSED TESTS</b></td></tr>
<tr><td><b>Test method</b></td>
<td width="30%"><b>Exception</b></td>
<td width="10%"><b>Time (seconds)</b></td>
<td><b>Instance</b></td>
</tr>
<tr>
<td title='TestCases.PCF_DropdownsTesting.TypeofPackDD2Test()'><b>TypeofPackDD2Test</b><br>Test class: TestCases.PCF_DropdownsTesting</td>
<td></td>
<td>3</td>
<td>TestCases.PCF_DropdownsTesting@6a370f4</td></tr>
<tr>
<td title='TestCases.CM_DropdownsTesting.PayableFlagDDTest()'><b>PayableFlagDDTest</b><br>Test class: TestCases.CM_DropdownsTesting</td>
<td></td>
<td>2</td>
<td>TestCases.CM_DropdownsTesting@3972a855</td></tr>
<tr>
<td title='TestCases.PCF_DropdownsTesting.priorityDDTest()'><b>priorityDDTest</b><br>Test class: TestCases.PCF_DropdownsTesting</td>
<td></td>
<td>3</td>
<td>TestCases.PCF_DropdownsTesting@6a370f4</td></tr>
<tr>
<td title='TestCases.PCF_DropdownsTesting.RenewalallowedDDTest()'><b>RenewalallowedDDTest</b><br>Test class: TestCases.PCF_DropdownsTesting</td>
<td></td>
<td>4</td>
<td>TestCases.PCF_DropdownsTesting@6a370f4</td></tr>
<tr>
<td title='TestCases.PCF_DropdownsTesting.TypeofPackDDTest()'><b>TypeofPackDDTest</b><br>Test class: TestCases.PCF_DropdownsTesting</td>
<td></td>
<td>3</td>
<td>TestCases.PCF_DropdownsTesting@6a370f4</td></tr>
<tr>
<td title='TestCases.PCF_DropdownsTesting.EPGReviewDDTest()'><b>EPGReviewDDTest</b><br>Test class: TestCases.PCF_DropdownsTesting</td>
<td></td>
<td>3</td>
<td>TestCases.PCF_DropdownsTesting@6a370f4</td></tr>
<tr>
<td title='TestCases.CCF_DropdownsTesting.MarketingReviewDDTest()'><b>MarketingReviewDDTest</b><br>Test class: TestCases.CCF_DropdownsTesting</td>
<td></td>
<td>2</td>
<td>TestCases.CCF_DropdownsTesting@2abf4075</td></tr>
<tr>
<td title='TestCases.PCF_DropdownsTesting.RetrofitFlagDDTest()'><b>RetrofitFlagDDTest</b><br>Test class: TestCases.PCF_DropdownsTesting</td>
<td></td>
<td>3</td>
<td>TestCases.PCF_DropdownsTesting@6a370f4</td></tr>
<tr>
<td title='TestCases.CM_DropdownsTesting.ChannelStatusDDTest()'><b>ChannelStatusDDTest</b><br>Test class: TestCases.CM_DropdownsTesting</td>
<td></td>
<td>2</td>
<td>TestCases.CM_DropdownsTesting@3972a855</td></tr>
<tr>
<td title='TestCases.PCF_DropdownsTesting.EligibilityAccountTypeDDListTest()'><b>EligibilityAccountTypeDDListTest</b><br>Test class: TestCases.PCF_DropdownsTesting</td>
<td></td>
<td>4</td>
<td>TestCases.PCF_DropdownsTesting@6a370f4</td></tr>
<tr>
<td title='TestCases.CCF_DropdownsTesting.FunctionDepartmentDDTest()'><b>FunctionDepartmentDDTest</b><br>Test class: TestCases.CCF_DropdownsTesting</td>
<td></td>
<td>2</td>
<td>TestCases.CCF_DropdownsTesting@2abf4075</td></tr>
<tr>
<td title='TestCases.PCF_DropdownsTesting.SubscriptionNuanceDDTest()'><b>SubscriptionNuanceDDTest</b><br>Test class: TestCases.PCF_DropdownsTesting</td>
<td></td>
<td>3</td>
<td>TestCases.PCF_DropdownsTesting@6a370f4</td></tr>
<tr>
<td title='TestCases.FPM_DropdownsTesting.ToMadeinMSalesDDTest()'><b>ToMadeinMSalesDDTest</b><br>Test class: TestCases.FPM_DropdownsTesting</td>
<td></td>
<td>2</td>
<td>TestCases.FPM_DropdownsTesting@503d687a</td></tr>
<tr>
<td title='TestCases.FPM_DropdownsTesting.PackageDashboardDDTest()'><b>PackageDashboardDDTest</b><br>Test class: TestCases.FPM_DropdownsTesting</td>
<td></td>
<td>33</td>
<td>TestCases.FPM_DropdownsTesting@503d687a</td></tr>
<tr>
<td title='TestCases.PCF_DropdownsTesting.OfferFlagDDTest()'><b>OfferFlagDDTest</b><br>Test class: TestCases.PCF_DropdownsTesting</td>
<td></td>
<td>2</td>
<td>TestCases.PCF_DropdownsTesting@6a370f4</td></tr>
<tr>
<td title='TestCases.PCF_DropdownsTesting.ToMadeAvailableDDTest()'><b>ToMadeAvailableDDTest</b><br>Test class: TestCases.PCF_DropdownsTesting</td>
<td></td>
<td>3</td>
<td>TestCases.PCF_DropdownsTesting@6a370f4</td></tr>
<tr>
<td title='TestCases.PCF_DropdownsTesting.WebEnabledFlagDDTest()'><b>WebEnabledFlagDDTest</b><br>Test class: TestCases.PCF_DropdownsTesting</td>
<td></td>
<td>3</td>
<td>TestCases.PCF_DropdownsTesting@6a370f4</td></tr>
<tr>
<td title='TestCases.CCF_DropdownsTesting.MaterialToMaterialTest()'><b>MaterialToMaterialTest</b><br>Test class: TestCases.CCF_DropdownsTesting</td>
<td></td>
<td>2</td>
<td>TestCases.CCF_DropdownsTesting@2abf4075</td></tr>
<tr>
<td title='TestCases.PCF_DropdownsTesting.PackVariationDDTest()'><b>PackVariationDDTest</b><br>Test class: TestCases.PCF_DropdownsTesting</td>
<td></td>
<td>3</td>
<td>TestCases.PCF_DropdownsTesting@6a370f4</td></tr>
<tr>
<td title='TestCases.CCF_DropdownsTesting.ITReviewDD()'><b>ITReviewDD</b><br>Test class: TestCases.CCF_DropdownsTesting</td>
<td></td>
<td>2</td>
<td>TestCases.CCF_DropdownsTesting@2abf4075</td></tr>
<tr>
<td title='TestCases.CM_DropdownsTesting.PrimaryGenreDDTest()'><b>PrimaryGenreDDTest</b><br>Test class: TestCases.CM_DropdownsTesting</td>
<td></td>
<td>2</td>
<td>TestCases.CM_DropdownsTesting@3972a855</td></tr>
<tr>
<td title='TestCases.PCF_DropdownsTesting.SpecialNCFFlag()'><b>SpecialNCFFlag</b><br>Test class: TestCases.PCF_DropdownsTesting</td>
<td></td>
<td>3</td>
<td>TestCases.PCF_DropdownsTesting@6a370f4</td></tr>
<tr>
<td title='TestCases.CCF_DropdownsTesting.UATTabDDListTest()'><b>UATTabDDListTest</b><br>Test class: TestCases.CCF_DropdownsTesting</td>
<td></td>
<td>6</td>
<td>TestCases.CCF_DropdownsTesting@2abf4075</td></tr>
<tr>
<td title='TestCases.PCF_DropdownsTesting.AssociatePayingDD1Test()'><b>AssociatePayingDD1Test</b><br>Test class: TestCases.PCF_DropdownsTesting</td>
<td></td>
<td>3</td>
<td>TestCases.PCF_DropdownsTesting@6a370f4</td></tr>
<tr>
<td title='TestCases.PCF_DropdownsTesting.AnyBoxTypeValidationTest()'><b>AnyBoxTypeValidationTest</b><br>Test class: TestCases.PCF_DropdownsTesting</td>
<td></td>
<td>3</td>
<td>TestCases.PCF_DropdownsTesting@6a370f4</td></tr>
<tr>
<td title='TestCases.CM_DropdownsTesting.ReaddchannelDDTest()'><b>ReaddchannelDDTest</b><br>Test class: TestCases.CM_DropdownsTesting</td>
<td></td>
<td>2</td>
<td>TestCases.CM_DropdownsTesting@3972a855</td></tr>
<tr>
<td title='TestCases.FPM_DropdownsTesting.BackendPackMappingTabDropdownList()'><b>BackendPackMappingTabDropdownList</b><br>Test class: TestCases.FPM_DropdownsTesting</td>
<td></td>
<td>2</td>
<td>TestCases.FPM_DropdownsTesting@503d687a</td></tr>
<tr>
<td title='TestCases.PCF_DropdownsTesting.AvailableforDealersDD()'><b>AvailableforDealersDD</b><br>Test class: TestCases.PCF_DropdownsTesting</td>
<td></td>
<td>2</td>
<td>TestCases.PCF_DropdownsTesting@6a370f4</td></tr>
<tr>
<td title='TestCases.FPM_DropdownsTesting.SDHDDDTest()'><b>SDHDDDTest</b><br>Test class: TestCases.FPM_DropdownsTesting</td>
<td></td>
<td>3</td>
<td>TestCases.FPM_DropdownsTesting@503d687a</td></tr>
<tr>
<td title='TestCases.PCF_DropdownsTesting.PromotionalSchoolDD1Test()'><b>PromotionalSchoolDD1Test</b><br>Test class: TestCases.PCF_DropdownsTesting</td>
<td></td>
<td>3</td>
<td>TestCases.PCF_DropdownsTesting@6a370f4</td></tr>
<tr>
<td title='TestCases.PCF_DropdownsTesting.ChangeHistoryTabDDListTest()'><b>ChangeHistoryTabDDListTest</b><br>Test class: TestCases.PCF_DropdownsTesting</td>
<td></td>
<td>7</td>
<td>TestCases.PCF_DropdownsTesting@6a370f4</td></tr>
<tr>
<td title='TestCases.PCF_DropdownsTesting.AppEnabledFlagDDTest()'><b>AppEnabledFlagDDTest</b><br>Test class: TestCases.PCF_DropdownsTesting</td>
<td></td>
<td>3</td>
<td>TestCases.PCF_DropdownsTesting@6a370f4</td></tr>
<tr>
<td title='TestCases.FPM_DropdownsTesting.AnyBoxTypeDDTest()'><b>AnyBoxTypeDDTest</b><br>Test class: TestCases.FPM_DropdownsTesting</td>
<td></td>
<td>2</td>
<td>TestCases.FPM_DropdownsTesting@503d687a</td></tr>
<tr>
<td title='TestCases.PCF_DropdownsTesting.TypeofOfferDDTest()'><b>TypeofOfferDDTest</b><br>Test class: TestCases.PCF_DropdownsTesting</td>
<td></td>
<td>3</td>
<td>TestCases.PCF_DropdownsTesting@6a370f4</td></tr>
<tr>
<td title='TestCases.PCF_DropdownsTesting.DurationMonthlyDDTest()'><b>DurationMonthlyDDTest</b><br>Test class: TestCases.PCF_DropdownsTesting</td>
<td></td>
<td>3</td>
<td>TestCases.PCF_DropdownsTesting@6a370f4</td></tr>
<tr>
<td title='TestCases.PCF_DropdownsTesting.Employee1DD1Test()'><b>Employee1DD1Test</b><br>Test class: TestCases.PCF_DropdownsTesting</td>
<td></td>
<td>3</td>
<td>TestCases.PCF_DropdownsTesting@6a370f4</td></tr>
<tr>
<td title='TestCases.PCF_DropdownsTesting.TataPlayDD1Test()'><b>TataPlayDD1Test</b><br>Test class: TestCases.PCF_DropdownsTesting</td>
<td></td>
<td>3</td>
<td>TestCases.PCF_DropdownsTesting@6a370f4</td></tr>
<tr>
<td title='TestCases.CCF_DropdownsTesting.FoundInDDTest()'><b>FoundInDDTest</b><br>Test class: TestCases.CCF_DropdownsTesting</td>
<td></td>
<td>2</td>
<td>TestCases.CCF_DropdownsTesting@2abf4075</td></tr>
<tr>
<td title='TestCases.PCF_DropdownsTesting.FinanceReviewDDTest()'><b>FinanceReviewDDTest</b><br>Test class: TestCases.PCF_DropdownsTesting</td>
<td></td>
<td>3</td>
<td>TestCases.PCF_DropdownsTesting@6a370f4</td></tr>
<tr>
<td title='TestCases.FPM_DropdownsTesting.TypeofPackDDTest()'><b>TypeofPackDDTest</b><br>Test class: TestCases.FPM_DropdownsTesting</td>
<td></td>
<td>2</td>
<td>TestCases.FPM_DropdownsTesting@503d687a</td></tr>
<tr>
<td title='TestCases.FPM_DropdownsTesting.PDMProductLineDDTest()'><b>PDMProductLineDDTest</b><br>Test class: TestCases.FPM_DropdownsTesting</td>
<td></td>
<td>2</td>
<td>TestCases.FPM_DropdownsTesting@503d687a</td></tr>
<tr>
<td title='TestCases.PCF_DropdownsTesting.PackStructureDDTest()'><b>PackStructureDDTest</b><br>Test class: TestCases.PCF_DropdownsTesting</td>
<td></td>
<td>3</td>
<td>TestCases.PCF_DropdownsTesting@6a370f4</td></tr>
<tr>
<td title='TestCases.PCF_DropdownsTesting.severityDDTest()'><b>severityDDTest</b><br>Test class: TestCases.PCF_DropdownsTesting</td>
<td></td>
<td>3</td>
<td>TestCases.PCF_DropdownsTesting@6a370f4</td></tr>
<tr>
<td title='TestCases.PCF_DropdownsTesting.FieldServicesReviewDDTest()'><b>FieldServicesReviewDDTest</b><br>Test class: TestCases.PCF_DropdownsTesting</td>
<td></td>
<td>3</td>
<td>TestCases.PCF_DropdownsTesting@6a370f4</td></tr>
<tr>
<td title='TestCases.PCF_DropdownsTesting.UnitofMeasureDDTest()'><b>UnitofMeasureDDTest</b><br>Test class: TestCases.PCF_DropdownsTesting</td>
<td></td>
<td>3</td>
<td>TestCases.PCF_DropdownsTesting@6a370f4</td></tr>
<tr>
<td title='TestCases.PCF_DropdownsTesting.BroadcasterCategoryDDTest()'><b>BroadcasterCategoryDDTest</b><br>Test class: TestCases.PCF_DropdownsTesting</td>
<td></td>
<td>4</td>
<td>TestCases.PCF_DropdownsTesting@6a370f4</td></tr>
<tr>
<td title='TestCases.PCF_DropdownsTesting.AssociatePayingDD2Test()'><b>AssociatePayingDD2Test</b><br>Test class: TestCases.PCF_DropdownsTesting</td>
<td></td>
<td>3</td>
<td>TestCases.PCF_DropdownsTesting@6a370f4</td></tr>
<tr>
<td title='TestCases.PCF_DropdownsTesting.ReleaseDependencyDDTest()'><b>ReleaseDependencyDDTest</b><br>Test class: TestCases.PCF_DropdownsTesting</td>
<td></td>
<td>3</td>
<td>TestCases.PCF_DropdownsTesting@6a370f4</td></tr>
<tr>
<td title='TestCases.CCF_DropdownsTesting.MaterialCategoryDD()'><b>MaterialCategoryDD</b><br>Test class: TestCases.CCF_DropdownsTesting</td>
<td></td>
<td>2</td>
<td>TestCases.CCF_DropdownsTesting@2abf4075</td></tr>
<tr>
<td title='TestCases.CCF_DropdownsTesting.ITReviewDDListDDListTest()'><b>ITReviewDDListDDListTest</b><br>Test class: TestCases.CCF_DropdownsTesting</td>
<td></td>
<td>2</td>
<td>TestCases.CCF_DropdownsTesting@2abf4075</td></tr>
<tr>
<td title='TestCases.PCF_DropdownsTesting.SubscriptionAllowedDDTest()'><b>SubscriptionAllowedDDTest</b><br>Test class: TestCases.PCF_DropdownsTesting</td>
<td></td>
<td>3</td>
<td>TestCases.PCF_DropdownsTesting@6a370f4</td></tr>
<tr>
<td title='TestCases.CCF_DropdownsTesting.PlannedForDDTest()'><b>PlannedForDDTest</b><br>Test class: TestCases.CCF_DropdownsTesting</td>
<td></td>
<td>2</td>
<td>TestCases.CCF_DropdownsTesting@2abf4075</td></tr>
<tr>
<td title='TestCases.PCF_DropdownsTesting.DurationVariantDD()'><b>DurationVariantDD</b><br>Test class: TestCases.PCF_DropdownsTesting</td>
<td></td>
<td>3</td>
<td>TestCases.PCF_DropdownsTesting@6a370f4</td></tr>
<tr>
<td title='TestCases.CCF_DropdownsTesting.ReleaseDependencyDDTest()'><b>ReleaseDependencyDDTest</b><br>Test class: TestCases.CCF_DropdownsTesting</td>
<td></td>
<td>2</td>
<td>TestCases.CCF_DropdownsTesting@2abf4075</td></tr>
<tr>
<td title='TestCases.FPM_DropdownsTesting.RentalFlagDDTest()'><b>RentalFlagDDTest</b><br>Test class: TestCases.FPM_DropdownsTesting</td>
<td></td>
<td>3</td>
<td>TestCases.FPM_DropdownsTesting@503d687a</td></tr>
<tr>
<td title='TestCases.PCF_DropdownsTesting.BoxValidationmSalesDDTest()'><b>BoxValidationmSalesDDTest</b><br>Test class: TestCases.PCF_DropdownsTesting</td>
<td></td>
<td>3</td>
<td>TestCases.PCF_DropdownsTesting@6a370f4</td></tr>
<tr>
<td title='TestCases.FPM_DropdownsTesting.UnitOfMeasure2DDtest()'><b>UnitOfMeasure2DDtest</b><br>Test class: TestCases.FPM_DropdownsTesting</td>
<td></td>
<td>2</td>
<td>TestCases.FPM_DropdownsTesting@503d687a</td></tr>
<tr>
<td title='TestCases.PCF_DropdownsTesting.PDMProductLineDDTest()'><b>PDMProductLineDDTest</b><br>Test class: TestCases.PCF_DropdownsTesting</td>
<td></td>
<td>2</td>
<td>TestCases.PCF_DropdownsTesting@6a370f4</td></tr>
<tr>
<td title='TestCases.CCF_DropdownsTesting.AdditionalBusinessRulesDDListTest()'><b>AdditionalBusinessRulesDDListTest</b><br>Test class: TestCases.CCF_DropdownsTesting</td>
<td></td>
<td>6</td>
<td>TestCases.CCF_DropdownsTesting@2abf4075</td></tr>
<tr>
<td title='TestCases.FPM_DropdownsTesting.PayableFlagDDTest()'><b>PayableFlagDDTest</b><br>Test class: TestCases.FPM_DropdownsTesting</td>
<td></td>
<td>3</td>
<td>TestCases.FPM_DropdownsTesting@503d687a</td></tr>
<tr>
<td title='TestCases.FPM_DropdownsTesting.OfferTypeServicesDDtest()'><b>OfferTypeServicesDDtest</b><br>Test class: TestCases.FPM_DropdownsTesting</td>
<td></td>
<td>2</td>
<td>TestCases.FPM_DropdownsTesting@503d687a</td></tr>
<tr>
<td title='TestCases.PCF_DropdownsTesting.CatB3DD2Test()'><b>CatB3DD2Test</b><br>Test class: TestCases.PCF_DropdownsTesting</td>
<td></td>
<td>3</td>
<td>TestCases.PCF_DropdownsTesting@6a370f4</td></tr>
<tr>
<td title='TestCases.PCF_DropdownsTesting.SubscriptionallowedPRMDDTest()'><b>SubscriptionallowedPRMDDTest</b><br>Test class: TestCases.PCF_DropdownsTesting</td>
<td></td>
<td>2</td>
<td>TestCases.PCF_DropdownsTesting@6a370f4</td></tr>
<tr>
<td title='TestCases.FPM_DropdownsTesting.ChannelCategoryDisplay()'><b>ChannelCategoryDisplay</b><br>Test class: TestCases.FPM_DropdownsTesting</td>
<td></td>
<td>2</td>
<td>TestCases.FPM_DropdownsTesting@503d687a</td></tr>
<tr>
<td title='TestCases.PCF_DropdownsTesting.BusinessReviewTabDDList()'><b>BusinessReviewTabDDList</b><br>Test class: TestCases.PCF_DropdownsTesting</td>
<td></td>
<td>3</td>
<td>TestCases.PCF_DropdownsTesting@6a370f4</td></tr>
<tr>
<td title='TestCases.PCF_DropdownsTesting.DistributorDD1Test()'><b>DistributorDD1Test</b><br>Test class: TestCases.PCF_DropdownsTesting</td>
<td></td>
<td>3</td>
<td>TestCases.PCF_DropdownsTesting@6a370f4</td></tr>
<tr>
<td title='TestCases.FPM_DropdownsTesting.LinksTabDropdownListTest()'><b>LinksTabDropdownListTest</b><br>Test class: TestCases.FPM_DropdownsTesting</td>
<td></td>
<td>6</td>
<td>TestCases.FPM_DropdownsTesting@503d687a</td></tr>
<tr>
<td title='TestCases.CCF_DropdownsTesting.BusinessReviewTabDDListTest()'><b>BusinessReviewTabDDListTest</b><br>Test class: TestCases.CCF_DropdownsTesting</td>
<td></td>
<td>2</td>
<td>TestCases.CCF_DropdownsTesting@2abf4075</td></tr>
<tr>
<td title='TestCases.PCF_DropdownsTesting.EligibleMultiTVPackAdditionTest()'><b>EligibleMultiTVPackAdditionTest</b><br>Test class: TestCases.PCF_DropdownsTesting</td>
<td></td>
<td>2</td>
<td>TestCases.PCF_DropdownsTesting@6a370f4</td></tr>
<tr>
<td title='TestCases.PCF_DropdownsTesting.ActionDDtTest()'><b>ActionDDtTest</b><br>Test class: TestCases.PCF_DropdownsTesting</td>
<td></td>
<td>3</td>
<td>TestCases.PCF_DropdownsTesting@6a370f4</td></tr>
<tr>
<td title='TestCases.CCF_DropdownsTesting.ChangeHistoryTabDDListTest()'><b>ChangeHistoryTabDDListTest</b><br>Test class: TestCases.CCF_DropdownsTesting</td>
<td></td>
<td>6</td>
<td>TestCases.CCF_DropdownsTesting@2abf4075</td></tr>
<tr>
<td title='TestCases.FPM_DropdownsTesting.ChannelofFTADDTest()'><b>ChannelofFTADDTest</b><br>Test class: TestCases.FPM_DropdownsTesting</td>
<td></td>
<td>2</td>
<td>TestCases.FPM_DropdownsTesting@503d687a</td></tr>
<tr>
<td title='TestCases.PCF_DropdownsTesting.ATVSourceDDTest()'><b>ATVSourceDDTest</b><br>Test class: TestCases.PCF_DropdownsTesting</td>
<td></td>
<td>2</td>
<td>TestCases.PCF_DropdownsTesting@6a370f4</td></tr>
<tr>
<td title='TestCases.FPM_DropdownsTesting.AnyBoxTypeValidationDDTest()'><b>AnyBoxTypeValidationDDTest</b><br>Test class: TestCases.FPM_DropdownsTesting</td>
<td></td>
<td>2</td>
<td>TestCases.FPM_DropdownsTesting@503d687a</td></tr>
<tr>
<td title='TestCases.PCF_DropdownsTesting.DealerDD1Test()'><b>DealerDD1Test</b><br>Test class: TestCases.PCF_DropdownsTesting</td>
<td></td>
<td>3</td>
<td>TestCases.PCF_DropdownsTesting@6a370f4</td></tr>
<tr>
<td title='TestCases.PCF_DropdownsTesting.TechnologyDD1Test()'><b>TechnologyDD1Test</b><br>Test class: TestCases.PCF_DropdownsTesting</td>
<td></td>
<td>3</td>
<td>TestCases.PCF_DropdownsTesting@6a370f4</td></tr>
<tr>
<td title='TestCases.PCF_DropdownsTesting.PackageChargeTypeDDTest()'><b>PackageChargeTypeDDTest</b><br>Test class: TestCases.PCF_DropdownsTesting</td>
<td></td>
<td>3</td>
<td>TestCases.PCF_DropdownsTesting@6a370f4</td></tr>
<tr>
<td title='TestCases.CCF_DropdownsTesting.InventoryFlagDDTest()'><b>InventoryFlagDDTest</b><br>Test class: TestCases.CCF_DropdownsTesting</td>
<td></td>
<td>2</td>
<td>TestCases.CCF_DropdownsTesting@2abf4075</td></tr>
<tr>
<td title='TestCases.PCF_DropdownsTesting.CatB1DD2Test()'><b>CatB1DD2Test</b><br>Test class: TestCases.PCF_DropdownsTesting</td>
<td></td>
<td>2</td>
<td>TestCases.PCF_DropdownsTesting@6a370f4</td></tr>
<tr>
<td title='TestCases.PCF_DropdownsTesting.StarGroupDD2Test()'><b>StarGroupDD2Test</b><br>Test class: TestCases.PCF_DropdownsTesting</td>
<td></td>
<td>3</td>
<td>TestCases.PCF_DropdownsTesting@6a370f4</td></tr>
<tr>
<td title='TestCases.CCF_DropdownsTesting.WorkOrderApplicationDDListTest()'><b>WorkOrderApplicationDDListTest</b><br>Test class: TestCases.CCF_DropdownsTesting</td>
<td></td>
<td>6</td>
<td>TestCases.CCF_DropdownsTesting@2abf4075</td></tr>
<tr>
<td title='TestCases.PCF_DropdownsTesting.RentalFlagDDTest()'><b>RentalFlagDDTest</b><br>Test class: TestCases.PCF_DropdownsTesting</td>
<td></td>
<td>3</td>
<td>TestCases.PCF_DropdownsTesting@6a370f4</td></tr>
<tr>
<td title='TestCases.FPM_DropdownsTesting.DASLevelValidationDDTest()'><b>DASLevelValidationDDTest</b><br>Test class: TestCases.FPM_DropdownsTesting</td>
<td></td>
<td>2</td>
<td>TestCases.FPM_DropdownsTesting@503d687a</td></tr>
<tr>
<td title='TestCases.PCF_DropdownsTesting.TataPlayEmployeeDD2Test()'><b>TataPlayEmployeeDD2Test</b><br>Test class: TestCases.PCF_DropdownsTesting</td>
<td></td>
<td>3</td>
<td>TestCases.PCF_DropdownsTesting@6a370f4</td></tr>
<tr>
<td title='TestCases.PCF_DropdownsTesting.VVIPPayingDD1Test()'><b>VVIPPayingDD1Test</b><br>Test class: TestCases.PCF_DropdownsTesting</td>
<td></td>
<td>3</td>
<td>TestCases.PCF_DropdownsTesting@6a370f4</td></tr>
<tr>
<td title='TestCases.CM_DropdownsTesting.TypePlayServicesDDTest()'><b>TypePlayServicesDDTest</b><br>Test class: TestCases.CM_DropdownsTesting</td>
<td></td>
<td>2</td>
<td>TestCases.CM_DropdownsTesting@3972a855</td></tr>
<tr>
<td title='TestCases.PCF_DropdownsTesting.UnitOfMeasureDD()'><b>UnitOfMeasureDD</b><br>Test class: TestCases.PCF_DropdownsTesting</td>
<td></td>
<td>3</td>
<td>TestCases.PCF_DropdownsTesting@6a370f4</td></tr>
<tr>
<td title='TestCases.PCF_DropdownsTesting.ChannelCategoryDDTest()'><b>ChannelCategoryDDTest</b><br>Test class: TestCases.PCF_DropdownsTesting</td>
<td></td>
<td>3</td>
<td>TestCases.PCF_DropdownsTesting@6a370f4</td></tr>
<tr>
<td title='TestCases.PCF_DropdownsTesting.TechnologyDD2Test()'><b>TechnologyDD2Test</b><br>Test class: TestCases.PCF_DropdownsTesting</td>
<td></td>
<td>3</td>
<td>TestCases.PCF_DropdownsTesting@6a370f4</td></tr>
<tr>
<td title='TestCases.PCF_DropdownsTesting.NCFdiscountApplicableDDtest()'><b>NCFdiscountApplicableDDtest</b><br>Test class: TestCases.PCF_DropdownsTesting</td>
<td></td>
<td>2</td>
<td>TestCases.PCF_DropdownsTesting@6a370f4</td></tr>
<tr>
<td title='TestCases.PCF_DropdownsTesting.RAReviewDDTest()'><b>RAReviewDDTest</b><br>Test class: TestCases.PCF_DropdownsTesting</td>
<td></td>
<td>3</td>
<td>TestCases.PCF_DropdownsTesting@6a370f4</td></tr>
<tr>
<td title='TestCases.PCF_DropdownsTesting.SalesReviewDDTest()'><b>SalesReviewDDTest</b><br>Test class: TestCases.PCF_DropdownsTesting</td>
<td></td>
<td>3</td>
<td>TestCases.PCF_DropdownsTesting@6a370f4</td></tr>
<tr>
<td title='TestCases.CCF_DropdownsTesting.RAReviewDDTest()'><b>RAReviewDDTest</b><br>Test class: TestCases.CCF_DropdownsTesting</td>
<td></td>
<td>2</td>
<td>TestCases.CCF_DropdownsTesting@2abf4075</td></tr>
<tr>
<td title='TestCases.PCF_DropdownsTesting.RetrofitCreditPackDDTest()'><b>RetrofitCreditPackDDTest</b><br>Test class: TestCases.PCF_DropdownsTesting</td>
<td></td>
<td>3</td>
<td>TestCases.PCF_DropdownsTesting@6a370f4</td></tr>
<tr>
<td title='TestCases.FPM_DropdownsTesting.changeHistoryTabDropdownList()'><b>changeHistoryTabDropdownList</b><br>Test class: TestCases.FPM_DropdownsTesting</td>
<td></td>
<td>6</td>
<td>TestCases.FPM_DropdownsTesting@503d687a</td></tr>
<tr>
<td title='TestCases.PCF_DropdownsTesting.FreePackFlagDDTest()'><b>FreePackFlagDDTest</b><br>Test class: TestCases.PCF_DropdownsTesting</td>
<td></td>
<td>3</td>
<td>TestCases.PCF_DropdownsTesting@6a370f4</td></tr>
<tr>
<td title='TestCases.PCF_DropdownsTesting.TataPlayDD2Test()'><b>TataPlayDD2Test</b><br>Test class: TestCases.PCF_DropdownsTesting</td>
<td></td>
<td>3</td>
<td>TestCases.PCF_DropdownsTesting@6a370f4</td></tr>
<tr>
<td title='TestCases.PCF_DropdownsTesting.Employee1DD2Test()'><b>Employee1DD2Test</b><br>Test class: TestCases.PCF_DropdownsTesting</td>
<td></td>
<td>3</td>
<td>TestCases.PCF_DropdownsTesting@6a370f4</td></tr>
<tr>
<td title='TestCases.PCF_DropdownsTesting.TataGroupDD1Test()'><b>TataGroupDD1Test</b><br>Test class: TestCases.PCF_DropdownsTesting</td>
<td></td>
<td>2</td>
<td>TestCases.PCF_DropdownsTesting@6a370f4</td></tr>
<tr>
<td title='TestCases.PCF_DropdownsTesting.EDIRegularDD1Test()'><b>EDIRegularDD1Test</b><br>Test class: TestCases.PCF_DropdownsTesting</td>
<td></td>
<td>3</td>
<td>TestCases.PCF_DropdownsTesting@6a370f4</td></tr>
<tr>
<td title='TestCases.PCF_DropdownsTesting.PackTypePDMDDTest()'><b>PackTypePDMDDTest</b><br>Test class: TestCases.PCF_DropdownsTesting</td>
<td></td>
<td>3</td>
<td>TestCases.PCF_DropdownsTesting@6a370f4</td></tr>
<tr>
<td title='TestCases.PCF_DropdownsTesting.ModernTradeDD1Test()'><b>ModernTradeDD1Test</b><br>Test class: TestCases.PCF_DropdownsTesting</td>
<td></td>
<td>3</td>
<td>TestCases.PCF_DropdownsTesting@6a370f4</td></tr>
<tr>
<td title='TestCases.CM_DropdownsTesting.SDMappingYesNoDDTest()'><b>SDMappingYesNoDDTest</b><br>Test class: TestCases.CM_DropdownsTesting</td>
<td></td>
<td>2</td>
<td>TestCases.CM_DropdownsTesting@3972a855</td></tr>
<tr>
<td title='TestCases.PCF_DropdownsTesting.PromotionalDD1Test()'><b>PromotionalDD1Test</b><br>Test class: TestCases.PCF_DropdownsTesting</td>
<td></td>
<td>3</td>
<td>TestCases.PCF_DropdownsTesting@6a370f4</td></tr>
<tr>
<td title='TestCases.PCF_DropdownsTesting.CatB1DD1Test()'><b>CatB1DD1Test</b><br>Test class: TestCases.PCF_DropdownsTesting</td>
<td></td>
<td>3</td>
<td>TestCases.PCF_DropdownsTesting@6a370f4</td></tr>
<tr>
<td title='TestCases.PCF_DropdownsTesting.AssociateNonPayingDD2Test()'><b>AssociateNonPayingDD2Test</b><br>Test class: TestCases.PCF_DropdownsTesting</td>
<td></td>
<td>3</td>
<td>TestCases.PCF_DropdownsTesting@6a370f4</td></tr>
<tr>
<td title='TestCases.PCF_DropdownsTesting.TataPlayPacksCategoryDDTest()'><b>TataPlayPacksCategoryDDTest</b><br>Test class: TestCases.PCF_DropdownsTesting</td>
<td></td>
<td>2</td>
<td>TestCases.PCF_DropdownsTesting@6a370f4</td></tr>
<tr>
<td title='TestCases.PCF_DropdownsTesting.ResidentialDD2Test()'><b>ResidentialDD2Test</b><br>Test class: TestCases.PCF_DropdownsTesting</td>
<td></td>
<td>3</td>
<td>TestCases.PCF_DropdownsTesting@6a370f4</td></tr>
<tr>
<td title='TestCases.FPM_DropdownsTesting.IsTraiEnableDDTest()'><b>IsTraiEnableDDTest</b><br>Test class: TestCases.FPM_DropdownsTesting</td>
<td></td>
<td>2</td>
<td>TestCases.FPM_DropdownsTesting@503d687a</td></tr>
<tr>
<td title='TestCases.PCF_DropdownsTesting.DunningExclusionDDTest()'><b>DunningExclusionDDTest</b><br>Test class: TestCases.PCF_DropdownsTesting</td>
<td></td>
<td>3</td>
<td>TestCases.PCF_DropdownsTesting@6a370f4</td></tr>
<tr>
<td title='TestCases.CCF_DropdownsTesting.OrderableFlagDDTest()'><b>OrderableFlagDDTest</b><br>Test class: TestCases.CCF_DropdownsTesting</td>
<td></td>
<td>2</td>
<td>TestCases.CCF_DropdownsTesting@2abf4075</td></tr>
<tr>
<td title='TestCases.PCF_DropdownsTesting.VVIPNonPayingDD1Test()'><b>VVIPNonPayingDD1Test</b><br>Test class: TestCases.PCF_DropdownsTesting</td>
<td></td>
<td>3</td>
<td>TestCases.PCF_DropdownsTesting@6a370f4</td></tr>
<tr>
<td title='TestCases.FPM_DropdownsTesting.AmazonPrimeVideoDDTest()'><b>AmazonPrimeVideoDDTest</b><br>Test class: TestCases.FPM_DropdownsTesting</td>
<td></td>
<td>2</td>
<td>TestCases.FPM_DropdownsTesting@503d687a</td></tr>
<tr>
<td title='TestCases.PCF_DropdownsTesting.UATDDListTest()'><b>UATDDListTest</b><br>Test class: TestCases.PCF_DropdownsTesting</td>
<td></td>
<td>8</td>
<td>TestCases.PCF_DropdownsTesting@6a370f4</td></tr>
<tr>
<td title='TestCases.PCF_DropdownsTesting.AssociateNonPayingDD1Test()'><b>AssociateNonPayingDD1Test</b><br>Test class: TestCases.PCF_DropdownsTesting</td>
<td></td>
<td>3</td>
<td>TestCases.PCF_DropdownsTesting@6a370f4</td></tr>
<tr>
<td title='TestCases.FPM_DropdownsTesting.SinglePackDDTest()'><b>SinglePackDDTest</b><br>Test class: TestCases.FPM_DropdownsTesting</td>
<td></td>
<td>3</td>
<td>TestCases.FPM_DropdownsTesting@503d687a</td></tr>
<tr>
<td title='TestCases.CM_DropdownsTesting.LogosPlatformTabDropdownList()'><b>LogosPlatformTabDropdownList</b><br>Test class: TestCases.CM_DropdownsTesting</td>
<td></td>
<td>6</td>
<td>TestCases.CM_DropdownsTesting@3972a855</td></tr>
<tr>
<td title='TestCases.PCF_DropdownsTesting.PackageDashboardDDTest()'><b>PackageDashboardDDTest</b><br>Test class: TestCases.PCF_DropdownsTesting</td>
<td></td>
<td>34</td>
<td>TestCases.PCF_DropdownsTesting@6a370f4</td></tr>
<tr>
<td title='TestCases.PCF_DropdownsTesting.AllignableFlagDDTest()'><b>AllignableFlagDDTest</b><br>Test class: TestCases.PCF_DropdownsTesting</td>
<td></td>
<td>3</td>
<td>TestCases.PCF_DropdownsTesting@6a370f4</td></tr>
<tr>
<td title='TestCases.CM_DropdownsTesting.ServiceTypeDD()'><b>ServiceTypeDD</b><br>Test class: TestCases.CM_DropdownsTesting</td>
<td></td>
<td>2</td>
<td>TestCases.CM_DropdownsTesting@3972a855</td></tr>
<tr>
<td title='TestCases.PCF_DropdownsTesting.DurationPacksToExpiredDDTest()'><b>DurationPacksToExpiredDDTest</b><br>Test class: TestCases.PCF_DropdownsTesting</td>
<td></td>
<td>3</td>
<td>TestCases.PCF_DropdownsTesting@6a370f4</td></tr>
<tr>
<td title='TestCases.PCF_DropdownsTesting.SourceforOTT()'><b>SourceforOTT</b><br>Test class: TestCases.PCF_DropdownsTesting</td>
<td></td>
<td>3</td>
<td>TestCases.PCF_DropdownsTesting@6a370f4</td></tr>
<tr>
<td title='TestCases.PCF_DropdownsTesting.functionDepartmentDDTest()'><b>functionDepartmentDDTest</b><br>Test class: TestCases.PCF_DropdownsTesting</td>
<td></td>
<td>3</td>
<td>TestCases.PCF_DropdownsTesting@6a370f4</td></tr>
<tr>
<td title='TestCases.PCF_DropdownsTesting.DealerDD2Test()'><b>DealerDD2Test</b><br>Test class: TestCases.PCF_DropdownsTesting</td>
<td></td>
<td>3</td>
<td>TestCases.PCF_DropdownsTesting@6a370f4</td></tr>
<tr>
<td title='TestCases.PCF_DropdownsTesting.GTMReviewDDTest()'><b>GTMReviewDDTest</b><br>Test class: TestCases.PCF_DropdownsTesting</td>
<td></td>
<td>3</td>
<td>TestCases.PCF_DropdownsTesting@6a370f4</td></tr>
<tr>
<td title='TestCases.PCF_DropdownsTesting.ISPDemoDD2Test()'><b>ISPDemoDD2Test</b><br>Test class: TestCases.PCF_DropdownsTesting</td>
<td></td>
<td>3</td>
<td>TestCases.PCF_DropdownsTesting@6a370f4</td></tr>
<tr>
<td title='TestCases.FPM_DropdownsTesting.SubscriberTypeDD()'><b>SubscriberTypeDD</b><br>Test class: TestCases.FPM_DropdownsTesting</td>
<td></td>
<td>2</td>
<td>TestCases.FPM_DropdownsTesting@503d687a</td></tr>
<tr>
<td title='TestCases.PCF_DropdownsTesting.EDIRegularDD2Test()'><b>EDIRegularDD2Test</b><br>Test class: TestCases.PCF_DropdownsTesting</td>
<td></td>
<td>3</td>
<td>TestCases.PCF_DropdownsTesting@6a370f4</td></tr>
<tr>
<td title='TestCases.PCF_DropdownsTesting.AmazonPrimePideoTest()'><b>AmazonPrimePideoTest</b><br>Test class: TestCases.PCF_DropdownsTesting</td>
<td></td>
<td>3</td>
<td>TestCases.PCF_DropdownsTesting@6a370f4</td></tr>
<tr>
<td title='TestCases.PCF_DropdownsTesting.packageCreationFormDropdownList()'><b>packageCreationFormDropdownList</b><br>Test class: TestCases.PCF_DropdownsTesting</td>
<td></td>
<td>7</td>
<td>TestCases.PCF_DropdownsTesting@6a370f4</td></tr>
<tr>
<td title='TestCases.CCF_DropdownsTesting.FinanceReviewDDTest()'><b>FinanceReviewDDTest</b><br>Test class: TestCases.CCF_DropdownsTesting</td>
<td></td>
<td>2</td>
<td>TestCases.CCF_DropdownsTesting@2abf4075</td></tr>
<tr>
<td title='TestCases.PCF_DropdownsTesting.IsTraiEnableFlagTest()'><b>IsTraiEnableFlagTest</b><br>Test class: TestCases.PCF_DropdownsTesting</td>
<td></td>
<td>3</td>
<td>TestCases.PCF_DropdownsTesting@6a370f4</td></tr>
<tr>
<td title='TestCases.PCF_DropdownsTesting.LDPCommunicationDDTest()'><b>LDPCommunicationDDTest</b><br>Test class: TestCases.PCF_DropdownsTesting</td>
<td></td>
<td>3</td>
<td>TestCases.PCF_DropdownsTesting@6a370f4</td></tr>
<tr>
<td title='TestCases.FPM_DropdownsTesting.ChannelDetailsDropdownList()'><b>ChannelDetailsDropdownList</b><br>Test class: TestCases.FPM_DropdownsTesting</td>
<td></td>
<td>6</td>
<td>TestCases.FPM_DropdownsTesting@503d687a</td></tr>
<tr>
<td title='TestCases.FPM_DropdownsTesting.UnitofMeasureDDTest()'><b>UnitofMeasureDDTest</b><br>Test class: TestCases.FPM_DropdownsTesting</td>
<td></td>
<td>2</td>
<td>TestCases.FPM_DropdownsTesting@503d687a</td></tr>
<tr>
<td title='TestCases.PCF_DropdownsTesting.CatB3DD1Test()'><b>CatB3DD1Test</b><br>Test class: TestCases.PCF_DropdownsTesting</td>
<td></td>
<td>3</td>
<td>TestCases.PCF_DropdownsTesting@6a370f4</td></tr>
<tr>
<td title='TestCases.PCF_DropdownsTesting.BusinessAssociatesDD1Test()'><b>BusinessAssociatesDD1Test</b><br>Test class: TestCases.PCF_DropdownsTesting</td>
<td></td>
<td>3</td>
<td>TestCases.PCF_DropdownsTesting@6a370f4</td></tr>
<tr>
<td title='TestCases.PCF_DropdownsTesting.TomadeavailableDDTest()'><b>TomadeavailableDDTest</b><br>Test class: TestCases.PCF_DropdownsTesting</td>
<td></td>
<td>3</td>
<td>TestCases.PCF_DropdownsTesting@6a370f4</td></tr>
<tr>
<td title='TestCases.PCF_DropdownsTesting.ChargingAccountTypeDDListTest()'><b>ChargingAccountTypeDDListTest</b><br>Test class: TestCases.PCF_DropdownsTesting</td>
<td></td>
<td>4</td>
<td>TestCases.PCF_DropdownsTesting@6a370f4</td></tr>
<tr>
<td title='TestCases.CCF_DropdownsTesting.TechReviewDD()'><b>TechReviewDD</b><br>Test class: TestCases.CCF_DropdownsTesting</td>
<td></td>
<td>2</td>
<td>TestCases.CCF_DropdownsTesting@2abf4075</td></tr>
<tr>
<td title='TestCases.PCF_DropdownsTesting.BusinessAssociatesDD2Test()'><b>BusinessAssociatesDD2Test</b><br>Test class: TestCases.PCF_DropdownsTesting</td>
<td></td>
<td>3</td>
<td>TestCases.PCF_DropdownsTesting@6a370f4</td></tr>
<tr>
<td title='TestCases.PCF_DropdownsTesting.AlertsBillsDescriptionsDDListTest()'><b>AlertsBillsDescriptionsDDListTest</b><br>Test class: TestCases.PCF_DropdownsTesting</td>
<td></td>
<td>7</td>
<td>TestCases.PCF_DropdownsTesting@6a370f4</td></tr>
<tr>
<td title='TestCases.CCF_DropdownsTesting.SalesReviewDDTest()'><b>SalesReviewDDTest</b><br>Test class: TestCases.CCF_DropdownsTesting</td>
<td></td>
<td>2</td>
<td>TestCases.CCF_DropdownsTesting@2abf4075</td></tr>
<tr>
<td title='TestCases.PCF_DropdownsTesting.CustomerOperationsReviewDDTest()'><b>CustomerOperationsReviewDDTest</b><br>Test class: TestCases.PCF_DropdownsTesting</td>
<td></td>
<td>3</td>
<td>TestCases.PCF_DropdownsTesting@6a370f4</td></tr>
<tr>
<td title='TestCases.CM_DropdownsTesting.EncryptedDDTest()'><b>EncryptedDDTest</b><br>Test class: TestCases.CM_DropdownsTesting</td>
<td></td>
<td>2</td>
<td>TestCases.CM_DropdownsTesting@3972a855</td></tr>
<tr>
<td title='TestCases.PCF_DropdownsTesting.StarGroupDD1Test()'><b>StarGroupDD1Test</b><br>Test class: TestCases.PCF_DropdownsTesting</td>
<td></td>
<td>3</td>
<td>TestCases.PCF_DropdownsTesting@6a370f4</td></tr>
<tr>
<td title='TestCases.FPM_DropdownsTesting.FrontendPackMasterDropdownListTest()'><b>FrontendPackMasterDropdownListTest</b><br>Test class: TestCases.FPM_DropdownsTesting</td>
<td></td>
<td>3</td>
<td>TestCases.FPM_DropdownsTesting@503d687a</td></tr>
<tr>
<td title='TestCases.CCF_DropdownsTesting.FieldServicesReviewDDTest()'><b>FieldServicesReviewDDTest</b><br>Test class: TestCases.CCF_DropdownsTesting</td>
<td></td>
<td>2</td>
<td>TestCases.CCF_DropdownsTesting@2abf4075</td></tr>
<tr>
<td title='TestCases.PCF_DropdownsTesting.ShouldthisPackDDTest()'><b>ShouldthisPackDDTest</b><br>Test class: TestCases.PCF_DropdownsTesting</td>
<td></td>
<td>2</td>
<td>TestCases.PCF_DropdownsTesting@6a370f4</td></tr>
<tr>
<td title='TestCases.PCF_DropdownsTesting.PromotionalSchoolDD2Test()'><b>PromotionalSchoolDD2Test</b><br>Test class: TestCases.PCF_DropdownsTesting</td>
<td></td>
<td>3</td>
<td>TestCases.PCF_DropdownsTesting@6a370f4</td></tr>
<tr>
<td title='TestCases.PCF_DropdownsTesting.PackAdditionPMTest()'><b>PackAdditionPMTest</b><br>Test class: TestCases.PCF_DropdownsTesting</td>
<td></td>
<td>3</td>
<td>TestCases.PCF_DropdownsTesting@6a370f4</td></tr>
<tr>
<td title='TestCases.PCF_DropdownsTesting.DASLevelValidationDDTest()'><b>DASLevelValidationDDTest</b><br>Test class: TestCases.PCF_DropdownsTesting</td>
<td></td>
<td>3</td>
<td>TestCases.PCF_DropdownsTesting@6a370f4</td></tr>
<tr>
<td title='TestCases.PCF_DropdownsTesting.ITReviewTabDDListTest()'><b>ITReviewTabDDListTest</b><br>Test class: TestCases.PCF_DropdownsTesting</td>
<td></td>
<td>3</td>
<td>TestCases.PCF_DropdownsTesting@6a370f4</td></tr>
<tr>
<td title='TestCases.CM_DropdownsTesting.RentalFlagDDTest()'><b>RentalFlagDDTest</b><br>Test class: TestCases.CM_DropdownsTesting</td>
<td></td>
<td>2</td>
<td>TestCases.CM_DropdownsTesting@3972a855</td></tr>
<tr>
<td title='TestCases.PCF_DropdownsTesting.CatB2DD1Test()'><b>CatB2DD1Test</b><br>Test class: TestCases.PCF_DropdownsTesting</td>
<td></td>
<td>3</td>
<td>TestCases.PCF_DropdownsTesting@6a370f4</td></tr>
<tr>
<td title='TestCases.CM_DropdownsTesting.ChangeHistoryTabDropdownList()'><b>ChangeHistoryTabDropdownList</b><br>Test class: TestCases.CM_DropdownsTesting</td>
<td></td>
<td>6</td>
<td>TestCases.CM_DropdownsTesting@3972a855</td></tr>
<tr>
<td title='TestCases.PCF_DropdownsTesting.LinksDDListTest()'><b>LinksDDListTest</b><br>Test class: TestCases.PCF_DropdownsTesting</td>
<td></td>
<td>7</td>
<td>TestCases.PCF_DropdownsTesting@6a370f4</td></tr>
<tr>
<td title='TestCases.FPM_DropdownsTesting.PackGradeTypeDDtest()'><b>PackGradeTypeDDtest</b><br>Test class: TestCases.FPM_DropdownsTesting</td>
<td></td>
<td>2</td>
<td>TestCases.FPM_DropdownsTesting@503d687a</td></tr>
<tr>
<td title='TestCases.PCF_DropdownsTesting.CAMPAIGN_TYPEDDListTest()'><b>CAMPAIGN_TYPEDDListTest</b><br>Test class: TestCases.PCF_DropdownsTesting</td>
<td></td>
<td>2</td>
<td>TestCases.PCF_DropdownsTesting@6a370f4</td></tr>
<tr>
<td title='TestCases.PCF_DropdownsTesting.ApprovalsDDListTest()'><b>ApprovalsDDListTest</b><br>Test class: TestCases.PCF_DropdownsTesting</td>
<td></td>
<td>7</td>
<td>TestCases.PCF_DropdownsTesting@6a370f4</td></tr>
<tr>
<td title='TestCases.PCF_DropdownsTesting.ResidentialDD1Test()'><b>ResidentialDD1Test</b><br>Test class: TestCases.PCF_DropdownsTesting</td>
<td></td>
<td>3</td>
<td>TestCases.PCF_DropdownsTesting@6a370f4</td></tr>
<tr>
<td title='TestCases.PCF_DropdownsTesting.ChanneltobeDDTest()'><b>ChanneltobeDDTest</b><br>Test class: TestCases.PCF_DropdownsTesting</td>
<td></td>
<td>3</td>
<td>TestCases.PCF_DropdownsTesting@6a370f4</td></tr>
<tr>
<td title='TestCases.PCF_DropdownsTesting.TataGroupDD2Test()'><b>TataGroupDD2Test</b><br>Test class: TestCases.PCF_DropdownsTesting</td>
<td></td>
<td>3</td>
<td>TestCases.PCF_DropdownsTesting@6a370f4</td></tr>
<tr>
<td title='TestCases.FPM_DropdownsTesting.PackVariationDD()'><b>PackVariationDD</b><br>Test class: TestCases.FPM_DropdownsTesting</td>
<td></td>
<td>2</td>
<td>TestCases.FPM_DropdownsTesting@503d687a</td></tr>
<tr>
<td title='TestCases.PCF_DropdownsTesting.SubscriberTypeDDTest()'><b>SubscriberTypeDDTest</b><br>Test class: TestCases.PCF_DropdownsTesting</td>
<td></td>
<td>3</td>
<td>TestCases.PCF_DropdownsTesting@6a370f4</td></tr>
<tr>
<td title='TestCases.PCF_DropdownsTesting.RegularDD1Test()'><b>RegularDD1Test</b><br>Test class: TestCases.PCF_DropdownsTesting</td>
<td></td>
<td>3</td>
<td>TestCases.PCF_DropdownsTesting@6a370f4</td></tr>
<tr>
<td title='TestCases.PCF_DropdownsTesting.EligibleforMultiDDTest()'><b>EligibleforMultiDDTest</b><br>Test class: TestCases.PCF_DropdownsTesting</td>
<td></td>
<td>2</td>
<td>TestCases.PCF_DropdownsTesting@6a370f4</td></tr>
<tr>
<td title='TestCases.PCF_DropdownsTesting.BulkSLDD1Test()'><b>BulkSLDD1Test</b><br>Test class: TestCases.PCF_DropdownsTesting</td>
<td></td>
<td>2</td>
<td>TestCases.PCF_DropdownsTesting@6a370f4</td></tr>
<tr>
<td title='TestCases.PCF_DropdownsTesting.PromotionalDD2Test()'><b>PromotionalDD2Test</b><br>Test class: TestCases.PCF_DropdownsTesting</td>
<td></td>
<td>3</td>
<td>TestCases.PCF_DropdownsTesting@6a370f4</td></tr>
<tr>
<td title='TestCases.PCF_DropdownsTesting.TataPlayEmployeeDD1Test()'><b>TataPlayEmployeeDD1Test</b><br>Test class: TestCases.PCF_DropdownsTesting</td>
<td></td>
<td>3</td>
<td>TestCases.PCF_DropdownsTesting@6a370f4</td></tr>
<tr>
<td title='TestCases.CM_DropdownsTesting.PackagingGenreDDTest()'><b>PackagingGenreDDTest</b><br>Test class: TestCases.CM_DropdownsTesting</td>
<td></td>
<td>2</td>
<td>TestCases.CM_DropdownsTesting@3972a855</td></tr>
<tr>
<td title='TestCases.PCF_DropdownsTesting.EligibleforRoundDDTest()'><b>EligibleforRoundDDTest</b><br>Test class: TestCases.PCF_DropdownsTesting</td>
<td></td>
<td>2</td>
<td>TestCases.PCF_DropdownsTesting@6a370f4</td></tr>
<tr>
<td title='TestCases.PCF_DropdownsTesting.DiscountTypeDDTest()'><b>DiscountTypeDDTest</b><br>Test class: TestCases.PCF_DropdownsTesting</td>
<td></td>
<td>3</td>
<td>TestCases.PCF_DropdownsTesting@6a370f4</td></tr>
<tr>
<td title='TestCases.PCF_DropdownsTesting.CatADD1Test()'><b>CatADD1Test</b><br>Test class: TestCases.PCF_DropdownsTesting</td>
<td></td>
<td>3</td>
<td>TestCases.PCF_DropdownsTesting@6a370f4</td></tr>
<tr>
<td title='TestCases.FPM_DropdownsTesting.PackStatusDDTest()'><b>PackStatusDDTest</b><br>Test class: TestCases.FPM_DropdownsTesting</td>
<td></td>
<td>2</td>
<td>TestCases.FPM_DropdownsTesting@503d687a</td></tr>
<tr>
<td title='TestCases.PCF_DropdownsTesting.CatADD2Test()'><b>CatADD2Test</b><br>Test class: TestCases.PCF_DropdownsTesting</td>
<td></td>
<td>3</td>
<td>TestCases.PCF_DropdownsTesting@6a370f4</td></tr>
<tr>
<td title='TestCases.PCF_DropdownsTesting.ISPDemoDD1Test()'><b>ISPDemoDD1Test</b><br>Test class: TestCases.PCF_DropdownsTesting</td>
<td></td>
<td>3</td>
<td>TestCases.PCF_DropdownsTesting@6a370f4</td></tr>
<tr>
<td title='TestCases.PCF_DropdownsTesting.RegularDD2Test()'><b>RegularDD2Test</b><br>Test class: TestCases.PCF_DropdownsTesting</td>
<td></td>
<td>3</td>
<td>TestCases.PCF_DropdownsTesting@6a370f4</td></tr>
<tr>
<td title='TestCases.PCF_DropdownsTesting.EligibleforMultiTVDDTest()'><b>EligibleforMultiTVDDTest</b><br>Test class: TestCases.PCF_DropdownsTesting</td>
<td></td>
<td>2</td>
<td>TestCases.PCF_DropdownsTesting@6a370f4</td></tr>
<tr>
<td title='TestCases.PCF_DropdownsTesting.PayableFlagDDTest()'><b>PayableFlagDDTest</b><br>Test class: TestCases.PCF_DropdownsTesting</td>
<td></td>
<td>3</td>
<td>TestCases.PCF_DropdownsTesting@6a370f4</td></tr>
<tr>
<td title='TestCases.PCF_DropdownsTesting.FoundInDDTest()'><b>FoundInDDTest</b><br>Test class: TestCases.PCF_DropdownsTesting</td>
<td></td>
<td>3</td>
<td>TestCases.PCF_DropdownsTesting@6a370f4</td></tr>
<tr>
<td title='TestCases.PCF_DropdownsTesting.OfferTypeDDTest()'><b>OfferTypeDDTest</b><br>Test class: TestCases.PCF_DropdownsTesting</td>
<td></td>
<td>2</td>
<td>TestCases.PCF_DropdownsTesting@6a370f4</td></tr>
<tr>
<td title='TestCases.PCF_DropdownsTesting.ISBingePlusFlagDDTest()'><b>ISBingePlusFlagDDTest</b><br>Test class: TestCases.PCF_DropdownsTesting</td>
<td></td>
<td>3</td>
<td>TestCases.PCF_DropdownsTesting@6a370f4</td></tr>
<tr>
<td title='TestCases.PCF_DropdownsTesting.OTTComboFlagDDTest()'><b>OTTComboFlagDDTest</b><br>Test class: TestCases.PCF_DropdownsTesting</td>
<td></td>
<td>3</td>
<td>TestCases.PCF_DropdownsTesting@6a370f4</td></tr>
<tr>
<td title='TestCases.PCF_DropdownsTesting.BulkSLDD2Test()'><b>BulkSLDD2Test</b><br>Test class: TestCases.PCF_DropdownsTesting</td>
<td></td>
<td>3</td>
<td>TestCases.PCF_DropdownsTesting@6a370f4</td></tr>
<tr>
<td title='TestCases.PCF_DropdownsTesting.VVIPNonPayingDD2Test()'><b>VVIPNonPayingDD2Test</b><br>Test class: TestCases.PCF_DropdownsTesting</td>
<td></td>
<td>3</td>
<td>TestCases.PCF_DropdownsTesting@6a370f4</td></tr>
<tr>
<td title='TestCases.PCF_DropdownsTesting.SubscriptionallowedDDTest()'><b>SubscriptionallowedDDTest</b><br>Test class: TestCases.PCF_DropdownsTesting</td>
<td></td>
<td>3</td>
<td>TestCases.PCF_DropdownsTesting@6a370f4</td></tr>
<tr>
<td title='TestCases.PCF_DropdownsTesting.ModernTradeDD2Test()'><b>ModernTradeDD2Test</b><br>Test class: TestCases.PCF_DropdownsTesting</td>
<td></td>
<td>2</td>
<td>TestCases.PCF_DropdownsTesting@6a370f4</td></tr>
<tr>
<td title='TestCases.PCF_DropdownsTesting.SubscriptionChangesDD()'><b>SubscriptionChangesDD</b><br>Test class: TestCases.PCF_DropdownsTesting</td>
<td></td>
<td>2</td>
<td>TestCases.PCF_DropdownsTesting@6a370f4</td></tr>
<tr>
<td title='TestCases.CCF_DropdownsTesting.LinksTabDDListTest()'><b>LinksTabDDListTest</b><br>Test class: TestCases.CCF_DropdownsTesting</td>
<td></td>
<td>6</td>
<td>TestCases.CCF_DropdownsTesting@2abf4075</td></tr>
<tr>
<td title='TestCases.CCF_DropdownsTesting.chargeCreationFormDropdownList()'><b>chargeCreationFormDropdownList</b><br>Test class: TestCases.CCF_DropdownsTesting</td>
<td></td>
<td>2</td>
<td>TestCases.CCF_DropdownsTesting@2abf4075</td></tr>
<tr>
<td title='TestCases.BPM_DropdownsTesting.chargeCreationFormDropdownList()'><b>chargeCreationFormDropdownList</b><br>Test class: TestCases.BPM_DropdownsTesting</td>
<td></td>
<td>1</td>
<td>TestCases.BPM_DropdownsTesting@62e7f11d</td></tr>
<tr>
<td title='TestCases.PCF_DropdownsTesting.BoxCompatibilityDDTest()'><b>BoxCompatibilityDDTest</b><br>Test class: TestCases.PCF_DropdownsTesting</td>
<td></td>
<td>2</td>
<td>TestCases.PCF_DropdownsTesting@6a370f4</td></tr>
<tr>
<td title='TestCases.PCF_DropdownsTesting.DistributorDD2Test()'><b>DistributorDD2Test</b><br>Test class: TestCases.PCF_DropdownsTesting</td>
<td></td>
<td>3</td>
<td>TestCases.PCF_DropdownsTesting@6a370f4</td></tr>
<tr>
<td title='TestCases.PCF_DropdownsTesting.PackGradeTypeDDTest()'><b>PackGradeTypeDDTest</b><br>Test class: TestCases.PCF_DropdownsTesting</td>
<td></td>
<td>3</td>
<td>TestCases.PCF_DropdownsTesting@6a370f4</td></tr>
<tr>
<td title='TestCases.PCF_DropdownsTesting.PackageDashboardBOConfigDDTest()'><b>PackageDashboardBOConfigDDTest</b><br>Test class: TestCases.PCF_DropdownsTesting</td>
<td></td>
<td>33</td>
<td>TestCases.PCF_DropdownsTesting@6a370f4</td></tr>
<tr>
<td title='TestCases.PCF_DropdownsTesting.CatB2DD2Test()'><b>CatB2DD2Test</b><br>Test class: TestCases.PCF_DropdownsTesting</td>
<td></td>
<td>3</td>
<td>TestCases.PCF_DropdownsTesting@6a370f4</td></tr>
<tr>
<td title='TestCases.CM_DropdownsTesting.RecommendedGenreDDTest()'><b>RecommendedGenreDDTest</b><br>Test class: TestCases.CM_DropdownsTesting</td>
<td></td>
<td>2</td>
<td>TestCases.CM_DropdownsTesting@3972a855</td></tr>
<tr>
<td title='TestCases.PCF_DropdownsTesting.VVIPPayingDD2Test()'><b>VVIPPayingDD2Test</b><br>Test class: TestCases.PCF_DropdownsTesting</td>
<td></td>
<td>3</td>
<td>TestCases.PCF_DropdownsTesting@6a370f4</td></tr>
<tr>
<td title='TestCases.CCF_DropdownsTesting.CustomerReviewDDTest()'><b>CustomerReviewDDTest</b><br>Test class: TestCases.CCF_DropdownsTesting</td>
<td></td>
<td>2</td>
<td>TestCases.CCF_DropdownsTesting@2abf4075</td></tr>
</table><p>
</body>
</html>