<?xml version="1.0" encoding="UTF-8"?>
<!-- Generated by org.testng.reporters.JUnitXMLReporter -->
<testsuite ignored="24" hostname="DTPLREN91" failures="1" tests="1" name="Test(failed)" time="17.396" errors="0" timestamp="2024-06-01T21:47:19 IST">
  <testcase classname="TestCases.CCF_DropdownsTesting" name="ApprovalDDListTest" time="6.073">
    <failure type="org.openqa.selenium.NoSuchElementException" message="no such element: Unable to locate element: {&amp;quot;method&amp;quot;:&amp;quot;xpath&amp;quot;,&amp;quot;selector&amp;quot;:&amp;quot;//p[text()=&amp;apos;Approval&amp;apos;]&amp;quot;}
  (Session info: chrome=125.0.6422.141)
For documentation on this error, please visit: https://selenium.dev/exceptions/#no_such_element
Build info: version: &amp;apos;4.9.1&amp;apos;, revision: &amp;apos;eb2032df7f&amp;apos;
System info: os.name: &amp;apos;Windows 11&amp;apos;, os.arch: &amp;apos;amd64&amp;apos;, os.version: &amp;apos;10.0&amp;apos;, java.version: &amp;apos;17.0.9&amp;apos;
Driver info: org.openqa.selenium.chrome.ChromeDriver
Command: [644f236023a94c27a82526402ca5c6e2, findElement {using=xpath, value=//p[text()=&amp;apos;Approval&amp;apos;]}]
Capabilities {acceptInsecureCerts: true, browserName: chrome, browserVersion: 125.0.6422.141, chrome: {chromedriverVersion: 124.0.6367.91 (51df0e5e17a8..., userDataDir: C:\Users\SOPAN~1.GAY\AppDat...}, fedcm:accounts: true, goog:chromeOptions: {debuggerAddress: localhost:64618}, networkConnectionEnabled: false, pageLoadStrategy: normal, platformName: windows, proxy: Proxy(), se:cdp: ws://localhost:64618/devtoo..., se:cdpVersion: 125.0.6422.141, setWindowRect: true, strictFileInteractability: false, timeouts: {implicit: 0, pageLoad: 300000, script: 30000}, unhandledPromptBehavior: dismiss and notify, webauthn:extension:credBlob: true, webauthn:extension:largeBlob: true, webauthn:extension:minPinLength: true, webauthn:extension:prf: true, webauthn:virtualAuthenticators: true}
Session ID: 644f236023a94c27a82526402ca5c6e2">
      <![CDATA[org.openqa.selenium.NoSuchElementException: no such element: Unable to locate element: {"method":"xpath","selector":"//p[text()='Approval']"}
  (Session info: chrome=125.0.6422.141)
For documentation on this error, please visit: https://selenium.dev/exceptions/#no_such_element
Build info: version: '4.9.1', revision: 'eb2032df7f'
System info: os.name: 'Windows 11', os.arch: 'amd64', os.version: '10.0', java.version: '17.0.9'
Driver info: org.openqa.selenium.chrome.ChromeDriver
Command: [644f236023a94c27a82526402ca5c6e2, findElement {using=xpath, value=//p[text()='Approval']}]
Capabilities {acceptInsecureCerts: true, browserName: chrome, browserVersion: 125.0.6422.141, chrome: {chromedriverVersion: 124.0.6367.91 (51df0e5e17a8..., userDataDir: C:\Users\SOPAN~1.GAY\AppDat...}, fedcm:accounts: true, goog:chromeOptions: {debuggerAddress: localhost:64618}, networkConnectionEnabled: false, pageLoadStrategy: normal, platformName: windows, proxy: Proxy(), se:cdp: ws://localhost:64618/devtoo..., se:cdpVersion: 125.0.6422.141, setWindowRect: true, strictFileInteractability: false, timeouts: {implicit: 0, pageLoad: 300000, script: 30000}, unhandledPromptBehavior: dismiss and notify, webauthn:extension:credBlob: true, webauthn:extension:largeBlob: true, webauthn:extension:minPinLength: true, webauthn:extension:prf: true, webauthn:virtualAuthenticators: true}
Session ID: 644f236023a94c27a82526402ca5c6e2
at org.openqa.selenium.remote.codec.w3c.W3CHttpResponseCodec.createException(W3CHttpResponseCodec.java:200)
at org.openqa.selenium.remote.codec.w3c.W3CHttpResponseCodec.decode(W3CHttpResponseCodec.java:133)
at org.openqa.selenium.remote.codec.w3c.W3CHttpResponseCodec.decode(W3CHttpResponseCodec.java:53)
at org.openqa.selenium.remote.HttpCommandExecutor.execute(HttpCommandExecutor.java:193)
at org.openqa.selenium.remote.service.DriverCommandExecutor.invokeExecute(DriverCommandExecutor.java:183)
at org.openqa.selenium.remote.service.DriverCommandExecutor.execute(DriverCommandExecutor.java:158)
at org.openqa.selenium.remote.RemoteWebDriver.execute(RemoteWebDriver.java:543)
at org.openqa.selenium.remote.ElementLocation$ElementFinder$2.findElement(ElementLocation.java:162)
at org.openqa.selenium.remote.ElementLocation.findElement(ElementLocation.java:60)
at org.openqa.selenium.remote.RemoteWebDriver.findElement(RemoteWebDriver.java:352)
at org.openqa.selenium.remote.RemoteWebDriver.findElement(RemoteWebDriver.java:344)
at org.openqa.selenium.support.pagefactory.DefaultElementLocator.findElement(DefaultElementLocator.java:70)
at org.openqa.selenium.support.pagefactory.internal.LocatingElementHandler.invoke(LocatingElementHandler.java:39)
at jdk.proxy2/jdk.proxy2.$Proxy16.click(Unknown Source)
at Pages.CCF_DropdownsValidation.ApprovalDDList(CCF_DropdownsValidation.java:486)
at TestCases.CCF_DropdownsTesting.ApprovalDDListTest(CCF_DropdownsTesting.java:114)
at java.base/java.util.ArrayList.forEach(ArrayList.java:1511)
... Removed 32 stack frames]]>
    </failure>
  </testcase> <!-- ApprovalDDListTest -->
  <testcase classname="TestCases.CCF_DropdownsTesting" name="ChangeHistoryTabDDListTest" time="0.0">
    <ignored/>
  </testcase> <!-- ChangeHistoryTabDDListTest -->
  <testcase classname="TestCases.CCF_DropdownsTesting" name="CustomerReviewDDTest" time="0.0">
    <ignored/>
  </testcase> <!-- CustomerReviewDDTest -->
  <testcase classname="TestCases.CCF_DropdownsTesting" name="ReleaseDependencyDDTest" time="0.0">
    <ignored/>
  </testcase> <!-- ReleaseDependencyDDTest -->
  <testcase classname="TestCases.CCF_DropdownsTesting" name="MarketingReviewDDTest" time="0.0">
    <ignored/>
  </testcase> <!-- MarketingReviewDDTest -->
  <testcase classname="TestCases.CCF_DropdownsTesting" name="WorkOrderApplicationDDListTest" time="0.0">
    <ignored/>
  </testcase> <!-- WorkOrderApplicationDDListTest -->
  <testcase classname="TestCases.CCF_DropdownsTesting" name="RAReviewDDTest" time="0.0">
    <ignored/>
  </testcase> <!-- RAReviewDDTest -->
  <testcase classname="TestCases.CCF_DropdownsTesting" name="FunctionDepartmentDDTest" time="0.0">
    <ignored/>
  </testcase> <!-- FunctionDepartmentDDTest -->
  <testcase classname="TestCases.CCF_DropdownsTesting" name="UATTabDDListTest" time="0.0">
    <ignored/>
  </testcase> <!-- UATTabDDListTest -->
  <testcase classname="TestCases.CCF_DropdownsTesting" name="ITReviewDDListDDListTest" time="0.0">
    <ignored/>
  </testcase> <!-- ITReviewDDListDDListTest -->
  <testcase classname="TestCases.CCF_DropdownsTesting" name="BusinessReviewTabDDListTest" time="0.0">
    <ignored/>
  </testcase> <!-- BusinessReviewTabDDListTest -->
  <testcase classname="TestCases.CCF_DropdownsTesting" name="PlannedForDDTest" time="0.0">
    <ignored/>
  </testcase> <!-- PlannedForDDTest -->
  <testcase classname="TestCases.CCF_DropdownsTesting" name="FinanceReviewDDTest" time="0.0">
    <ignored/>
  </testcase> <!-- FinanceReviewDDTest -->
  <testcase classname="TestCases.CCF_DropdownsTesting" name="LinksTabDDListTest" time="0.0">
    <ignored/>
  </testcase> <!-- LinksTabDDListTest -->
  <testcase classname="TestCases.CCF_DropdownsTesting" name="OrderableFlagDDTest" time="0.0">
    <ignored/>
  </testcase> <!-- OrderableFlagDDTest -->
  <testcase classname="TestCases.CCF_DropdownsTesting" name="InventoryFlagDDTest" time="0.0">
    <ignored/>
  </testcase> <!-- InventoryFlagDDTest -->
  <testcase classname="TestCases.CCF_DropdownsTesting" name="MaterialToMaterialTest" time="0.0">
    <ignored/>
  </testcase> <!-- MaterialToMaterialTest -->
  <testcase classname="TestCases.CCF_DropdownsTesting" name="chargeCreationFormDropdownList" time="0.0">
    <ignored/>
  </testcase> <!-- chargeCreationFormDropdownList -->
  <testcase classname="TestCases.CCF_DropdownsTesting" name="AdditionalBusinessRulesDDListTest" time="0.0">
    <ignored/>
  </testcase> <!-- AdditionalBusinessRulesDDListTest -->
  <testcase classname="TestCases.CCF_DropdownsTesting" name="FoundInDDTest" time="0.0">
    <ignored/>
  </testcase> <!-- FoundInDDTest -->
  <testcase classname="TestCases.CCF_DropdownsTesting" name="ITReviewDD" time="0.0">
    <ignored/>
  </testcase> <!-- ITReviewDD -->
  <testcase classname="TestCases.CCF_DropdownsTesting" name="TechReviewDD" time="0.0">
    <ignored/>
  </testcase> <!-- TechReviewDD -->
  <testcase classname="TestCases.CCF_DropdownsTesting" name="FieldServicesReviewDDTest" time="0.0">
    <ignored/>
  </testcase> <!-- FieldServicesReviewDDTest -->
  <testcase classname="TestCases.CCF_DropdownsTesting" name="SalesReviewDDTest" time="0.0">
    <ignored/>
  </testcase> <!-- SalesReviewDDTest -->
  <testcase classname="TestCases.CCF_DropdownsTesting" name="MaterialCategoryDD" time="0.0">
    <ignored/>
  </testcase> <!-- MaterialCategoryDD -->
</testsuite> <!-- Test(failed) -->
