<?xml version="1.0" encoding="UTF-8"?>
<!-- Generated by org.testng.reporters.JUnitXMLReporter -->
<testsuite ignored="0" hostname="DTPLREN91" failures="13" tests="155" name="Test" time="1833.56" errors="0" timestamp="2024-07-02T13:53:41 IST">
  <testcase classname="TestCases.CM_AttributesValidationTesting" name="ApprovalsTabSection" time="4.09"/>
  <testcase classname="TestCases.CM_AttributesValidationTesting" name="AudioAttributesTest" time="6.264"/>
  <testcase classname="TestCases.CM_AttributesValidationTesting" name="ChangeHistoryTabAtributes" time="3.439"/>
  <testcase classname="TestCases.CM_AttributesValidationTesting" name="ChannelMasterAtributesTest" time="13.638">
    <failure type="java.lang.Exception" message="Failed because List are not Matching">
      <![CDATA[java.lang.Exception: Failed because List are not Matching
at Pages.CMAtributsValidation.ChannelMasterAtributes(CMAtributsValidation.java:133)
at TestCases.CM_AttributesValidationTesting.ChannelMasterAtributesTest(CM_AttributesValidationTesting.java:40)
at java.base/java.util.ArrayList.forEach(ArrayList.java:1511)
... Removed 27 stack frames]]>
    </failure>
  </testcase> <!-- ChannelMasterAtributesTest -->
  <testcase classname="TestCases.CM_AttributesValidationTesting" name="CommentsAttributesTest" time="3.359"/>
  <testcase classname="TestCases.CM_AttributesValidationTesting" name="ContentTeamAtributesTest" time="4.666">
    <failure type="java.lang.Exception" message="Failed because List are not Matching">
      <![CDATA[java.lang.Exception: Failed because List are not Matching
at Pages.CMAtributsValidation.contentTeamAtributes(CMAtributsValidation.java:262)
at TestCases.CM_AttributesValidationTesting.ContentTeamAtributesTest(CM_AttributesValidationTesting.java:65)
at java.base/java.util.ArrayList.forEach(ArrayList.java:1511)
... Removed 27 stack frames]]>
    </failure>
  </testcase> <!-- ContentTeamAtributesTest -->
  <testcase classname="TestCases.CM_AttributesValidationTesting" name="ContentTechAttributesTest" time="3.294"/>
  <testcase classname="TestCases.CM_AttributesValidationTesting" name="DistributionAttributesTest" time="3.704"/>
  <testcase classname="TestCases.CM_AttributesValidationTesting" name="DistributionEPGAttributesTest" time="3.607"/>
  <testcase classname="TestCases.CM_AttributesValidationTesting" name="EPGSectionAttributes" time="4.328"/>
  <testcase classname="TestCases.CM_AttributesValidationTesting" name="FormDetailsTest" time="3.637"/>
  <testcase classname="TestCases.CM_AttributesValidationTesting" name="HistoryTabTest" time="5.631"/>
  <testcase classname="TestCases.CM_AttributesValidationTesting" name="LogoPlatformTabTest" time="5.547"/>
  <testcase classname="TestCases.CM_AttributesValidationTesting" name="SMSectionAttributesTest" time="4.38"/>
  <testcase classname="TestCases.CM_AttributesValidationTesting" name="SatelliteAttributesTest" time="5.182"/>
  <testcase classname="TestCases.CM_AttributesValidationTesting" name="TabsOfCMPageTest" time="3.804"/>
  <testcase classname="TestCases.CM_AttributesValidationTesting" name="TechnicalContactAttributesTest" time="4.264"/>
  <testcase classname="TestCases.CM_AttributesValidationTesting" name="TechnologlySectionAttributesTest" time="3.543"/>
  <testcase classname="TestCases.CM_AttributesValidationTesting" name="VideoSectionAttributesTest" time="3.387"/>
  <testcase classname="TestCases.CM_AttributesValidationTesting" name="logoPlatformTabAtributesTest" time="3.645"/>
  <testcase classname="TestCases.CM_AttributesValidationTesting" name="sectionListNameTest" time="3.964"/>
  <testcase classname="TestCases.FPM_AttributesValidationTesting" name="AddNewChannelTtest" time="4.381"/>
  <testcase classname="TestCases.FPM_AttributesValidationTesting" name="BackendPackTabTest" time="4.574">
    <failure type="java.lang.Exception" message="Failed because List are not Matching">
      <![CDATA[java.lang.Exception: Failed because List are not Matching
at Pages.FPMAtributsValidation.backendPackTab(FPMAtributsValidation.java:527)
at TestCases.FPM_AttributesValidationTesting.BackendPackTabTest(FPM_AttributesValidationTesting.java:121)
at java.base/java.util.ArrayList.forEach(ArrayList.java:1511)
... Removed 27 stack frames]]>
    </failure>
  </testcase> <!-- BackendPackTabTest -->
  <testcase classname="TestCases.FPM_AttributesValidationTesting" name="ChangeHistoryTab" time="4.213"/>
  <testcase classname="TestCases.FPM_AttributesValidationTesting" name="FPMTabList" time="4.152">
    <failure type="java.lang.Exception" message="Failed because List are not Matching">
      <![CDATA[java.lang.Exception: Failed because List are not Matching
at Pages.FPMAtributsValidation.FPMTabList(FPMAtributsValidation.java:99)
at TestCases.FPM_AttributesValidationTesting.FPMTabList(FPM_AttributesValidationTesting.java:37)
at java.base/java.util.ArrayList.forEach(ArrayList.java:1511)
... Removed 27 stack frames]]>
    </failure>
  </testcase> <!-- FPMTabList -->
  <testcase classname="TestCases.FPM_AttributesValidationTesting" name="FPMformDetailsTest" time="3.989"/>
  <testcase classname="TestCases.FPM_AttributesValidationTesting" name="PackAvailableAttributesTest" time="4.888">
    <failure type="java.lang.Exception" message="Failed because List are not Matching">
      <![CDATA[java.lang.Exception: Failed because List are not Matching
at Pages.FPMAtributsValidation.packAvailableAttributes(FPMAtributsValidation.java:219)
at TestCases.FPM_AttributesValidationTesting.PackAvailableAttributesTest(FPM_AttributesValidationTesting.java:61)
at java.base/java.util.ArrayList.forEach(ArrayList.java:1511)
... Removed 27 stack frames]]>
    </failure>
  </testcase> <!-- PackAvailableAttributesTest -->
  <testcase classname="TestCases.FPM_AttributesValidationTesting" name="additionalBusinessAttributesTest" time="3.775"/>
  <testcase classname="TestCases.FPM_AttributesValidationTesting" name="attachmentsAttributesTest" time="4.04"/>
  <testcase classname="TestCases.FPM_AttributesValidationTesting" name="backendPackAttributesTest" time="4.592">
    <failure type="java.lang.Exception" message="Failed because List are not Matching">
      <![CDATA[java.lang.Exception: Failed because List are not Matching
at Pages.FPMAtributsValidation.backendPackAttributes(FPMAtributsValidation.java:589)
at TestCases.FPM_AttributesValidationTesting.backendPackAttributesTest(FPM_AttributesValidationTesting.java:133)
at java.base/java.util.ArrayList.forEach(ArrayList.java:1511)
... Removed 27 stack frames]]>
    </failure>
  </testcase> <!-- backendPackAttributesTest -->
  <testcase classname="TestCases.FPM_AttributesValidationTesting" name="backendPackSectionsTest" time="4.404"/>
  <testcase classname="TestCases.FPM_AttributesValidationTesting" name="cAIDDetailsAttributesTest" time="4.482"/>
  <testcase classname="TestCases.FPM_AttributesValidationTesting" name="changeHistoryAttributesTest" time="4.066"/>
  <testcase classname="TestCases.FPM_AttributesValidationTesting" name="changeHistorySections" time="4.059"/>
  <testcase classname="TestCases.FPM_AttributesValidationTesting" name="channelAddDropDetails" time="4.209"/>
  <testcase classname="TestCases.FPM_AttributesValidationTesting" name="channelDetailsSection" time="7.178"/>
  <testcase classname="TestCases.FPM_AttributesValidationTesting" name="channelDetailsSectionsTest" time="4.674"/>
  <testcase classname="TestCases.FPM_AttributesValidationTesting" name="channelDetailsTabTest" time="5.746"/>
  <testcase classname="TestCases.FPM_AttributesValidationTesting" name="commentsAttributesTest" time="3.822"/>
  <testcase classname="TestCases.FPM_AttributesValidationTesting" name="compatiblePacksAttributesTest" time="3.669"/>
  <testcase classname="TestCases.FPM_AttributesValidationTesting" name="frontendPackDetailsAttributesTest" time="9.664">
    <failure type="java.lang.Exception" message="Failed because List are not Matching">
      <![CDATA[java.lang.Exception: Failed because List are not Matching
at Pages.FPMAtributsValidation.frontendPackDetailsAttributes(FPMAtributsValidation.java:189)
at TestCases.FPM_AttributesValidationTesting.frontendPackDetailsAttributesTest(FPM_AttributesValidationTesting.java:55)
at java.base/java.util.ArrayList.forEach(ArrayList.java:1511)
... Removed 27 stack frames]]>
    </failure>
  </testcase> <!-- frontendPackDetailsAttributesTest -->
  <testcase classname="TestCases.FPM_AttributesValidationTesting" name="frontendPackSectionsTest" time="4.144"/>
  <testcase classname="TestCases.FPM_AttributesValidationTesting" name="frontendPackTabAttributes" time="11.767">
    <failure type="java.lang.Exception" message="Failed because List are not Matching">
      <![CDATA[java.lang.Exception: Failed because List are not Matching
at Pages.FPMAtributsValidation.frontendPackTabAttributes(FPMAtributsValidation.java:129)
at TestCases.FPM_AttributesValidationTesting.frontendPackTabAttributes(FPM_AttributesValidationTesting.java:43)
at java.base/java.util.ArrayList.forEach(ArrayList.java:1511)
... Removed 27 stack frames]]>
    </failure>
  </testcase> <!-- frontendPackTabAttributes -->
  <testcase classname="TestCases.FPM_AttributesValidationTesting" name="linksAttributesTest" time="4.195"/>
  <testcase classname="TestCases.FPM_AttributesValidationTesting" name="linksSectionsTest" time="4.257"/>
  <testcase classname="TestCases.FPM_AttributesValidationTesting" name="linksTabTest" time="4.612"/>
  <testcase classname="TestCases.BPM_AttributesValidationTesting" name="BPMTabListTest" time="3.63"/>
  <testcase classname="TestCases.BPM_AttributesValidationTesting" name="BPMformDetailsTest" time="2.941"/>
  <testcase classname="TestCases.BPM_AttributesValidationTesting" name="BackendPackSectionsTest" time="2.869"/>
  <testcase classname="TestCases.BPM_AttributesValidationTesting" name="BpmCommentsAttributesTest" time="3.136"/>
  <testcase classname="TestCases.BPM_AttributesValidationTesting" name="ChangeHistoryTabTest" time="3.045"/>
  <testcase classname="TestCases.BPM_AttributesValidationTesting" name="backendPackAttributesTest" time="3.51">
    <failure type="java.lang.Exception" message="Failed because List are not Matching">
      <![CDATA[java.lang.Exception: Failed because List are not Matching
at Pages.BPMAttributesValidation.backendPackAttributes(BPMAttributesValidation.java:125)
at TestCases.BPM_AttributesValidationTesting.backendPackAttributesTest(BPM_AttributesValidationTesting.java:41)
at java.base/java.util.ArrayList.forEach(ArrayList.java:1511)
... Removed 27 stack frames]]>
    </failure>
  </testcase> <!-- backendPackAttributesTest -->
  <testcase classname="TestCases.BPM_AttributesValidationTesting" name="backendPackSectionAttributesTest" time="3.775">
    <failure type="java.lang.Exception" message="Failed because List are not Matching">
      <![CDATA[java.lang.Exception: Failed because List are not Matching
at Pages.BPMAttributesValidation.backendPackSectionAttributes(BPMAttributesValidation.java:185)
at TestCases.BPM_AttributesValidationTesting.backendPackSectionAttributesTest(BPM_AttributesValidationTesting.java:53)
at java.base/java.util.ArrayList.forEach(ArrayList.java:1511)
... Removed 27 stack frames]]>
    </failure>
  </testcase> <!-- backendPackSectionAttributesTest -->
  <testcase classname="TestCases.BPM_AttributesValidationTesting" name="changeHistorySecAttributesTest" time="3.043"/>
  <testcase classname="TestCases.BPM_AttributesValidationTesting" name="changeHistorySectionsTest" time="3.056"/>
  <testcase classname="TestCases.BPM_AttributesValidationTesting" name="channelDetailsAttributesTest" time="5.312"/>
  <testcase classname="TestCases.BPM_AttributesValidationTesting" name="channelDetailsSectionsTest" time="3.393"/>
  <testcase classname="TestCases.BPM_AttributesValidationTesting" name="channelsAddDropAttributesTest" time="3.578"/>
  <testcase classname="TestCases.BPM_AttributesValidationTesting" name="channelsDetailsAttributesTest" time="4.83"/>
  <testcase classname="TestCases.BPM_AttributesValidationTesting" name="frontendPackMappingTab" time="3.239"/>
  <testcase classname="TestCases.BPM_AttributesValidationTesting" name="frontendPackSecAttributes" time="3.01"/>
  <testcase classname="TestCases.BPM_AttributesValidationTesting" name="frontendPackSectionsTest" time="2.993"/>
  <testcase classname="TestCases.PCF_AttributesValidationTesting" name="AdditionalBusinessAttributes" time="4.664"/>
  <testcase classname="TestCases.PCF_AttributesValidationTesting" name="AlertsBillsAttributesTest" time="5.062"/>
  <testcase classname="TestCases.PCF_AttributesValidationTesting" name="AlertsBillsSections" time="4.978"/>
  <testcase classname="TestCases.PCF_AttributesValidationTesting" name="BIRelatedConfigurations" time="4.575"/>
  <testcase classname="TestCases.PCF_AttributesValidationTesting" name="BReviewDetailsAttributesTest" time="5.23"/>
  <testcase classname="TestCases.PCF_AttributesValidationTesting" name="BingeCCFAttributes" time="5.253"/>
  <testcase classname="TestCases.PCF_AttributesValidationTesting" name="BusinessReviewAttributesTest" time="6.035"/>
  <testcase classname="TestCases.PCF_AttributesValidationTesting" name="CARelatedConfigAttributes" time="4.891"/>
  <testcase classname="TestCases.PCF_AttributesValidationTesting" name="CampaignConfigurationsTest" time="4.96"/>
  <testcase classname="TestCases.PCF_AttributesValidationTesting" name="ChangeHistoryAttributesTest" time="6.021"/>
  <testcase classname="TestCases.PCF_AttributesValidationTesting" name="ChargingAccountAttributesTest" time="6.879"/>
  <testcase classname="TestCases.PCF_AttributesValidationTesting" name="ChargingAdditionalAttributesTest" time="5.165"/>
  <testcase classname="TestCases.PCF_AttributesValidationTesting" name="ChargingAttributesTest" time="7.232">
    <failure type="java.lang.Exception" message="Failed because List are not Matching">
      <![CDATA[java.lang.Exception: Failed because List are not Matching
at Pages.PCFAttributesValidation.chargingAttributes(PCFAttributesValidation.java:264)
at TestCases.PCF_AttributesValidationTesting.ChargingAttributesTest(PCF_AttributesValidationTesting.java:64)
at java.base/java.util.ArrayList.forEach(ArrayList.java:1511)
... Removed 27 stack frames]]>
    </failure>
  </testcase> <!-- ChargingAttributesTest -->
  <testcase classname="TestCases.PCF_AttributesValidationTesting" name="Charging_Applicable_NRC_Test" time="4.331"/>
  <testcase classname="TestCases.PCF_AttributesValidationTesting" name="Charging_Applicable_RC_Test" time="4.43"/>
  <testcase classname="TestCases.PCF_AttributesValidationTesting" name="CompatiblePacksTobeTest" time="5.225"/>
  <testcase classname="TestCases.PCF_AttributesValidationTesting" name="CorporateAttributes" time="5.17"/>
  <testcase classname="TestCases.PCF_AttributesValidationTesting" name="EffortEstimAttributesTest" time="6.792"/>
  <testcase classname="TestCases.PCF_AttributesValidationTesting" name="FormDetailsTest" time="5.074"/>
  <testcase classname="TestCases.PCF_AttributesValidationTesting" name="ITReviewAttributesTest" time="6.508"/>
  <testcase classname="TestCases.PCF_AttributesValidationTesting" name="ITReviewTabSectionsTest" time="4.949"/>
  <testcase classname="TestCases.PCF_AttributesValidationTesting" name="MissedCallConfigAttributes" time="4.926"/>
  <testcase classname="TestCases.PCF_AttributesValidationTesting" name="MissedCalltoSPM_Test" time="5.156"/>
  <testcase classname="TestCases.PCF_AttributesValidationTesting" name="NuanceConfigAttributes" time="4.98"/>
  <testcase classname="TestCases.PCF_AttributesValidationTesting" name="PCFTabsListTest" time="5.138"/>
  <testcase classname="TestCases.PCF_AttributesValidationTesting" name="PRMSalesConfigAttributes" time="4.922"/>
  <testcase classname="TestCases.PCF_AttributesValidationTesting" name="PacageCreationAttributesTest" time="20.502">
    <failure type="java.lang.Exception" message="Failed because List are not Matching">
      <![CDATA[java.lang.Exception: Failed because List are not Matching
at Pages.PCFAttributesValidation.pacageCreationAttributes(PCFAttributesValidation.java:144)
at TestCases.PCF_AttributesValidationTesting.PacageCreationAttributesTest(PCF_AttributesValidationTesting.java:40)
at java.base/java.util.ArrayList.forEach(ArrayList.java:1511)
... Removed 27 stack frames]]>
    </failure>
  </testcase> <!-- PacageCreationAttributesTest -->
  <testcase classname="TestCases.PCF_AttributesValidationTesting" name="PackageDetailsAttributesTest" time="9.636"/>
  <testcase classname="TestCases.PCF_AttributesValidationTesting" name="RequesterDetailsAttributesTest" time="5.568"/>
  <testcase classname="TestCases.PCF_AttributesValidationTesting" name="SMSConfigAttributes" time="5.026"/>
  <testcase classname="TestCases.PCF_AttributesValidationTesting" name="SectionNameListTest" time="5.461"/>
  <testcase classname="TestCases.PCF_AttributesValidationTesting" name="SelfCareConfigAttributes" time="5.162"/>
  <testcase classname="TestCases.PCF_AttributesValidationTesting" name="SiebelCompatibilityAttributes" time="5.385"/>
  <testcase classname="TestCases.PCF_AttributesValidationTesting" name="SubCategoryAttributesTest" time="4.781"/>
  <testcase classname="TestCases.PCF_AttributesValidationTesting" name="b_MailAttributesTest" time="5.097"/>
  <testcase classname="TestCases.PCF_AttributesValidationTesting" name="billDescriptionAttributesTest" time="5.768"/>
  <testcase classname="TestCases.PCF_AttributesValidationTesting" name="brCommentsAttributesTest" time="5.079"/>
  <testcase classname="TestCases.PCF_AttributesValidationTesting" name="businessReviewSectionsTest" time="5.19"/>
  <testcase classname="TestCases.PCF_AttributesValidationTesting" name="chCommercialAttributesTest" time="5.221"/>
  <testcase classname="TestCases.PCF_AttributesValidationTesting" name="chCorporateAttributesTest" time="5.167"/>
  <testcase classname="TestCases.PCF_AttributesValidationTesting" name="chResidentialAtributesTest" time="5.093"/>
  <testcase classname="TestCases.PCF_AttributesValidationTesting" name="chRuleOnAccountAtributes" time="4.738"/>
  <testcase classname="TestCases.PCF_AttributesValidationTesting" name="chSubCategoryAttributesTest" time="5.911"/>
  <testcase classname="TestCases.PCF_AttributesValidationTesting" name="chTradeAttributesTest" time="4.909"/>
  <testcase classname="TestCases.PCF_AttributesValidationTesting" name="changeHistoryAttributesTest" time="4.64"/>
  <testcase classname="TestCases.PCF_AttributesValidationTesting" name="changeHistorySectionsTest" time="4.721"/>
  <testcase classname="TestCases.PCF_AttributesValidationTesting" name="chargingTabSectionsTest" time="4.904"/>
  <testcase classname="TestCases.PCF_AttributesValidationTesting" name="discussionAttributesTest" time="4.803"/>
  <testcase classname="TestCases.PCF_AttributesValidationTesting" name="elCommercialAttributes" time="4.942"/>
  <testcase classname="TestCases.PCF_AttributesValidationTesting" name="elResidentialAtributesTest" time="5.002"/>
  <testcase classname="TestCases.PCF_AttributesValidationTesting" name="elRuleOnAccountAtributesTest" time="4.946"/>
  <testcase classname="TestCases.PCF_AttributesValidationTesting" name="elTradeAttributesTest" time="4.737"/>
  <testcase classname="TestCases.PCF_AttributesValidationTesting" name="eligibilityAttributesTest" time="7.264"/>
  <testcase classname="TestCases.PCF_AttributesValidationTesting" name="eligibilitySectionsTest" time="4.861"/>
  <testcase classname="TestCases.PCF_AttributesValidationTesting" name="itReviewAttributesTest" time="5.617"/>
  <testcase classname="TestCases.PCF_AttributesValidationTesting" name="mSalesAttributes" time="5.126"/>
  <testcase classname="TestCases.PCF_AttributesValidationTesting" name="reviewArtifactsAttributesTest" time="5.731"/>
  <testcase classname="TestCases.CCF_AttributesValidationTesting" name="AdditionalBusinessSecAttributes" time="4.361"/>
  <testcase classname="TestCases.CCF_AttributesValidationTesting" name="ApprovalAttributes" time="4.593"/>
  <testcase classname="TestCases.CCF_AttributesValidationTesting" name="ApprovalSections" time="3.074"/>
  <testcase classname="TestCases.CCF_AttributesValidationTesting" name="BusinessReviewAttributesTest" time="4.645"/>
  <testcase classname="TestCases.CCF_AttributesValidationTesting" name="CCFTabListTest" time="3.377"/>
  <testcase classname="TestCases.CCF_AttributesValidationTesting" name="ChangeHistoryAttributesTest" time="3.153"/>
  <testcase classname="TestCases.CCF_AttributesValidationTesting" name="ChangeHistorySectionsTest" time="3.232"/>
  <testcase classname="TestCases.CCF_AttributesValidationTesting" name="FPMformDetailsTest" time="3.016"/>
  <testcase classname="TestCases.CCF_AttributesValidationTesting" name="ITReviewAttributesTest" time="4.404"/>
  <testcase classname="TestCases.CCF_AttributesValidationTesting" name="ITReviewSectionsTest" time="3.258"/>
  <testcase classname="TestCases.CCF_AttributesValidationTesting" name="LinksSecAttributesTest" time="3.09"/>
  <testcase classname="TestCases.CCF_AttributesValidationTesting" name="TestArtifactsAttributes" time="3.378"/>
  <testcase classname="TestCases.CCF_AttributesValidationTesting" name="UATTabAttributesTest" time="3.408"/>
  <testcase classname="TestCases.CCF_AttributesValidationTesting" name="UATTabSectionsTest" time="3.17"/>
  <testcase classname="TestCases.CCF_AttributesValidationTesting" name="WorkOrderConTabTest" time="3.242"/>
  <testcase classname="TestCases.CCF_AttributesValidationTesting" name="additionalBusinessAttributeTest" time="3.043"/>
  <testcase classname="TestCases.CCF_AttributesValidationTesting" name="additionalBusinessSectionsTest" time="3.291"/>
  <testcase classname="TestCases.CCF_AttributesValidationTesting" name="alertsBillAttributesTest" time="2.877"/>
  <testcase classname="TestCases.CCF_AttributesValidationTesting" name="approvalSecAttributesTest" time="3.196"/>
  <testcase classname="TestCases.CCF_AttributesValidationTesting" name="attachmentsAttributes" time="3.114"/>
  <testcase classname="TestCases.CCF_AttributesValidationTesting" name="businessReviewSectionsTest" time="3.864"/>
  <testcase classname="TestCases.CCF_AttributesValidationTesting" name="changeHistorySecAttributes" time="3.466"/>
  <testcase classname="TestCases.CCF_AttributesValidationTesting" name="chargeProductAttributesTest" time="7.159"/>
  <testcase classname="TestCases.CCF_AttributesValidationTesting" name="chargeProductSecAttributesTest" time="3.551"/>
  <testcase classname="TestCases.CCF_AttributesValidationTesting" name="chargeProductSectionsTest" time="2.956">
    <failure type="java.lang.Exception" message="Failed because List are not Matching">
      <![CDATA[java.lang.Exception: Failed because List are not Matching
at Pages.CCFAttributeValidation.chargeProductSections(CCFAttributeValidation.java:163)
at TestCases.CCF_AttributesValidationTesting.chargeProductSectionsTest(CCF_AttributesValidationTesting.java:47)
at java.base/java.util.ArrayList.forEach(ArrayList.java:1511)
... Removed 27 stack frames]]>
    </failure>
  </testcase> <!-- chargeProductSectionsTest -->
  <testcase classname="TestCases.CCF_AttributesValidationTesting" name="effortEstimationAttributesTest" time="3.305"/>
  <testcase classname="TestCases.CCF_AttributesValidationTesting" name="itReviewAttributesTest" time="4.396"/>
  <testcase classname="TestCases.CCF_AttributesValidationTesting" name="linksTabAttributesTest" time="3.497"/>
  <testcase classname="TestCases.CCF_AttributesValidationTesting" name="linksTabSectionsTest" time="3.146"/>
  <testcase classname="TestCases.CCF_AttributesValidationTesting" name="pRMServiceAttributesTest" time="3.325"/>
  <testcase classname="TestCases.CCF_AttributesValidationTesting" name="priceListAttributesTest" time="4.516"/>
  <testcase classname="TestCases.CCF_AttributesValidationTesting" name="reviewDetailsAttributesTest" time="3.723"/>
  <testcase classname="TestCases.CCF_AttributesValidationTesting" name="reviewedSignoffAttributesTest" time="3.956"/>
  <testcase classname="TestCases.CCF_AttributesValidationTesting" name="reviewerNamesAttributesTest" time="3.606"/>
  <testcase classname="TestCases.CCF_AttributesValidationTesting" name="workOrderConsSectionTest" time="2.884"/>
  <testcase classname="TestCases.CCF_AttributesValidationTesting" name="workOrderSecAttributesTest" time="2.941"/>
</testsuite> <!-- Test -->
