<html>
<head>
<title>TestNG:  Test</title>
<link href="../testng.css" rel="stylesheet" type="text/css" />
<link href="../my-testng.css" rel="stylesheet" type="text/css" />

<style type="text/css">
.log { display: none;} 
.stack-trace { display: none;} 
</style>
<script type="text/javascript">
<!--
function flip(e) {
  current = e.style.display;
  if (current == 'block') {
    e.style.display = 'none';
    return 0;
  }
  else {
    e.style.display = 'block';
    return 1;
  }
}

function toggleBox(szDivId, elem, msg1, msg2)
{
  var res = -1;  if (document.getElementById) {
    res = flip(document.getElementById(szDivId));
  }
  else if (document.all) {
    // this is the way old msie versions work
    res = flip(document.all[szDivId]);
  }
  if(elem) {
    if(res == 0) elem.innerHTML = msg1; else elem.innerHTML = msg2;
  }

}

function toggleAllBoxes() {
  if (document.getElementsByTagName) {
    d = document.getElementsByTagName('div');
    for (i = 0; i < d.length; i++) {
      if (d[i].className == 'log') {
        flip(d[i]);
      }
    }
  }
}

// -->
</script>

</head>
<body>
<h2 align='center'>Test</h2><table border='1' align="center">
<tr>
<td>Tests passed/Failed/Skipped:</td><td>142/13/0</td>
</tr><tr>
<td>Started on:</td><td>Tue Jul 02 13:23:08 IST 2024</td>
</tr>
<tr><td>Total time:</td><td>1833 seconds (1833560 ms)</td>
</tr><tr>
<td>Included groups:</td><td></td>
</tr><tr>
<td>Excluded groups:</td><td></td>
</tr>
</table><p/>
<small><i>(Hover the method name to see the test class name)</i></small><p/>
<table width='100%' border='1' class='invocation-failed'>
<tr><td colspan='4' align='center'><b>FAILED TESTS</b></td></tr>
<tr><td><b>Test method</b></td>
<td width="30%"><b>Exception</b></td>
<td width="10%"><b>Time (seconds)</b></td>
<td><b>Instance</b></td>
</tr>
<tr>
<td title='TestCases.BPM_AttributesValidationTesting.backendPackAttributesTest()'><b>backendPackAttributesTest</b><br>Test class: TestCases.BPM_AttributesValidationTesting</td>
<td><div><pre>java.lang.Exception: Failed because List are not Matching
	at Pages.BPMAttributesValidation.backendPackAttributes(BPMAttributesValidation.java:125)
	at TestCases.BPM_AttributesValidationTesting.backendPackAttributesTest(BPM_AttributesValidationTesting.java:41)
	at java.base/java.util.ArrayList.forEach(ArrayList.java:1511)
... Removed 27 stack frames</pre></div><a href='#' onClick='toggleBox("stack-trace42506186", this, "Click to show all stack frames", "Click to hide stack frames")'>Click to show all stack frames</a>
<div class='stack-trace' id='stack-trace42506186'><pre>java.lang.Exception: Failed because List are not Matching
	at Pages.BPMAttributesValidation.backendPackAttributes(BPMAttributesValidation.java:125)
	at TestCases.BPM_AttributesValidationTesting.backendPackAttributesTest(BPM_AttributesValidationTesting.java:41)
	at java.base/jdk.internal.reflect.NativeMethodAccessorImpl.invoke0(Native Method)
	at java.base/jdk.internal.reflect.NativeMethodAccessorImpl.invoke(NativeMethodAccessorImpl.java:77)
	at java.base/jdk.internal.reflect.DelegatingMethodAccessorImpl.invoke(DelegatingMethodAccessorImpl.java:43)
	at java.base/java.lang.reflect.Method.invoke(Method.java:568)
	at org.testng.internal.MethodInvocationHelper.invokeMethod(MethodInvocationHelper.java:133)
	at org.testng.internal.TestInvoker.invokeMethod(TestInvoker.java:598)
	at org.testng.internal.TestInvoker.invokeTestMethod(TestInvoker.java:173)
	at org.testng.internal.MethodRunner.runInSequence(MethodRunner.java:46)
	at org.testng.internal.TestInvoker$MethodInvocationAgent.invoke(TestInvoker.java:824)
	at org.testng.internal.TestInvoker.invokeTestMethods(TestInvoker.java:146)
	at org.testng.internal.TestMethodWorker.invokeTestMethods(TestMethodWorker.java:146)
	at org.testng.internal.TestMethodWorker.run(TestMethodWorker.java:128)
	at java.base/java.util.ArrayList.forEach(ArrayList.java:1511)
	at org.testng.TestRunner.privateRun(TestRunner.java:794)
	at org.testng.TestRunner.run(TestRunner.java:596)
	at org.testng.SuiteRunner.runTest(SuiteRunner.java:377)
	at org.testng.SuiteRunner.runSequentially(SuiteRunner.java:371)
	at org.testng.SuiteRunner.privateRun(SuiteRunner.java:332)
	at org.testng.SuiteRunner.run(SuiteRunner.java:276)
	at org.testng.SuiteRunnerWorker.runSuite(SuiteRunnerWorker.java:53)
	at org.testng.SuiteRunnerWorker.run(SuiteRunnerWorker.java:96)
	at org.testng.TestNG.runSuitesSequentially(TestNG.java:1212)
	at org.testng.TestNG.runSuitesLocally(TestNG.java:1134)
	at org.testng.TestNG.runSuites(TestNG.java:1063)
	at org.testng.TestNG.run(TestNG.java:1031)
	at org.testng.remote.AbstractRemoteTestNG.run(AbstractRemoteTestNG.java:115)
	at org.testng.remote.RemoteTestNG.initAndRun(RemoteTestNG.java:251)
	at org.testng.remote.RemoteTestNG.main(RemoteTestNG.java:77)
</pre></div></td>
<td>3</td>
<td>TestCases.BPM_AttributesValidationTesting@2cd76f31</td></tr>
<tr>
<td title='TestCases.CM_AttributesValidationTesting.ChannelMasterAtributesTest()'><b>ChannelMasterAtributesTest</b><br>Test class: TestCases.CM_AttributesValidationTesting</td>
<td><div><pre>java.lang.Exception: Failed because List are not Matching
	at Pages.CMAtributsValidation.ChannelMasterAtributes(CMAtributsValidation.java:133)
	at TestCases.CM_AttributesValidationTesting.ChannelMasterAtributesTest(CM_AttributesValidationTesting.java:40)
	at java.base/java.util.ArrayList.forEach(ArrayList.java:1511)
... Removed 27 stack frames</pre></div><a href='#' onClick='toggleBox("stack-trace1534765208", this, "Click to show all stack frames", "Click to hide stack frames")'>Click to show all stack frames</a>
<div class='stack-trace' id='stack-trace1534765208'><pre>java.lang.Exception: Failed because List are not Matching
	at Pages.CMAtributsValidation.ChannelMasterAtributes(CMAtributsValidation.java:133)
	at TestCases.CM_AttributesValidationTesting.ChannelMasterAtributesTest(CM_AttributesValidationTesting.java:40)
	at java.base/jdk.internal.reflect.NativeMethodAccessorImpl.invoke0(Native Method)
	at java.base/jdk.internal.reflect.NativeMethodAccessorImpl.invoke(NativeMethodAccessorImpl.java:77)
	at java.base/jdk.internal.reflect.DelegatingMethodAccessorImpl.invoke(DelegatingMethodAccessorImpl.java:43)
	at java.base/java.lang.reflect.Method.invoke(Method.java:568)
	at org.testng.internal.MethodInvocationHelper.invokeMethod(MethodInvocationHelper.java:133)
	at org.testng.internal.TestInvoker.invokeMethod(TestInvoker.java:598)
	at org.testng.internal.TestInvoker.invokeTestMethod(TestInvoker.java:173)
	at org.testng.internal.MethodRunner.runInSequence(MethodRunner.java:46)
	at org.testng.internal.TestInvoker$MethodInvocationAgent.invoke(TestInvoker.java:824)
	at org.testng.internal.TestInvoker.invokeTestMethods(TestInvoker.java:146)
	at org.testng.internal.TestMethodWorker.invokeTestMethods(TestMethodWorker.java:146)
	at org.testng.internal.TestMethodWorker.run(TestMethodWorker.java:128)
	at java.base/java.util.ArrayList.forEach(ArrayList.java:1511)
	at org.testng.TestRunner.privateRun(TestRunner.java:794)
	at org.testng.TestRunner.run(TestRunner.java:596)
	at org.testng.SuiteRunner.runTest(SuiteRunner.java:377)
	at org.testng.SuiteRunner.runSequentially(SuiteRunner.java:371)
	at org.testng.SuiteRunner.privateRun(SuiteRunner.java:332)
	at org.testng.SuiteRunner.run(SuiteRunner.java:276)
	at org.testng.SuiteRunnerWorker.runSuite(SuiteRunnerWorker.java:53)
	at org.testng.SuiteRunnerWorker.run(SuiteRunnerWorker.java:96)
	at org.testng.TestNG.runSuitesSequentially(TestNG.java:1212)
	at org.testng.TestNG.runSuitesLocally(TestNG.java:1134)
	at org.testng.TestNG.runSuites(TestNG.java:1063)
	at org.testng.TestNG.run(TestNG.java:1031)
	at org.testng.remote.AbstractRemoteTestNG.run(AbstractRemoteTestNG.java:115)
	at org.testng.remote.RemoteTestNG.initAndRun(RemoteTestNG.java:251)
	at org.testng.remote.RemoteTestNG.main(RemoteTestNG.java:77)
</pre></div></td>
<td>13</td>
<td>TestCases.CM_AttributesValidationTesting@2d1ef81a</td></tr>
<tr>
<td title='TestCases.FPM_AttributesValidationTesting.PackAvailableAttributesTest()'><b>PackAvailableAttributesTest</b><br>Test class: TestCases.FPM_AttributesValidationTesting</td>
<td><div><pre>java.lang.Exception: Failed because List are not Matching
	at Pages.FPMAtributsValidation.packAvailableAttributes(FPMAtributsValidation.java:219)
	at TestCases.FPM_AttributesValidationTesting.PackAvailableAttributesTest(FPM_AttributesValidationTesting.java:61)
	at java.base/java.util.ArrayList.forEach(ArrayList.java:1511)
... Removed 27 stack frames</pre></div><a href='#' onClick='toggleBox("stack-trace1586980179", this, "Click to show all stack frames", "Click to hide stack frames")'>Click to show all stack frames</a>
<div class='stack-trace' id='stack-trace1586980179'><pre>java.lang.Exception: Failed because List are not Matching
	at Pages.FPMAtributsValidation.packAvailableAttributes(FPMAtributsValidation.java:219)
	at TestCases.FPM_AttributesValidationTesting.PackAvailableAttributesTest(FPM_AttributesValidationTesting.java:61)
	at java.base/jdk.internal.reflect.NativeMethodAccessorImpl.invoke0(Native Method)
	at java.base/jdk.internal.reflect.NativeMethodAccessorImpl.invoke(NativeMethodAccessorImpl.java:77)
	at java.base/jdk.internal.reflect.DelegatingMethodAccessorImpl.invoke(DelegatingMethodAccessorImpl.java:43)
	at java.base/java.lang.reflect.Method.invoke(Method.java:568)
	at org.testng.internal.MethodInvocationHelper.invokeMethod(MethodInvocationHelper.java:133)
	at org.testng.internal.TestInvoker.invokeMethod(TestInvoker.java:598)
	at org.testng.internal.TestInvoker.invokeTestMethod(TestInvoker.java:173)
	at org.testng.internal.MethodRunner.runInSequence(MethodRunner.java:46)
	at org.testng.internal.TestInvoker$MethodInvocationAgent.invoke(TestInvoker.java:824)
	at org.testng.internal.TestInvoker.invokeTestMethods(TestInvoker.java:146)
	at org.testng.internal.TestMethodWorker.invokeTestMethods(TestMethodWorker.java:146)
	at org.testng.internal.TestMethodWorker.run(TestMethodWorker.java:128)
	at java.base/java.util.ArrayList.forEach(ArrayList.java:1511)
	at org.testng.TestRunner.privateRun(TestRunner.java:794)
	at org.testng.TestRunner.run(TestRunner.java:596)
	at org.testng.SuiteRunner.runTest(SuiteRunner.java:377)
	at org.testng.SuiteRunner.runSequentially(SuiteRunner.java:371)
	at org.testng.SuiteRunner.privateRun(SuiteRunner.java:332)
	at org.testng.SuiteRunner.run(SuiteRunner.java:276)
	at org.testng.SuiteRunnerWorker.runSuite(SuiteRunnerWorker.java:53)
	at org.testng.SuiteRunnerWorker.run(SuiteRunnerWorker.java:96)
	at org.testng.TestNG.runSuitesSequentially(TestNG.java:1212)
	at org.testng.TestNG.runSuitesLocally(TestNG.java:1134)
	at org.testng.TestNG.runSuites(TestNG.java:1063)
	at org.testng.TestNG.run(TestNG.java:1031)
	at org.testng.remote.AbstractRemoteTestNG.run(AbstractRemoteTestNG.java:115)
	at org.testng.remote.RemoteTestNG.initAndRun(RemoteTestNG.java:251)
	at org.testng.remote.RemoteTestNG.main(RemoteTestNG.java:77)
</pre></div></td>
<td>4</td>
<td>TestCases.FPM_AttributesValidationTesting@40005471</td></tr>
<tr>
<td title='TestCases.FPM_AttributesValidationTesting.frontendPackDetailsAttributesTest()'><b>frontendPackDetailsAttributesTest</b><br>Test class: TestCases.FPM_AttributesValidationTesting</td>
<td><div><pre>java.lang.Exception: Failed because List are not Matching
	at Pages.FPMAtributsValidation.frontendPackDetailsAttributes(FPMAtributsValidation.java:189)
	at TestCases.FPM_AttributesValidationTesting.frontendPackDetailsAttributesTest(FPM_AttributesValidationTesting.java:55)
	at java.base/java.util.ArrayList.forEach(ArrayList.java:1511)
... Removed 27 stack frames</pre></div><a href='#' onClick='toggleBox("stack-trace1730914764", this, "Click to show all stack frames", "Click to hide stack frames")'>Click to show all stack frames</a>
<div class='stack-trace' id='stack-trace1730914764'><pre>java.lang.Exception: Failed because List are not Matching
	at Pages.FPMAtributsValidation.frontendPackDetailsAttributes(FPMAtributsValidation.java:189)
	at TestCases.FPM_AttributesValidationTesting.frontendPackDetailsAttributesTest(FPM_AttributesValidationTesting.java:55)
	at java.base/jdk.internal.reflect.NativeMethodAccessorImpl.invoke0(Native Method)
	at java.base/jdk.internal.reflect.NativeMethodAccessorImpl.invoke(NativeMethodAccessorImpl.java:77)
	at java.base/jdk.internal.reflect.DelegatingMethodAccessorImpl.invoke(DelegatingMethodAccessorImpl.java:43)
	at java.base/java.lang.reflect.Method.invoke(Method.java:568)
	at org.testng.internal.MethodInvocationHelper.invokeMethod(MethodInvocationHelper.java:133)
	at org.testng.internal.TestInvoker.invokeMethod(TestInvoker.java:598)
	at org.testng.internal.TestInvoker.invokeTestMethod(TestInvoker.java:173)
	at org.testng.internal.MethodRunner.runInSequence(MethodRunner.java:46)
	at org.testng.internal.TestInvoker$MethodInvocationAgent.invoke(TestInvoker.java:824)
	at org.testng.internal.TestInvoker.invokeTestMethods(TestInvoker.java:146)
	at org.testng.internal.TestMethodWorker.invokeTestMethods(TestMethodWorker.java:146)
	at org.testng.internal.TestMethodWorker.run(TestMethodWorker.java:128)
	at java.base/java.util.ArrayList.forEach(ArrayList.java:1511)
	at org.testng.TestRunner.privateRun(TestRunner.java:794)
	at org.testng.TestRunner.run(TestRunner.java:596)
	at org.testng.SuiteRunner.runTest(SuiteRunner.java:377)
	at org.testng.SuiteRunner.runSequentially(SuiteRunner.java:371)
	at org.testng.SuiteRunner.privateRun(SuiteRunner.java:332)
	at org.testng.SuiteRunner.run(SuiteRunner.java:276)
	at org.testng.SuiteRunnerWorker.runSuite(SuiteRunnerWorker.java:53)
	at org.testng.SuiteRunnerWorker.run(SuiteRunnerWorker.java:96)
	at org.testng.TestNG.runSuitesSequentially(TestNG.java:1212)
	at org.testng.TestNG.runSuitesLocally(TestNG.java:1134)
	at org.testng.TestNG.runSuites(TestNG.java:1063)
	at org.testng.TestNG.run(TestNG.java:1031)
	at org.testng.remote.AbstractRemoteTestNG.run(AbstractRemoteTestNG.java:115)
	at org.testng.remote.RemoteTestNG.initAndRun(RemoteTestNG.java:251)
	at org.testng.remote.RemoteTestNG.main(RemoteTestNG.java:77)
</pre></div></td>
<td>9</td>
<td>TestCases.FPM_AttributesValidationTesting@40005471</td></tr>
<tr>
<td title='TestCases.FPM_AttributesValidationTesting.BackendPackTabTest()'><b>BackendPackTabTest</b><br>Test class: TestCases.FPM_AttributesValidationTesting</td>
<td><div><pre>java.lang.Exception: Failed because List are not Matching
	at Pages.FPMAtributsValidation.backendPackTab(FPMAtributsValidation.java:527)
	at TestCases.FPM_AttributesValidationTesting.BackendPackTabTest(FPM_AttributesValidationTesting.java:121)
	at java.base/java.util.ArrayList.forEach(ArrayList.java:1511)
... Removed 27 stack frames</pre></div><a href='#' onClick='toggleBox("stack-trace2046611860", this, "Click to show all stack frames", "Click to hide stack frames")'>Click to show all stack frames</a>
<div class='stack-trace' id='stack-trace2046611860'><pre>java.lang.Exception: Failed because List are not Matching
	at Pages.FPMAtributsValidation.backendPackTab(FPMAtributsValidation.java:527)
	at TestCases.FPM_AttributesValidationTesting.BackendPackTabTest(FPM_AttributesValidationTesting.java:121)
	at java.base/jdk.internal.reflect.NativeMethodAccessorImpl.invoke0(Native Method)
	at java.base/jdk.internal.reflect.NativeMethodAccessorImpl.invoke(NativeMethodAccessorImpl.java:77)
	at java.base/jdk.internal.reflect.DelegatingMethodAccessorImpl.invoke(DelegatingMethodAccessorImpl.java:43)
	at java.base/java.lang.reflect.Method.invoke(Method.java:568)
	at org.testng.internal.MethodInvocationHelper.invokeMethod(MethodInvocationHelper.java:133)
	at org.testng.internal.TestInvoker.invokeMethod(TestInvoker.java:598)
	at org.testng.internal.TestInvoker.invokeTestMethod(TestInvoker.java:173)
	at org.testng.internal.MethodRunner.runInSequence(MethodRunner.java:46)
	at org.testng.internal.TestInvoker$MethodInvocationAgent.invoke(TestInvoker.java:824)
	at org.testng.internal.TestInvoker.invokeTestMethods(TestInvoker.java:146)
	at org.testng.internal.TestMethodWorker.invokeTestMethods(TestMethodWorker.java:146)
	at org.testng.internal.TestMethodWorker.run(TestMethodWorker.java:128)
	at java.base/java.util.ArrayList.forEach(ArrayList.java:1511)
	at org.testng.TestRunner.privateRun(TestRunner.java:794)
	at org.testng.TestRunner.run(TestRunner.java:596)
	at org.testng.SuiteRunner.runTest(SuiteRunner.java:377)
	at org.testng.SuiteRunner.runSequentially(SuiteRunner.java:371)
	at org.testng.SuiteRunner.privateRun(SuiteRunner.java:332)
	at org.testng.SuiteRunner.run(SuiteRunner.java:276)
	at org.testng.SuiteRunnerWorker.runSuite(SuiteRunnerWorker.java:53)
	at org.testng.SuiteRunnerWorker.run(SuiteRunnerWorker.java:96)
	at org.testng.TestNG.runSuitesSequentially(TestNG.java:1212)
	at org.testng.TestNG.runSuitesLocally(TestNG.java:1134)
	at org.testng.TestNG.runSuites(TestNG.java:1063)
	at org.testng.TestNG.run(TestNG.java:1031)
	at org.testng.remote.AbstractRemoteTestNG.run(AbstractRemoteTestNG.java:115)
	at org.testng.remote.RemoteTestNG.initAndRun(RemoteTestNG.java:251)
	at org.testng.remote.RemoteTestNG.main(RemoteTestNG.java:77)
</pre></div></td>
<td>4</td>
<td>TestCases.FPM_AttributesValidationTesting@40005471</td></tr>
<tr>
<td title='TestCases.PCF_AttributesValidationTesting.ChargingAttributesTest()'><b>ChargingAttributesTest</b><br>Test class: TestCases.PCF_AttributesValidationTesting</td>
<td><div><pre>java.lang.Exception: Failed because List are not Matching
	at Pages.PCFAttributesValidation.chargingAttributes(PCFAttributesValidation.java:264)
	at TestCases.PCF_AttributesValidationTesting.ChargingAttributesTest(PCF_AttributesValidationTesting.java:64)
	at java.base/java.util.ArrayList.forEach(ArrayList.java:1511)
... Removed 27 stack frames</pre></div><a href='#' onClick='toggleBox("stack-trace978804735", this, "Click to show all stack frames", "Click to hide stack frames")'>Click to show all stack frames</a>
<div class='stack-trace' id='stack-trace978804735'><pre>java.lang.Exception: Failed because List are not Matching
	at Pages.PCFAttributesValidation.chargingAttributes(PCFAttributesValidation.java:264)
	at TestCases.PCF_AttributesValidationTesting.ChargingAttributesTest(PCF_AttributesValidationTesting.java:64)
	at java.base/jdk.internal.reflect.NativeMethodAccessorImpl.invoke0(Native Method)
	at java.base/jdk.internal.reflect.NativeMethodAccessorImpl.invoke(NativeMethodAccessorImpl.java:77)
	at java.base/jdk.internal.reflect.DelegatingMethodAccessorImpl.invoke(DelegatingMethodAccessorImpl.java:43)
	at java.base/java.lang.reflect.Method.invoke(Method.java:568)
	at org.testng.internal.MethodInvocationHelper.invokeMethod(MethodInvocationHelper.java:133)
	at org.testng.internal.TestInvoker.invokeMethod(TestInvoker.java:598)
	at org.testng.internal.TestInvoker.invokeTestMethod(TestInvoker.java:173)
	at org.testng.internal.MethodRunner.runInSequence(MethodRunner.java:46)
	at org.testng.internal.TestInvoker$MethodInvocationAgent.invoke(TestInvoker.java:824)
	at org.testng.internal.TestInvoker.invokeTestMethods(TestInvoker.java:146)
	at org.testng.internal.TestMethodWorker.invokeTestMethods(TestMethodWorker.java:146)
	at org.testng.internal.TestMethodWorker.run(TestMethodWorker.java:128)
	at java.base/java.util.ArrayList.forEach(ArrayList.java:1511)
	at org.testng.TestRunner.privateRun(TestRunner.java:794)
	at org.testng.TestRunner.run(TestRunner.java:596)
	at org.testng.SuiteRunner.runTest(SuiteRunner.java:377)
	at org.testng.SuiteRunner.runSequentially(SuiteRunner.java:371)
	at org.testng.SuiteRunner.privateRun(SuiteRunner.java:332)
	at org.testng.SuiteRunner.run(SuiteRunner.java:276)
	at org.testng.SuiteRunnerWorker.runSuite(SuiteRunnerWorker.java:53)
	at org.testng.SuiteRunnerWorker.run(SuiteRunnerWorker.java:96)
	at org.testng.TestNG.runSuitesSequentially(TestNG.java:1212)
	at org.testng.TestNG.runSuitesLocally(TestNG.java:1134)
	at org.testng.TestNG.runSuites(TestNG.java:1063)
	at org.testng.TestNG.run(TestNG.java:1031)
	at org.testng.remote.AbstractRemoteTestNG.run(AbstractRemoteTestNG.java:115)
	at org.testng.remote.RemoteTestNG.initAndRun(RemoteTestNG.java:251)
	at org.testng.remote.RemoteTestNG.main(RemoteTestNG.java:77)
</pre></div></td>
<td>7</td>
<td>TestCases.PCF_AttributesValidationTesting@367ffa75</td></tr>
<tr>
<td title='TestCases.FPM_AttributesValidationTesting.FPMTabList()'><b>FPMTabList</b><br>Test class: TestCases.FPM_AttributesValidationTesting</td>
<td><div><pre>java.lang.Exception: Failed because List are not Matching
	at Pages.FPMAtributsValidation.FPMTabList(FPMAtributsValidation.java:99)
	at TestCases.FPM_AttributesValidationTesting.FPMTabList(FPM_AttributesValidationTesting.java:37)
	at java.base/java.util.ArrayList.forEach(ArrayList.java:1511)
... Removed 27 stack frames</pre></div><a href='#' onClick='toggleBox("stack-trace1654056127", this, "Click to show all stack frames", "Click to hide stack frames")'>Click to show all stack frames</a>
<div class='stack-trace' id='stack-trace1654056127'><pre>java.lang.Exception: Failed because List are not Matching
	at Pages.FPMAtributsValidation.FPMTabList(FPMAtributsValidation.java:99)
	at TestCases.FPM_AttributesValidationTesting.FPMTabList(FPM_AttributesValidationTesting.java:37)
	at java.base/jdk.internal.reflect.NativeMethodAccessorImpl.invoke0(Native Method)
	at java.base/jdk.internal.reflect.NativeMethodAccessorImpl.invoke(NativeMethodAccessorImpl.java:77)
	at java.base/jdk.internal.reflect.DelegatingMethodAccessorImpl.invoke(DelegatingMethodAccessorImpl.java:43)
	at java.base/java.lang.reflect.Method.invoke(Method.java:568)
	at org.testng.internal.MethodInvocationHelper.invokeMethod(MethodInvocationHelper.java:133)
	at org.testng.internal.TestInvoker.invokeMethod(TestInvoker.java:598)
	at org.testng.internal.TestInvoker.invokeTestMethod(TestInvoker.java:173)
	at org.testng.internal.MethodRunner.runInSequence(MethodRunner.java:46)
	at org.testng.internal.TestInvoker$MethodInvocationAgent.invoke(TestInvoker.java:824)
	at org.testng.internal.TestInvoker.invokeTestMethods(TestInvoker.java:146)
	at org.testng.internal.TestMethodWorker.invokeTestMethods(TestMethodWorker.java:146)
	at org.testng.internal.TestMethodWorker.run(TestMethodWorker.java:128)
	at java.base/java.util.ArrayList.forEach(ArrayList.java:1511)
	at org.testng.TestRunner.privateRun(TestRunner.java:794)
	at org.testng.TestRunner.run(TestRunner.java:596)
	at org.testng.SuiteRunner.runTest(SuiteRunner.java:377)
	at org.testng.SuiteRunner.runSequentially(SuiteRunner.java:371)
	at org.testng.SuiteRunner.privateRun(SuiteRunner.java:332)
	at org.testng.SuiteRunner.run(SuiteRunner.java:276)
	at org.testng.SuiteRunnerWorker.runSuite(SuiteRunnerWorker.java:53)
	at org.testng.SuiteRunnerWorker.run(SuiteRunnerWorker.java:96)
	at org.testng.TestNG.runSuitesSequentially(TestNG.java:1212)
	at org.testng.TestNG.runSuitesLocally(TestNG.java:1134)
	at org.testng.TestNG.runSuites(TestNG.java:1063)
	at org.testng.TestNG.run(TestNG.java:1031)
	at org.testng.remote.AbstractRemoteTestNG.run(AbstractRemoteTestNG.java:115)
	at org.testng.remote.RemoteTestNG.initAndRun(RemoteTestNG.java:251)
	at org.testng.remote.RemoteTestNG.main(RemoteTestNG.java:77)
</pre></div></td>
<td>4</td>
<td>TestCases.FPM_AttributesValidationTesting@40005471</td></tr>
<tr>
<td title='TestCases.PCF_AttributesValidationTesting.PacageCreationAttributesTest()'><b>PacageCreationAttributesTest</b><br>Test class: TestCases.PCF_AttributesValidationTesting</td>
<td><div><pre>java.lang.Exception: Failed because List are not Matching
	at Pages.PCFAttributesValidation.pacageCreationAttributes(PCFAttributesValidation.java:144)
	at TestCases.PCF_AttributesValidationTesting.PacageCreationAttributesTest(PCF_AttributesValidationTesting.java:40)
	at java.base/java.util.ArrayList.forEach(ArrayList.java:1511)
... Removed 27 stack frames</pre></div><a href='#' onClick='toggleBox("stack-trace1335437579", this, "Click to show all stack frames", "Click to hide stack frames")'>Click to show all stack frames</a>
<div class='stack-trace' id='stack-trace1335437579'><pre>java.lang.Exception: Failed because List are not Matching
	at Pages.PCFAttributesValidation.pacageCreationAttributes(PCFAttributesValidation.java:144)
	at TestCases.PCF_AttributesValidationTesting.PacageCreationAttributesTest(PCF_AttributesValidationTesting.java:40)
	at java.base/jdk.internal.reflect.NativeMethodAccessorImpl.invoke0(Native Method)
	at java.base/jdk.internal.reflect.NativeMethodAccessorImpl.invoke(NativeMethodAccessorImpl.java:77)
	at java.base/jdk.internal.reflect.DelegatingMethodAccessorImpl.invoke(DelegatingMethodAccessorImpl.java:43)
	at java.base/java.lang.reflect.Method.invoke(Method.java:568)
	at org.testng.internal.MethodInvocationHelper.invokeMethod(MethodInvocationHelper.java:133)
	at org.testng.internal.TestInvoker.invokeMethod(TestInvoker.java:598)
	at org.testng.internal.TestInvoker.invokeTestMethod(TestInvoker.java:173)
	at org.testng.internal.MethodRunner.runInSequence(MethodRunner.java:46)
	at org.testng.internal.TestInvoker$MethodInvocationAgent.invoke(TestInvoker.java:824)
	at org.testng.internal.TestInvoker.invokeTestMethods(TestInvoker.java:146)
	at org.testng.internal.TestMethodWorker.invokeTestMethods(TestMethodWorker.java:146)
	at org.testng.internal.TestMethodWorker.run(TestMethodWorker.java:128)
	at java.base/java.util.ArrayList.forEach(ArrayList.java:1511)
	at org.testng.TestRunner.privateRun(TestRunner.java:794)
	at org.testng.TestRunner.run(TestRunner.java:596)
	at org.testng.SuiteRunner.runTest(SuiteRunner.java:377)
	at org.testng.SuiteRunner.runSequentially(SuiteRunner.java:371)
	at org.testng.SuiteRunner.privateRun(SuiteRunner.java:332)
	at org.testng.SuiteRunner.run(SuiteRunner.java:276)
	at org.testng.SuiteRunnerWorker.runSuite(SuiteRunnerWorker.java:53)
	at org.testng.SuiteRunnerWorker.run(SuiteRunnerWorker.java:96)
	at org.testng.TestNG.runSuitesSequentially(TestNG.java:1212)
	at org.testng.TestNG.runSuitesLocally(TestNG.java:1134)
	at org.testng.TestNG.runSuites(TestNG.java:1063)
	at org.testng.TestNG.run(TestNG.java:1031)
	at org.testng.remote.AbstractRemoteTestNG.run(AbstractRemoteTestNG.java:115)
	at org.testng.remote.RemoteTestNG.initAndRun(RemoteTestNG.java:251)
	at org.testng.remote.RemoteTestNG.main(RemoteTestNG.java:77)
</pre></div></td>
<td>20</td>
<td>TestCases.PCF_AttributesValidationTesting@367ffa75</td></tr>
<tr>
<td title='TestCases.BPM_AttributesValidationTesting.backendPackSectionAttributesTest()'><b>backendPackSectionAttributesTest</b><br>Test class: TestCases.BPM_AttributesValidationTesting</td>
<td><div><pre>java.lang.Exception: Failed because List are not Matching
	at Pages.BPMAttributesValidation.backendPackSectionAttributes(BPMAttributesValidation.java:185)
	at TestCases.BPM_AttributesValidationTesting.backendPackSectionAttributesTest(BPM_AttributesValidationTesting.java:53)
	at java.base/java.util.ArrayList.forEach(ArrayList.java:1511)
... Removed 27 stack frames</pre></div><a href='#' onClick='toggleBox("stack-trace1822540118", this, "Click to show all stack frames", "Click to hide stack frames")'>Click to show all stack frames</a>
<div class='stack-trace' id='stack-trace1822540118'><pre>java.lang.Exception: Failed because List are not Matching
	at Pages.BPMAttributesValidation.backendPackSectionAttributes(BPMAttributesValidation.java:185)
	at TestCases.BPM_AttributesValidationTesting.backendPackSectionAttributesTest(BPM_AttributesValidationTesting.java:53)
	at java.base/jdk.internal.reflect.NativeMethodAccessorImpl.invoke0(Native Method)
	at java.base/jdk.internal.reflect.NativeMethodAccessorImpl.invoke(NativeMethodAccessorImpl.java:77)
	at java.base/jdk.internal.reflect.DelegatingMethodAccessorImpl.invoke(DelegatingMethodAccessorImpl.java:43)
	at java.base/java.lang.reflect.Method.invoke(Method.java:568)
	at org.testng.internal.MethodInvocationHelper.invokeMethod(MethodInvocationHelper.java:133)
	at org.testng.internal.TestInvoker.invokeMethod(TestInvoker.java:598)
	at org.testng.internal.TestInvoker.invokeTestMethod(TestInvoker.java:173)
	at org.testng.internal.MethodRunner.runInSequence(MethodRunner.java:46)
	at org.testng.internal.TestInvoker$MethodInvocationAgent.invoke(TestInvoker.java:824)
	at org.testng.internal.TestInvoker.invokeTestMethods(TestInvoker.java:146)
	at org.testng.internal.TestMethodWorker.invokeTestMethods(TestMethodWorker.java:146)
	at org.testng.internal.TestMethodWorker.run(TestMethodWorker.java:128)
	at java.base/java.util.ArrayList.forEach(ArrayList.java:1511)
	at org.testng.TestRunner.privateRun(TestRunner.java:794)
	at org.testng.TestRunner.run(TestRunner.java:596)
	at org.testng.SuiteRunner.runTest(SuiteRunner.java:377)
	at org.testng.SuiteRunner.runSequentially(SuiteRunner.java:371)
	at org.testng.SuiteRunner.privateRun(SuiteRunner.java:332)
	at org.testng.SuiteRunner.run(SuiteRunner.java:276)
	at org.testng.SuiteRunnerWorker.runSuite(SuiteRunnerWorker.java:53)
	at org.testng.SuiteRunnerWorker.run(SuiteRunnerWorker.java:96)
	at org.testng.TestNG.runSuitesSequentially(TestNG.java:1212)
	at org.testng.TestNG.runSuitesLocally(TestNG.java:1134)
	at org.testng.TestNG.runSuites(TestNG.java:1063)
	at org.testng.TestNG.run(TestNG.java:1031)
	at org.testng.remote.AbstractRemoteTestNG.run(AbstractRemoteTestNG.java:115)
	at org.testng.remote.RemoteTestNG.initAndRun(RemoteTestNG.java:251)
	at org.testng.remote.RemoteTestNG.main(RemoteTestNG.java:77)
</pre></div></td>
<td>3</td>
<td>TestCases.BPM_AttributesValidationTesting@2cd76f31</td></tr>
<tr>
<td title='TestCases.CM_AttributesValidationTesting.ContentTeamAtributesTest()'><b>ContentTeamAtributesTest</b><br>Test class: TestCases.CM_AttributesValidationTesting</td>
<td><div><pre>java.lang.Exception: Failed because List are not Matching
	at Pages.CMAtributsValidation.contentTeamAtributes(CMAtributsValidation.java:262)
	at TestCases.CM_AttributesValidationTesting.ContentTeamAtributesTest(CM_AttributesValidationTesting.java:65)
	at java.base/java.util.ArrayList.forEach(ArrayList.java:1511)
... Removed 27 stack frames</pre></div><a href='#' onClick='toggleBox("stack-trace496556704", this, "Click to show all stack frames", "Click to hide stack frames")'>Click to show all stack frames</a>
<div class='stack-trace' id='stack-trace496556704'><pre>java.lang.Exception: Failed because List are not Matching
	at Pages.CMAtributsValidation.contentTeamAtributes(CMAtributsValidation.java:262)
	at TestCases.CM_AttributesValidationTesting.ContentTeamAtributesTest(CM_AttributesValidationTesting.java:65)
	at java.base/jdk.internal.reflect.NativeMethodAccessorImpl.invoke0(Native Method)
	at java.base/jdk.internal.reflect.NativeMethodAccessorImpl.invoke(NativeMethodAccessorImpl.java:77)
	at java.base/jdk.internal.reflect.DelegatingMethodAccessorImpl.invoke(DelegatingMethodAccessorImpl.java:43)
	at java.base/java.lang.reflect.Method.invoke(Method.java:568)
	at org.testng.internal.MethodInvocationHelper.invokeMethod(MethodInvocationHelper.java:133)
	at org.testng.internal.TestInvoker.invokeMethod(TestInvoker.java:598)
	at org.testng.internal.TestInvoker.invokeTestMethod(TestInvoker.java:173)
	at org.testng.internal.MethodRunner.runInSequence(MethodRunner.java:46)
	at org.testng.internal.TestInvoker$MethodInvocationAgent.invoke(TestInvoker.java:824)
	at org.testng.internal.TestInvoker.invokeTestMethods(TestInvoker.java:146)
	at org.testng.internal.TestMethodWorker.invokeTestMethods(TestMethodWorker.java:146)
	at org.testng.internal.TestMethodWorker.run(TestMethodWorker.java:128)
	at java.base/java.util.ArrayList.forEach(ArrayList.java:1511)
	at org.testng.TestRunner.privateRun(TestRunner.java:794)
	at org.testng.TestRunner.run(TestRunner.java:596)
	at org.testng.SuiteRunner.runTest(SuiteRunner.java:377)
	at org.testng.SuiteRunner.runSequentially(SuiteRunner.java:371)
	at org.testng.SuiteRunner.privateRun(SuiteRunner.java:332)
	at org.testng.SuiteRunner.run(SuiteRunner.java:276)
	at org.testng.SuiteRunnerWorker.runSuite(SuiteRunnerWorker.java:53)
	at org.testng.SuiteRunnerWorker.run(SuiteRunnerWorker.java:96)
	at org.testng.TestNG.runSuitesSequentially(TestNG.java:1212)
	at org.testng.TestNG.runSuitesLocally(TestNG.java:1134)
	at org.testng.TestNG.runSuites(TestNG.java:1063)
	at org.testng.TestNG.run(TestNG.java:1031)
	at org.testng.remote.AbstractRemoteTestNG.run(AbstractRemoteTestNG.java:115)
	at org.testng.remote.RemoteTestNG.initAndRun(RemoteTestNG.java:251)
	at org.testng.remote.RemoteTestNG.main(RemoteTestNG.java:77)
</pre></div></td>
<td>4</td>
<td>TestCases.CM_AttributesValidationTesting@2d1ef81a</td></tr>
<tr>
<td title='TestCases.FPM_AttributesValidationTesting.backendPackAttributesTest()'><b>backendPackAttributesTest</b><br>Test class: TestCases.FPM_AttributesValidationTesting</td>
<td><div><pre>java.lang.Exception: Failed because List are not Matching
	at Pages.FPMAtributsValidation.backendPackAttributes(FPMAtributsValidation.java:589)
	at TestCases.FPM_AttributesValidationTesting.backendPackAttributesTest(FPM_AttributesValidationTesting.java:133)
	at java.base/java.util.ArrayList.forEach(ArrayList.java:1511)
... Removed 27 stack frames</pre></div><a href='#' onClick='toggleBox("stack-trace1692311460", this, "Click to show all stack frames", "Click to hide stack frames")'>Click to show all stack frames</a>
<div class='stack-trace' id='stack-trace1692311460'><pre>java.lang.Exception: Failed because List are not Matching
	at Pages.FPMAtributsValidation.backendPackAttributes(FPMAtributsValidation.java:589)
	at TestCases.FPM_AttributesValidationTesting.backendPackAttributesTest(FPM_AttributesValidationTesting.java:133)
	at java.base/jdk.internal.reflect.NativeMethodAccessorImpl.invoke0(Native Method)
	at java.base/jdk.internal.reflect.NativeMethodAccessorImpl.invoke(NativeMethodAccessorImpl.java:77)
	at java.base/jdk.internal.reflect.DelegatingMethodAccessorImpl.invoke(DelegatingMethodAccessorImpl.java:43)
	at java.base/java.lang.reflect.Method.invoke(Method.java:568)
	at org.testng.internal.MethodInvocationHelper.invokeMethod(MethodInvocationHelper.java:133)
	at org.testng.internal.TestInvoker.invokeMethod(TestInvoker.java:598)
	at org.testng.internal.TestInvoker.invokeTestMethod(TestInvoker.java:173)
	at org.testng.internal.MethodRunner.runInSequence(MethodRunner.java:46)
	at org.testng.internal.TestInvoker$MethodInvocationAgent.invoke(TestInvoker.java:824)
	at org.testng.internal.TestInvoker.invokeTestMethods(TestInvoker.java:146)
	at org.testng.internal.TestMethodWorker.invokeTestMethods(TestMethodWorker.java:146)
	at org.testng.internal.TestMethodWorker.run(TestMethodWorker.java:128)
	at java.base/java.util.ArrayList.forEach(ArrayList.java:1511)
	at org.testng.TestRunner.privateRun(TestRunner.java:794)
	at org.testng.TestRunner.run(TestRunner.java:596)
	at org.testng.SuiteRunner.runTest(SuiteRunner.java:377)
	at org.testng.SuiteRunner.runSequentially(SuiteRunner.java:371)
	at org.testng.SuiteRunner.privateRun(SuiteRunner.java:332)
	at org.testng.SuiteRunner.run(SuiteRunner.java:276)
	at org.testng.SuiteRunnerWorker.runSuite(SuiteRunnerWorker.java:53)
	at org.testng.SuiteRunnerWorker.run(SuiteRunnerWorker.java:96)
	at org.testng.TestNG.runSuitesSequentially(TestNG.java:1212)
	at org.testng.TestNG.runSuitesLocally(TestNG.java:1134)
	at org.testng.TestNG.runSuites(TestNG.java:1063)
	at org.testng.TestNG.run(TestNG.java:1031)
	at org.testng.remote.AbstractRemoteTestNG.run(AbstractRemoteTestNG.java:115)
	at org.testng.remote.RemoteTestNG.initAndRun(RemoteTestNG.java:251)
	at org.testng.remote.RemoteTestNG.main(RemoteTestNG.java:77)
</pre></div></td>
<td>4</td>
<td>TestCases.FPM_AttributesValidationTesting@40005471</td></tr>
<tr>
<td title='TestCases.FPM_AttributesValidationTesting.frontendPackTabAttributes()'><b>frontendPackTabAttributes</b><br>Test class: TestCases.FPM_AttributesValidationTesting</td>
<td><div><pre>java.lang.Exception: Failed because List are not Matching
	at Pages.FPMAtributsValidation.frontendPackTabAttributes(FPMAtributsValidation.java:129)
	at TestCases.FPM_AttributesValidationTesting.frontendPackTabAttributes(FPM_AttributesValidationTesting.java:43)
	at java.base/java.util.ArrayList.forEach(ArrayList.java:1511)
... Removed 27 stack frames</pre></div><a href='#' onClick='toggleBox("stack-trace1490951586", this, "Click to show all stack frames", "Click to hide stack frames")'>Click to show all stack frames</a>
<div class='stack-trace' id='stack-trace1490951586'><pre>java.lang.Exception: Failed because List are not Matching
	at Pages.FPMAtributsValidation.frontendPackTabAttributes(FPMAtributsValidation.java:129)
	at TestCases.FPM_AttributesValidationTesting.frontendPackTabAttributes(FPM_AttributesValidationTesting.java:43)
	at java.base/jdk.internal.reflect.NativeMethodAccessorImpl.invoke0(Native Method)
	at java.base/jdk.internal.reflect.NativeMethodAccessorImpl.invoke(NativeMethodAccessorImpl.java:77)
	at java.base/jdk.internal.reflect.DelegatingMethodAccessorImpl.invoke(DelegatingMethodAccessorImpl.java:43)
	at java.base/java.lang.reflect.Method.invoke(Method.java:568)
	at org.testng.internal.MethodInvocationHelper.invokeMethod(MethodInvocationHelper.java:133)
	at org.testng.internal.TestInvoker.invokeMethod(TestInvoker.java:598)
	at org.testng.internal.TestInvoker.invokeTestMethod(TestInvoker.java:173)
	at org.testng.internal.MethodRunner.runInSequence(MethodRunner.java:46)
	at org.testng.internal.TestInvoker$MethodInvocationAgent.invoke(TestInvoker.java:824)
	at org.testng.internal.TestInvoker.invokeTestMethods(TestInvoker.java:146)
	at org.testng.internal.TestMethodWorker.invokeTestMethods(TestMethodWorker.java:146)
	at org.testng.internal.TestMethodWorker.run(TestMethodWorker.java:128)
	at java.base/java.util.ArrayList.forEach(ArrayList.java:1511)
	at org.testng.TestRunner.privateRun(TestRunner.java:794)
	at org.testng.TestRunner.run(TestRunner.java:596)
	at org.testng.SuiteRunner.runTest(SuiteRunner.java:377)
	at org.testng.SuiteRunner.runSequentially(SuiteRunner.java:371)
	at org.testng.SuiteRunner.privateRun(SuiteRunner.java:332)
	at org.testng.SuiteRunner.run(SuiteRunner.java:276)
	at org.testng.SuiteRunnerWorker.runSuite(SuiteRunnerWorker.java:53)
	at org.testng.SuiteRunnerWorker.run(SuiteRunnerWorker.java:96)
	at org.testng.TestNG.runSuitesSequentially(TestNG.java:1212)
	at org.testng.TestNG.runSuitesLocally(TestNG.java:1134)
	at org.testng.TestNG.runSuites(TestNG.java:1063)
	at org.testng.TestNG.run(TestNG.java:1031)
	at org.testng.remote.AbstractRemoteTestNG.run(AbstractRemoteTestNG.java:115)
	at org.testng.remote.RemoteTestNG.initAndRun(RemoteTestNG.java:251)
	at org.testng.remote.RemoteTestNG.main(RemoteTestNG.java:77)
</pre></div></td>
<td>11</td>
<td>TestCases.FPM_AttributesValidationTesting@40005471</td></tr>
<tr>
<td title='TestCases.CCF_AttributesValidationTesting.chargeProductSectionsTest()'><b>chargeProductSectionsTest</b><br>Test class: TestCases.CCF_AttributesValidationTesting</td>
<td><div><pre>java.lang.Exception: Failed because List are not Matching
	at Pages.CCFAttributeValidation.chargeProductSections(CCFAttributeValidation.java:163)
	at TestCases.CCF_AttributesValidationTesting.chargeProductSectionsTest(CCF_AttributesValidationTesting.java:47)
	at java.base/java.util.ArrayList.forEach(ArrayList.java:1511)
... Removed 27 stack frames</pre></div><a href='#' onClick='toggleBox("stack-trace1865794570", this, "Click to show all stack frames", "Click to hide stack frames")'>Click to show all stack frames</a>
<div class='stack-trace' id='stack-trace1865794570'><pre>java.lang.Exception: Failed because List are not Matching
	at Pages.CCFAttributeValidation.chargeProductSections(CCFAttributeValidation.java:163)
	at TestCases.CCF_AttributesValidationTesting.chargeProductSectionsTest(CCF_AttributesValidationTesting.java:47)
	at java.base/jdk.internal.reflect.NativeMethodAccessorImpl.invoke0(Native Method)
	at java.base/jdk.internal.reflect.NativeMethodAccessorImpl.invoke(NativeMethodAccessorImpl.java:77)
	at java.base/jdk.internal.reflect.DelegatingMethodAccessorImpl.invoke(DelegatingMethodAccessorImpl.java:43)
	at java.base/java.lang.reflect.Method.invoke(Method.java:568)
	at org.testng.internal.MethodInvocationHelper.invokeMethod(MethodInvocationHelper.java:133)
	at org.testng.internal.TestInvoker.invokeMethod(TestInvoker.java:598)
	at org.testng.internal.TestInvoker.invokeTestMethod(TestInvoker.java:173)
	at org.testng.internal.MethodRunner.runInSequence(MethodRunner.java:46)
	at org.testng.internal.TestInvoker$MethodInvocationAgent.invoke(TestInvoker.java:824)
	at org.testng.internal.TestInvoker.invokeTestMethods(TestInvoker.java:146)
	at org.testng.internal.TestMethodWorker.invokeTestMethods(TestMethodWorker.java:146)
	at org.testng.internal.TestMethodWorker.run(TestMethodWorker.java:128)
	at java.base/java.util.ArrayList.forEach(ArrayList.java:1511)
	at org.testng.TestRunner.privateRun(TestRunner.java:794)
	at org.testng.TestRunner.run(TestRunner.java:596)
	at org.testng.SuiteRunner.runTest(SuiteRunner.java:377)
	at org.testng.SuiteRunner.runSequentially(SuiteRunner.java:371)
	at org.testng.SuiteRunner.privateRun(SuiteRunner.java:332)
	at org.testng.SuiteRunner.run(SuiteRunner.java:276)
	at org.testng.SuiteRunnerWorker.runSuite(SuiteRunnerWorker.java:53)
	at org.testng.SuiteRunnerWorker.run(SuiteRunnerWorker.java:96)
	at org.testng.TestNG.runSuitesSequentially(TestNG.java:1212)
	at org.testng.TestNG.runSuitesLocally(TestNG.java:1134)
	at org.testng.TestNG.runSuites(TestNG.java:1063)
	at org.testng.TestNG.run(TestNG.java:1031)
	at org.testng.remote.AbstractRemoteTestNG.run(AbstractRemoteTestNG.java:115)
	at org.testng.remote.RemoteTestNG.initAndRun(RemoteTestNG.java:251)
	at org.testng.remote.RemoteTestNG.main(RemoteTestNG.java:77)
</pre></div></td>
<td>2</td>
<td>TestCases.CCF_AttributesValidationTesting@49438269</td></tr>
</table><p>
<table width='100%' border='1' class='invocation-passed'>
<tr><td colspan='4' align='center'><b>PASSED TESTS</b></td></tr>
<tr><td><b>Test method</b></td>
<td width="30%"><b>Exception</b></td>
<td width="10%"><b>Time (seconds)</b></td>
<td><b>Instance</b></td>
</tr>
<tr>
<td title='TestCases.PCF_AttributesValidationTesting.ITReviewTabSectionsTest()'><b>ITReviewTabSectionsTest</b><br>Test class: TestCases.PCF_AttributesValidationTesting</td>
<td></td>
<td>4</td>
<td>TestCases.PCF_AttributesValidationTesting@367ffa75</td></tr>
<tr>
<td title='TestCases.CM_AttributesValidationTesting.ApprovalsTabSection()'><b>ApprovalsTabSection</b><br>Test class: TestCases.CM_AttributesValidationTesting</td>
<td></td>
<td>4</td>
<td>TestCases.CM_AttributesValidationTesting@2d1ef81a</td></tr>
<tr>
<td title='TestCases.PCF_AttributesValidationTesting.ChangeHistoryAttributesTest()'><b>ChangeHistoryAttributesTest</b><br>Test class: TestCases.PCF_AttributesValidationTesting</td>
<td></td>
<td>6</td>
<td>TestCases.PCF_AttributesValidationTesting@367ffa75</td></tr>
<tr>
<td title='TestCases.PCF_AttributesValidationTesting.SelfCareConfigAttributes()'><b>SelfCareConfigAttributes</b><br>Test class: TestCases.PCF_AttributesValidationTesting</td>
<td></td>
<td>5</td>
<td>TestCases.PCF_AttributesValidationTesting@367ffa75</td></tr>
<tr>
<td title='TestCases.FPM_AttributesValidationTesting.FPMformDetailsTest()'><b>FPMformDetailsTest</b><br>Test class: TestCases.FPM_AttributesValidationTesting</td>
<td></td>
<td>3</td>
<td>TestCases.FPM_AttributesValidationTesting@40005471</td></tr>
<tr>
<td title='TestCases.PCF_AttributesValidationTesting.MissedCallConfigAttributes()'><b>MissedCallConfigAttributes</b><br>Test class: TestCases.PCF_AttributesValidationTesting</td>
<td></td>
<td>4</td>
<td>TestCases.PCF_AttributesValidationTesting@367ffa75</td></tr>
<tr>
<td title='TestCases.PCF_AttributesValidationTesting.MissedCalltoSPM_Test()'><b>MissedCalltoSPM_Test</b><br>Test class: TestCases.PCF_AttributesValidationTesting</td>
<td></td>
<td>5</td>
<td>TestCases.PCF_AttributesValidationTesting@367ffa75</td></tr>
<tr>
<td title='TestCases.CCF_AttributesValidationTesting.workOrderSecAttributesTest()'><b>workOrderSecAttributesTest</b><br>Test class: TestCases.CCF_AttributesValidationTesting</td>
<td></td>
<td>2</td>
<td>TestCases.CCF_AttributesValidationTesting@49438269</td></tr>
<tr>
<td title='TestCases.PCF_AttributesValidationTesting.SectionNameListTest()'><b>SectionNameListTest</b><br>Test class: TestCases.PCF_AttributesValidationTesting</td>
<td></td>
<td>5</td>
<td>TestCases.PCF_AttributesValidationTesting@367ffa75</td></tr>
<tr>
<td title='TestCases.PCF_AttributesValidationTesting.ChargingAdditionalAttributesTest()'><b>ChargingAdditionalAttributesTest</b><br>Test class: TestCases.PCF_AttributesValidationTesting</td>
<td></td>
<td>5</td>
<td>TestCases.PCF_AttributesValidationTesting@367ffa75</td></tr>
<tr>
<td title='TestCases.FPM_AttributesValidationTesting.linksTabTest()'><b>linksTabTest</b><br>Test class: TestCases.FPM_AttributesValidationTesting</td>
<td></td>
<td>4</td>
<td>TestCases.FPM_AttributesValidationTesting@40005471</td></tr>
<tr>
<td title='TestCases.CCF_AttributesValidationTesting.ChangeHistorySectionsTest()'><b>ChangeHistorySectionsTest</b><br>Test class: TestCases.CCF_AttributesValidationTesting</td>
<td></td>
<td>3</td>
<td>TestCases.CCF_AttributesValidationTesting@49438269</td></tr>
<tr>
<td title='TestCases.PCF_AttributesValidationTesting.EffortEstimAttributesTest()'><b>EffortEstimAttributesTest</b><br>Test class: TestCases.PCF_AttributesValidationTesting</td>
<td></td>
<td>6</td>
<td>TestCases.PCF_AttributesValidationTesting@367ffa75</td></tr>
<tr>
<td title='TestCases.PCF_AttributesValidationTesting.ITReviewAttributesTest()'><b>ITReviewAttributesTest</b><br>Test class: TestCases.PCF_AttributesValidationTesting</td>
<td></td>
<td>6</td>
<td>TestCases.PCF_AttributesValidationTesting@367ffa75</td></tr>
<tr>
<td title='TestCases.PCF_AttributesValidationTesting.chCorporateAttributesTest()'><b>chCorporateAttributesTest</b><br>Test class: TestCases.PCF_AttributesValidationTesting</td>
<td></td>
<td>5</td>
<td>TestCases.PCF_AttributesValidationTesting@367ffa75</td></tr>
<tr>
<td title='TestCases.PCF_AttributesValidationTesting.SMSConfigAttributes()'><b>SMSConfigAttributes</b><br>Test class: TestCases.PCF_AttributesValidationTesting</td>
<td></td>
<td>5</td>
<td>TestCases.PCF_AttributesValidationTesting@367ffa75</td></tr>
<tr>
<td title='TestCases.BPM_AttributesValidationTesting.changeHistorySecAttributesTest()'><b>changeHistorySecAttributesTest</b><br>Test class: TestCases.BPM_AttributesValidationTesting</td>
<td></td>
<td>3</td>
<td>TestCases.BPM_AttributesValidationTesting@2cd76f31</td></tr>
<tr>
<td title='TestCases.CM_AttributesValidationTesting.SMSectionAttributesTest()'><b>SMSectionAttributesTest</b><br>Test class: TestCases.CM_AttributesValidationTesting</td>
<td></td>
<td>4</td>
<td>TestCases.CM_AttributesValidationTesting@2d1ef81a</td></tr>
<tr>
<td title='TestCases.CM_AttributesValidationTesting.DistributionAttributesTest()'><b>DistributionAttributesTest</b><br>Test class: TestCases.CM_AttributesValidationTesting</td>
<td></td>
<td>3</td>
<td>TestCases.CM_AttributesValidationTesting@2d1ef81a</td></tr>
<tr>
<td title='TestCases.CCF_AttributesValidationTesting.FPMformDetailsTest()'><b>FPMformDetailsTest</b><br>Test class: TestCases.CCF_AttributesValidationTesting</td>
<td></td>
<td>3</td>
<td>TestCases.CCF_AttributesValidationTesting@49438269</td></tr>
<tr>
<td title='TestCases.CCF_AttributesValidationTesting.priceListAttributesTest()'><b>priceListAttributesTest</b><br>Test class: TestCases.CCF_AttributesValidationTesting</td>
<td></td>
<td>4</td>
<td>TestCases.CCF_AttributesValidationTesting@49438269</td></tr>
<tr>
<td title='TestCases.FPM_AttributesValidationTesting.frontendPackSectionsTest()'><b>frontendPackSectionsTest</b><br>Test class: TestCases.FPM_AttributesValidationTesting</td>
<td></td>
<td>4</td>
<td>TestCases.FPM_AttributesValidationTesting@40005471</td></tr>
<tr>
<td title='TestCases.PCF_AttributesValidationTesting.FormDetailsTest()'><b>FormDetailsTest</b><br>Test class: TestCases.PCF_AttributesValidationTesting</td>
<td></td>
<td>5</td>
<td>TestCases.PCF_AttributesValidationTesting@367ffa75</td></tr>
<tr>
<td title='TestCases.PCF_AttributesValidationTesting.PackageDetailsAttributesTest()'><b>PackageDetailsAttributesTest</b><br>Test class: TestCases.PCF_AttributesValidationTesting</td>
<td></td>
<td>9</td>
<td>TestCases.PCF_AttributesValidationTesting@367ffa75</td></tr>
<tr>
<td title='TestCases.FPM_AttributesValidationTesting.changeHistorySections()'><b>changeHistorySections</b><br>Test class: TestCases.FPM_AttributesValidationTesting</td>
<td></td>
<td>4</td>
<td>TestCases.FPM_AttributesValidationTesting@40005471</td></tr>
<tr>
<td title='TestCases.PCF_AttributesValidationTesting.NuanceConfigAttributes()'><b>NuanceConfigAttributes</b><br>Test class: TestCases.PCF_AttributesValidationTesting</td>
<td></td>
<td>4</td>
<td>TestCases.PCF_AttributesValidationTesting@367ffa75</td></tr>
<tr>
<td title='TestCases.CM_AttributesValidationTesting.FormDetailsTest()'><b>FormDetailsTest</b><br>Test class: TestCases.CM_AttributesValidationTesting</td>
<td></td>
<td>3</td>
<td>TestCases.CM_AttributesValidationTesting@2d1ef81a</td></tr>
<tr>
<td title='TestCases.CCF_AttributesValidationTesting.alertsBillAttributesTest()'><b>alertsBillAttributesTest</b><br>Test class: TestCases.CCF_AttributesValidationTesting</td>
<td></td>
<td>2</td>
<td>TestCases.CCF_AttributesValidationTesting@49438269</td></tr>
<tr>
<td title='TestCases.CCF_AttributesValidationTesting.ITReviewSectionsTest()'><b>ITReviewSectionsTest</b><br>Test class: TestCases.CCF_AttributesValidationTesting</td>
<td></td>
<td>3</td>
<td>TestCases.CCF_AttributesValidationTesting@49438269</td></tr>
<tr>
<td title='TestCases.PCF_AttributesValidationTesting.brCommentsAttributesTest()'><b>brCommentsAttributesTest</b><br>Test class: TestCases.PCF_AttributesValidationTesting</td>
<td></td>
<td>5</td>
<td>TestCases.PCF_AttributesValidationTesting@367ffa75</td></tr>
<tr>
<td title='TestCases.PCF_AttributesValidationTesting.BusinessReviewAttributesTest()'><b>BusinessReviewAttributesTest</b><br>Test class: TestCases.PCF_AttributesValidationTesting</td>
<td></td>
<td>6</td>
<td>TestCases.PCF_AttributesValidationTesting@367ffa75</td></tr>
<tr>
<td title='TestCases.PCF_AttributesValidationTesting.discussionAttributesTest()'><b>discussionAttributesTest</b><br>Test class: TestCases.PCF_AttributesValidationTesting</td>
<td></td>
<td>4</td>
<td>TestCases.PCF_AttributesValidationTesting@367ffa75</td></tr>
<tr>
<td title='TestCases.CCF_AttributesValidationTesting.LinksSecAttributesTest()'><b>LinksSecAttributesTest</b><br>Test class: TestCases.CCF_AttributesValidationTesting</td>
<td></td>
<td>3</td>
<td>TestCases.CCF_AttributesValidationTesting@49438269</td></tr>
<tr>
<td title='TestCases.CM_AttributesValidationTesting.CommentsAttributesTest()'><b>CommentsAttributesTest</b><br>Test class: TestCases.CM_AttributesValidationTesting</td>
<td></td>
<td>3</td>
<td>TestCases.CM_AttributesValidationTesting@2d1ef81a</td></tr>
<tr>
<td title='TestCases.CCF_AttributesValidationTesting.UATTabSectionsTest()'><b>UATTabSectionsTest</b><br>Test class: TestCases.CCF_AttributesValidationTesting</td>
<td></td>
<td>3</td>
<td>TestCases.CCF_AttributesValidationTesting@49438269</td></tr>
<tr>
<td title='TestCases.FPM_AttributesValidationTesting.ChangeHistoryTab()'><b>ChangeHistoryTab</b><br>Test class: TestCases.FPM_AttributesValidationTesting</td>
<td></td>
<td>4</td>
<td>TestCases.FPM_AttributesValidationTesting@40005471</td></tr>
<tr>
<td title='TestCases.PCF_AttributesValidationTesting.changeHistoryAttributesTest()'><b>changeHistoryAttributesTest</b><br>Test class: TestCases.PCF_AttributesValidationTesting</td>
<td></td>
<td>4</td>
<td>TestCases.PCF_AttributesValidationTesting@367ffa75</td></tr>
<tr>
<td title='TestCases.BPM_AttributesValidationTesting.ChangeHistoryTabTest()'><b>ChangeHistoryTabTest</b><br>Test class: TestCases.BPM_AttributesValidationTesting</td>
<td></td>
<td>3</td>
<td>TestCases.BPM_AttributesValidationTesting@2cd76f31</td></tr>
<tr>
<td title='TestCases.FPM_AttributesValidationTesting.channelAddDropDetails()'><b>channelAddDropDetails</b><br>Test class: TestCases.FPM_AttributesValidationTesting</td>
<td></td>
<td>4</td>
<td>TestCases.FPM_AttributesValidationTesting@40005471</td></tr>
<tr>
<td title='TestCases.PCF_AttributesValidationTesting.PRMSalesConfigAttributes()'><b>PRMSalesConfigAttributes</b><br>Test class: TestCases.PCF_AttributesValidationTesting</td>
<td></td>
<td>4</td>
<td>TestCases.PCF_AttributesValidationTesting@367ffa75</td></tr>
<tr>
<td title='TestCases.PCF_AttributesValidationTesting.chTradeAttributesTest()'><b>chTradeAttributesTest</b><br>Test class: TestCases.PCF_AttributesValidationTesting</td>
<td></td>
<td>4</td>
<td>TestCases.PCF_AttributesValidationTesting@367ffa75</td></tr>
<tr>
<td title='TestCases.FPM_AttributesValidationTesting.cAIDDetailsAttributesTest()'><b>cAIDDetailsAttributesTest</b><br>Test class: TestCases.FPM_AttributesValidationTesting</td>
<td></td>
<td>4</td>
<td>TestCases.FPM_AttributesValidationTesting@40005471</td></tr>
<tr>
<td title='TestCases.FPM_AttributesValidationTesting.additionalBusinessAttributesTest()'><b>additionalBusinessAttributesTest</b><br>Test class: TestCases.FPM_AttributesValidationTesting</td>
<td></td>
<td>3</td>
<td>TestCases.FPM_AttributesValidationTesting@40005471</td></tr>
<tr>
<td title='TestCases.FPM_AttributesValidationTesting.AddNewChannelTtest()'><b>AddNewChannelTtest</b><br>Test class: TestCases.FPM_AttributesValidationTesting</td>
<td></td>
<td>4</td>
<td>TestCases.FPM_AttributesValidationTesting@40005471</td></tr>
<tr>
<td title='TestCases.PCF_AttributesValidationTesting.SiebelCompatibilityAttributes()'><b>SiebelCompatibilityAttributes</b><br>Test class: TestCases.PCF_AttributesValidationTesting</td>
<td></td>
<td>5</td>
<td>TestCases.PCF_AttributesValidationTesting@367ffa75</td></tr>
<tr>
<td title='TestCases.FPM_AttributesValidationTesting.channelDetailsTabTest()'><b>channelDetailsTabTest</b><br>Test class: TestCases.FPM_AttributesValidationTesting</td>
<td></td>
<td>5</td>
<td>TestCases.FPM_AttributesValidationTesting@40005471</td></tr>
<tr>
<td title='TestCases.FPM_AttributesValidationTesting.linksSectionsTest()'><b>linksSectionsTest</b><br>Test class: TestCases.FPM_AttributesValidationTesting</td>
<td></td>
<td>4</td>
<td>TestCases.FPM_AttributesValidationTesting@40005471</td></tr>
<tr>
<td title='TestCases.BPM_AttributesValidationTesting.BackendPackSectionsTest()'><b>BackendPackSectionsTest</b><br>Test class: TestCases.BPM_AttributesValidationTesting</td>
<td></td>
<td>2</td>
<td>TestCases.BPM_AttributesValidationTesting@2cd76f31</td></tr>
<tr>
<td title='TestCases.CCF_AttributesValidationTesting.ApprovalSections()'><b>ApprovalSections</b><br>Test class: TestCases.CCF_AttributesValidationTesting</td>
<td></td>
<td>3</td>
<td>TestCases.CCF_AttributesValidationTesting@49438269</td></tr>
<tr>
<td title='TestCases.PCF_AttributesValidationTesting.PCFTabsListTest()'><b>PCFTabsListTest</b><br>Test class: TestCases.PCF_AttributesValidationTesting</td>
<td></td>
<td>5</td>
<td>TestCases.PCF_AttributesValidationTesting@367ffa75</td></tr>
<tr>
<td title='TestCases.FPM_AttributesValidationTesting.channelDetailsSection()'><b>channelDetailsSection</b><br>Test class: TestCases.FPM_AttributesValidationTesting</td>
<td></td>
<td>7</td>
<td>TestCases.FPM_AttributesValidationTesting@40005471</td></tr>
<tr>
<td title='TestCases.FPM_AttributesValidationTesting.commentsAttributesTest()'><b>commentsAttributesTest</b><br>Test class: TestCases.FPM_AttributesValidationTesting</td>
<td></td>
<td>3</td>
<td>TestCases.FPM_AttributesValidationTesting@40005471</td></tr>
<tr>
<td title='TestCases.BPM_AttributesValidationTesting.changeHistorySectionsTest()'><b>changeHistorySectionsTest</b><br>Test class: TestCases.BPM_AttributesValidationTesting</td>
<td></td>
<td>3</td>
<td>TestCases.BPM_AttributesValidationTesting@2cd76f31</td></tr>
<tr>
<td title='TestCases.CCF_AttributesValidationTesting.workOrderConsSectionTest()'><b>workOrderConsSectionTest</b><br>Test class: TestCases.CCF_AttributesValidationTesting</td>
<td></td>
<td>2</td>
<td>TestCases.CCF_AttributesValidationTesting@49438269</td></tr>
<tr>
<td title='TestCases.FPM_AttributesValidationTesting.linksAttributesTest()'><b>linksAttributesTest</b><br>Test class: TestCases.FPM_AttributesValidationTesting</td>
<td></td>
<td>4</td>
<td>TestCases.FPM_AttributesValidationTesting@40005471</td></tr>
<tr>
<td title='TestCases.PCF_AttributesValidationTesting.SubCategoryAttributesTest()'><b>SubCategoryAttributesTest</b><br>Test class: TestCases.PCF_AttributesValidationTesting</td>
<td></td>
<td>4</td>
<td>TestCases.PCF_AttributesValidationTesting@367ffa75</td></tr>
<tr>
<td title='TestCases.CCF_AttributesValidationTesting.linksTabAttributesTest()'><b>linksTabAttributesTest</b><br>Test class: TestCases.CCF_AttributesValidationTesting</td>
<td></td>
<td>3</td>
<td>TestCases.CCF_AttributesValidationTesting@49438269</td></tr>
<tr>
<td title='TestCases.PCF_AttributesValidationTesting.CorporateAttributes()'><b>CorporateAttributes</b><br>Test class: TestCases.PCF_AttributesValidationTesting</td>
<td></td>
<td>5</td>
<td>TestCases.PCF_AttributesValidationTesting@367ffa75</td></tr>
<tr>
<td title='TestCases.PCF_AttributesValidationTesting.chResidentialAtributesTest()'><b>chResidentialAtributesTest</b><br>Test class: TestCases.PCF_AttributesValidationTesting</td>
<td></td>
<td>5</td>
<td>TestCases.PCF_AttributesValidationTesting@367ffa75</td></tr>
<tr>
<td title='TestCases.PCF_AttributesValidationTesting.CampaignConfigurationsTest()'><b>CampaignConfigurationsTest</b><br>Test class: TestCases.PCF_AttributesValidationTesting</td>
<td></td>
<td>4</td>
<td>TestCases.PCF_AttributesValidationTesting@367ffa75</td></tr>
<tr>
<td title='TestCases.PCF_AttributesValidationTesting.elResidentialAtributesTest()'><b>elResidentialAtributesTest</b><br>Test class: TestCases.PCF_AttributesValidationTesting</td>
<td></td>
<td>5</td>
<td>TestCases.PCF_AttributesValidationTesting@367ffa75</td></tr>
<tr>
<td title='TestCases.CM_AttributesValidationTesting.DistributionEPGAttributesTest()'><b>DistributionEPGAttributesTest</b><br>Test class: TestCases.CM_AttributesValidationTesting</td>
<td></td>
<td>3</td>
<td>TestCases.CM_AttributesValidationTesting@2d1ef81a</td></tr>
<tr>
<td title='TestCases.PCF_AttributesValidationTesting.businessReviewSectionsTest()'><b>businessReviewSectionsTest</b><br>Test class: TestCases.PCF_AttributesValidationTesting</td>
<td></td>
<td>5</td>
<td>TestCases.PCF_AttributesValidationTesting@367ffa75</td></tr>
<tr>
<td title='TestCases.FPM_AttributesValidationTesting.compatiblePacksAttributesTest()'><b>compatiblePacksAttributesTest</b><br>Test class: TestCases.FPM_AttributesValidationTesting</td>
<td></td>
<td>3</td>
<td>TestCases.FPM_AttributesValidationTesting@40005471</td></tr>
<tr>
<td title='TestCases.CM_AttributesValidationTesting.TabsOfCMPageTest()'><b>TabsOfCMPageTest</b><br>Test class: TestCases.CM_AttributesValidationTesting</td>
<td></td>
<td>3</td>
<td>TestCases.CM_AttributesValidationTesting@2d1ef81a</td></tr>
<tr>
<td title='TestCases.CCF_AttributesValidationTesting.chargeProductSecAttributesTest()'><b>chargeProductSecAttributesTest</b><br>Test class: TestCases.CCF_AttributesValidationTesting</td>
<td></td>
<td>3</td>
<td>TestCases.CCF_AttributesValidationTesting@49438269</td></tr>
<tr>
<td title='TestCases.CCF_AttributesValidationTesting.reviewDetailsAttributesTest()'><b>reviewDetailsAttributesTest</b><br>Test class: TestCases.CCF_AttributesValidationTesting</td>
<td></td>
<td>3</td>
<td>TestCases.CCF_AttributesValidationTesting@49438269</td></tr>
<tr>
<td title='TestCases.PCF_AttributesValidationTesting.elTradeAttributesTest()'><b>elTradeAttributesTest</b><br>Test class: TestCases.PCF_AttributesValidationTesting</td>
<td></td>
<td>4</td>
<td>TestCases.PCF_AttributesValidationTesting@367ffa75</td></tr>
<tr>
<td title='TestCases.PCF_AttributesValidationTesting.CARelatedConfigAttributes()'><b>CARelatedConfigAttributes</b><br>Test class: TestCases.PCF_AttributesValidationTesting</td>
<td></td>
<td>4</td>
<td>TestCases.PCF_AttributesValidationTesting@367ffa75</td></tr>
<tr>
<td title='TestCases.PCF_AttributesValidationTesting.itReviewAttributesTest()'><b>itReviewAttributesTest</b><br>Test class: TestCases.PCF_AttributesValidationTesting</td>
<td></td>
<td>5</td>
<td>TestCases.PCF_AttributesValidationTesting@367ffa75</td></tr>
<tr>
<td title='TestCases.CCF_AttributesValidationTesting.businessReviewSectionsTest()'><b>businessReviewSectionsTest</b><br>Test class: TestCases.CCF_AttributesValidationTesting</td>
<td></td>
<td>3</td>
<td>TestCases.CCF_AttributesValidationTesting@49438269</td></tr>
<tr>
<td title='TestCases.PCF_AttributesValidationTesting.ChargingAccountAttributesTest()'><b>ChargingAccountAttributesTest</b><br>Test class: TestCases.PCF_AttributesValidationTesting</td>
<td></td>
<td>6</td>
<td>TestCases.PCF_AttributesValidationTesting@367ffa75</td></tr>
<tr>
<td title='TestCases.PCF_AttributesValidationTesting.CompatiblePacksTobeTest()'><b>CompatiblePacksTobeTest</b><br>Test class: TestCases.PCF_AttributesValidationTesting</td>
<td></td>
<td>5</td>
<td>TestCases.PCF_AttributesValidationTesting@367ffa75</td></tr>
<tr>
<td title='TestCases.PCF_AttributesValidationTesting.b_MailAttributesTest()'><b>b_MailAttributesTest</b><br>Test class: TestCases.PCF_AttributesValidationTesting</td>
<td></td>
<td>5</td>
<td>TestCases.PCF_AttributesValidationTesting@367ffa75</td></tr>
<tr>
<td title='TestCases.CCF_AttributesValidationTesting.attachmentsAttributes()'><b>attachmentsAttributes</b><br>Test class: TestCases.CCF_AttributesValidationTesting</td>
<td></td>
<td>3</td>
<td>TestCases.CCF_AttributesValidationTesting@49438269</td></tr>
<tr>
<td title='TestCases.CCF_AttributesValidationTesting.changeHistorySecAttributes()'><b>changeHistorySecAttributes</b><br>Test class: TestCases.CCF_AttributesValidationTesting</td>
<td></td>
<td>3</td>
<td>TestCases.CCF_AttributesValidationTesting@49438269</td></tr>
<tr>
<td title='TestCases.PCF_AttributesValidationTesting.chSubCategoryAttributesTest()'><b>chSubCategoryAttributesTest</b><br>Test class: TestCases.PCF_AttributesValidationTesting</td>
<td></td>
<td>5</td>
<td>TestCases.PCF_AttributesValidationTesting@367ffa75</td></tr>
<tr>
<td title='TestCases.BPM_AttributesValidationTesting.frontendPackMappingTab()'><b>frontendPackMappingTab</b><br>Test class: TestCases.BPM_AttributesValidationTesting</td>
<td></td>
<td>3</td>
<td>TestCases.BPM_AttributesValidationTesting@2cd76f31</td></tr>
<tr>
<td title='TestCases.CM_AttributesValidationTesting.AudioAttributesTest()'><b>AudioAttributesTest</b><br>Test class: TestCases.CM_AttributesValidationTesting</td>
<td></td>
<td>6</td>
<td>TestCases.CM_AttributesValidationTesting@2d1ef81a</td></tr>
<tr>
<td title='TestCases.CCF_AttributesValidationTesting.ChangeHistoryAttributesTest()'><b>ChangeHistoryAttributesTest</b><br>Test class: TestCases.CCF_AttributesValidationTesting</td>
<td></td>
<td>3</td>
<td>TestCases.CCF_AttributesValidationTesting@49438269</td></tr>
<tr>
<td title='TestCases.CM_AttributesValidationTesting.EPGSectionAttributes()'><b>EPGSectionAttributes</b><br>Test class: TestCases.CM_AttributesValidationTesting</td>
<td></td>
<td>4</td>
<td>TestCases.CM_AttributesValidationTesting@2d1ef81a</td></tr>
<tr>
<td title='TestCases.CCF_AttributesValidationTesting.WorkOrderConTabTest()'><b>WorkOrderConTabTest</b><br>Test class: TestCases.CCF_AttributesValidationTesting</td>
<td></td>
<td>3</td>
<td>TestCases.CCF_AttributesValidationTesting@49438269</td></tr>
<tr>
<td title='TestCases.CM_AttributesValidationTesting.ContentTechAttributesTest()'><b>ContentTechAttributesTest</b><br>Test class: TestCases.CM_AttributesValidationTesting</td>
<td></td>
<td>3</td>
<td>TestCases.CM_AttributesValidationTesting@2d1ef81a</td></tr>
<tr>
<td title='TestCases.CM_AttributesValidationTesting.LogoPlatformTabTest()'><b>LogoPlatformTabTest</b><br>Test class: TestCases.CM_AttributesValidationTesting</td>
<td></td>
<td>5</td>
<td>TestCases.CM_AttributesValidationTesting@2d1ef81a</td></tr>
<tr>
<td title='TestCases.BPM_AttributesValidationTesting.channelsDetailsAttributesTest()'><b>channelsDetailsAttributesTest</b><br>Test class: TestCases.BPM_AttributesValidationTesting</td>
<td></td>
<td>4</td>
<td>TestCases.BPM_AttributesValidationTesting@2cd76f31</td></tr>
<tr>
<td title='TestCases.CCF_AttributesValidationTesting.AdditionalBusinessSecAttributes()'><b>AdditionalBusinessSecAttributes</b><br>Test class: TestCases.CCF_AttributesValidationTesting</td>
<td></td>
<td>4</td>
<td>TestCases.CCF_AttributesValidationTesting@49438269</td></tr>
<tr>
<td title='TestCases.CM_AttributesValidationTesting.VideoSectionAttributesTest()'><b>VideoSectionAttributesTest</b><br>Test class: TestCases.CM_AttributesValidationTesting</td>
<td></td>
<td>3</td>
<td>TestCases.CM_AttributesValidationTesting@2d1ef81a</td></tr>
<tr>
<td title='TestCases.BPM_AttributesValidationTesting.channelDetailsSectionsTest()'><b>channelDetailsSectionsTest</b><br>Test class: TestCases.BPM_AttributesValidationTesting</td>
<td></td>
<td>3</td>
<td>TestCases.BPM_AttributesValidationTesting@2cd76f31</td></tr>
<tr>
<td title='TestCases.CCF_AttributesValidationTesting.CCFTabListTest()'><b>CCFTabListTest</b><br>Test class: TestCases.CCF_AttributesValidationTesting</td>
<td></td>
<td>3</td>
<td>TestCases.CCF_AttributesValidationTesting@49438269</td></tr>
<tr>
<td title='TestCases.CM_AttributesValidationTesting.ChangeHistoryTabAtributes()'><b>ChangeHistoryTabAtributes</b><br>Test class: TestCases.CM_AttributesValidationTesting</td>
<td></td>
<td>3</td>
<td>TestCases.CM_AttributesValidationTesting@2d1ef81a</td></tr>
<tr>
<td title='TestCases.CCF_AttributesValidationTesting.ApprovalAttributes()'><b>ApprovalAttributes</b><br>Test class: TestCases.CCF_AttributesValidationTesting</td>
<td></td>
<td>4</td>
<td>TestCases.CCF_AttributesValidationTesting@49438269</td></tr>
<tr>
<td title='TestCases.PCF_AttributesValidationTesting.BReviewDetailsAttributesTest()'><b>BReviewDetailsAttributesTest</b><br>Test class: TestCases.PCF_AttributesValidationTesting</td>
<td></td>
<td>5</td>
<td>TestCases.PCF_AttributesValidationTesting@367ffa75</td></tr>
<tr>
<td title='TestCases.BPM_AttributesValidationTesting.channelsAddDropAttributesTest()'><b>channelsAddDropAttributesTest</b><br>Test class: TestCases.BPM_AttributesValidationTesting</td>
<td></td>
<td>3</td>
<td>TestCases.BPM_AttributesValidationTesting@2cd76f31</td></tr>
<tr>
<td title='TestCases.BPM_AttributesValidationTesting.BpmCommentsAttributesTest()'><b>BpmCommentsAttributesTest</b><br>Test class: TestCases.BPM_AttributesValidationTesting</td>
<td></td>
<td>3</td>
<td>TestCases.BPM_AttributesValidationTesting@2cd76f31</td></tr>
<tr>
<td title='TestCases.FPM_AttributesValidationTesting.backendPackSectionsTest()'><b>backendPackSectionsTest</b><br>Test class: TestCases.FPM_AttributesValidationTesting</td>
<td></td>
<td>4</td>
<td>TestCases.FPM_AttributesValidationTesting@40005471</td></tr>
<tr>
<td title='TestCases.CCF_AttributesValidationTesting.approvalSecAttributesTest()'><b>approvalSecAttributesTest</b><br>Test class: TestCases.CCF_AttributesValidationTesting</td>
<td></td>
<td>3</td>
<td>TestCases.CCF_AttributesValidationTesting@49438269</td></tr>
<tr>
<td title='TestCases.PCF_AttributesValidationTesting.elCommercialAttributes()'><b>elCommercialAttributes</b><br>Test class: TestCases.PCF_AttributesValidationTesting</td>
<td></td>
<td>4</td>
<td>TestCases.PCF_AttributesValidationTesting@367ffa75</td></tr>
<tr>
<td title='TestCases.CCF_AttributesValidationTesting.linksTabSectionsTest()'><b>linksTabSectionsTest</b><br>Test class: TestCases.CCF_AttributesValidationTesting</td>
<td></td>
<td>3</td>
<td>TestCases.CCF_AttributesValidationTesting@49438269</td></tr>
<tr>
<td title='TestCases.CCF_AttributesValidationTesting.pRMServiceAttributesTest()'><b>pRMServiceAttributesTest</b><br>Test class: TestCases.CCF_AttributesValidationTesting</td>
<td></td>
<td>3</td>
<td>TestCases.CCF_AttributesValidationTesting@49438269</td></tr>
<tr>
<td title='TestCases.CM_AttributesValidationTesting.SatelliteAttributesTest()'><b>SatelliteAttributesTest</b><br>Test class: TestCases.CM_AttributesValidationTesting</td>
<td></td>
<td>5</td>
<td>TestCases.CM_AttributesValidationTesting@2d1ef81a</td></tr>
<tr>
<td title='TestCases.PCF_AttributesValidationTesting.RequesterDetailsAttributesTest()'><b>RequesterDetailsAttributesTest</b><br>Test class: TestCases.PCF_AttributesValidationTesting</td>
<td></td>
<td>5</td>
<td>TestCases.PCF_AttributesValidationTesting@367ffa75</td></tr>
<tr>
<td title='TestCases.BPM_AttributesValidationTesting.BPMTabListTest()'><b>BPMTabListTest</b><br>Test class: TestCases.BPM_AttributesValidationTesting</td>
<td></td>
<td>3</td>
<td>TestCases.BPM_AttributesValidationTesting@2cd76f31</td></tr>
<tr>
<td title='TestCases.BPM_AttributesValidationTesting.BPMformDetailsTest()'><b>BPMformDetailsTest</b><br>Test class: TestCases.BPM_AttributesValidationTesting</td>
<td></td>
<td>2</td>
<td>TestCases.BPM_AttributesValidationTesting@2cd76f31</td></tr>
<tr>
<td title='TestCases.CCF_AttributesValidationTesting.reviewedSignoffAttributesTest()'><b>reviewedSignoffAttributesTest</b><br>Test class: TestCases.CCF_AttributesValidationTesting</td>
<td></td>
<td>3</td>
<td>TestCases.CCF_AttributesValidationTesting@49438269</td></tr>
<tr>
<td title='TestCases.FPM_AttributesValidationTesting.attachmentsAttributesTest()'><b>attachmentsAttributesTest</b><br>Test class: TestCases.FPM_AttributesValidationTesting</td>
<td></td>
<td>4</td>
<td>TestCases.FPM_AttributesValidationTesting@40005471</td></tr>
<tr>
<td title='TestCases.PCF_AttributesValidationTesting.chargingTabSectionsTest()'><b>chargingTabSectionsTest</b><br>Test class: TestCases.PCF_AttributesValidationTesting</td>
<td></td>
<td>4</td>
<td>TestCases.PCF_AttributesValidationTesting@367ffa75</td></tr>
<tr>
<td title='TestCases.PCF_AttributesValidationTesting.BingeCCFAttributes()'><b>BingeCCFAttributes</b><br>Test class: TestCases.PCF_AttributesValidationTesting</td>
<td></td>
<td>5</td>
<td>TestCases.PCF_AttributesValidationTesting@367ffa75</td></tr>
<tr>
<td title='TestCases.PCF_AttributesValidationTesting.changeHistorySectionsTest()'><b>changeHistorySectionsTest</b><br>Test class: TestCases.PCF_AttributesValidationTesting</td>
<td></td>
<td>4</td>
<td>TestCases.PCF_AttributesValidationTesting@367ffa75</td></tr>
<tr>
<td title='TestCases.CM_AttributesValidationTesting.TechnologlySectionAttributesTest()'><b>TechnologlySectionAttributesTest</b><br>Test class: TestCases.CM_AttributesValidationTesting</td>
<td></td>
<td>3</td>
<td>TestCases.CM_AttributesValidationTesting@2d1ef81a</td></tr>
<tr>
<td title='TestCases.PCF_AttributesValidationTesting.Charging_Applicable_RC_Test()'><b>Charging_Applicable_RC_Test</b><br>Test class: TestCases.PCF_AttributesValidationTesting</td>
<td></td>
<td>4</td>
<td>TestCases.PCF_AttributesValidationTesting@367ffa75</td></tr>
<tr>
<td title='TestCases.CM_AttributesValidationTesting.HistoryTabTest()'><b>HistoryTabTest</b><br>Test class: TestCases.CM_AttributesValidationTesting</td>
<td></td>
<td>5</td>
<td>TestCases.CM_AttributesValidationTesting@2d1ef81a</td></tr>
<tr>
<td title='TestCases.CCF_AttributesValidationTesting.BusinessReviewAttributesTest()'><b>BusinessReviewAttributesTest</b><br>Test class: TestCases.CCF_AttributesValidationTesting</td>
<td></td>
<td>4</td>
<td>TestCases.CCF_AttributesValidationTesting@49438269</td></tr>
<tr>
<td title='TestCases.BPM_AttributesValidationTesting.channelDetailsAttributesTest()'><b>channelDetailsAttributesTest</b><br>Test class: TestCases.BPM_AttributesValidationTesting</td>
<td></td>
<td>5</td>
<td>TestCases.BPM_AttributesValidationTesting@2cd76f31</td></tr>
<tr>
<td title='TestCases.CCF_AttributesValidationTesting.chargeProductAttributesTest()'><b>chargeProductAttributesTest</b><br>Test class: TestCases.CCF_AttributesValidationTesting</td>
<td></td>
<td>7</td>
<td>TestCases.CCF_AttributesValidationTesting@49438269</td></tr>
<tr>
<td title='TestCases.CM_AttributesValidationTesting.logoPlatformTabAtributesTest()'><b>logoPlatformTabAtributesTest</b><br>Test class: TestCases.CM_AttributesValidationTesting</td>
<td></td>
<td>3</td>
<td>TestCases.CM_AttributesValidationTesting@2d1ef81a</td></tr>
<tr>
<td title='TestCases.PCF_AttributesValidationTesting.AlertsBillsSections()'><b>AlertsBillsSections</b><br>Test class: TestCases.PCF_AttributesValidationTesting</td>
<td></td>
<td>4</td>
<td>TestCases.PCF_AttributesValidationTesting@367ffa75</td></tr>
<tr>
<td title='TestCases.BPM_AttributesValidationTesting.frontendPackSectionsTest()'><b>frontendPackSectionsTest</b><br>Test class: TestCases.BPM_AttributesValidationTesting</td>
<td></td>
<td>2</td>
<td>TestCases.BPM_AttributesValidationTesting@2cd76f31</td></tr>
<tr>
<td title='TestCases.CCF_AttributesValidationTesting.reviewerNamesAttributesTest()'><b>reviewerNamesAttributesTest</b><br>Test class: TestCases.CCF_AttributesValidationTesting</td>
<td></td>
<td>3</td>
<td>TestCases.CCF_AttributesValidationTesting@49438269</td></tr>
<tr>
<td title='TestCases.PCF_AttributesValidationTesting.eligibilitySectionsTest()'><b>eligibilitySectionsTest</b><br>Test class: TestCases.PCF_AttributesValidationTesting</td>
<td></td>
<td>4</td>
<td>TestCases.PCF_AttributesValidationTesting@367ffa75</td></tr>
<tr>
<td title='TestCases.CCF_AttributesValidationTesting.effortEstimationAttributesTest()'><b>effortEstimationAttributesTest</b><br>Test class: TestCases.CCF_AttributesValidationTesting</td>
<td></td>
<td>3</td>
<td>TestCases.CCF_AttributesValidationTesting@49438269</td></tr>
<tr>
<td title='TestCases.CCF_AttributesValidationTesting.additionalBusinessSectionsTest()'><b>additionalBusinessSectionsTest</b><br>Test class: TestCases.CCF_AttributesValidationTesting</td>
<td></td>
<td>3</td>
<td>TestCases.CCF_AttributesValidationTesting@49438269</td></tr>
<tr>
<td title='TestCases.BPM_AttributesValidationTesting.frontendPackSecAttributes()'><b>frontendPackSecAttributes</b><br>Test class: TestCases.BPM_AttributesValidationTesting</td>
<td></td>
<td>3</td>
<td>TestCases.BPM_AttributesValidationTesting@2cd76f31</td></tr>
<tr>
<td title='TestCases.PCF_AttributesValidationTesting.AlertsBillsAttributesTest()'><b>AlertsBillsAttributesTest</b><br>Test class: TestCases.PCF_AttributesValidationTesting</td>
<td></td>
<td>5</td>
<td>TestCases.PCF_AttributesValidationTesting@367ffa75</td></tr>
<tr>
<td title='TestCases.PCF_AttributesValidationTesting.chRuleOnAccountAtributes()'><b>chRuleOnAccountAtributes</b><br>Test class: TestCases.PCF_AttributesValidationTesting</td>
<td></td>
<td>4</td>
<td>TestCases.PCF_AttributesValidationTesting@367ffa75</td></tr>
<tr>
<td title='TestCases.PCF_AttributesValidationTesting.eligibilityAttributesTest()'><b>eligibilityAttributesTest</b><br>Test class: TestCases.PCF_AttributesValidationTesting</td>
<td></td>
<td>7</td>
<td>TestCases.PCF_AttributesValidationTesting@367ffa75</td></tr>
<tr>
<td title='TestCases.PCF_AttributesValidationTesting.BIRelatedConfigurations()'><b>BIRelatedConfigurations</b><br>Test class: TestCases.PCF_AttributesValidationTesting</td>
<td></td>
<td>4</td>
<td>TestCases.PCF_AttributesValidationTesting@367ffa75</td></tr>
<tr>
<td title='TestCases.FPM_AttributesValidationTesting.changeHistoryAttributesTest()'><b>changeHistoryAttributesTest</b><br>Test class: TestCases.FPM_AttributesValidationTesting</td>
<td></td>
<td>4</td>
<td>TestCases.FPM_AttributesValidationTesting@40005471</td></tr>
<tr>
<td title='TestCases.PCF_AttributesValidationTesting.billDescriptionAttributesTest()'><b>billDescriptionAttributesTest</b><br>Test class: TestCases.PCF_AttributesValidationTesting</td>
<td></td>
<td>5</td>
<td>TestCases.PCF_AttributesValidationTesting@367ffa75</td></tr>
<tr>
<td title='TestCases.PCF_AttributesValidationTesting.Charging_Applicable_NRC_Test()'><b>Charging_Applicable_NRC_Test</b><br>Test class: TestCases.PCF_AttributesValidationTesting</td>
<td></td>
<td>4</td>
<td>TestCases.PCF_AttributesValidationTesting@367ffa75</td></tr>
<tr>
<td title='TestCases.CCF_AttributesValidationTesting.ITReviewAttributesTest()'><b>ITReviewAttributesTest</b><br>Test class: TestCases.CCF_AttributesValidationTesting</td>
<td></td>
<td>4</td>
<td>TestCases.CCF_AttributesValidationTesting@49438269</td></tr>
<tr>
<td title='TestCases.PCF_AttributesValidationTesting.elRuleOnAccountAtributesTest()'><b>elRuleOnAccountAtributesTest</b><br>Test class: TestCases.PCF_AttributesValidationTesting</td>
<td></td>
<td>4</td>
<td>TestCases.PCF_AttributesValidationTesting@367ffa75</td></tr>
<tr>
<td title='TestCases.CCF_AttributesValidationTesting.itReviewAttributesTest()'><b>itReviewAttributesTest</b><br>Test class: TestCases.CCF_AttributesValidationTesting</td>
<td></td>
<td>4</td>
<td>TestCases.CCF_AttributesValidationTesting@49438269</td></tr>
<tr>
<td title='TestCases.FPM_AttributesValidationTesting.channelDetailsSectionsTest()'><b>channelDetailsSectionsTest</b><br>Test class: TestCases.FPM_AttributesValidationTesting</td>
<td></td>
<td>4</td>
<td>TestCases.FPM_AttributesValidationTesting@40005471</td></tr>
<tr>
<td title='TestCases.CCF_AttributesValidationTesting.UATTabAttributesTest()'><b>UATTabAttributesTest</b><br>Test class: TestCases.CCF_AttributesValidationTesting</td>
<td></td>
<td>3</td>
<td>TestCases.CCF_AttributesValidationTesting@49438269</td></tr>
<tr>
<td title='TestCases.CM_AttributesValidationTesting.sectionListNameTest()'><b>sectionListNameTest</b><br>Test class: TestCases.CM_AttributesValidationTesting</td>
<td></td>
<td>3</td>
<td>TestCases.CM_AttributesValidationTesting@2d1ef81a</td></tr>
<tr>
<td title='TestCases.PCF_AttributesValidationTesting.mSalesAttributes()'><b>mSalesAttributes</b><br>Test class: TestCases.PCF_AttributesValidationTesting</td>
<td></td>
<td>5</td>
<td>TestCases.PCF_AttributesValidationTesting@367ffa75</td></tr>
<tr>
<td title='TestCases.PCF_AttributesValidationTesting.AdditionalBusinessAttributes()'><b>AdditionalBusinessAttributes</b><br>Test class: TestCases.PCF_AttributesValidationTesting</td>
<td></td>
<td>4</td>
<td>TestCases.PCF_AttributesValidationTesting@367ffa75</td></tr>
<tr>
<td title='TestCases.PCF_AttributesValidationTesting.chCommercialAttributesTest()'><b>chCommercialAttributesTest</b><br>Test class: TestCases.PCF_AttributesValidationTesting</td>
<td></td>
<td>5</td>
<td>TestCases.PCF_AttributesValidationTesting@367ffa75</td></tr>
<tr>
<td title='TestCases.PCF_AttributesValidationTesting.reviewArtifactsAttributesTest()'><b>reviewArtifactsAttributesTest</b><br>Test class: TestCases.PCF_AttributesValidationTesting</td>
<td></td>
<td>5</td>
<td>TestCases.PCF_AttributesValidationTesting@367ffa75</td></tr>
<tr>
<td title='TestCases.CCF_AttributesValidationTesting.additionalBusinessAttributeTest()'><b>additionalBusinessAttributeTest</b><br>Test class: TestCases.CCF_AttributesValidationTesting</td>
<td></td>
<td>3</td>
<td>TestCases.CCF_AttributesValidationTesting@49438269</td></tr>
<tr>
<td title='TestCases.CM_AttributesValidationTesting.TechnicalContactAttributesTest()'><b>TechnicalContactAttributesTest</b><br>Test class: TestCases.CM_AttributesValidationTesting</td>
<td></td>
<td>4</td>
<td>TestCases.CM_AttributesValidationTesting@2d1ef81a</td></tr>
<tr>
<td title='TestCases.CCF_AttributesValidationTesting.TestArtifactsAttributes()'><b>TestArtifactsAttributes</b><br>Test class: TestCases.CCF_AttributesValidationTesting</td>
<td></td>
<td>3</td>
<td>TestCases.CCF_AttributesValidationTesting@49438269</td></tr>
</table><p>
</body>
</html>