<?xml version="1.0" encoding="UTF-8"?>
<!-- Generated by org.testng.reporters.JUnitXMLReporter -->
<testsuite ignored="16" hostname="DTPLREN91" failures="4" tests="4" name="Default test(failed)(failed)" time="37.428" errors="0" timestamp="2024-05-06T11:02:19 IST">
  <testcase classname="TestCases.CM_AttributesValidationTesting" name="ContentTeamAtributesTest" time="3.429">
    <failure type="java.lang.Exception" message="Failed because List are not Matching">
      <![CDATA[java.lang.Exception: Failed because List are not Matching
at Pages.CMAtributsValidation.contentTeamAtributes(CMAtributsValidation.java:261)
at TestCases.CM_AttributesValidationTesting.ContentTeamAtributesTest(CM_AttributesValidationTesting.java:65)
at java.base/java.util.ArrayList.forEach(ArrayList.java:1511)
... Removed 27 stack frames]]>
    </failure>
  </testcase> <!-- ContentTeamAtributesTest -->
  <testcase classname="TestCases.CM_AttributesValidationTesting" name="FormDetailsTest" time="2.523">
    <failure type="java.lang.Exception" message="Failed because List are not Matching">
      <![CDATA[java.lang.Exception: Failed because List are not Matching
at Pages.CMAtributsValidation.formDetails(CMAtributsValidation.java:69)
at TestCases.CM_AttributesValidationTesting.FormDetailsTest(CM_AttributesValidationTesting.java:28)
at java.base/java.util.ArrayList.forEach(ArrayList.java:1511)
... Removed 27 stack frames]]>
    </failure>
  </testcase> <!-- FormDetailsTest -->
  <testcase classname="TestCases.CM_AttributesValidationTesting" name="TabsOfCMPageTest" time="2.328">
    <failure type="java.lang.Exception" message="Failed because List are not Matching">
      <![CDATA[java.lang.Exception: Failed because List are not Matching
at Pages.CMAtributsValidation.TabsOfCMPage(CMAtributsValidation.java:99)
at TestCases.CM_AttributesValidationTesting.TabsOfCMPageTest(CM_AttributesValidationTesting.java:34)
at java.base/java.util.ArrayList.forEach(ArrayList.java:1511)
... Removed 27 stack frames]]>
    </failure>
  </testcase> <!-- TabsOfCMPageTest -->
  <testcase classname="TestCases.CM_AttributesValidationTesting" name="ChannelMasterAtributesTest" time="8.44">
    <failure type="java.lang.Exception" message="Failed because List are not Matching">
      <![CDATA[java.lang.Exception: Failed because List are not Matching
at Pages.CMAtributsValidation.ChannelMasterAtributes(CMAtributsValidation.java:132)
at TestCases.CM_AttributesValidationTesting.ChannelMasterAtributesTest(CM_AttributesValidationTesting.java:40)
at java.base/java.util.ArrayList.forEach(ArrayList.java:1511)
... Removed 27 stack frames]]>
    </failure>
  </testcase> <!-- ChannelMasterAtributesTest -->
  <testcase classname="TestCases.CM_AttributesValidationTesting" name="SatelliteAttributesTest" time="0.0">
    <ignored/>
  </testcase> <!-- SatelliteAttributesTest -->
  <testcase classname="TestCases.CM_AttributesValidationTesting" name="VideoSectionAttributesTest" time="0.0">
    <ignored/>
  </testcase> <!-- VideoSectionAttributesTest -->
  <testcase classname="TestCases.CM_AttributesValidationTesting" name="AudioAttributesTest" time="0.0">
    <ignored/>
  </testcase> <!-- AudioAttributesTest -->
  <testcase classname="TestCases.CM_AttributesValidationTesting" name="EPGSectionAttributes" time="0.0">
    <ignored/>
  </testcase> <!-- EPGSectionAttributes -->
  <testcase classname="TestCases.CM_AttributesValidationTesting" name="DistributionEPGAttributesTest" time="0.0">
    <ignored/>
  </testcase> <!-- DistributionEPGAttributesTest -->
  <testcase classname="TestCases.CM_AttributesValidationTesting" name="CommentsAttributesTest" time="0.0">
    <ignored/>
  </testcase> <!-- CommentsAttributesTest -->
  <testcase classname="TestCases.CM_AttributesValidationTesting" name="HistoryTabTest" time="0.0">
    <ignored/>
  </testcase> <!-- HistoryTabTest -->
  <testcase classname="TestCases.CM_AttributesValidationTesting" name="TechnicalContactAttributesTest" time="0.0">
    <ignored/>
  </testcase> <!-- TechnicalContactAttributesTest -->
  <testcase classname="TestCases.CM_AttributesValidationTesting" name="sectionListNameTest" time="0.0">
    <ignored/>
  </testcase> <!-- sectionListNameTest -->
  <testcase classname="TestCases.CM_AttributesValidationTesting" name="TechnologlySectionAttributesTest" time="0.0">
    <ignored/>
  </testcase> <!-- TechnologlySectionAttributesTest -->
  <testcase classname="TestCases.CM_AttributesValidationTesting" name="ChangeHistoryTabAtributes" time="0.0">
    <ignored/>
  </testcase> <!-- ChangeHistoryTabAtributes -->
  <testcase classname="TestCases.CM_AttributesValidationTesting" name="DistributionAttributesTest" time="0.0">
    <ignored/>
  </testcase> <!-- DistributionAttributesTest -->
  <testcase classname="TestCases.CM_AttributesValidationTesting" name="LogoPlatformTabTest" time="0.0">
    <ignored/>
  </testcase> <!-- LogoPlatformTabTest -->
  <testcase classname="TestCases.CM_AttributesValidationTesting" name="SMSectionAttributesTest" time="0.0">
    <ignored/>
  </testcase> <!-- SMSectionAttributesTest -->
  <testcase classname="TestCases.CM_AttributesValidationTesting" name="logoPlatformTabAtributesTest" time="0.0">
    <ignored/>
  </testcase> <!-- logoPlatformTabAtributesTest -->
  <testcase classname="TestCases.CM_AttributesValidationTesting" name="ContentTechAttributesTest" time="0.0">
    <ignored/>
  </testcase> <!-- ContentTechAttributesTest -->
</testsuite> <!-- Default test(failed)(failed) -->
