<?xml version="1.0" encoding="UTF-8"?>
<!-- Generated by org.testng.reporters.JUnitXMLReporter -->
<testsuite ignored="35" hostname="DTPLREN91" failures="1" tests="1" name="Test(failed)" time="16.006" errors="0" timestamp="2024-05-21T22:52:51 IST">
  <testcase classname="TestCases.CCF_AttributesValidationTesting" name="CCFTabListTest" time="6.042">
    <failure type="java.lang.Exception" message="Failed because List are not Matching">
      <![CDATA[java.lang.Exception: Failed because List are not Matching
at Pages.CCFAttributeValidation.CCFTabList(CCFAttributeValidation.java:103)
at TestCases.CCF_AttributesValidationTesting.CCFTabListTest(CCF_AttributesValidationTesting.java:35)
at java.base/java.util.ArrayList.forEach(ArrayList.java:1511)
... Removed 27 stack frames]]>
    </failure>
  </testcase> <!-- CCFTabListTest -->
  <testcase classname="TestCases.CCF_AttributesValidationTesting" name="ITReviewSectionsTest" time="0.0">
    <ignored/>
  </testcase> <!-- ITReviewSectionsTest -->
  <testcase classname="TestCases.CCF_AttributesValidationTesting" name="reviewDetailsAttributesTest" time="0.0">
    <ignored/>
  </testcase> <!-- reviewDetailsAttributesTest -->
  <testcase classname="TestCases.CCF_AttributesValidationTesting" name="alertsBillAttributesTest" time="0.0">
    <ignored/>
  </testcase> <!-- alertsBillAttributesTest -->
  <testcase classname="TestCases.CCF_AttributesValidationTesting" name="ChangeHistorySectionsTest" time="0.0">
    <ignored/>
  </testcase> <!-- ChangeHistorySectionsTest -->
  <testcase classname="TestCases.CCF_AttributesValidationTesting" name="additionalBusinessSectionsTest" time="0.0">
    <ignored/>
  </testcase> <!-- additionalBusinessSectionsTest -->
  <testcase classname="TestCases.CCF_AttributesValidationTesting" name="businessReviewSectionsTest" time="0.0">
    <ignored/>
  </testcase> <!-- businessReviewSectionsTest -->
  <testcase classname="TestCases.CCF_AttributesValidationTesting" name="ApprovalAttributes" time="0.0">
    <ignored/>
  </testcase> <!-- ApprovalAttributes -->
  <testcase classname="TestCases.CCF_AttributesValidationTesting" name="LinksSecAttributesTest" time="0.0">
    <ignored/>
  </testcase> <!-- LinksSecAttributesTest -->
  <testcase classname="TestCases.CCF_AttributesValidationTesting" name="ChangeHistoryAttributesTest" time="0.0">
    <ignored/>
  </testcase> <!-- ChangeHistoryAttributesTest -->
  <testcase classname="TestCases.CCF_AttributesValidationTesting" name="TestArtifactsAttributes" time="0.0">
    <ignored/>
  </testcase> <!-- TestArtifactsAttributes -->
  <testcase classname="TestCases.CCF_AttributesValidationTesting" name="reviewedSignoffAttributesTest" time="0.0">
    <ignored/>
  </testcase> <!-- reviewedSignoffAttributesTest -->
  <testcase classname="TestCases.CCF_AttributesValidationTesting" name="linksTabSectionsTest" time="0.0">
    <ignored/>
  </testcase> <!-- linksTabSectionsTest -->
  <testcase classname="TestCases.CCF_AttributesValidationTesting" name="workOrderSecAttributesTest" time="0.0">
    <ignored/>
  </testcase> <!-- workOrderSecAttributesTest -->
  <testcase classname="TestCases.CCF_AttributesValidationTesting" name="workOrderConsSectionTest" time="0.0">
    <ignored/>
  </testcase> <!-- workOrderConsSectionTest -->
  <testcase classname="TestCases.CCF_AttributesValidationTesting" name="chargeProductAttributesTest" time="0.0">
    <ignored/>
  </testcase> <!-- chargeProductAttributesTest -->
  <testcase classname="TestCases.CCF_AttributesValidationTesting" name="WorkOrderConTabTest" time="0.0">
    <ignored/>
  </testcase> <!-- WorkOrderConTabTest -->
  <testcase classname="TestCases.CCF_AttributesValidationTesting" name="chargeProductSectionsTest" time="0.0">
    <ignored/>
  </testcase> <!-- chargeProductSectionsTest -->
  <testcase classname="TestCases.CCF_AttributesValidationTesting" name="chargeProductSecAttributesTest" time="0.0">
    <ignored/>
  </testcase> <!-- chargeProductSecAttributesTest -->
  <testcase classname="TestCases.CCF_AttributesValidationTesting" name="ITReviewAttributesTest" time="0.0">
    <ignored/>
  </testcase> <!-- ITReviewAttributesTest -->
  <testcase classname="TestCases.CCF_AttributesValidationTesting" name="additionalBusinessAttributeTest" time="0.0">
    <ignored/>
  </testcase> <!-- additionalBusinessAttributeTest -->
  <testcase classname="TestCases.CCF_AttributesValidationTesting" name="changeHistorySecAttributes" time="0.0">
    <ignored/>
  </testcase> <!-- changeHistorySecAttributes -->
  <testcase classname="TestCases.CCF_AttributesValidationTesting" name="attachmentsAttributes" time="0.0">
    <ignored/>
  </testcase> <!-- attachmentsAttributes -->
  <testcase classname="TestCases.CCF_AttributesValidationTesting" name="effortEstimationAttributesTest" time="0.0">
    <ignored/>
  </testcase> <!-- effortEstimationAttributesTest -->
  <testcase classname="TestCases.CCF_AttributesValidationTesting" name="FPMformDetailsTest" time="0.0">
    <ignored/>
  </testcase> <!-- FPMformDetailsTest -->
  <testcase classname="TestCases.CCF_AttributesValidationTesting" name="reviewerNamesAttributesTest" time="0.0">
    <ignored/>
  </testcase> <!-- reviewerNamesAttributesTest -->
  <testcase classname="TestCases.CCF_AttributesValidationTesting" name="linksTabAttributesTest" time="0.0">
    <ignored/>
  </testcase> <!-- linksTabAttributesTest -->
  <testcase classname="TestCases.CCF_AttributesValidationTesting" name="pRMServiceAttributesTest" time="0.0">
    <ignored/>
  </testcase> <!-- pRMServiceAttributesTest -->
  <testcase classname="TestCases.CCF_AttributesValidationTesting" name="itReviewAttributesTest" time="0.0">
    <ignored/>
  </testcase> <!-- itReviewAttributesTest -->
  <testcase classname="TestCases.CCF_AttributesValidationTesting" name="UATTabSectionsTest" time="0.0">
    <ignored/>
  </testcase> <!-- UATTabSectionsTest -->
  <testcase classname="TestCases.CCF_AttributesValidationTesting" name="ApprovalSections" time="0.0">
    <ignored/>
  </testcase> <!-- ApprovalSections -->
  <testcase classname="TestCases.CCF_AttributesValidationTesting" name="UATTabAttributesTest" time="0.0">
    <ignored/>
  </testcase> <!-- UATTabAttributesTest -->
  <testcase classname="TestCases.CCF_AttributesValidationTesting" name="AdditionalBusinessSecAttributes" time="0.0">
    <ignored/>
  </testcase> <!-- AdditionalBusinessSecAttributes -->
  <testcase classname="TestCases.CCF_AttributesValidationTesting" name="BusinessReviewAttributesTest" time="0.0">
    <ignored/>
  </testcase> <!-- BusinessReviewAttributesTest -->
  <testcase classname="TestCases.CCF_AttributesValidationTesting" name="approvalSecAttributesTest" time="0.0">
    <ignored/>
  </testcase> <!-- approvalSecAttributesTest -->
  <testcase classname="TestCases.CCF_AttributesValidationTesting" name="priceListAttributesTest" time="0.0">
    <ignored/>
  </testcase> <!-- priceListAttributesTest -->
</testsuite> <!-- Test(failed) -->
