<?xml version="1.0" encoding="UTF-8"?>
<!-- Generated by org.testng.reporters.JUnitXMLReporter -->
<testsuite ignored="0" hostname="DTPLD3" failures="2" tests="44" name="Test" time="764.446" errors="0" timestamp="2023-08-11T10:57:04 IST">
  <testcase classname="TestCases.PCFAttributesValidationTesting" name="AllChargingAdditionalDetailsSectionTest" time="10.821"/>
  <testcase classname="TestCases.PCFAttributesValidationTesting" name="AllChargingSectionAtributsTest" time="11.992"/>
  <testcase classname="TestCases.PCFAttributesValidationTesting" name="PCFRequesterDetailsAtributesTest" time="8.87"/>
  <testcase classname="TestCases.PCFAttributesValidationTesting" name="PRMSalesConfigurationsSectionTest" time="8.138"/>
  <testcase classname="TestCases.PCFAttributesValidationTesting" name="allAdditionalBusinessRulesTest" time="9.405"/>
  <testcase classname="TestCases.PCFAttributesValidationTesting" name="allBIRelatedConfigurationsSectionTest" time="7.344"/>
  <testcase classname="TestCases.PCFAttributesValidationTesting" name="allBingeCCFSectionTest" time="8.889"/>
  <testcase classname="TestCases.PCFAttributesValidationTesting" name="allCARelatedConfigurationsSectionTest" time="8.706"/>
  <testcase classname="TestCases.PCFAttributesValidationTesting" name="allChargingApplicableforNRCPacksTest" time="7.635"/>
  <testcase classname="TestCases.PCFAttributesValidationTesting" name="allChargingApplicableforRCPacksTest" time="7.68"/>
  <testcase classname="TestCases.PCFAttributesValidationTesting" name="allCompatiblePackstobeexpiredTest" time="8.176"/>
  <testcase classname="TestCases.PCFAttributesValidationTesting" name="allMissedCallConfigurationsSectionTest" time="8.502"/>
  <testcase classname="TestCases.PCFAttributesValidationTesting" name="allMissedCalltoSPMCampaignConfigurationTest" time="8.014"/>
  <testcase classname="TestCases.PCFAttributesValidationTesting" name="allMsalesSectionAtributesTest" time="7.041"/>
  <testcase classname="TestCases.PCFAttributesValidationTesting" name="allNuanceConfigurationsSectionTest" time="7.55"/>
  <testcase classname="TestCases.PCFAttributesValidationTesting" name="allPackageDetailsSectionAtributesTest" time="7.557"/>
  <testcase classname="TestCases.PCFAttributesValidationTesting" name="allSMSConfigurationsSection" time="7.42"/>
  <testcase classname="TestCases.PCFAttributesValidationTesting" name="allSelfCareConfigurationsSectionTest" time="7.374"/>
  <testcase classname="TestCases.PCFAttributesValidationTesting" name="allSiebelCompatibilityRestrictionsSectionTest" time="7.225"/>
  <testcase classname="TestCases.CMAtributsValidationTest" name="SatelliteDetailsAtributesTest" time="7.571"/>
  <testcase classname="TestCases.CMAtributsValidationTest" name="allApprovalAtributesTest" time="3.866"/>
  <testcase classname="TestCases.CMAtributsValidationTest" name="allAudioDetailsAtributesTest" time="7.251"/>
  <testcase classname="TestCases.CMAtributsValidationTest" name="allCMContentTeamAtributesTest" time="7.732"/>
  <testcase classname="TestCases.CMAtributsValidationTest" name="allCMEPGTeamAtributsTest" time="6.586"/>
  <testcase classname="TestCases.CMAtributsValidationTest" name="allCMSubscriberMarketingTeamAtributsTest" time="7.369"/>
  <testcase classname="TestCases.CMAtributsValidationTest" name="allCMTechnologyTeamTest" time="6.265"/>
  <testcase classname="TestCases.CMAtributsValidationTest" name="allContentTechnologyAtributesTest" time="5.917"/>
  <testcase classname="TestCases.CMAtributsValidationTest" name="allDistributionContactDetailsAtributesTest" time="6.193"/>
  <testcase classname="TestCases.CMAtributsValidationTest" name="allDistributionContactDetailsEPGTest" time="6.23"/>
  <testcase classname="TestCases.CMAtributsValidationTest" name="allVideoDetailsAtributesTest" time="5.781"/>
  <testcase classname="TestCases.CMAtributsValidationTest" name="alllogoPlatformTabTest" time="3.99"/>
  <testcase classname="TestCases.FPMAtributsValidationTest" name="AdditionalBusinessRulesSectionTest" time="4.029"/>
  <testcase classname="TestCases.FPMAtributsValidationTest" name="BackendPackMappingSectionTest" time="2.404">
    <failure type="java.lang.Exception" message="Failed because List are not matching">
      <![CDATA[java.lang.Exception: Failed because List are not matching
at Pages.FPMAtributsValidation.allBackendPackMappingSection(FPMAtributsValidation.java:312)
at TestCases.FPMAtributsValidationTest.BackendPackMappingSectionTest(FPMAtributsValidationTest.java:62)
at java.base/java.util.ArrayList.forEach(ArrayList.java:1511)
... Removed 27 stack frames]]>
    </failure>
  </testcase> <!-- BackendPackMappingSectionTest -->
  <testcase classname="TestCases.FPMAtributsValidationTest" name="CAIDDetailsTest" time="3.876"/>
  <testcase classname="TestCases.FPMAtributsValidationTest" name="ChannelAddrop" time="3.262"/>
  <testcase classname="TestCases.FPMAtributsValidationTest" name="CommentsSectionTest" time="3.698"/>
  <testcase classname="TestCases.FPMAtributsValidationTest" name="CompatiblePacksSectionTest" time="3.687"/>
  <testcase classname="TestCases.FPMAtributsValidationTest" name="PackAvailableforSection" time="4.081"/>
  <testcase classname="TestCases.FPMAtributsValidationTest" name="PackMasterDetailsSectionTest" time="5.523"/>
  <testcase classname="TestCases.FPMAtributsValidationTest" name="allApprovalsSectionTest" time="2.32">
    <failure type="java.lang.Exception" message="Failed because List are not matching">
      <![CDATA[java.lang.Exception: Failed because List are not matching
at Pages.FPMAtributsValidation.allApprovalsSection(FPMAtributsValidation.java:344)
at TestCases.FPMAtributsValidationTest.allApprovalsSectionTest(FPMAtributsValidationTest.java:67)
at java.base/java.util.ArrayList.forEach(ArrayList.java:1511)
... Removed 27 stack frames]]>
    </failure>
  </testcase> <!-- allApprovalsSectionTest -->
  <testcase classname="TestCases.BPMAtributesValidationTesting" name="allBackendPackMasterSectionTest" time="2.215"/>
  <testcase classname="TestCases.BPMAtributesValidationTesting" name="allChannelsAddDropSectionTest" time="2.887"/>
  <testcase classname="TestCases.BPMAtributesValidationTesting" name="allCommentsSectionTest" time="1.589"/>
  <testcase classname="TestCases.BPMAtributesValidationTesting" name="allFrontendPackMappingSection" time="1.328"/>
</testsuite> <!-- Test -->
