<?xml version="1.0" encoding="UTF-8"?>
<!-- Generated by org.testng.reporters.JUnitXMLReporter -->
<testsuite ignored="22" hostname="DTPLREN91" failures="0" tests="112" name="Test(failed)(failed)" time="2303.478" errors="0" timestamp="2024-05-10T09:57:29 IST">
  <testcase classname="TestCases.PCF_AttributesValidationTesting" name="@BeforeMethod setup" time="7.23">
    <failure type="org.openqa.selenium.WebDriverException" message="disconnected: not connected to DevTools
  (failed to check if window was closed: disconnected: not connected to DevTools)
  (Session info: chrome=124.0.6367.119)
Build info: version: &amp;apos;4.9.1&amp;apos;, revision: &amp;apos;eb2032df7f&amp;apos;
System info: os.name: &amp;apos;Windows 11&amp;apos;, os.arch: &amp;apos;amd64&amp;apos;, os.version: &amp;apos;10.0&amp;apos;, java.version: &amp;apos;17.0.9&amp;apos;
Driver info: org.openqa.selenium.chrome.ChromeDriver
Command: [2e03a1ae927a42a5949576be0d0a55d0, findElement {using=xpath, value=//input[@name=&amp;apos;username&amp;apos;]}]
Capabilities {acceptInsecureCerts: true, browserName: chrome, browserVersion: 124.0.6367.119, chrome: {chromedriverVersion: 124.0.6367.91 (51df0e5e17a8..., userDataDir: C:\Users\SOPAN~1.GAY\AppDat...}, fedcm:accounts: true, goog:chromeOptions: {debuggerAddress: localhost:65396}, networkConnectionEnabled: false, pageLoadStrategy: normal, platformName: windows, proxy: Proxy(), se:cdp: ws://localhost:65396/devtoo..., se:cdpVersion: 124.0.6367.119, setWindowRect: true, strictFileInteractability: false, timeouts: {implicit: 0, pageLoad: 300000, script: 30000}, unhandledPromptBehavior: dismiss and notify, webauthn:extension:credBlob: true, webauthn:extension:largeBlob: true, webauthn:extension:minPinLength: true, webauthn:extension:prf: true, webauthn:virtualAuthenticators: true}
Session ID: 2e03a1ae927a42a5949576be0d0a55d0">
      <![CDATA[org.openqa.selenium.WebDriverException: disconnected: not connected to DevTools
  (failed to check if window was closed: disconnected: not connected to DevTools)
  (Session info: chrome=124.0.6367.119)
Build info: version: '4.9.1', revision: 'eb2032df7f'
System info: os.name: 'Windows 11', os.arch: 'amd64', os.version: '10.0', java.version: '17.0.9'
Driver info: org.openqa.selenium.chrome.ChromeDriver
Command: [2e03a1ae927a42a5949576be0d0a55d0, findElement {using=xpath, value=//input[@name='username']}]
Capabilities {acceptInsecureCerts: true, browserName: chrome, browserVersion: 124.0.6367.119, chrome: {chromedriverVersion: 124.0.6367.91 (51df0e5e17a8..., userDataDir: C:\Users\SOPAN~1.GAY\AppDat...}, fedcm:accounts: true, goog:chromeOptions: {debuggerAddress: localhost:65396}, networkConnectionEnabled: false, pageLoadStrategy: normal, platformName: windows, proxy: Proxy(), se:cdp: ws://localhost:65396/devtoo..., se:cdpVersion: 124.0.6367.119, setWindowRect: true, strictFileInteractability: false, timeouts: {implicit: 0, pageLoad: 300000, script: 30000}, unhandledPromptBehavior: dismiss and notify, webauthn:extension:credBlob: true, webauthn:extension:largeBlob: true, webauthn:extension:minPinLength: true, webauthn:extension:prf: true, webauthn:virtualAuthenticators: true}
Session ID: 2e03a1ae927a42a5949576be0d0a55d0
at org.openqa.selenium.remote.codec.w3c.W3CHttpResponseCodec.createException(W3CHttpResponseCodec.java:200)
at org.openqa.selenium.remote.codec.w3c.W3CHttpResponseCodec.decode(W3CHttpResponseCodec.java:133)
at org.openqa.selenium.remote.codec.w3c.W3CHttpResponseCodec.decode(W3CHttpResponseCodec.java:53)
at org.openqa.selenium.remote.HttpCommandExecutor.execute(HttpCommandExecutor.java:193)
at org.openqa.selenium.remote.service.DriverCommandExecutor.invokeExecute(DriverCommandExecutor.java:183)
at org.openqa.selenium.remote.service.DriverCommandExecutor.execute(DriverCommandExecutor.java:158)
at org.openqa.selenium.remote.RemoteWebDriver.execute(RemoteWebDriver.java:543)
at org.openqa.selenium.remote.ElementLocation$ElementFinder$2.findElement(ElementLocation.java:162)
at org.openqa.selenium.remote.ElementLocation.findElement(ElementLocation.java:60)
at org.openqa.selenium.remote.RemoteWebDriver.findElement(RemoteWebDriver.java:352)
at org.openqa.selenium.remote.RemoteWebDriver.findElement(RemoteWebDriver.java:344)
at BasePackage.TestBase.SendKey(TestBase.java:84)
at Pages.LoginPage.loginToApp(LoginPage.java:109)
at TestCases.PCF_AttributesValidationTesting.setup(PCF_AttributesValidationTesting.java:19)
at java.base/java.util.ArrayList.forEach(ArrayList.java:1511)
... Removed 35 stack frames]]>
    </failure>
  </testcase> <!-- @BeforeMethod setup -->
  <testcase classname="TestCases.PCF_AttributesValidationTesting" name="@AfterMethod exit" time="-1.71531322294E9">
    <skipped/>
  </testcase> <!-- @AfterMethod exit -->
  <testcase classname="TestCases.PCF_AttributesValidationTesting" name="@BeforeMethod setup" time="-1.71531322294E9">
    <skipped/>
  </testcase> <!-- @BeforeMethod setup -->
  <testcase classname="TestCases.PCF_AttributesValidationTesting" name="@AfterMethod exit" time="-1.715313222966E9">
    <skipped/>
  </testcase> <!-- @AfterMethod exit -->
  <testcase classname="TestCases.PCF_AttributesValidationTesting" name="@BeforeMethod setup" time="-1.715313222966E9">
    <skipped/>
  </testcase> <!-- @BeforeMethod setup -->
  <testcase classname="TestCases.PCF_AttributesValidationTesting" name="@AfterMethod exit" time="-1.715313222982E9">
    <skipped/>
  </testcase> <!-- @AfterMethod exit -->
  <testcase classname="TestCases.PCF_AttributesValidationTesting" name="@BeforeMethod setup" time="-1.715313222982E9">
    <skipped/>
  </testcase> <!-- @BeforeMethod setup -->
  <testcase classname="TestCases.PCF_AttributesValidationTesting" name="@AfterMethod exit" time="-1.715313222997E9">
    <skipped/>
  </testcase> <!-- @AfterMethod exit -->
  <testcase classname="TestCases.PCF_AttributesValidationTesting" name="@BeforeMethod setup" time="-1.715313223013E9">
    <skipped/>
  </testcase> <!-- @BeforeMethod setup -->
  <testcase classname="TestCases.PCF_AttributesValidationTesting" name="@AfterMethod exit" time="-1.715313223029E9">
    <skipped/>
  </testcase> <!-- @AfterMethod exit -->
  <testcase classname="TestCases.PCF_AttributesValidationTesting" name="@BeforeMethod setup" time="-1.715313223029E9">
    <skipped/>
  </testcase> <!-- @BeforeMethod setup -->
  <testcase classname="TestCases.PCF_AttributesValidationTesting" name="@AfterMethod exit" time="-1.715313223076E9">
    <skipped/>
  </testcase> <!-- @AfterMethod exit -->
  <testcase classname="TestCases.PCF_AttributesValidationTesting" name="@BeforeMethod setup" time="-1.715313223076E9">
    <skipped/>
  </testcase> <!-- @BeforeMethod setup -->
  <testcase classname="TestCases.PCF_AttributesValidationTesting" name="@AfterMethod exit" time="-1.715313223091E9">
    <skipped/>
  </testcase> <!-- @AfterMethod exit -->
  <testcase classname="TestCases.PCF_AttributesValidationTesting" name="@BeforeMethod setup" time="-1.715313223091E9">
    <skipped/>
  </testcase> <!-- @BeforeMethod setup -->
  <testcase classname="TestCases.PCF_AttributesValidationTesting" name="@AfterMethod exit" time="-1.715313223107E9">
    <skipped/>
  </testcase> <!-- @AfterMethod exit -->
  <testcase classname="TestCases.PCF_AttributesValidationTesting" name="@BeforeMethod setup" time="-1.715313223107E9">
    <skipped/>
  </testcase> <!-- @BeforeMethod setup -->
  <testcase classname="TestCases.PCF_AttributesValidationTesting" name="@AfterMethod exit" time="-1.71531322314E9">
    <skipped/>
  </testcase> <!-- @AfterMethod exit -->
  <testcase classname="TestCases.PCF_AttributesValidationTesting" name="@BeforeMethod setup" time="-1.71531322314E9">
    <skipped/>
  </testcase> <!-- @BeforeMethod setup -->
  <testcase classname="TestCases.PCF_AttributesValidationTesting" name="@AfterMethod exit" time="-1.715313223154E9">
    <skipped/>
  </testcase> <!-- @AfterMethod exit -->
  <testcase classname="TestCases.PCF_AttributesValidationTesting" name="@BeforeMethod setup" time="-1.715313223154E9">
    <skipped/>
  </testcase> <!-- @BeforeMethod setup -->
  <testcase classname="TestCases.PCF_AttributesValidationTesting" name="@AfterMethod exit" time="-1.71531322317E9">
    <skipped/>
  </testcase> <!-- @AfterMethod exit -->
  <testcase classname="TestCases.PCF_AttributesValidationTesting" name="@BeforeMethod setup" time="-1.71531322317E9">
    <skipped/>
  </testcase> <!-- @BeforeMethod setup -->
  <testcase classname="TestCases.PCF_AttributesValidationTesting" name="@AfterMethod exit" time="-1.715313223186E9">
    <skipped/>
  </testcase> <!-- @AfterMethod exit -->
  <testcase classname="TestCases.PCF_AttributesValidationTesting" name="@BeforeMethod setup" time="-1.715313223186E9">
    <skipped/>
  </testcase> <!-- @BeforeMethod setup -->
  <testcase classname="TestCases.PCF_AttributesValidationTesting" name="@AfterMethod exit" time="-1.715313223186E9">
    <skipped/>
  </testcase> <!-- @AfterMethod exit -->
  <testcase classname="TestCases.PCF_AttributesValidationTesting" name="@BeforeMethod setup" time="-1.715313223186E9">
    <skipped/>
  </testcase> <!-- @BeforeMethod setup -->
  <testcase classname="TestCases.PCF_AttributesValidationTesting" name="@AfterMethod exit" time="-1.715313223201E9">
    <skipped/>
  </testcase> <!-- @AfterMethod exit -->
  <testcase classname="TestCases.PCF_AttributesValidationTesting" name="@BeforeMethod setup" time="-1.715313223201E9">
    <skipped/>
  </testcase> <!-- @BeforeMethod setup -->
  <testcase classname="TestCases.PCF_AttributesValidationTesting" name="@AfterMethod exit" time="-1.715313223217E9">
    <skipped/>
  </testcase> <!-- @AfterMethod exit -->
  <testcase classname="TestCases.PCF_AttributesValidationTesting" name="@BeforeMethod setup" time="-1.715313223217E9">
    <skipped/>
  </testcase> <!-- @BeforeMethod setup -->
  <testcase classname="TestCases.PCF_AttributesValidationTesting" name="@AfterMethod exit" time="-1.715313223232E9">
    <skipped/>
  </testcase> <!-- @AfterMethod exit -->
  <testcase classname="TestCases.PCF_AttributesValidationTesting" name="@BeforeMethod setup" time="-1.715313223232E9">
    <skipped/>
  </testcase> <!-- @BeforeMethod setup -->
  <testcase classname="TestCases.PCF_AttributesValidationTesting" name="@AfterMethod exit" time="-1.71531322324E9">
    <skipped/>
  </testcase> <!-- @AfterMethod exit -->
  <testcase classname="TestCases.PCF_AttributesValidationTesting" name="@BeforeMethod setup" time="-1.71531322324E9">
    <skipped/>
  </testcase> <!-- @BeforeMethod setup -->
  <testcase classname="TestCases.PCF_AttributesValidationTesting" name="@AfterMethod exit" time="-1.715313223295E9">
    <skipped/>
  </testcase> <!-- @AfterMethod exit -->
  <testcase classname="TestCases.PCF_AttributesValidationTesting" name="@BeforeMethod setup" time="-1.715313223295E9">
    <skipped/>
  </testcase> <!-- @BeforeMethod setup -->
  <testcase classname="TestCases.PCF_AttributesValidationTesting" name="@AfterMethod exit" time="-1.71531322332E9">
    <skipped/>
  </testcase> <!-- @AfterMethod exit -->
  <testcase classname="TestCases.PCF_AttributesValidationTesting" name="@BeforeMethod setup" time="-1.715313223321E9">
    <skipped/>
  </testcase> <!-- @BeforeMethod setup -->
  <testcase classname="TestCases.PCF_AttributesValidationTesting" name="@AfterMethod exit" time="-1.715313223329E9">
    <skipped/>
  </testcase> <!-- @AfterMethod exit -->
  <testcase classname="TestCases.PCF_AttributesValidationTesting" name="@BeforeMethod setup" time="-1.71531322333E9">
    <skipped/>
  </testcase> <!-- @BeforeMethod setup -->
  <testcase classname="TestCases.PCF_AttributesValidationTesting" name="@AfterMethod exit" time="-1.715313223336E9">
    <skipped/>
  </testcase> <!-- @AfterMethod exit -->
  <testcase classname="TestCases.PCF_AttributesValidationTesting" name="@BeforeMethod setup" time="-1.715313223337E9">
    <skipped/>
  </testcase> <!-- @BeforeMethod setup -->
  <testcase classname="TestCases.PCF_AttributesValidationTesting" name="@AfterMethod exit" time="-1.715313223342E9">
    <skipped/>
  </testcase> <!-- @AfterMethod exit -->
  <testcase classname="TestCases.PCF_AttributesValidationTesting" name="@BeforeMethod setup" time="-1.715313223342E9">
    <skipped/>
  </testcase> <!-- @BeforeMethod setup -->
  <testcase classname="TestCases.PCF_AttributesValidationTesting" name="@AfterMethod exit" time="-1.715313223342E9">
    <skipped/>
  </testcase> <!-- @AfterMethod exit -->
  <testcase classname="TestCases.PCF_AttributesValidationTesting" name="@BeforeMethod setup" time="-1.715313223342E9">
    <skipped/>
  </testcase> <!-- @BeforeMethod setup -->
  <testcase classname="TestCases.PCF_AttributesValidationTesting" name="@AfterMethod exit" time="-1.715313223342E9">
    <skipped/>
  </testcase> <!-- @AfterMethod exit -->
  <testcase classname="TestCases.PCF_AttributesValidationTesting" name="@BeforeMethod setup" time="-1.715313223357E9">
    <skipped/>
  </testcase> <!-- @BeforeMethod setup -->
  <testcase classname="TestCases.PCF_AttributesValidationTesting" name="@AfterMethod exit" time="-1.715313223357E9">
    <skipped/>
  </testcase> <!-- @AfterMethod exit -->
  <testcase classname="TestCases.PCF_AttributesValidationTesting" name="@BeforeMethod setup" time="-1.715313223357E9">
    <skipped/>
  </testcase> <!-- @BeforeMethod setup -->
  <testcase classname="TestCases.PCF_AttributesValidationTesting" name="@AfterMethod exit" time="-1.715313223388E9">
    <skipped/>
  </testcase> <!-- @AfterMethod exit -->
  <testcase classname="TestCases.PCF_AttributesValidationTesting" name="@BeforeMethod setup" time="-1.715313223388E9">
    <skipped/>
  </testcase> <!-- @BeforeMethod setup -->
  <testcase classname="TestCases.PCF_AttributesValidationTesting" name="@AfterMethod exit" time="-1.715313223404E9">
    <skipped/>
  </testcase> <!-- @AfterMethod exit -->
  <testcase classname="TestCases.PCF_AttributesValidationTesting" name="@BeforeMethod setup" time="-1.715313223404E9">
    <skipped/>
  </testcase> <!-- @BeforeMethod setup -->
  <testcase classname="TestCases.PCF_AttributesValidationTesting" name="@AfterMethod exit" time="-1.71531322342E9">
    <skipped/>
  </testcase> <!-- @AfterMethod exit -->
  <testcase classname="TestCases.PCF_AttributesValidationTesting" name="@BeforeMethod setup" time="-1.71531322342E9">
    <skipped/>
  </testcase> <!-- @BeforeMethod setup -->
  <testcase classname="TestCases.PCF_AttributesValidationTesting" name="@AfterMethod exit" time="-1.71531322342E9">
    <skipped/>
  </testcase> <!-- @AfterMethod exit -->
  <testcase classname="TestCases.PCF_AttributesValidationTesting" name="@BeforeMethod setup" time="-1.71531322342E9">
    <skipped/>
  </testcase> <!-- @BeforeMethod setup -->
  <testcase classname="TestCases.PCF_AttributesValidationTesting" name="@AfterMethod exit" time="-1.715313223435E9">
    <skipped/>
  </testcase> <!-- @AfterMethod exit -->
  <testcase classname="TestCases.PCF_AttributesValidationTesting" name="@BeforeMethod setup" time="-1.715313223435E9">
    <skipped/>
  </testcase> <!-- @BeforeMethod setup -->
  <testcase classname="TestCases.PCF_AttributesValidationTesting" name="@AfterMethod exit" time="-1.715313223441E9">
    <skipped/>
  </testcase> <!-- @AfterMethod exit -->
  <testcase classname="TestCases.PCF_AttributesValidationTesting" name="@BeforeMethod setup" time="-1.715313223441E9">
    <skipped/>
  </testcase> <!-- @BeforeMethod setup -->
  <testcase classname="TestCases.PCF_AttributesValidationTesting" name="@AfterMethod exit" time="-1.715313223451E9">
    <skipped/>
  </testcase> <!-- @AfterMethod exit -->
  <testcase classname="TestCases.PCF_AttributesValidationTesting" name="@BeforeMethod setup" time="-1.715313223451E9">
    <skipped/>
  </testcase> <!-- @BeforeMethod setup -->
  <testcase classname="TestCases.PCF_AttributesValidationTesting" name="@AfterMethod exit" time="-1.715313223467E9">
    <skipped/>
  </testcase> <!-- @AfterMethod exit -->
  <testcase classname="TestCases.PCF_AttributesValidationTesting" name="@BeforeMethod setup" time="-1.715313223467E9">
    <skipped/>
  </testcase> <!-- @BeforeMethod setup -->
  <testcase classname="TestCases.PCF_AttributesValidationTesting" name="@AfterMethod exit" time="-1.715313223483E9">
    <skipped/>
  </testcase> <!-- @AfterMethod exit -->
  <testcase classname="TestCases.BPM_AttributesValidationTesting" name="@BeforeMethod setup" time="1997.398">
    <failure type="org.openqa.selenium.remote.UnreachableBrowserException" message="Error communicating with the remote browser. It may have died.
Build info: version: &amp;apos;4.9.1&amp;apos;, revision: &amp;apos;eb2032df7f&amp;apos;
System info: os.name: &amp;apos;Windows 11&amp;apos;, os.arch: &amp;apos;amd64&amp;apos;, os.version: &amp;apos;10.0&amp;apos;, java.version: &amp;apos;17.0.9&amp;apos;
Driver info: org.openqa.selenium.chrome.ChromeDriver
Command: [67be2f244a045578044cf73a1bfee8c9, get {url=http://10.1.63.103:3000//cpm/Login}]
Capabilities {acceptInsecureCerts: true, browserName: chrome, browserVersion: 124.0.6367.119, chrome: {chromedriverVersion: 124.0.6367.91 (51df0e5e17a8..., userDataDir: C:\Users\SOPAN~1.GAY\AppDat...}, fedcm:accounts: true, goog:chromeOptions: {debuggerAddress: localhost:65434}, networkConnectionEnabled: false, pageLoadStrategy: normal, platformName: windows, proxy: Proxy(), se:cdp: ws://localhost:65434/devtoo..., se:cdpVersion: 124.0.6367.119, setWindowRect: true, strictFileInteractability: false, timeouts: {implicit: 0, pageLoad: 300000, script: 30000}, unhandledPromptBehavior: dismiss and notify, webauthn:extension:credBlob: true, webauthn:extension:largeBlob: true, webauthn:extension:minPinLength: true, webauthn:extension:prf: true, webauthn:virtualAuthenticators: true}
Session ID: 67be2f244a045578044cf73a1bfee8c9">
      <![CDATA[org.openqa.selenium.remote.UnreachableBrowserException: Error communicating with the remote browser. It may have died.
Build info: version: '4.9.1', revision: 'eb2032df7f'
System info: os.name: 'Windows 11', os.arch: 'amd64', os.version: '10.0', java.version: '17.0.9'
Driver info: org.openqa.selenium.chrome.ChromeDriver
Command: [67be2f244a045578044cf73a1bfee8c9, get {url=http://10.1.63.103:3000//cpm/Login}]
Capabilities {acceptInsecureCerts: true, browserName: chrome, browserVersion: 124.0.6367.119, chrome: {chromedriverVersion: 124.0.6367.91 (51df0e5e17a8..., userDataDir: C:\Users\SOPAN~1.GAY\AppDat...}, fedcm:accounts: true, goog:chromeOptions: {debuggerAddress: localhost:65434}, networkConnectionEnabled: false, pageLoadStrategy: normal, platformName: windows, proxy: Proxy(), se:cdp: ws://localhost:65434/devtoo..., se:cdpVersion: 124.0.6367.119, setWindowRect: true, strictFileInteractability: false, timeouts: {implicit: 0, pageLoad: 300000, script: 30000}, unhandledPromptBehavior: dismiss and notify, webauthn:extension:credBlob: true, webauthn:extension:largeBlob: true, webauthn:extension:minPinLength: true, webauthn:extension:prf: true, webauthn:virtualAuthenticators: true}
Session ID: 67be2f244a045578044cf73a1bfee8c9
at org.openqa.selenium.remote.RemoteWebDriver.execute(RemoteWebDriver.java:567)
at org.openqa.selenium.remote.RemoteWebDriver.get(RemoteWebDriver.java:297)
at BasePackage.TestBase.initalization(TestBase.java:58)
at TestCases.BPM_AttributesValidationTesting.setup(BPM_AttributesValidationTesting.java:18)
at java.base/java.util.ArrayList.forEach(ArrayList.java:1511)
Caused by: java.lang.RuntimeException: NettyHttpHandler request execution error
at org.openqa.selenium.remote.http.netty.NettyHttpHandler.makeCall(NettyHttpHandler.java:76)
at org.openqa.selenium.remote.http.AddSeleniumUserAgent.lambda$apply$0(AddSeleniumUserAgent.java:42)
at org.openqa.selenium.remote.http.Filter.lambda$andFinally$1(Filter.java:56)
at org.openqa.selenium.remote.http.netty.NettyHttpHandler.execute(NettyHttpHandler.java:49)
at org.openqa.selenium.remote.http.AddSeleniumUserAgent.lambda$apply$0(AddSeleniumUserAgent.java:42)
at org.openqa.selenium.remote.http.Filter.lambda$andFinally$1(Filter.java:56)
at org.openqa.selenium.remote.http.netty.NettyClient.execute(NettyClient.java:99)
at org.openqa.selenium.remote.HttpCommandExecutor.execute(HttpCommandExecutor.java:190)
at org.openqa.selenium.remote.service.DriverCommandExecutor.invokeExecute(DriverCommandExecutor.java:183)
at org.openqa.selenium.remote.service.DriverCommandExecutor.execute(DriverCommandExecutor.java:158)
at org.openqa.selenium.remote.RemoteWebDriver.execute(RemoteWebDriver.java:543)
... 35 more
Caused by: java.util.concurrent.ExecutionException: java.util.concurrent.TimeoutException: Request timeout to localhost/127.0.0.1:45882 after 180000 ms
at java.base/java.util.concurrent.CompletableFuture.reportGet(CompletableFuture.java:396)
at java.base/java.util.concurrent.CompletableFuture.get(CompletableFuture.java:2096)
at org.asynchttpclient.netty.NettyResponseFuture.get(NettyResponseFuture.java:206)
at org.openqa.selenium.remote.http.netty.NettyHttpHandler.makeCall(NettyHttpHandler.java:59)
... 45 more
Caused by: java.util.concurrent.TimeoutException: Request timeout to localhost/127.0.0.1:45882 after 180000 ms
at org.asynchttpclient.netty.timeout.TimeoutTimerTask.expire(TimeoutTimerTask.java:43)
at org.asynchttpclient.netty.timeout.RequestTimeoutTimerTask.run(RequestTimeoutTimerTask.java:50)
at io.netty.util.HashedWheelTimer$HashedWheelTimeout.run(HashedWheelTimer.java:715)
at io.netty.util.concurrent.ImmediateExecutor.execute(ImmediateExecutor.java:34)
at io.netty.util.HashedWheelTimer$HashedWheelTimeout.expire(HashedWheelTimer.java:703)
at io.netty.util.HashedWheelTimer$HashedWheelBucket.expireTimeouts(HashedWheelTimer.java:790)
at io.netty.util.HashedWheelTimer$Worker.run(HashedWheelTimer.java:503)
at io.netty.util.concurrent.FastThreadLocalRunnable.run(FastThreadLocalRunnable.java:30)
at java.base/java.lang.Thread.run(Thread.java:842)
... Removed 31 stack frames]]>
    </failure>
  </testcase> <!-- @BeforeMethod setup -->
  <testcase classname="TestCases.BPM_AttributesValidationTesting" name="@AfterMethod exit" time="-1.715315220915E9">
    <skipped/>
  </testcase> <!-- @AfterMethod exit -->
  <testcase classname="TestCases.BPM_AttributesValidationTesting" name="@BeforeMethod setup" time="-1.715315220916E9">
    <skipped/>
  </testcase> <!-- @BeforeMethod setup -->
  <testcase classname="TestCases.BPM_AttributesValidationTesting" name="@AfterMethod exit" time="-1.715315220929E9">
    <skipped/>
  </testcase> <!-- @AfterMethod exit -->
  <testcase classname="TestCases.BPM_AttributesValidationTesting" name="@BeforeMethod setup" time="-1.715315220929E9">
    <skipped/>
  </testcase> <!-- @BeforeMethod setup -->
  <testcase classname="TestCases.BPM_AttributesValidationTesting" name="@AfterMethod exit" time="-1.715315220937E9">
    <skipped/>
  </testcase> <!-- @AfterMethod exit -->
  <testcase classname="TestCases.BPM_AttributesValidationTesting" name="@BeforeMethod setup" time="-1.71531522106E9">
    <skipped/>
  </testcase> <!-- @BeforeMethod setup -->
  <testcase classname="TestCases.BPM_AttributesValidationTesting" name="@AfterMethod exit" time="-1.715315221071E9">
    <skipped/>
  </testcase> <!-- @AfterMethod exit -->
  <testcase classname="TestCases.BPM_AttributesValidationTesting" name="@BeforeMethod setup" time="-1.715315221075E9">
    <skipped/>
  </testcase> <!-- @BeforeMethod setup -->
  <testcase classname="TestCases.BPM_AttributesValidationTesting" name="@AfterMethod exit" time="-1.715315221075E9">
    <skipped/>
  </testcase> <!-- @AfterMethod exit -->
  <testcase classname="TestCases.BPM_AttributesValidationTesting" name="@BeforeMethod setup" time="-1.715315221084E9">
    <skipped/>
  </testcase> <!-- @BeforeMethod setup -->
  <testcase classname="TestCases.BPM_AttributesValidationTesting" name="@AfterMethod exit" time="-1.715315221091E9">
    <skipped/>
  </testcase> <!-- @AfterMethod exit -->
  <testcase classname="TestCases.BPM_AttributesValidationTesting" name="@BeforeMethod setup" time="-1.715315221091E9">
    <skipped/>
  </testcase> <!-- @BeforeMethod setup -->
  <testcase classname="TestCases.BPM_AttributesValidationTesting" name="@AfterMethod exit" time="-1.715315221107E9">
    <skipped/>
  </testcase> <!-- @AfterMethod exit -->
  <testcase classname="TestCases.BPM_AttributesValidationTesting" name="@BeforeMethod setup" time="-1.715315221115E9">
    <skipped/>
  </testcase> <!-- @BeforeMethod setup -->
  <testcase classname="TestCases.BPM_AttributesValidationTesting" name="@AfterMethod exit" time="-1.715315221172E9">
    <skipped/>
  </testcase> <!-- @AfterMethod exit -->
  <testcase classname="TestCases.BPM_AttributesValidationTesting" name="@BeforeMethod setup" time="-1.715315221172E9">
    <skipped/>
  </testcase> <!-- @BeforeMethod setup -->
  <testcase classname="TestCases.BPM_AttributesValidationTesting" name="@AfterMethod exit" time="-1.71531522118E9">
    <skipped/>
  </testcase> <!-- @AfterMethod exit -->
  <testcase classname="TestCases.BPM_AttributesValidationTesting" name="@BeforeMethod setup" time="-1.715315221182E9">
    <skipped/>
  </testcase> <!-- @BeforeMethod setup -->
  <testcase classname="TestCases.BPM_AttributesValidationTesting" name="@AfterMethod exit" time="-1.715315221182E9">
    <skipped/>
  </testcase> <!-- @AfterMethod exit -->
  <testcase classname="TestCases.BPM_AttributesValidationTesting" name="@BeforeMethod setup" time="-1.715315221182E9">
    <skipped/>
  </testcase> <!-- @BeforeMethod setup -->
  <testcase classname="TestCases.BPM_AttributesValidationTesting" name="@AfterMethod exit" time="-1.715315221188E9">
    <skipped/>
  </testcase> <!-- @AfterMethod exit -->
  <testcase classname="TestCases.BPM_AttributesValidationTesting" name="@BeforeMethod setup" time="-1.715315221188E9">
    <skipped/>
  </testcase> <!-- @BeforeMethod setup -->
  <testcase classname="TestCases.BPM_AttributesValidationTesting" name="@AfterMethod exit" time="-1.715315221188E9">
    <skipped/>
  </testcase> <!-- @AfterMethod exit -->
  <testcase classname="TestCases.BPM_AttributesValidationTesting" name="@BeforeMethod setup" time="-1.715315221188E9">
    <skipped/>
  </testcase> <!-- @BeforeMethod setup -->
  <testcase classname="TestCases.BPM_AttributesValidationTesting" name="@AfterMethod exit" time="-1.715315221196E9">
    <skipped/>
  </testcase> <!-- @AfterMethod exit -->
  <testcase classname="TestCases.BPM_AttributesValidationTesting" name="@BeforeMethod setup" time="-1.715315221196E9">
    <skipped/>
  </testcase> <!-- @BeforeMethod setup -->
  <testcase classname="TestCases.BPM_AttributesValidationTesting" name="@AfterMethod exit" time="-1.715315221196E9">
    <skipped/>
  </testcase> <!-- @AfterMethod exit -->
  <testcase classname="TestCases.BPM_AttributesValidationTesting" name="@BeforeMethod setup" time="-1.715315221196E9">
    <skipped/>
  </testcase> <!-- @BeforeMethod setup -->
  <testcase classname="TestCases.BPM_AttributesValidationTesting" name="@AfterMethod exit" time="-1.715315221204E9">
    <skipped/>
  </testcase> <!-- @AfterMethod exit -->
  <testcase classname="TestCases.BPM_AttributesValidationTesting" name="@BeforeMethod setup" time="-1.715315221204E9">
    <skipped/>
  </testcase> <!-- @BeforeMethod setup -->
  <testcase classname="TestCases.BPM_AttributesValidationTesting" name="@AfterMethod exit" time="-1.715315221204E9">
    <skipped/>
  </testcase> <!-- @AfterMethod exit -->
  <testcase classname="TestCases.CCF_AttributesValidationTesting" name="@BeforeMethod setup" time="19.178">
    <failure type="org.openqa.selenium.NoSuchWindowException" message="no such window: target window already closed
from unknown error: web view not found
  (Session info: chrome=124.0.6367.119)
Build info: version: &amp;apos;4.9.1&amp;apos;, revision: &amp;apos;eb2032df7f&amp;apos;
System info: os.name: &amp;apos;Windows 11&amp;apos;, os.arch: &amp;apos;amd64&amp;apos;, os.version: &amp;apos;10.0&amp;apos;, java.version: &amp;apos;17.0.9&amp;apos;
Driver info: org.openqa.selenium.chrome.ChromeDriver
Command: [ef84fc0ae694a226bf379b33ab88ea72, findElement {using=xpath, value=//input[@name=&amp;apos;username&amp;apos;]}]
Capabilities {acceptInsecureCerts: true, browserName: chrome, browserVersion: 124.0.6367.119, chrome: {chromedriverVersion: 124.0.6367.91 (51df0e5e17a8..., userDataDir: C:\Users\SOPAN~1.GAY\AppDat...}, fedcm:accounts: true, goog:chromeOptions: {debuggerAddress: localhost:65531}, networkConnectionEnabled: false, pageLoadStrategy: normal, platformName: windows, proxy: Proxy(), se:cdp: ws://localhost:65531/devtoo..., se:cdpVersion: 124.0.6367.119, setWindowRect: true, strictFileInteractability: false, timeouts: {implicit: 0, pageLoad: 300000, script: 30000}, unhandledPromptBehavior: dismiss and notify, webauthn:extension:credBlob: true, webauthn:extension:largeBlob: true, webauthn:extension:minPinLength: true, webauthn:extension:prf: true, webauthn:virtualAuthenticators: true}
Session ID: ef84fc0ae694a226bf379b33ab88ea72">
      <![CDATA[org.openqa.selenium.NoSuchWindowException: no such window: target window already closed
from unknown error: web view not found
  (Session info: chrome=124.0.6367.119)
Build info: version: '4.9.1', revision: 'eb2032df7f'
System info: os.name: 'Windows 11', os.arch: 'amd64', os.version: '10.0', java.version: '17.0.9'
Driver info: org.openqa.selenium.chrome.ChromeDriver
Command: [ef84fc0ae694a226bf379b33ab88ea72, findElement {using=xpath, value=//input[@name='username']}]
Capabilities {acceptInsecureCerts: true, browserName: chrome, browserVersion: 124.0.6367.119, chrome: {chromedriverVersion: 124.0.6367.91 (51df0e5e17a8..., userDataDir: C:\Users\SOPAN~1.GAY\AppDat...}, fedcm:accounts: true, goog:chromeOptions: {debuggerAddress: localhost:65531}, networkConnectionEnabled: false, pageLoadStrategy: normal, platformName: windows, proxy: Proxy(), se:cdp: ws://localhost:65531/devtoo..., se:cdpVersion: 124.0.6367.119, setWindowRect: true, strictFileInteractability: false, timeouts: {implicit: 0, pageLoad: 300000, script: 30000}, unhandledPromptBehavior: dismiss and notify, webauthn:extension:credBlob: true, webauthn:extension:largeBlob: true, webauthn:extension:minPinLength: true, webauthn:extension:prf: true, webauthn:virtualAuthenticators: true}
Session ID: ef84fc0ae694a226bf379b33ab88ea72
at org.openqa.selenium.remote.codec.w3c.W3CHttpResponseCodec.createException(W3CHttpResponseCodec.java:200)
at org.openqa.selenium.remote.codec.w3c.W3CHttpResponseCodec.decode(W3CHttpResponseCodec.java:133)
at org.openqa.selenium.remote.codec.w3c.W3CHttpResponseCodec.decode(W3CHttpResponseCodec.java:53)
at org.openqa.selenium.remote.HttpCommandExecutor.execute(HttpCommandExecutor.java:193)
at org.openqa.selenium.remote.service.DriverCommandExecutor.invokeExecute(DriverCommandExecutor.java:183)
at org.openqa.selenium.remote.service.DriverCommandExecutor.execute(DriverCommandExecutor.java:158)
at org.openqa.selenium.remote.RemoteWebDriver.execute(RemoteWebDriver.java:543)
at org.openqa.selenium.remote.ElementLocation$ElementFinder$2.findElement(ElementLocation.java:162)
at org.openqa.selenium.remote.ElementLocation.findElement(ElementLocation.java:60)
at org.openqa.selenium.remote.RemoteWebDriver.findElement(RemoteWebDriver.java:352)
at org.openqa.selenium.remote.RemoteWebDriver.findElement(RemoteWebDriver.java:344)
at BasePackage.TestBase.SendKey(TestBase.java:84)
at Pages.LoginPage.loginToApp(LoginPage.java:109)
at TestCases.CCF_AttributesValidationTesting.setup(CCF_AttributesValidationTesting.java:20)
at java.base/java.util.ArrayList.forEach(ArrayList.java:1511)
... Removed 36 stack frames]]>
    </failure>
  </testcase> <!-- @BeforeMethod setup -->
  <testcase classname="TestCases.CCF_AttributesValidationTesting" name="@AfterMethod exit" time="-1.715315240402E9">
    <skipped/>
  </testcase> <!-- @AfterMethod exit -->
  <testcase classname="TestCases.CCF_AttributesValidationTesting" name="@BeforeMethod setup" time="-1.715315240407E9">
    <skipped/>
  </testcase> <!-- @BeforeMethod setup -->
  <testcase classname="TestCases.CCF_AttributesValidationTesting" name="@AfterMethod exit" time="-1.715315240442E9">
    <skipped/>
  </testcase> <!-- @AfterMethod exit -->
  <testcase classname="TestCases.CCF_AttributesValidationTesting" name="@BeforeMethod setup" time="-1.715315240442E9">
    <skipped/>
  </testcase> <!-- @BeforeMethod setup -->
  <testcase classname="TestCases.CCF_AttributesValidationTesting" name="@AfterMethod exit" time="-1.715315240452E9">
    <skipped/>
  </testcase> <!-- @AfterMethod exit -->
  <testcase classname="TestCases.CCF_AttributesValidationTesting" name="@BeforeMethod setup" time="-1.715315240455E9">
    <skipped/>
  </testcase> <!-- @BeforeMethod setup -->
  <testcase classname="TestCases.CCF_AttributesValidationTesting" name="@AfterMethod exit" time="-1.715315240462E9">
    <skipped/>
  </testcase> <!-- @AfterMethod exit -->
  <testcase classname="TestCases.CCF_AttributesValidationTesting" name="@BeforeMethod setup" time="-1.715315240462E9">
    <skipped/>
  </testcase> <!-- @BeforeMethod setup -->
  <testcase classname="TestCases.CCF_AttributesValidationTesting" name="@AfterMethod exit" time="-1.715315240471E9">
    <skipped/>
  </testcase> <!-- @AfterMethod exit -->
  <testcase classname="TestCases.CCF_AttributesValidationTesting" name="@BeforeMethod setup" time="-1.715315240471E9">
    <skipped/>
  </testcase> <!-- @BeforeMethod setup -->
  <testcase classname="TestCases.CCF_AttributesValidationTesting" name="@AfterMethod exit" time="-1.715315240511E9">
    <skipped/>
  </testcase> <!-- @AfterMethod exit -->
  <testcase classname="TestCases.CCF_AttributesValidationTesting" name="@BeforeMethod setup" time="-1.715315240517E9">
    <skipped/>
  </testcase> <!-- @BeforeMethod setup -->
  <testcase classname="TestCases.CCF_AttributesValidationTesting" name="@AfterMethod exit" time="-1.715315240527E9">
    <skipped/>
  </testcase> <!-- @AfterMethod exit -->
  <testcase classname="TestCases.CCF_AttributesValidationTesting" name="@BeforeMethod setup" time="-1.715315240527E9">
    <skipped/>
  </testcase> <!-- @BeforeMethod setup -->
  <testcase classname="TestCases.CCF_AttributesValidationTesting" name="@AfterMethod exit" time="-1.715315240535E9">
    <skipped/>
  </testcase> <!-- @AfterMethod exit -->
  <testcase classname="TestCases.CCF_AttributesValidationTesting" name="@BeforeMethod setup" time="-1.715315240537E9">
    <skipped/>
  </testcase> <!-- @BeforeMethod setup -->
  <testcase classname="TestCases.CCF_AttributesValidationTesting" name="@AfterMethod exit" time="-1.715315240542E9">
    <skipped/>
  </testcase> <!-- @AfterMethod exit -->
  <testcase classname="TestCases.CCF_AttributesValidationTesting" name="@BeforeMethod setup" time="-1.715315240543E9">
    <skipped/>
  </testcase> <!-- @BeforeMethod setup -->
  <testcase classname="TestCases.CCF_AttributesValidationTesting" name="@AfterMethod exit" time="-1.715315240547E9">
    <skipped/>
  </testcase> <!-- @AfterMethod exit -->
  <testcase classname="TestCases.CCF_AttributesValidationTesting" name="@BeforeMethod setup" time="-1.715315240547E9">
    <skipped/>
  </testcase> <!-- @BeforeMethod setup -->
  <testcase classname="TestCases.CCF_AttributesValidationTesting" name="@AfterMethod exit" time="-1.715315240568E9">
    <skipped/>
  </testcase> <!-- @AfterMethod exit -->
  <testcase classname="TestCases.CCF_AttributesValidationTesting" name="@BeforeMethod setup" time="-1.715315240568E9">
    <skipped/>
  </testcase> <!-- @BeforeMethod setup -->
  <testcase classname="TestCases.CCF_AttributesValidationTesting" name="@AfterMethod exit" time="-1.715315240572E9">
    <skipped/>
  </testcase> <!-- @AfterMethod exit -->
  <testcase classname="TestCases.CCF_AttributesValidationTesting" name="@BeforeMethod setup" time="-1.715315240577E9">
    <skipped/>
  </testcase> <!-- @BeforeMethod setup -->
  <testcase classname="TestCases.CCF_AttributesValidationTesting" name="@AfterMethod exit" time="-1.715315240587E9">
    <skipped/>
  </testcase> <!-- @AfterMethod exit -->
  <testcase classname="TestCases.CCF_AttributesValidationTesting" name="@BeforeMethod setup" time="-1.715315240587E9">
    <skipped/>
  </testcase> <!-- @BeforeMethod setup -->
  <testcase classname="TestCases.CCF_AttributesValidationTesting" name="@AfterMethod exit" time="-1.715315240592E9">
    <skipped/>
  </testcase> <!-- @AfterMethod exit -->
  <testcase classname="TestCases.CCF_AttributesValidationTesting" name="@BeforeMethod setup" time="-1.715315240597E9">
    <skipped/>
  </testcase> <!-- @BeforeMethod setup -->
  <testcase classname="TestCases.CCF_AttributesValidationTesting" name="@AfterMethod exit" time="-1.7153152406E9">
    <skipped/>
  </testcase> <!-- @AfterMethod exit -->
  <testcase classname="TestCases.CCF_AttributesValidationTesting" name="@BeforeMethod setup" time="-1.715315240607E9">
    <skipped/>
  </testcase> <!-- @BeforeMethod setup -->
  <testcase classname="TestCases.CCF_AttributesValidationTesting" name="@AfterMethod exit" time="-1.715315240612E9">
    <skipped/>
  </testcase> <!-- @AfterMethod exit -->
  <testcase classname="TestCases.CCF_AttributesValidationTesting" name="@BeforeMethod setup" time="-1.715315240616E9">
    <skipped/>
  </testcase> <!-- @BeforeMethod setup -->
  <testcase classname="TestCases.CCF_AttributesValidationTesting" name="@AfterMethod exit" time="-1.715315240622E9">
    <skipped/>
  </testcase> <!-- @AfterMethod exit -->
  <testcase classname="TestCases.CCF_AttributesValidationTesting" name="@BeforeMethod setup" time="-1.715315240622E9">
    <skipped/>
  </testcase> <!-- @BeforeMethod setup -->
  <testcase classname="TestCases.CCF_AttributesValidationTesting" name="@AfterMethod exit" time="-1.715315240627E9">
    <skipped/>
  </testcase> <!-- @AfterMethod exit -->
  <testcase classname="TestCases.CCF_AttributesValidationTesting" name="@BeforeMethod setup" time="-1.715315240627E9">
    <skipped/>
  </testcase> <!-- @BeforeMethod setup -->
  <testcase classname="TestCases.CCF_AttributesValidationTesting" name="@AfterMethod exit" time="-1.715315240632E9">
    <skipped/>
  </testcase> <!-- @AfterMethod exit -->
  <testcase classname="TestCases.CCF_AttributesValidationTesting" name="@BeforeMethod setup" time="-1.715315240637E9">
    <skipped/>
  </testcase> <!-- @BeforeMethod setup -->
  <testcase classname="TestCases.CCF_AttributesValidationTesting" name="@AfterMethod exit" time="-1.715315240642E9">
    <skipped/>
  </testcase> <!-- @AfterMethod exit -->
  <testcase classname="TestCases.CCF_AttributesValidationTesting" name="@BeforeMethod setup" time="-1.715315240642E9">
    <skipped/>
  </testcase> <!-- @BeforeMethod setup -->
  <testcase classname="TestCases.CCF_AttributesValidationTesting" name="@AfterMethod exit" time="-1.715315240652E9">
    <skipped/>
  </testcase> <!-- @AfterMethod exit -->
  <testcase classname="TestCases.CCF_AttributesValidationTesting" name="@BeforeMethod setup" time="-1.715315240652E9">
    <skipped/>
  </testcase> <!-- @BeforeMethod setup -->
  <testcase classname="TestCases.CCF_AttributesValidationTesting" name="@AfterMethod exit" time="-1.715315240657E9">
    <skipped/>
  </testcase> <!-- @AfterMethod exit -->
  <testcase classname="TestCases.CCF_AttributesValidationTesting" name="@BeforeMethod setup" time="-1.715315240657E9">
    <skipped/>
  </testcase> <!-- @BeforeMethod setup -->
  <testcase classname="TestCases.CCF_AttributesValidationTesting" name="@AfterMethod exit" time="-1.715315240667E9">
    <skipped/>
  </testcase> <!-- @AfterMethod exit -->
  <testcase classname="TestCases.CCF_AttributesValidationTesting" name="@BeforeMethod setup" time="-1.715315240667E9">
    <skipped/>
  </testcase> <!-- @BeforeMethod setup -->
  <testcase classname="TestCases.CCF_AttributesValidationTesting" name="@AfterMethod exit" time="-1.715315240677E9">
    <skipped/>
  </testcase> <!-- @AfterMethod exit -->
  <testcase classname="TestCases.CCF_AttributesValidationTesting" name="@BeforeMethod setup" time="-1.715315240677E9">
    <skipped/>
  </testcase> <!-- @BeforeMethod setup -->
  <testcase classname="TestCases.CCF_AttributesValidationTesting" name="@AfterMethod exit" time="-1.71531524068E9">
    <skipped/>
  </testcase> <!-- @AfterMethod exit -->
  <testcase classname="TestCases.CCF_AttributesValidationTesting" name="@BeforeMethod setup" time="-1.71531524068E9">
    <skipped/>
  </testcase> <!-- @BeforeMethod setup -->
  <testcase classname="TestCases.CCF_AttributesValidationTesting" name="@AfterMethod exit" time="-1.715315240687E9">
    <skipped/>
  </testcase> <!-- @AfterMethod exit -->
  <testcase classname="TestCases.CCF_AttributesValidationTesting" name="@BeforeMethod setup" time="-1.715315240692E9">
    <skipped/>
  </testcase> <!-- @BeforeMethod setup -->
  <testcase classname="TestCases.CCF_AttributesValidationTesting" name="@AfterMethod exit" time="-1.715315240696E9">
    <skipped/>
  </testcase> <!-- @AfterMethod exit -->
  <testcase classname="TestCases.CCF_AttributesValidationTesting" name="@BeforeMethod setup" time="-1.715315240698E9">
    <skipped/>
  </testcase> <!-- @BeforeMethod setup -->
  <testcase classname="TestCases.CCF_AttributesValidationTesting" name="@AfterMethod exit" time="-1.7153152407E9">
    <skipped/>
  </testcase> <!-- @AfterMethod exit -->
  <testcase classname="TestCases.CCF_AttributesValidationTesting" name="@BeforeMethod setup" time="-1.7153152407E9">
    <skipped/>
  </testcase> <!-- @BeforeMethod setup -->
  <testcase classname="TestCases.CCF_AttributesValidationTesting" name="@AfterMethod exit" time="-1.715315240707E9">
    <skipped/>
  </testcase> <!-- @AfterMethod exit -->
  <testcase classname="TestCases.CCF_AttributesValidationTesting" name="@BeforeMethod setup" time="-1.715315240712E9">
    <skipped/>
  </testcase> <!-- @BeforeMethod setup -->
  <testcase classname="TestCases.CCF_AttributesValidationTesting" name="@AfterMethod exit" time="-1.715315240717E9">
    <skipped/>
  </testcase> <!-- @AfterMethod exit -->
  <testcase classname="TestCases.CCF_AttributesValidationTesting" name="@BeforeMethod setup" time="-1.715315240722E9">
    <skipped/>
  </testcase> <!-- @BeforeMethod setup -->
  <testcase classname="TestCases.CCF_AttributesValidationTesting" name="@AfterMethod exit" time="-1.715315240727E9">
    <skipped/>
  </testcase> <!-- @AfterMethod exit -->
  <testcase classname="TestCases.CCF_AttributesValidationTesting" name="@BeforeMethod setup" time="-1.715315240731E9">
    <skipped/>
  </testcase> <!-- @BeforeMethod setup -->
  <testcase classname="TestCases.CCF_AttributesValidationTesting" name="@AfterMethod exit" time="-1.715315240731E9">
    <skipped/>
  </testcase> <!-- @AfterMethod exit -->
  <testcase classname="TestCases.CCF_AttributesValidationTesting" name="@BeforeMethod setup" time="-1.715315240737E9">
    <skipped/>
  </testcase> <!-- @BeforeMethod setup -->
  <testcase classname="TestCases.CCF_AttributesValidationTesting" name="@AfterMethod exit" time="-1.715315240742E9">
    <skipped/>
  </testcase> <!-- @AfterMethod exit -->
  <testcase classname="TestCases.CCF_AttributesValidationTesting" name="@BeforeMethod setup" time="-1.715315240742E9">
    <skipped/>
  </testcase> <!-- @BeforeMethod setup -->
  <testcase classname="TestCases.CCF_AttributesValidationTesting" name="@AfterMethod exit" time="-1.715315240752E9">
    <skipped/>
  </testcase> <!-- @AfterMethod exit -->
  <testcase classname="TestCases.CCF_AttributesValidationTesting" name="@BeforeMethod setup" time="-1.715315240752E9">
    <skipped/>
  </testcase> <!-- @BeforeMethod setup -->
  <testcase classname="TestCases.CCF_AttributesValidationTesting" name="@AfterMethod exit" time="-1.715315240757E9">
    <skipped/>
  </testcase> <!-- @AfterMethod exit -->
  <testcase classname="TestCases.CCF_AttributesValidationTesting" name="@BeforeMethod setup" time="-1.715315240757E9">
    <skipped/>
  </testcase> <!-- @BeforeMethod setup -->
  <testcase classname="TestCases.CCF_AttributesValidationTesting" name="@AfterMethod exit" time="-1.715315240762E9">
    <skipped/>
  </testcase> <!-- @AfterMethod exit -->
  <testcase classname="TestCases.FPM_AttributesValidationTesting" name="@BeforeMethod setup" time="7.855">
    <failure type="org.openqa.selenium.WebDriverException" message="unknown error: net::ERR_CONNECTION_REFUSED
  (Session info: chrome=124.0.6367.119)
Build info: version: &amp;apos;4.9.1&amp;apos;, revision: &amp;apos;eb2032df7f&amp;apos;
System info: os.name: &amp;apos;Windows 11&amp;apos;, os.arch: &amp;apos;amd64&amp;apos;, os.version: &amp;apos;10.0&amp;apos;, java.version: &amp;apos;17.0.9&amp;apos;
Driver info: org.openqa.selenium.chrome.ChromeDriver
Command: [1020dea57fb0363f9ef92ad76b376f51, get {url=http://10.1.63.103:3000//cpm/Login}]
Capabilities {acceptInsecureCerts: true, browserName: chrome, browserVersion: 124.0.6367.119, chrome: {chromedriverVersion: 124.0.6367.91 (51df0e5e17a8..., userDataDir: C:\Users\SOPAN~1.GAY\AppDat...}, fedcm:accounts: true, goog:chromeOptions: {debuggerAddress: localhost:49698}, networkConnectionEnabled: false, pageLoadStrategy: normal, platformName: windows, proxy: Proxy(), se:cdp: ws://localhost:49698/devtoo..., se:cdpVersion: 124.0.6367.119, setWindowRect: true, strictFileInteractability: false, timeouts: {implicit: 0, pageLoad: 300000, script: 30000}, unhandledPromptBehavior: dismiss and notify, webauthn:extension:credBlob: true, webauthn:extension:largeBlob: true, webauthn:extension:minPinLength: true, webauthn:extension:prf: true, webauthn:virtualAuthenticators: true}
Session ID: 1020dea57fb0363f9ef92ad76b376f51">
      <![CDATA[org.openqa.selenium.WebDriverException: unknown error: net::ERR_CONNECTION_REFUSED
  (Session info: chrome=124.0.6367.119)
Build info: version: '4.9.1', revision: 'eb2032df7f'
System info: os.name: 'Windows 11', os.arch: 'amd64', os.version: '10.0', java.version: '17.0.9'
Driver info: org.openqa.selenium.chrome.ChromeDriver
Command: [1020dea57fb0363f9ef92ad76b376f51, get {url=http://10.1.63.103:3000//cpm/Login}]
Capabilities {acceptInsecureCerts: true, browserName: chrome, browserVersion: 124.0.6367.119, chrome: {chromedriverVersion: 124.0.6367.91 (51df0e5e17a8..., userDataDir: C:\Users\SOPAN~1.GAY\AppDat...}, fedcm:accounts: true, goog:chromeOptions: {debuggerAddress: localhost:49698}, networkConnectionEnabled: false, pageLoadStrategy: normal, platformName: windows, proxy: Proxy(), se:cdp: ws://localhost:49698/devtoo..., se:cdpVersion: 124.0.6367.119, setWindowRect: true, strictFileInteractability: false, timeouts: {implicit: 0, pageLoad: 300000, script: 30000}, unhandledPromptBehavior: dismiss and notify, webauthn:extension:credBlob: true, webauthn:extension:largeBlob: true, webauthn:extension:minPinLength: true, webauthn:extension:prf: true, webauthn:virtualAuthenticators: true}
Session ID: 1020dea57fb0363f9ef92ad76b376f51
at org.openqa.selenium.remote.codec.w3c.W3CHttpResponseCodec.createException(W3CHttpResponseCodec.java:200)
at org.openqa.selenium.remote.codec.w3c.W3CHttpResponseCodec.decode(W3CHttpResponseCodec.java:133)
at org.openqa.selenium.remote.codec.w3c.W3CHttpResponseCodec.decode(W3CHttpResponseCodec.java:53)
at org.openqa.selenium.remote.HttpCommandExecutor.execute(HttpCommandExecutor.java:193)
at org.openqa.selenium.remote.service.DriverCommandExecutor.invokeExecute(DriverCommandExecutor.java:183)
at org.openqa.selenium.remote.service.DriverCommandExecutor.execute(DriverCommandExecutor.java:158)
at org.openqa.selenium.remote.RemoteWebDriver.execute(RemoteWebDriver.java:543)
at org.openqa.selenium.remote.RemoteWebDriver.get(RemoteWebDriver.java:297)
at BasePackage.TestBase.initalization(TestBase.java:58)
at TestCases.FPM_AttributesValidationTesting.setup(FPM_AttributesValidationTesting.java:21)
at java.base/java.util.ArrayList.forEach(ArrayList.java:1511)
... Removed 36 stack frames]]>
    </failure>
  </testcase> <!-- @BeforeMethod setup -->
  <testcase classname="TestCases.FPM_AttributesValidationTesting" name="@AfterMethod exit" time="-1.715315248638E9">
    <skipped/>
  </testcase> <!-- @AfterMethod exit -->
  <testcase classname="TestCases.FPM_AttributesValidationTesting" name="@BeforeMethod setup" time="-1.715315248638E9">
    <skipped/>
  </testcase> <!-- @BeforeMethod setup -->
  <testcase classname="TestCases.FPM_AttributesValidationTesting" name="@AfterMethod exit" time="-1.715315248646E9">
    <skipped/>
  </testcase> <!-- @AfterMethod exit -->
  <testcase classname="TestCases.FPM_AttributesValidationTesting" name="@BeforeMethod setup" time="-1.715315248646E9">
    <skipped/>
  </testcase> <!-- @BeforeMethod setup -->
  <testcase classname="TestCases.FPM_AttributesValidationTesting" name="@AfterMethod exit" time="-1.715315248646E9">
    <skipped/>
  </testcase> <!-- @AfterMethod exit -->
  <testcase classname="TestCases.PCF_AttributesValidationTesting" name="PacageCreationAttributesTest" time="25.911"/>
  <testcase classname="TestCases.PCF_AttributesValidationTesting" name="MissedCallConfigAttributes" time="4.009"/>
  <testcase classname="TestCases.PCF_AttributesValidationTesting" name="PRMSalesConfigAttributes" time="3.493"/>
  <testcase classname="TestCases.PCF_AttributesValidationTesting" name="eligibilityAttributesTest" time="5.617"/>
  <testcase classname="TestCases.PCF_AttributesValidationTesting" name="BIRelatedConfigurations" time="3.618"/>
  <testcase classname="TestCases.PCF_AttributesValidationTesting" name="AdditionalBusinessAttributes" time="3.173"/>
  <testcase classname="TestCases.PCF_AttributesValidationTesting" name="AlertsBillsSections" time="3.531"/>
  <testcase classname="TestCases.PCF_AttributesValidationTesting" name="SMSConfigAttributes" time="6.401"/>
  <testcase classname="TestCases.PCF_AttributesValidationTesting" name="SiebelCompatibilityAttributes" time="5.007"/>
  <testcase classname="TestCases.PCF_AttributesValidationTesting" name="SubCategoryAttributesTest" time="3.546"/>
  <testcase classname="TestCases.PCF_AttributesValidationTesting" name="elTradeAttributesTest" time="4.196"/>
  <testcase classname="TestCases.PCF_AttributesValidationTesting" name="elRuleOnAccountAtributesTest" time="4.272"/>
  <testcase classname="TestCases.PCF_AttributesValidationTesting" name="MissedCalltoSPM_Test" time="3.394"/>
  <testcase classname="TestCases.PCF_AttributesValidationTesting" name="eligibilitySectionsTest" time="4.058"/>
  <testcase classname="TestCases.PCF_AttributesValidationTesting" name="chargingTabSectionsTest" time="4.08"/>
  <testcase classname="TestCases.PCF_AttributesValidationTesting" name="b_MailAttributesTest" time="3.604"/>
  <testcase classname="TestCases.PCF_AttributesValidationTesting" name="elResidentialAtributesTest" time="3.785"/>
  <testcase classname="TestCases.PCF_AttributesValidationTesting" name="reviewArtifactsAttributesTest" time="3.626"/>
  <testcase classname="TestCases.PCF_AttributesValidationTesting" name="changeHistorySectionsTest" time="3.769"/>
  <testcase classname="TestCases.PCF_AttributesValidationTesting" name="NuanceConfigAttributes" time="3.629"/>
  <testcase classname="TestCases.PCF_AttributesValidationTesting" name="CampaignConfigurationsTest" time="4.035"/>
  <testcase classname="TestCases.PCF_AttributesValidationTesting" name="BusinessReviewAttributesTest" time="3.943"/>
  <testcase classname="TestCases.PCF_AttributesValidationTesting" name="FormDetailsTest" time="4.06"/>
  <testcase classname="TestCases.PCF_AttributesValidationTesting" name="itReviewAttributesTest" time="0.0">
    <skipped/>
  </testcase> <!-- itReviewAttributesTest -->
  <testcase classname="TestCases.PCF_AttributesValidationTesting" name="businessReviewSectionsTest" time="0.0">
    <skipped/>
  </testcase> <!-- businessReviewSectionsTest -->
  <testcase classname="TestCases.PCF_AttributesValidationTesting" name="ChargingAttributesTest" time="0.0">
    <skipped/>
  </testcase> <!-- ChargingAttributesTest -->
  <testcase classname="TestCases.PCF_AttributesValidationTesting" name="CorporateAttributes" time="0.0">
    <skipped/>
  </testcase> <!-- CorporateAttributes -->
  <testcase classname="TestCases.PCF_AttributesValidationTesting" name="ITReviewTabSectionsTest" time="0.0">
    <skipped/>
  </testcase> <!-- ITReviewTabSectionsTest -->
  <testcase classname="TestCases.PCF_AttributesValidationTesting" name="RequesterDetailsAttributesTest" time="0.0">
    <skipped/>
  </testcase> <!-- RequesterDetailsAttributesTest -->
  <testcase classname="TestCases.PCF_AttributesValidationTesting" name="SelfCareConfigAttributes" time="0.0">
    <skipped/>
  </testcase> <!-- SelfCareConfigAttributes -->
  <testcase classname="TestCases.PCF_AttributesValidationTesting" name="Charging_Applicable_RC_Test" time="0.0">
    <skipped/>
  </testcase> <!-- Charging_Applicable_RC_Test -->
  <testcase classname="TestCases.PCF_AttributesValidationTesting" name="BReviewDetailsAttributesTest" time="0.0">
    <skipped/>
  </testcase> <!-- BReviewDetailsAttributesTest -->
  <testcase classname="TestCases.PCF_AttributesValidationTesting" name="chResidentialAtributesTest" time="0.0">
    <skipped/>
  </testcase> <!-- chResidentialAtributesTest -->
  <testcase classname="TestCases.PCF_AttributesValidationTesting" name="BingeCCFAttributes" time="0.0">
    <skipped/>
  </testcase> <!-- BingeCCFAttributes -->
  <testcase classname="TestCases.PCF_AttributesValidationTesting" name="changeHistoryAttributesTest" time="0.0">
    <skipped/>
  </testcase> <!-- changeHistoryAttributesTest -->
  <testcase classname="TestCases.PCF_AttributesValidationTesting" name="mSalesAttributes" time="0.0">
    <skipped/>
  </testcase> <!-- mSalesAttributes -->
  <testcase classname="TestCases.PCF_AttributesValidationTesting" name="ChangeHistoryAttributesTest" time="0.0">
    <skipped/>
  </testcase> <!-- ChangeHistoryAttributesTest -->
  <testcase classname="TestCases.PCF_AttributesValidationTesting" name="billDescriptionAttributesTest" time="0.0">
    <skipped/>
  </testcase> <!-- billDescriptionAttributesTest -->
  <testcase classname="TestCases.PCF_AttributesValidationTesting" name="chTradeAttributesTest" time="0.0">
    <skipped/>
  </testcase> <!-- chTradeAttributesTest -->
  <testcase classname="TestCases.PCF_AttributesValidationTesting" name="ChargingAccountAttributesTest" time="0.0">
    <skipped/>
  </testcase> <!-- ChargingAccountAttributesTest -->
  <testcase classname="TestCases.PCF_AttributesValidationTesting" name="discussionAttributesTest" time="0.0">
    <skipped/>
  </testcase> <!-- discussionAttributesTest -->
  <testcase classname="TestCases.PCF_AttributesValidationTesting" name="AlertsBillsAttributesTest" time="0.0">
    <skipped/>
  </testcase> <!-- AlertsBillsAttributesTest -->
  <testcase classname="TestCases.PCF_AttributesValidationTesting" name="SectionNameListTest" time="0.0">
    <skipped/>
  </testcase> <!-- SectionNameListTest -->
  <testcase classname="TestCases.PCF_AttributesValidationTesting" name="Charging_Applicable_NRC_Test" time="0.0">
    <skipped/>
  </testcase> <!-- Charging_Applicable_NRC_Test -->
  <testcase classname="TestCases.PCF_AttributesValidationTesting" name="elCommercialAttributes" time="0.0">
    <skipped/>
  </testcase> <!-- elCommercialAttributes -->
  <testcase classname="TestCases.PCF_AttributesValidationTesting" name="ITReviewAttributesTest" time="0.0">
    <skipped/>
  </testcase> <!-- ITReviewAttributesTest -->
  <testcase classname="TestCases.PCF_AttributesValidationTesting" name="chCommercialAttributesTest" time="0.0">
    <skipped/>
  </testcase> <!-- chCommercialAttributesTest -->
  <testcase classname="TestCases.PCF_AttributesValidationTesting" name="chSubCategoryAttributesTest" time="0.0">
    <skipped/>
  </testcase> <!-- chSubCategoryAttributesTest -->
  <testcase classname="TestCases.PCF_AttributesValidationTesting" name="PCFTabsListTest" time="0.0">
    <skipped/>
  </testcase> <!-- PCFTabsListTest -->
  <testcase classname="TestCases.PCF_AttributesValidationTesting" name="CARelatedConfigAttributes" time="0.0">
    <skipped/>
  </testcase> <!-- CARelatedConfigAttributes -->
  <testcase classname="TestCases.PCF_AttributesValidationTesting" name="ChargingAdditionalAttributesTest" time="0.0">
    <skipped/>
  </testcase> <!-- ChargingAdditionalAttributesTest -->
  <testcase classname="TestCases.PCF_AttributesValidationTesting" name="chCorporateAttributesTest" time="0.0">
    <skipped/>
  </testcase> <!-- chCorporateAttributesTest -->
  <testcase classname="TestCases.PCF_AttributesValidationTesting" name="EffortEstimAttributesTest" time="0.0">
    <skipped/>
  </testcase> <!-- EffortEstimAttributesTest -->
  <testcase classname="TestCases.PCF_AttributesValidationTesting" name="chRuleOnAccountAtributes" time="0.0">
    <skipped/>
  </testcase> <!-- chRuleOnAccountAtributes -->
  <testcase classname="TestCases.PCF_AttributesValidationTesting" name="CompatiblePacksTobeTest" time="0.0">
    <skipped/>
  </testcase> <!-- CompatiblePacksTobeTest -->
  <testcase classname="TestCases.PCF_AttributesValidationTesting" name="brCommentsAttributesTest" time="0.0">
    <skipped/>
  </testcase> <!-- brCommentsAttributesTest -->
  <testcase classname="TestCases.PCF_AttributesValidationTesting" name="PackageDetailsAttributesTest" time="0.0">
    <skipped/>
  </testcase> <!-- PackageDetailsAttributesTest -->
  <testcase classname="TestCases.BPM_AttributesValidationTesting" name="frontendPackSecAttributes" time="0.0">
    <skipped/>
  </testcase> <!-- frontendPackSecAttributes -->
  <testcase classname="TestCases.BPM_AttributesValidationTesting" name="BPMformDetailsTest" time="0.0">
    <skipped/>
  </testcase> <!-- BPMformDetailsTest -->
  <testcase classname="TestCases.BPM_AttributesValidationTesting" name="backendPackSectionAttributesTest" time="0.0">
    <skipped/>
  </testcase> <!-- backendPackSectionAttributesTest -->
  <testcase classname="TestCases.BPM_AttributesValidationTesting" name="channelsDetailsAttributesTest" time="0.0">
    <skipped/>
  </testcase> <!-- channelsDetailsAttributesTest -->
  <testcase classname="TestCases.BPM_AttributesValidationTesting" name="BpmCommentsAttributesTest" time="0.0">
    <skipped/>
  </testcase> <!-- BpmCommentsAttributesTest -->
  <testcase classname="TestCases.BPM_AttributesValidationTesting" name="changeHistorySecAttributesTest" time="0.0">
    <skipped/>
  </testcase> <!-- changeHistorySecAttributesTest -->
  <testcase classname="TestCases.BPM_AttributesValidationTesting" name="ChangeHistoryTabTest" time="0.0">
    <skipped/>
  </testcase> <!-- ChangeHistoryTabTest -->
  <testcase classname="TestCases.BPM_AttributesValidationTesting" name="backendPackAttributesTest" time="0.0">
    <skipped/>
  </testcase> <!-- backendPackAttributesTest -->
  <testcase classname="TestCases.BPM_AttributesValidationTesting" name="channelDetailsAttributesTest" time="0.0">
    <skipped/>
  </testcase> <!-- channelDetailsAttributesTest -->
  <testcase classname="TestCases.BPM_AttributesValidationTesting" name="frontendPackMappingTab" time="0.0">
    <skipped/>
  </testcase> <!-- frontendPackMappingTab -->
  <testcase classname="TestCases.BPM_AttributesValidationTesting" name="channelsAddDropAttributesTest" time="0.0">
    <skipped/>
  </testcase> <!-- channelsAddDropAttributesTest -->
  <testcase classname="TestCases.BPM_AttributesValidationTesting" name="channelDetailsSectionsTest" time="0.0">
    <skipped/>
  </testcase> <!-- channelDetailsSectionsTest -->
  <testcase classname="TestCases.BPM_AttributesValidationTesting" name="frontendPackSectionsTest" time="0.0">
    <skipped/>
  </testcase> <!-- frontendPackSectionsTest -->
  <testcase classname="TestCases.BPM_AttributesValidationTesting" name="changeHistorySectionsTest" time="0.0">
    <skipped/>
  </testcase> <!-- changeHistorySectionsTest -->
  <testcase classname="TestCases.BPM_AttributesValidationTesting" name="BPMTabListTest" time="0.0">
    <skipped/>
  </testcase> <!-- BPMTabListTest -->
  <testcase classname="TestCases.BPM_AttributesValidationTesting" name="BackendPackSectionsTest" time="0.0">
    <skipped/>
  </testcase> <!-- BackendPackSectionsTest -->
  <testcase classname="TestCases.CCF_AttributesValidationTesting" name="ITReviewSectionsTest" time="0.0">
    <skipped/>
  </testcase> <!-- ITReviewSectionsTest -->
  <testcase classname="TestCases.CCF_AttributesValidationTesting" name="reviewDetailsAttributesTest" time="0.0">
    <skipped/>
  </testcase> <!-- reviewDetailsAttributesTest -->
  <testcase classname="TestCases.CCF_AttributesValidationTesting" name="alertsBillAttributesTest" time="0.0">
    <skipped/>
  </testcase> <!-- alertsBillAttributesTest -->
  <testcase classname="TestCases.CCF_AttributesValidationTesting" name="ChangeHistorySectionsTest" time="0.0">
    <skipped/>
  </testcase> <!-- ChangeHistorySectionsTest -->
  <testcase classname="TestCases.CCF_AttributesValidationTesting" name="additionalBusinessSectionsTest" time="0.0">
    <skipped/>
  </testcase> <!-- additionalBusinessSectionsTest -->
  <testcase classname="TestCases.CCF_AttributesValidationTesting" name="businessReviewSectionsTest" time="0.0">
    <skipped/>
  </testcase> <!-- businessReviewSectionsTest -->
  <testcase classname="TestCases.CCF_AttributesValidationTesting" name="ApprovalAttributes" time="0.0">
    <skipped/>
  </testcase> <!-- ApprovalAttributes -->
  <testcase classname="TestCases.CCF_AttributesValidationTesting" name="LinksSecAttributesTest" time="0.0">
    <skipped/>
  </testcase> <!-- LinksSecAttributesTest -->
  <testcase classname="TestCases.CCF_AttributesValidationTesting" name="ChangeHistoryAttributesTest" time="0.0">
    <skipped/>
  </testcase> <!-- ChangeHistoryAttributesTest -->
  <testcase classname="TestCases.CCF_AttributesValidationTesting" name="TestArtifactsAttributes" time="0.0">
    <skipped/>
  </testcase> <!-- TestArtifactsAttributes -->
  <testcase classname="TestCases.CCF_AttributesValidationTesting" name="linksTabSectionsTest" time="0.0">
    <skipped/>
  </testcase> <!-- linksTabSectionsTest -->
  <testcase classname="TestCases.CCF_AttributesValidationTesting" name="reviewedSignoffAttributesTest" time="0.0">
    <skipped/>
  </testcase> <!-- reviewedSignoffAttributesTest -->
  <testcase classname="TestCases.CCF_AttributesValidationTesting" name="workOrderConsSectionTest" time="0.0">
    <skipped/>
  </testcase> <!-- workOrderConsSectionTest -->
  <testcase classname="TestCases.CCF_AttributesValidationTesting" name="workOrderSecAttributesTest" time="0.0">
    <skipped/>
  </testcase> <!-- workOrderSecAttributesTest -->
  <testcase classname="TestCases.CCF_AttributesValidationTesting" name="WorkOrderConTabTest" time="0.0">
    <skipped/>
  </testcase> <!-- WorkOrderConTabTest -->
  <testcase classname="TestCases.CCF_AttributesValidationTesting" name="chargeProductAttributesTest" time="0.0">
    <skipped/>
  </testcase> <!-- chargeProductAttributesTest -->
  <testcase classname="TestCases.CCF_AttributesValidationTesting" name="chargeProductSectionsTest" time="0.0">
    <skipped/>
  </testcase> <!-- chargeProductSectionsTest -->
  <testcase classname="TestCases.CCF_AttributesValidationTesting" name="chargeProductSecAttributesTest" time="0.0">
    <skipped/>
  </testcase> <!-- chargeProductSecAttributesTest -->
  <testcase classname="TestCases.CCF_AttributesValidationTesting" name="ITReviewAttributesTest" time="0.0">
    <skipped/>
  </testcase> <!-- ITReviewAttributesTest -->
  <testcase classname="TestCases.CCF_AttributesValidationTesting" name="additionalBusinessAttributeTest" time="0.0">
    <skipped/>
  </testcase> <!-- additionalBusinessAttributeTest -->
  <testcase classname="TestCases.CCF_AttributesValidationTesting" name="changeHistorySecAttributes" time="0.0">
    <skipped/>
  </testcase> <!-- changeHistorySecAttributes -->
  <testcase classname="TestCases.CCF_AttributesValidationTesting" name="attachmentsAttributes" time="0.0">
    <skipped/>
  </testcase> <!-- attachmentsAttributes -->
  <testcase classname="TestCases.CCF_AttributesValidationTesting" name="effortEstimationAttributesTest" time="0.0">
    <skipped/>
  </testcase> <!-- effortEstimationAttributesTest -->
  <testcase classname="TestCases.CCF_AttributesValidationTesting" name="FPMformDetailsTest" time="0.0">
    <skipped/>
  </testcase> <!-- FPMformDetailsTest -->
  <testcase classname="TestCases.CCF_AttributesValidationTesting" name="CCFTabList" time="0.0">
    <skipped/>
  </testcase> <!-- CCFTabList -->
  <testcase classname="TestCases.CCF_AttributesValidationTesting" name="reviewerNamesAttributesTest" time="0.0">
    <skipped/>
  </testcase> <!-- reviewerNamesAttributesTest -->
  <testcase classname="TestCases.CCF_AttributesValidationTesting" name="linksTabAttributesTest" time="0.0">
    <skipped/>
  </testcase> <!-- linksTabAttributesTest -->
  <testcase classname="TestCases.CCF_AttributesValidationTesting" name="pRMServiceAttributesTest" time="0.0">
    <skipped/>
  </testcase> <!-- pRMServiceAttributesTest -->
  <testcase classname="TestCases.CCF_AttributesValidationTesting" name="itReviewAttributesTest" time="0.0">
    <skipped/>
  </testcase> <!-- itReviewAttributesTest -->
  <testcase classname="TestCases.CCF_AttributesValidationTesting" name="ApprovalSections" time="0.0">
    <skipped/>
  </testcase> <!-- ApprovalSections -->
  <testcase classname="TestCases.CCF_AttributesValidationTesting" name="UATTabSectionsTest" time="0.0">
    <skipped/>
  </testcase> <!-- UATTabSectionsTest -->
  <testcase classname="TestCases.CCF_AttributesValidationTesting" name="UATTabAttributesTest" time="0.0">
    <skipped/>
  </testcase> <!-- UATTabAttributesTest -->
  <testcase classname="TestCases.CCF_AttributesValidationTesting" name="AdditionalBusinessSecAttributes" time="0.0">
    <skipped/>
  </testcase> <!-- AdditionalBusinessSecAttributes -->
  <testcase classname="TestCases.CCF_AttributesValidationTesting" name="BusinessReviewAttributesTest" time="0.0">
    <skipped/>
  </testcase> <!-- BusinessReviewAttributesTest -->
  <testcase classname="TestCases.CCF_AttributesValidationTesting" name="approvalSecAttributesTest" time="0.0">
    <skipped/>
  </testcase> <!-- approvalSecAttributesTest -->
  <testcase classname="TestCases.CCF_AttributesValidationTesting" name="priceListAttributesTest" time="0.0">
    <skipped/>
  </testcase> <!-- priceListAttributesTest -->
  <testcase classname="TestCases.FPM_AttributesValidationTesting" name="linksAttributesTest" time="0.0">
    <skipped/>
  </testcase> <!-- linksAttributesTest -->
  <testcase classname="TestCases.FPM_AttributesValidationTesting" name="linksTabTest" time="0.0">
    <skipped/>
  </testcase> <!-- linksTabTest -->
  <testcase classname="TestCases.FPM_AttributesValidationTesting" name="linksSectionsTest" time="0.0">
    <skipped/>
  </testcase> <!-- linksSectionsTest -->
  <testcase classname="TestCases.FPM_AttributesValidationTesting" name="compatiblePacksAttributesTest" time="0.0">
    <ignored/>
  </testcase> <!-- compatiblePacksAttributesTest -->
  <testcase classname="TestCases.FPM_AttributesValidationTesting" name="changeHistoryAttributesTest" time="0.0">
    <ignored/>
  </testcase> <!-- changeHistoryAttributesTest -->
  <testcase classname="TestCases.FPM_AttributesValidationTesting" name="cAIDDetailsAttributesTest" time="0.0">
    <ignored/>
  </testcase> <!-- cAIDDetailsAttributesTest -->
  <testcase classname="TestCases.FPM_AttributesValidationTesting" name="changeHistorySections" time="0.0">
    <ignored/>
  </testcase> <!-- changeHistorySections -->
  <testcase classname="TestCases.FPM_AttributesValidationTesting" name="BackendPackTabTest" time="0.0">
    <ignored/>
  </testcase> <!-- BackendPackTabTest -->
  <testcase classname="TestCases.FPM_AttributesValidationTesting" name="FPMTabList" time="0.0">
    <ignored/>
  </testcase> <!-- FPMTabList -->
  <testcase classname="TestCases.FPM_AttributesValidationTesting" name="PackAvailableAttributesTest" time="0.0">
    <ignored/>
  </testcase> <!-- PackAvailableAttributesTest -->
  <testcase classname="TestCases.FPM_AttributesValidationTesting" name="frontendPackDetailsAttributesTest" time="0.0">
    <ignored/>
  </testcase> <!-- frontendPackDetailsAttributesTest -->
  <testcase classname="TestCases.FPM_AttributesValidationTesting" name="AddNewChannelTtest" time="0.0">
    <ignored/>
  </testcase> <!-- AddNewChannelTtest -->
  <testcase classname="TestCases.FPM_AttributesValidationTesting" name="backendPackSectionsTest" time="0.0">
    <ignored/>
  </testcase> <!-- backendPackSectionsTest -->
  <testcase classname="TestCases.FPM_AttributesValidationTesting" name="ChangeHistoryTab" time="0.0">
    <ignored/>
  </testcase> <!-- ChangeHistoryTab -->
  <testcase classname="TestCases.FPM_AttributesValidationTesting" name="frontendPackTabAttributes" time="0.0">
    <ignored/>
  </testcase> <!-- frontendPackTabAttributes -->
  <testcase classname="TestCases.FPM_AttributesValidationTesting" name="additionalBusinessAttributesTest" time="0.0">
    <ignored/>
  </testcase> <!-- additionalBusinessAttributesTest -->
  <testcase classname="TestCases.FPM_AttributesValidationTesting" name="channelAddDropDetails" time="0.0">
    <ignored/>
  </testcase> <!-- channelAddDropDetails -->
  <testcase classname="TestCases.FPM_AttributesValidationTesting" name="FPMformDetailsTest" time="0.0">
    <ignored/>
  </testcase> <!-- FPMformDetailsTest -->
  <testcase classname="TestCases.FPM_AttributesValidationTesting" name="commentsAttributesTest" time="0.0">
    <ignored/>
  </testcase> <!-- commentsAttributesTest -->
  <testcase classname="TestCases.FPM_AttributesValidationTesting" name="backendPackAttributesTest" time="0.0">
    <ignored/>
  </testcase> <!-- backendPackAttributesTest -->
  <testcase classname="TestCases.FPM_AttributesValidationTesting" name="channelDetailsSectionsTest" time="0.0">
    <ignored/>
  </testcase> <!-- channelDetailsSectionsTest -->
  <testcase classname="TestCases.FPM_AttributesValidationTesting" name="frontendPackSectionsTest" time="0.0">
    <ignored/>
  </testcase> <!-- frontendPackSectionsTest -->
  <testcase classname="TestCases.FPM_AttributesValidationTesting" name="channelDetailsTabTest" time="0.0">
    <ignored/>
  </testcase> <!-- channelDetailsTabTest -->
  <testcase classname="TestCases.FPM_AttributesValidationTesting" name="attachmentsAttributesTest" time="0.0">
    <ignored/>
  </testcase> <!-- attachmentsAttributesTest -->
  <testcase classname="TestCases.FPM_AttributesValidationTesting" name="channelDetailsSection" time="0.0">
    <ignored/>
  </testcase> <!-- channelDetailsSection -->
</testsuite> <!-- Test(failed)(failed) -->
