<?xml version="1.0" encoding="UTF-8"?>
<!-- Generated by org.testng.reporters.JUnitReportReporter -->
<testsuite hostname="DTPLREN91" failures="0" tests="57" name="TestCases.PCF_AttributesValidationTesting" time="729.144" errors="2" timestamp="2024-07-02T13:53:42 IST" skipped="0">
  <testcase classname="TestCases.PCF_AttributesValidationTesting" name="ITReviewTabSectionsTest" time="11.724"/>
  <system-out/>
  <testcase classname="TestCases.PCF_AttributesValidationTesting" name="elTradeAttributesTest" time="12.530"/>
  <system-out/>
  <testcase classname="TestCases.PCF_AttributesValidationTesting" name="ChangeHistoryAttributesTest" time="13.356"/>
  <system-out/>
  <testcase classname="TestCases.PCF_AttributesValidationTesting" name="SelfCareConfigAttributes" time="12.144"/>
  <system-out/>
  <testcase classname="TestCases.PCF_AttributesValidationTesting" name="CARelatedConfigAttributes" time="11.616"/>
  <system-out/>
  <testcase classname="TestCases.PCF_AttributesValidationTesting" name="itReviewAttributesTest" time="11.971"/>
  <system-out/>
  <testcase classname="TestCases.PCF_AttributesValidationTesting" name="MissedCallConfigAttributes" time="11.762"/>
  <system-out/>
  <testcase classname="TestCases.PCF_AttributesValidationTesting" name="MissedCalltoSPM_Test" time="12.262"/>
  <system-out/>
  <testcase classname="TestCases.PCF_AttributesValidationTesting" name="SectionNameListTest" time="19.260"/>
  <system-out/>
  <testcase classname="TestCases.PCF_AttributesValidationTesting" name="ChargingAccountAttributesTest" time="14.610"/>
  <system-out/>
  <testcase classname="TestCases.PCF_AttributesValidationTesting" name="PacageCreationAttributesTest" time="27.351">
    <error message="Failed because List are not Matching" type="java.lang.Exception">
      <![CDATA[java.lang.Exception: Failed because List are not Matching
at Pages.PCFAttributesValidation.pacageCreationAttributes(PCFAttributesValidation.java:144)
at TestCases.PCF_AttributesValidationTesting.PacageCreationAttributesTest(PCF_AttributesValidationTesting.java:40)
at java.base/jdk.internal.reflect.NativeMethodAccessorImpl.invoke0(Native Method)
at java.base/jdk.internal.reflect.NativeMethodAccessorImpl.invoke(NativeMethodAccessorImpl.java:77)
at java.base/jdk.internal.reflect.DelegatingMethodAccessorImpl.invoke(DelegatingMethodAccessorImpl.java:43)
at java.base/java.lang.reflect.Method.invoke(Method.java:568)
at org.testng.internal.MethodInvocationHelper.invokeMethod(MethodInvocationHelper.java:133)
at org.testng.internal.TestInvoker.invokeMethod(TestInvoker.java:598)
at org.testng.internal.TestInvoker.invokeTestMethod(TestInvoker.java:173)
at org.testng.internal.MethodRunner.runInSequence(MethodRunner.java:46)
at org.testng.internal.TestInvoker$MethodInvocationAgent.invoke(TestInvoker.java:824)
at org.testng.internal.TestInvoker.invokeTestMethods(TestInvoker.java:146)
at org.testng.internal.TestMethodWorker.invokeTestMethods(TestMethodWorker.java:146)
at org.testng.internal.TestMethodWorker.run(TestMethodWorker.java:128)
at java.base/java.util.ArrayList.forEach(ArrayList.java:1511)
at org.testng.TestRunner.privateRun(TestRunner.java:794)
at org.testng.TestRunner.run(TestRunner.java:596)
at org.testng.SuiteRunner.runTest(SuiteRunner.java:377)
at org.testng.SuiteRunner.runSequentially(SuiteRunner.java:371)
at org.testng.SuiteRunner.privateRun(SuiteRunner.java:332)
at org.testng.SuiteRunner.run(SuiteRunner.java:276)
at org.testng.SuiteRunnerWorker.runSuite(SuiteRunnerWorker.java:53)
at org.testng.SuiteRunnerWorker.run(SuiteRunnerWorker.java:96)
at org.testng.TestNG.runSuitesSequentially(TestNG.java:1212)
at org.testng.TestNG.runSuitesLocally(TestNG.java:1134)
at org.testng.TestNG.runSuites(TestNG.java:1063)
at org.testng.TestNG.run(TestNG.java:1031)
at org.testng.remote.AbstractRemoteTestNG.run(AbstractRemoteTestNG.java:115)
at org.testng.remote.RemoteTestNG.initAndRun(RemoteTestNG.java:251)
at org.testng.remote.RemoteTestNG.main(RemoteTestNG.java:77)
]]>
    </error>
  </testcase> <!-- PacageCreationAttributesTest -->
  <system-out/>
  <testcase classname="TestCases.PCF_AttributesValidationTesting" name="CompatiblePacksTobeTest" time="11.994"/>
  <system-out/>
  <testcase classname="TestCases.PCF_AttributesValidationTesting" name="b_MailAttributesTest" time="11.701"/>
  <system-out/>
  <testcase classname="TestCases.PCF_AttributesValidationTesting" name="ChargingAdditionalAttributesTest" time="12.539"/>
  <system-out/>
  <testcase classname="TestCases.PCF_AttributesValidationTesting" name="chSubCategoryAttributesTest" time="13.370"/>
  <system-out/>
  <testcase classname="TestCases.PCF_AttributesValidationTesting" name="EffortEstimAttributesTest" time="13.542"/>
  <system-out/>
  <testcase classname="TestCases.PCF_AttributesValidationTesting" name="ITReviewAttributesTest" time="13.729"/>
  <system-out/>
  <testcase classname="TestCases.PCF_AttributesValidationTesting" name="chCorporateAttributesTest" time="12.290"/>
  <system-out/>
  <testcase classname="TestCases.PCF_AttributesValidationTesting" name="SMSConfigAttributes" time="12.074"/>
  <system-out/>
  <testcase classname="TestCases.PCF_AttributesValidationTesting" name="ChargingAttributesTest" time="14.142">
    <error message="Failed because List are not Matching" type="java.lang.Exception">
      <![CDATA[java.lang.Exception: Failed because List are not Matching
at Pages.PCFAttributesValidation.chargingAttributes(PCFAttributesValidation.java:264)
at TestCases.PCF_AttributesValidationTesting.ChargingAttributesTest(PCF_AttributesValidationTesting.java:64)
at java.base/jdk.internal.reflect.NativeMethodAccessorImpl.invoke0(Native Method)
at java.base/jdk.internal.reflect.NativeMethodAccessorImpl.invoke(NativeMethodAccessorImpl.java:77)
at java.base/jdk.internal.reflect.DelegatingMethodAccessorImpl.invoke(DelegatingMethodAccessorImpl.java:43)
at java.base/java.lang.reflect.Method.invoke(Method.java:568)
at org.testng.internal.MethodInvocationHelper.invokeMethod(MethodInvocationHelper.java:133)
at org.testng.internal.TestInvoker.invokeMethod(TestInvoker.java:598)
at org.testng.internal.TestInvoker.invokeTestMethod(TestInvoker.java:173)
at org.testng.internal.MethodRunner.runInSequence(MethodRunner.java:46)
at org.testng.internal.TestInvoker$MethodInvocationAgent.invoke(TestInvoker.java:824)
at org.testng.internal.TestInvoker.invokeTestMethods(TestInvoker.java:146)
at org.testng.internal.TestMethodWorker.invokeTestMethods(TestMethodWorker.java:146)
at org.testng.internal.TestMethodWorker.run(TestMethodWorker.java:128)
at java.base/java.util.ArrayList.forEach(ArrayList.java:1511)
at org.testng.TestRunner.privateRun(TestRunner.java:794)
at org.testng.TestRunner.run(TestRunner.java:596)
at org.testng.SuiteRunner.runTest(SuiteRunner.java:377)
at org.testng.SuiteRunner.runSequentially(SuiteRunner.java:371)
at org.testng.SuiteRunner.privateRun(SuiteRunner.java:332)
at org.testng.SuiteRunner.run(SuiteRunner.java:276)
at org.testng.SuiteRunnerWorker.runSuite(SuiteRunnerWorker.java:53)
at org.testng.SuiteRunnerWorker.run(SuiteRunnerWorker.java:96)
at org.testng.TestNG.runSuitesSequentially(TestNG.java:1212)
at org.testng.TestNG.runSuitesLocally(TestNG.java:1134)
at org.testng.TestNG.runSuites(TestNG.java:1063)
at org.testng.TestNG.run(TestNG.java:1031)
at org.testng.remote.AbstractRemoteTestNG.run(AbstractRemoteTestNG.java:115)
at org.testng.remote.RemoteTestNG.initAndRun(RemoteTestNG.java:251)
at org.testng.remote.RemoteTestNG.main(RemoteTestNG.java:77)
]]>
    </error>
  </testcase> <!-- ChargingAttributesTest -->
  <system-out/>
  <testcase classname="TestCases.PCF_AttributesValidationTesting" name="BReviewDetailsAttributesTest" time="12.238"/>
  <system-out/>
  <testcase classname="TestCases.PCF_AttributesValidationTesting" name="FormDetailsTest" time="12.050"/>
  <system-out/>
  <testcase classname="TestCases.PCF_AttributesValidationTesting" name="PackageDetailsAttributesTest" time="17.078"/>
  <system-out/>
  <testcase classname="TestCases.PCF_AttributesValidationTesting" name="elCommercialAttributes" time="11.639"/>
  <system-out/>
  <testcase classname="TestCases.PCF_AttributesValidationTesting" name="NuanceConfigAttributes" time="11.952"/>
  <system-out/>
  <testcase classname="TestCases.PCF_AttributesValidationTesting" name="RequesterDetailsAttributesTest" time="12.654"/>
  <system-out/>
  <testcase classname="TestCases.PCF_AttributesValidationTesting" name="chargingTabSectionsTest" time="11.511"/>
  <system-out/>
  <testcase classname="TestCases.PCF_AttributesValidationTesting" name="BingeCCFAttributes" time="12.783"/>
  <system-out/>
  <testcase classname="TestCases.PCF_AttributesValidationTesting" name="brCommentsAttributesTest" time="11.850"/>
  <system-out/>
  <testcase classname="TestCases.PCF_AttributesValidationTesting" name="BusinessReviewAttributesTest" time="12.873"/>
  <system-out/>
  <testcase classname="TestCases.PCF_AttributesValidationTesting" name="discussionAttributesTest" time="11.773"/>
  <system-out/>
  <testcase classname="TestCases.PCF_AttributesValidationTesting" name="changeHistorySectionsTest" time="11.954"/>
  <system-out/>
  <testcase classname="TestCases.PCF_AttributesValidationTesting" name="Charging_Applicable_RC_Test" time="11.733"/>
  <system-out/>
  <testcase classname="TestCases.PCF_AttributesValidationTesting" name="changeHistoryAttributesTest" time="11.831"/>
  <system-out/>
  <testcase classname="TestCases.PCF_AttributesValidationTesting" name="AlertsBillsSections" time="11.717"/>
  <system-out/>
  <testcase classname="TestCases.PCF_AttributesValidationTesting" name="PRMSalesConfigAttributes" time="11.885"/>
  <system-out/>
  <testcase classname="TestCases.PCF_AttributesValidationTesting" name="chTradeAttributesTest" time="11.969"/>
  <system-out/>
  <testcase classname="TestCases.PCF_AttributesValidationTesting" name="SiebelCompatibilityAttributes" time="12.932"/>
  <system-out/>
  <testcase classname="TestCases.PCF_AttributesValidationTesting" name="eligibilitySectionsTest" time="12.132"/>
  <system-out/>
  <testcase classname="TestCases.PCF_AttributesValidationTesting" name="AlertsBillsAttributesTest" time="12.662"/>
  <system-out/>
  <testcase classname="TestCases.PCF_AttributesValidationTesting" name="chRuleOnAccountAtributes" time="11.355"/>
  <system-out/>
  <testcase classname="TestCases.PCF_AttributesValidationTesting" name="eligibilityAttributesTest" time="14.536"/>
  <system-out/>
  <testcase classname="TestCases.PCF_AttributesValidationTesting" name="BIRelatedConfigurations" time="11.569"/>
  <system-out/>
  <testcase classname="TestCases.PCF_AttributesValidationTesting" name="PCFTabsListTest" time="12.852"/>
  <system-out/>
  <testcase classname="TestCases.PCF_AttributesValidationTesting" name="billDescriptionAttributesTest" time="13.494"/>
  <system-out/>
  <testcase classname="TestCases.PCF_AttributesValidationTesting" name="Charging_Applicable_NRC_Test" time="11.747"/>
  <system-out/>
  <testcase classname="TestCases.PCF_AttributesValidationTesting" name="elRuleOnAccountAtributesTest" time="11.712"/>
  <system-out/>
  <testcase classname="TestCases.PCF_AttributesValidationTesting" name="SubCategoryAttributesTest" time="11.552"/>
  <system-out/>
  <testcase classname="TestCases.PCF_AttributesValidationTesting" name="CorporateAttributes" time="11.962"/>
  <system-out/>
  <testcase classname="TestCases.PCF_AttributesValidationTesting" name="chResidentialAtributesTest" time="12.360"/>
  <system-out/>
  <testcase classname="TestCases.PCF_AttributesValidationTesting" name="mSalesAttributes" time="12.624"/>
  <system-out/>
  <testcase classname="TestCases.PCF_AttributesValidationTesting" name="AdditionalBusinessAttributes" time="11.451"/>
  <system-out/>
  <testcase classname="TestCases.PCF_AttributesValidationTesting" name="chCommercialAttributesTest" time="12.224"/>
  <system-out/>
  <testcase classname="TestCases.PCF_AttributesValidationTesting" name="CampaignConfigurationsTest" time="11.746"/>
  <system-out/>
  <testcase classname="TestCases.PCF_AttributesValidationTesting" name="elResidentialAtributesTest" time="12.065"/>
  <system-out/>
  <testcase classname="TestCases.PCF_AttributesValidationTesting" name="reviewArtifactsAttributesTest" time="12.580"/>
  <system-out/>
  <testcase classname="TestCases.PCF_AttributesValidationTesting" name="businessReviewSectionsTest" time="12.132"/>
  <system-out/>
</testsuite> <!-- TestCases.PCF_AttributesValidationTesting -->
